Wed Mar 14 15:35:44 BRT 2018
MaxEnt version 3.4.1
Reading file absence
readGrid: max memory 477626368, total allocated 43515904, free 35489296, used 8026608, increment -36656416
Reading samples from presence
Read samples: max memory 477626368, total allocated 43515904, free 35489296, used 8026608, increment 0
Adding samples to background in feature space
Command line used:  autorun -e E:/github_mauriciovancine/R-ENM/data/temp/raster/maxent/1744210239/absence -o E:/github_mauriciovancine/R-ENM/data/temp/raster/maxent/1744210239 -s E:/github_mauriciovancine/R-ENM/data/temp/raster/maxent/1744210239/presence -z
Command line to repeat: java density.MaxEnt nowarnings noprefixes outputdirectory=E:/github_mauriciovancine/R-ENM/data/temp/raster/maxent/1744210239 samplesfile=E:/github_mauriciovancine/R-ENM/data/temp/raster/maxent/1744210239/presence environmentallayers=E:/github_mauriciovancine/R-ENM/data/temp/raster/maxent/1744210239/absence autorun novisible
Species: species
Layers: bio14 bio18 bio5
Layertypes: Continuous Continuous Continuous
outputdirectory: E:/github_mauriciovancine/R-ENM/data/temp/raster/maxent/1744210239
samplesfile: E:/github_mauriciovancine/R-ENM/data/temp/raster/maxent/1744210239/presence
environmentallayers: E:/github_mauriciovancine/R-ENM/data/temp/raster/maxent/1744210239/absence
autorun: true
visible: false

getSamples: max memory 477626368, total allocated 43515904, free 35096080, used 8419824, increment 393216
Making features
makeFeatures: max memory 477626368, total allocated 43515904, free 35096080, used 8419824, increment 0
species: 
Regularization values: linear/quadratic/product: 0.346, categorical: 0.250, threshold: 1.750, hinge: 0.500
25 samples
Density: max memory 477626368, total allocated 43515904, free 35096080, used 8419824, increment 0
linearPredictor: max memory 477626368, total allocated 43515904, free 35096080, used 8419824, increment 0
FeaturedSpace: max memory 477626368, total allocated 43515904, free 35096080, used 8419824, increment 0
Sequential: max memory 477626368, total allocated 43515904, free 35096080, used 8419824, increment 0
Initial loss: 3.912023005428146
180: time = 0.010000 loss = 3.694019
Resulting gain: 0.21800360751174708
Projecting...
Writing file E:\github_mauriciovancine\R-ENM\data\temp\raster\maxent\1744210239\species.csv
Ending
