Wed Mar 14 15:19:10 BRT 2018
MaxEnt version 3.4.1
Reading file absence
readGrid: max memory 477626368, total allocated 72351744, free 59001848, used 13349896, increment -1697544
Reading samples from presence
Read samples: max memory 477626368, total allocated 72351744, free 59001848, used 13349896, increment 0
Adding samples to background in feature space
Command line used:  autorun -e E:/github_mauriciovancine/R-ENM/data/temp/raster/maxent/51040462710/absence -o E:/github_mauriciovancine/R-ENM/data/temp/raster/maxent/51040462710 -s E:/github_mauriciovancine/R-ENM/data/temp/raster/maxent/51040462710/presence -z
Command line to repeat: java density.MaxEnt nowarnings noprefixes outputdirectory=E:/github_mauriciovancine/R-ENM/data/temp/raster/maxent/51040462710 samplesfile=E:/github_mauriciovancine/R-ENM/data/temp/raster/maxent/51040462710/presence environmentallayers=E:/github_mauriciovancine/R-ENM/data/temp/raster/maxent/51040462710/absence autorun novisible
Species: species
Layers: bio14 bio18 bio5
Layertypes: Continuous Continuous Continuous
outputdirectory: E:/github_mauriciovancine/R-ENM/data/temp/raster/maxent/51040462710
samplesfile: E:/github_mauriciovancine/R-ENM/data/temp/raster/maxent/51040462710/presence
environmentallayers: E:/github_mauriciovancine/R-ENM/data/temp/raster/maxent/51040462710/absence
autorun: true
visible: false

getSamples: max memory 477626368, total allocated 72351744, free 58438816, used 13912928, increment 563032
Making features
makeFeatures: max memory 477626368, total allocated 72351744, free 58438816, used 13912928, increment 0
species: 
Regularization values: linear/quadratic/product: 0.346, categorical: 0.250, threshold: 1.750, hinge: 0.500
25 samples
Density: max memory 477626368, total allocated 72351744, free 58438816, used 13912928, increment 0
linearPredictor: max memory 477626368, total allocated 72351744, free 58438816, used 13912928, increment 0
FeaturedSpace: max memory 477626368, total allocated 72351744, free 58438816, used 13912928, increment 0
Sequential: max memory 477626368, total allocated 72351744, free 58438816, used 13912928, increment 0
Initial loss: 3.8918202981106265
220: time = 0.051000 loss = 3.576523
Resulting gain: 0.3152969791153928
Projecting...
Writing file E:\github_mauriciovancine\R-ENM\data\temp\raster\maxent\51040462710\species.csv
Ending
