Wed Mar 14 15:59:06 BRT 2018
MaxEnt version 3.4.1
Reading file absence
readGrid: max memory 477626368, total allocated 42991616, free 15868920, used 27122696, increment 8808896
Reading samples from presence
Read samples: max memory 477626368, total allocated 42991616, free 15491600, used 27500016, increment 377320
Adding samples to background in feature space
Command line used:  autorun -e E:/github_mauriciovancine/R-ENM/data/temp/raster/maxent/5187165839/absence -o E:/github_mauriciovancine/R-ENM/data/temp/raster/maxent/5187165839 -s E:/github_mauriciovancine/R-ENM/data/temp/raster/maxent/5187165839/presence -z
Command line to repeat: java density.MaxEnt nowarnings noprefixes outputdirectory=E:/github_mauriciovancine/R-ENM/data/temp/raster/maxent/5187165839 samplesfile=E:/github_mauriciovancine/R-ENM/data/temp/raster/maxent/5187165839/presence environmentallayers=E:/github_mauriciovancine/R-ENM/data/temp/raster/maxent/5187165839/absence autorun novisible
Species: species
Layers: bio14 bio18 bio5
Layertypes: Continuous Continuous Continuous
outputdirectory: E:/github_mauriciovancine/R-ENM/data/temp/raster/maxent/5187165839
samplesfile: E:/github_mauriciovancine/R-ENM/data/temp/raster/maxent/5187165839/presence
environmentallayers: E:/github_mauriciovancine/R-ENM/data/temp/raster/maxent/5187165839/absence
autorun: true
visible: false

getSamples: max memory 477626368, total allocated 42991616, free 14359424, used 28632192, increment 1132176
Making features
makeFeatures: max memory 477626368, total allocated 42991616, free 14359424, used 28632192, increment 0
species: 
Regularization values: linear/quadratic/product: 0.050, categorical: 0.250, threshold: 1.000, hinge: 0.500
137 samples
Density: max memory 477626368, total allocated 42991616, free 13980664, used 29010952, increment 378760
linearPredictor: max memory 477626368, total allocated 42991616, free 13980664, used 29010952, increment 0
FeaturedSpace: max memory 477626368, total allocated 42991616, free 13980664, used 29010952, increment 0
Sequential: max memory 477626368, total allocated 42991616, free 13980664, used 29010952, increment 0
Initial loss: 5.41610040220442
500: time = 0.200000 loss = 4.502975
Resulting gain: 0.9131256220049897
Projecting...
Writing file E:\github_mauriciovancine\R-ENM\data\temp\raster\maxent\5187165839\species.csv
Ending
