Wed Mar 14 14:39:06 BRT 2018
MaxEnt version 3.4.1
Reading file absence
readGrid: max memory 477626368, total allocated 67633152, free 32920392, used 34712760, increment 10734112
Reading samples from presence
Read samples: max memory 477626368, total allocated 67633152, free 32492600, used 35140552, increment 427792
Adding samples to background in feature space
Command line used:  autorun -e E:/github_mauriciovancine/R-ENM/data/temp/raster/maxent/6092986477/absence -o E:/github_mauriciovancine/R-ENM/data/temp/raster/maxent/6092986477 -s E:/github_mauriciovancine/R-ENM/data/temp/raster/maxent/6092986477/presence -z
Command line to repeat: java density.MaxEnt nowarnings noprefixes outputdirectory=E:/github_mauriciovancine/R-ENM/data/temp/raster/maxent/6092986477 samplesfile=E:/github_mauriciovancine/R-ENM/data/temp/raster/maxent/6092986477/presence environmentallayers=E:/github_mauriciovancine/R-ENM/data/temp/raster/maxent/6092986477/absence autorun novisible
Species: species
Layers: bio14 bio18 bio5
Layertypes: Continuous Continuous Continuous
outputdirectory: E:/github_mauriciovancine/R-ENM/data/temp/raster/maxent/6092986477
samplesfile: E:/github_mauriciovancine/R-ENM/data/temp/raster/maxent/6092986477/presence
environmentallayers: E:/github_mauriciovancine/R-ENM/data/temp/raster/maxent/6092986477/absence
autorun: true
visible: false

getSamples: max memory 477626368, total allocated 67633152, free 32492600, used 35140552, increment 0
Making features
makeFeatures: max memory 477626368, total allocated 67633152, free 32492600, used 35140552, increment 0
species: 
Regularization values: linear/quadratic/product: 0.244, categorical: 0.250, threshold: 1.680, hinge: 0.500
32 samples
Density: max memory 477626368, total allocated 67633152, free 32064624, used 35568528, increment 427976
linearPredictor: max memory 477626368, total allocated 67633152, free 32064624, used 35568528, increment 0
FeaturedSpace: max memory 477626368, total allocated 67633152, free 32064624, used 35568528, increment 0
Sequential: max memory 477626368, total allocated 67633152, free 32064624, used 35568528, increment 0
Initial loss: 4.1588830833596715
240: time = 0.032000 loss = 3.811961
Resulting gain: 0.3469224241456419
Projecting...
Writing file E:\github_mauriciovancine\R-ENM\data\temp\raster\maxent\6092986477\species.csv
Ending
