Thu Jan 11 21:38:11 BRST 2018
MaxEnt version 3.4.1
Reading file absence
readGrid: max memory 477626368, total allocated 112197632, free 105255784, used 6941848, increment -18788216
Reading samples from presence
Read samples: max memory 477626368, total allocated 112197632, free 105255784, used 6941848, increment 0
Adding samples to background in feature space
Command line used:  autorun -e E:/github_mauriciovancine/R-ENM/data/temp/raster/maxent/680510510593/absence -o E:/github_mauriciovancine/R-ENM/data/temp/raster/maxent/680510510593 -s E:/github_mauriciovancine/R-ENM/data/temp/raster/maxent/680510510593/presence -z
Command line to repeat: java density.MaxEnt nowarnings noprefixes outputdirectory=E:/github_mauriciovancine/R-ENM/data/temp/raster/maxent/680510510593 samplesfile=E:/github_mauriciovancine/R-ENM/data/temp/raster/maxent/680510510593/presence environmentallayers=E:/github_mauriciovancine/R-ENM/data/temp/raster/maxent/680510510593/absence autorun novisible
Species: species
Layers: bio14 bio18 bio19 bio5
Layertypes: Continuous Continuous Continuous Continuous
outputdirectory: E:/github_mauriciovancine/R-ENM/data/temp/raster/maxent/680510510593
samplesfile: E:/github_mauriciovancine/R-ENM/data/temp/raster/maxent/680510510593/presence
environmentallayers: E:/github_mauriciovancine/R-ENM/data/temp/raster/maxent/680510510593/absence
autorun: true
visible: false

getSamples: max memory 477626368, total allocated 112197632, free 105255784, used 6941848, increment 0
Making features
makeFeatures: max memory 477626368, total allocated 112197632, free 105255784, used 6941848, increment 0
species: 
Regularization values: linear/quadratic/product: 1.000, categorical: 0.560, threshold: 1.940, hinge: 0.500
6 samples
Density: max memory 477626368, total allocated 112197632, free 105255784, used 6941848, increment 0
linearPredictor: max memory 477626368, total allocated 112197632, free 105255784, used 6941848, increment 0
FeaturedSpace: max memory 477626368, total allocated 112197632, free 105255784, used 6941848, increment 0
Sequential: max memory 477626368, total allocated 112197632, free 105255784, used 6941848, increment 0
Initial loss: 2.4849066497880004
60: time = 0.005000 loss = 2.155514
Resulting gain: 0.32939250304784995
Projecting...
Writing file E:\github_mauriciovancine\R-ENM\data\temp\raster\maxent\680510510593\species.csv
Ending
