Wed Mar 14 15:50:58 BRT 2018
MaxEnt version 3.4.1
Reading file absence
readGrid: max memory 477626368, total allocated 45613056, free 21781504, used 23831552, increment -8868512
Reading samples from presence
Read samples: max memory 477626368, total allocated 45613056, free 21026768, used 24586288, increment 754736
Adding samples to background in feature space
Command line used:  autorun -e E:/github_mauriciovancine/R-ENM/data/temp/raster/maxent/695103103424/absence -o E:/github_mauriciovancine/R-ENM/data/temp/raster/maxent/695103103424 -s E:/github_mauriciovancine/R-ENM/data/temp/raster/maxent/695103103424/presence -z
Command line to repeat: java density.MaxEnt nowarnings noprefixes outputdirectory=E:/github_mauriciovancine/R-ENM/data/temp/raster/maxent/695103103424 samplesfile=E:/github_mauriciovancine/R-ENM/data/temp/raster/maxent/695103103424/presence environmentallayers=E:/github_mauriciovancine/R-ENM/data/temp/raster/maxent/695103103424/absence autorun novisible
Species: species
Layers: bio14 bio18 bio5
Layertypes: Continuous Continuous Continuous
outputdirectory: E:/github_mauriciovancine/R-ENM/data/temp/raster/maxent/695103103424
samplesfile: E:/github_mauriciovancine/R-ENM/data/temp/raster/maxent/695103103424/presence
environmentallayers: E:/github_mauriciovancine/R-ENM/data/temp/raster/maxent/695103103424/absence
autorun: true
visible: false

getSamples: max memory 477626368, total allocated 45613056, free 20271840, used 25341216, increment 754928
Making features
makeFeatures: max memory 477626368, total allocated 45613056, free 19894464, used 25718592, increment 377376
species: 
Regularization values: linear/quadratic/product: 0.050, categorical: 0.250, threshold: 1.000, hinge: 0.500
134 samples
Density: max memory 477626368, total allocated 45613056, free 19894464, used 25718592, increment 0
linearPredictor: max memory 477626368, total allocated 45613056, free 19894464, used 25718592, increment 0
FeaturedSpace: max memory 477626368, total allocated 45613056, free 19894464, used 25718592, increment 0
Sequential: max memory 477626368, total allocated 45613056, free 19894464, used 25718592, increment 0
Initial loss: 5.493061443340548
460: time = 0.249000 loss = 4.768983
Resulting gain: 0.7240789133113488
Projecting...
Writing file E:\github_mauriciovancine\R-ENM\data\temp\raster\maxent\695103103424\species.csv
Ending
