Wed Mar 14 15:51:31 BRT 2018
MaxEnt version 3.4.1
Reading file absence
readGrid: max memory 477626368, total allocated 45088768, free 9478608, used 35610160, increment 12156976
Reading samples from presence
Read samples: max memory 477626368, total allocated 45088768, free 9101264, used 35987504, increment 377344
Adding samples to background in feature space
Command line used:  autorun -e E:/github_mauriciovancine/R-ENM/data/temp/raster/maxent/51878744102/absence -o E:/github_mauriciovancine/R-ENM/data/temp/raster/maxent/51878744102 -s E:/github_mauriciovancine/R-ENM/data/temp/raster/maxent/51878744102/presence -z
Command line to repeat: java density.MaxEnt nowarnings noprefixes outputdirectory=E:/github_mauriciovancine/R-ENM/data/temp/raster/maxent/51878744102 samplesfile=E:/github_mauriciovancine/R-ENM/data/temp/raster/maxent/51878744102/presence environmentallayers=E:/github_mauriciovancine/R-ENM/data/temp/raster/maxent/51878744102/absence autorun novisible
Species: species
Layers: bio14 bio18 bio5
Layertypes: Continuous Continuous Continuous
outputdirectory: E:/github_mauriciovancine/R-ENM/data/temp/raster/maxent/51878744102
samplesfile: E:/github_mauriciovancine/R-ENM/data/temp/raster/maxent/51878744102/presence
environmentallayers: E:/github_mauriciovancine/R-ENM/data/temp/raster/maxent/51878744102/absence
autorun: true
visible: false

getSamples: max memory 477626368, total allocated 45088768, free 9101264, used 35987504, increment 0
Making features
makeFeatures: max memory 477626368, total allocated 45088768, free 8723824, used 36364944, increment 377440
species: 
Regularization values: linear/quadratic/product: 0.346, categorical: 0.250, threshold: 1.750, hinge: 0.500
25 samples
Density: max memory 477626368, total allocated 45088768, free 8723824, used 36364944, increment 0
linearPredictor: max memory 477626368, total allocated 45088768, free 8723824, used 36364944, increment 0
FeaturedSpace: max memory 477626368, total allocated 45088768, free 8723824, used 36364944, increment 0
Sequential: max memory 477626368, total allocated 45088768, free 8723824, used 36364944, increment 0
Initial loss: 3.912023005428146
300: time = 0.040000 loss = 3.605816
Resulting gain: 0.3062066773283272
Projecting...
Writing file E:\github_mauriciovancine\R-ENM\data\temp\raster\maxent\51878744102\species.csv
Ending
