Sun Feb 11 12:55:34 BRST 2018
MaxEnt version 3.4.1
Reading file absence
readGrid: max memory 477626368, total allocated 66584576, free 59590832, used 6993744, increment -5923384
Reading samples from presence
Read samples: max memory 477626368, total allocated 66584576, free 59590832, used 6993744, increment 0
Adding samples to background in feature space
Command line used:  autorun -e E:/github_mauriciovancine/R-ENM/data/temp/raster/maxent/1109571041039/absence -o E:/github_mauriciovancine/R-ENM/data/temp/raster/maxent/1109571041039 -s E:/github_mauriciovancine/R-ENM/data/temp/raster/maxent/1109571041039/presence -z
Command line to repeat: java density.MaxEnt nowarnings noprefixes outputdirectory=E:/github_mauriciovancine/R-ENM/data/temp/raster/maxent/1109571041039 samplesfile=E:/github_mauriciovancine/R-ENM/data/temp/raster/maxent/1109571041039/presence environmentallayers=E:/github_mauriciovancine/R-ENM/data/temp/raster/maxent/1109571041039/absence autorun novisible
Species: species
Layers: bio14 bio2 bio4
Layertypes: Continuous Continuous Continuous
outputdirectory: E:/github_mauriciovancine/R-ENM/data/temp/raster/maxent/1109571041039
samplesfile: E:/github_mauriciovancine/R-ENM/data/temp/raster/maxent/1109571041039/presence
environmentallayers: E:/github_mauriciovancine/R-ENM/data/temp/raster/maxent/1109571041039/absence
autorun: true
visible: false

getSamples: max memory 477626368, total allocated 66584576, free 59588744, used 6995832, increment 2088
Making features
makeFeatures: max memory 477626368, total allocated 66584576, free 59588744, used 6995832, increment 0
species: 
Regularization values: linear/quadratic/product: 1.000, categorical: 0.560, threshold: 1.940, hinge: 0.500
6 samples
Density: max memory 477626368, total allocated 66584576, free 59588744, used 6995832, increment 0
linearPredictor: max memory 477626368, total allocated 66584576, free 59588744, used 6995832, increment 0
FeaturedSpace: max memory 477626368, total allocated 66584576, free 59588744, used 6995832, increment 0
Sequential: max memory 477626368, total allocated 66584576, free 59588744, used 6995832, increment 0
Initial loss: 2.4849066497880004
60: time = 0.002000 loss = 2.095130
Resulting gain: 0.38977700435291274
Projecting...
Writing file E:\github_mauriciovancine\R-ENM\data\temp\raster\maxent\1109571041039\species.csv
Ending
