Wed Mar 14 14:38:54 BRT 2018
MaxEnt version 3.4.1
Reading file absence
readGrid: max memory 477626368, total allocated 70254592, free 39664064, used 30590528, increment -5204016
Reading samples from presence
Read samples: max memory 477626368, total allocated 70254592, free 39140280, used 31114312, increment 523784
Adding samples to background in feature space
Command line used:  autorun -e E:/github_mauriciovancine/R-ENM/data/temp/raster/maxent/2894273138/absence -o E:/github_mauriciovancine/R-ENM/data/temp/raster/maxent/2894273138 -s E:/github_mauriciovancine/R-ENM/data/temp/raster/maxent/2894273138/presence -z
Command line to repeat: java density.MaxEnt nowarnings noprefixes outputdirectory=E:/github_mauriciovancine/R-ENM/data/temp/raster/maxent/2894273138 samplesfile=E:/github_mauriciovancine/R-ENM/data/temp/raster/maxent/2894273138/presence environmentallayers=E:/github_mauriciovancine/R-ENM/data/temp/raster/maxent/2894273138/absence autorun novisible
Species: species
Layers: bio14 bio18 bio5
Layertypes: Continuous Continuous Continuous
outputdirectory: E:/github_mauriciovancine/R-ENM/data/temp/raster/maxent/2894273138
samplesfile: E:/github_mauriciovancine/R-ENM/data/temp/raster/maxent/2894273138/presence
environmentallayers: E:/github_mauriciovancine/R-ENM/data/temp/raster/maxent/2894273138/absence
autorun: true
visible: false

getSamples: max memory 477626368, total allocated 70254592, free 38616472, used 31638120, increment 523808
Making features
makeFeatures: max memory 477626368, total allocated 70254592, free 38616472, used 31638120, increment 0
species: 
Regularization values: linear/quadratic/product: 0.193, categorical: 0.250, threshold: 1.500, hinge: 0.500
50 samples
Density: max memory 477626368, total allocated 70254592, free 38616472, used 31638120, increment 0
linearPredictor: max memory 477626368, total allocated 70254592, free 38616472, used 31638120, increment 0
FeaturedSpace: max memory 477626368, total allocated 70254592, free 38616472, used 31638120, increment 0
Sequential: max memory 477626368, total allocated 70254592, free 38616472, used 31638120, increment 0
Initial loss: 4.564348191467836
180: time = 0.062000 loss = 4.204030
Resulting gain: 0.3603186023436926
Projecting...
Writing file E:\github_mauriciovancine\R-ENM\data\temp\raster\maxent\2894273138\species.csv
Ending
