Wed Mar 14 15:19:00 BRT 2018
MaxEnt version 3.4.1
Reading file absence
readGrid: max memory 477626368, total allocated 74448896, free 51747528, used 22701368, increment -8066304
Reading samples from presence
Read samples: max memory 477626368, total allocated 74448896, free 51747528, used 22701368, increment 0
Adding samples to background in feature space
Command line used:  autorun -e E:/github_mauriciovancine/R-ENM/data/temp/raster/maxent/901033110726/absence -o E:/github_mauriciovancine/R-ENM/data/temp/raster/maxent/901033110726 -s E:/github_mauriciovancine/R-ENM/data/temp/raster/maxent/901033110726/presence -z
Command line to repeat: java density.MaxEnt nowarnings noprefixes outputdirectory=E:/github_mauriciovancine/R-ENM/data/temp/raster/maxent/901033110726 samplesfile=E:/github_mauriciovancine/R-ENM/data/temp/raster/maxent/901033110726/presence environmentallayers=E:/github_mauriciovancine/R-ENM/data/temp/raster/maxent/901033110726/absence autorun novisible
Species: species
Layers: bio14 bio18 bio5
Layertypes: Continuous Continuous Continuous
outputdirectory: E:/github_mauriciovancine/R-ENM/data/temp/raster/maxent/901033110726
samplesfile: E:/github_mauriciovancine/R-ENM/data/temp/raster/maxent/901033110726/presence
environmentallayers: E:/github_mauriciovancine/R-ENM/data/temp/raster/maxent/901033110726/absence
autorun: true
visible: false

getSamples: max memory 477626368, total allocated 74448896, free 51747528, used 22701368, increment 0
Making features
makeFeatures: max memory 477626368, total allocated 74448896, free 51142432, used 23306464, increment 605096
species: 
Regularization values: linear/quadratic/product: 0.346, categorical: 0.250, threshold: 1.750, hinge: 0.500
25 samples
Density: max memory 477626368, total allocated 74448896, free 51142432, used 23306464, increment 0
linearPredictor: max memory 477626368, total allocated 74448896, free 51142432, used 23306464, increment 0
FeaturedSpace: max memory 477626368, total allocated 74448896, free 51142432, used 23306464, increment 0
Sequential: max memory 477626368, total allocated 74448896, free 51142432, used 23306464, increment 0
Initial loss: 3.8918202981106265
140: time = 0.024000 loss = 3.650381
Resulting gain: 0.24143938423602407
Projecting...
Writing file E:\github_mauriciovancine\R-ENM\data\temp\raster\maxent\901033110726\species.csv
Ending
