Wed Mar 14 14:43:14 BRT 2018
MaxEnt version 3.4.1
Reading file absence
readGrid: max memory 477626368, total allocated 64487424, free 30947800, used 33539624, increment -1857712
Reading samples from presence
Read samples: max memory 477626368, total allocated 64487424, free 30554080, used 33933344, increment 393720
Adding samples to background in feature space
Command line used:  autorun -e E:/github_mauriciovancine/R-ENM/data/temp/raster/maxent/9589837396/absence -o E:/github_mauriciovancine/R-ENM/data/temp/raster/maxent/9589837396 -s E:/github_mauriciovancine/R-ENM/data/temp/raster/maxent/9589837396/presence -z
Command line to repeat: java density.MaxEnt nowarnings noprefixes outputdirectory=E:/github_mauriciovancine/R-ENM/data/temp/raster/maxent/9589837396 samplesfile=E:/github_mauriciovancine/R-ENM/data/temp/raster/maxent/9589837396/presence environmentallayers=E:/github_mauriciovancine/R-ENM/data/temp/raster/maxent/9589837396/absence autorun novisible
Species: species
Layers: bio14 bio18 bio5
Layertypes: Continuous Continuous Continuous
outputdirectory: E:/github_mauriciovancine/R-ENM/data/temp/raster/maxent/9589837396
samplesfile: E:/github_mauriciovancine/R-ENM/data/temp/raster/maxent/9589837396/presence
environmentallayers: E:/github_mauriciovancine/R-ENM/data/temp/raster/maxent/9589837396/absence
autorun: true
visible: false

getSamples: max memory 477626368, total allocated 64487424, free 29422120, used 35065304, increment 1131960
Making features
makeFeatures: max memory 477626368, total allocated 64487424, free 29422120, used 35065304, increment 0
species: 
Regularization values: linear/quadratic/product: 0.050, categorical: 0.250, threshold: 1.000, hinge: 0.500
138 samples
Density: max memory 477626368, total allocated 64487424, free 29043232, used 35444192, increment 378888
linearPredictor: max memory 477626368, total allocated 64487424, free 29043232, used 35444192, increment 0
FeaturedSpace: max memory 477626368, total allocated 64487424, free 29043232, used 35444192, increment 0
Sequential: max memory 477626368, total allocated 64487424, free 29043232, used 35444192, increment 0
Initial loss: 5.541263545158426
500: time = 0.319000 loss = 4.853085
Resulting gain: 0.6881789465682164
Projecting...
Writing file E:\github_mauriciovancine\R-ENM\data\temp\raster\maxent\9589837396\species.csv
Ending
