Wed Mar 14 14:38:23 BRT 2018
MaxEnt version 3.4.1
Reading file absence
readGrid: max memory 477626368, total allocated 89653248, free 70116784, used 19536464, increment 1082344
Reading samples from presence
Read samples: max memory 477626368, total allocated 89653248, free 69205024, used 20448224, increment 911760
Adding samples to background in feature space
Command line used:  autorun -e E:/github_mauriciovancine/R-ENM/data/temp/raster/maxent/3753989218/absence -o E:/github_mauriciovancine/R-ENM/data/temp/raster/maxent/3753989218 -s E:/github_mauriciovancine/R-ENM/data/temp/raster/maxent/3753989218/presence -z
Command line to repeat: java density.MaxEnt nowarnings noprefixes outputdirectory=E:/github_mauriciovancine/R-ENM/data/temp/raster/maxent/3753989218 samplesfile=E:/github_mauriciovancine/R-ENM/data/temp/raster/maxent/3753989218/presence environmentallayers=E:/github_mauriciovancine/R-ENM/data/temp/raster/maxent/3753989218/absence autorun novisible
Species: species
Layers: bio14 bio18 bio5
Layertypes: Continuous Continuous Continuous
outputdirectory: E:/github_mauriciovancine/R-ENM/data/temp/raster/maxent/3753989218
samplesfile: E:/github_mauriciovancine/R-ENM/data/temp/raster/maxent/3753989218/presence
environmentallayers: E:/github_mauriciovancine/R-ENM/data/temp/raster/maxent/3753989218/absence
autorun: true
visible: false

getSamples: max memory 477626368, total allocated 89653248, free 68293288, used 21359960, increment 911736
Making features
makeFeatures: max memory 477626368, total allocated 89653248, free 68293288, used 21359960, increment 0
species: 
Regularization values: linear/quadratic/product: 0.050, categorical: 0.250, threshold: 1.000, hinge: 0.500
137 samples
Density: max memory 477626368, total allocated 89653248, free 68293288, used 21359960, increment 0
linearPredictor: max memory 477626368, total allocated 89653248, free 68293288, used 21359960, increment 0
FeaturedSpace: max memory 477626368, total allocated 89653248, free 68293288, used 21359960, increment 0
Sequential: max memory 477626368, total allocated 89653248, free 68293288, used 21359960, increment 0
Initial loss: 5.602118820879701
420: time = 0.199000 loss = 5.102908
Resulting gain: 0.4992104758961169
Projecting...
Writing file E:\github_mauriciovancine\R-ENM\data\temp\raster\maxent\3753989218\species.csv
Ending
