Tue Feb 20 23:34:01 BRT 2018
MaxEnt version 3.4.1
Reading file absence
readGrid: max memory 477626368, total allocated 64487424, free 49570424, used 14917000, increment 3380328
Reading samples from presence
Read samples: max memory 477626368, total allocated 64487424, free 49245552, used 15241872, increment 324872
Adding samples to background in feature space
Command line used:  autorun -e E:/github_mauriciovancine/R-ENM/data/temp/raster/maxent/10428864198/absence -o E:/github_mauriciovancine/R-ENM/data/temp/raster/maxent/10428864198 -s E:/github_mauriciovancine/R-ENM/data/temp/raster/maxent/10428864198/presence -z
Command line to repeat: java density.MaxEnt nowarnings noprefixes outputdirectory=E:/github_mauriciovancine/R-ENM/data/temp/raster/maxent/10428864198 samplesfile=E:/github_mauriciovancine/R-ENM/data/temp/raster/maxent/10428864198/presence environmentallayers=E:/github_mauriciovancine/R-ENM/data/temp/raster/maxent/10428864198/absence autorun novisible
Species: species
Layers: bio14 bio18 bio5
Layertypes: Continuous Continuous Continuous
outputdirectory: E:/github_mauriciovancine/R-ENM/data/temp/raster/maxent/10428864198
samplesfile: E:/github_mauriciovancine/R-ENM/data/temp/raster/maxent/10428864198/presence
environmentallayers: E:/github_mauriciovancine/R-ENM/data/temp/raster/maxent/10428864198/absence
autorun: true
visible: false

getSamples: max memory 477626368, total allocated 64487424, free 49229152, used 15258272, increment 16400
Making features
makeFeatures: max memory 477626368, total allocated 64487424, free 48904232, used 15583192, increment 324920
species: 
Regularization values: linear/quadratic/product: 0.346, categorical: 0.250, threshold: 1.750, hinge: 0.500
25 samples
Density: max memory 477626368, total allocated 64487424, free 48904232, used 15583192, increment 0
linearPredictor: max memory 477626368, total allocated 64487424, free 48904232, used 15583192, increment 0
FeaturedSpace: max memory 477626368, total allocated 64487424, free 48904232, used 15583192, increment 0
Sequential: max memory 477626368, total allocated 64487424, free 48904232, used 15583192, increment 0
Initial loss: 3.912023005428146
200: time = 0.032000 loss = 3.662690
Resulting gain: 0.24933326588323412
Projecting...
Writing file E:\github_mauriciovancine\R-ENM\data\temp\raster\maxent\10428864198\species.csv
Ending
