Wed Mar 14 15:51:53 BRT 2018
MaxEnt version 3.4.1
Reading file absence
readGrid: max memory 477626368, total allocated 42991616, free 28530368, used 14461248, increment -188376
Reading samples from presence
Read samples: max memory 477626368, total allocated 42991616, free 28530368, used 14461248, increment 0
Adding samples to background in feature space
Command line used:  autorun -e E:/github_mauriciovancine/R-ENM/data/temp/raster/maxent/102632107613/absence -o E:/github_mauriciovancine/R-ENM/data/temp/raster/maxent/102632107613 -s E:/github_mauriciovancine/R-ENM/data/temp/raster/maxent/102632107613/presence -z
Command line to repeat: java density.MaxEnt nowarnings noprefixes outputdirectory=E:/github_mauriciovancine/R-ENM/data/temp/raster/maxent/102632107613 samplesfile=E:/github_mauriciovancine/R-ENM/data/temp/raster/maxent/102632107613/presence environmentallayers=E:/github_mauriciovancine/R-ENM/data/temp/raster/maxent/102632107613/absence autorun novisible
Species: species
Layers: bio14 bio18 bio5
Layertypes: Continuous Continuous Continuous
outputdirectory: E:/github_mauriciovancine/R-ENM/data/temp/raster/maxent/102632107613
samplesfile: E:/github_mauriciovancine/R-ENM/data/temp/raster/maxent/102632107613/presence
environmentallayers: E:/github_mauriciovancine/R-ENM/data/temp/raster/maxent/102632107613/absence
autorun: true
visible: false

getSamples: max memory 477626368, total allocated 42991616, free 28153064, used 14838552, increment 377304
Making features
makeFeatures: max memory 477626368, total allocated 42991616, free 28153064, used 14838552, increment 0
species: 
Regularization values: linear/quadratic/product: 0.346, categorical: 0.250, threshold: 1.750, hinge: 0.500
25 samples
Density: max memory 477626368, total allocated 42991616, free 28153064, used 14838552, increment 0
linearPredictor: max memory 477626368, total allocated 42991616, free 28153064, used 14838552, increment 0
FeaturedSpace: max memory 477626368, total allocated 42991616, free 28153064, used 14838552, increment 0
Sequential: max memory 477626368, total allocated 42991616, free 28153064, used 14838552, increment 0
Initial loss: 3.8918202981106265
140: time = 0.018000 loss = 3.532518
Resulting gain: 0.35930233469444506
Projecting...
Writing file E:\github_mauriciovancine\R-ENM\data\temp\raster\maxent\102632107613\species.csv
Ending
