Wed Mar 14 16:00:14 BRT 2018
MaxEnt version 3.4.1
Reading file absence
readGrid: max memory 477626368, total allocated 44564480, free 31737536, used 12826944, increment -2167272
Reading samples from presence
Read samples: max memory 477626368, total allocated 44564480, free 31360248, used 13204232, increment 377288
Adding samples to background in feature space
Command line used:  autorun -e E:/github_mauriciovancine/R-ENM/data/temp/raster/maxent/8395582371/absence -o E:/github_mauriciovancine/R-ENM/data/temp/raster/maxent/8395582371 -s E:/github_mauriciovancine/R-ENM/data/temp/raster/maxent/8395582371/presence -z
Command line to repeat: java density.MaxEnt nowarnings noprefixes outputdirectory=E:/github_mauriciovancine/R-ENM/data/temp/raster/maxent/8395582371 samplesfile=E:/github_mauriciovancine/R-ENM/data/temp/raster/maxent/8395582371/presence environmentallayers=E:/github_mauriciovancine/R-ENM/data/temp/raster/maxent/8395582371/absence autorun novisible
Species: species
Layers: bio14 bio18 bio5
Layertypes: Continuous Continuous Continuous
outputdirectory: E:/github_mauriciovancine/R-ENM/data/temp/raster/maxent/8395582371
samplesfile: E:/github_mauriciovancine/R-ENM/data/temp/raster/maxent/8395582371/presence
environmentallayers: E:/github_mauriciovancine/R-ENM/data/temp/raster/maxent/8395582371/absence
autorun: true
visible: false

getSamples: max memory 477626368, total allocated 44564480, free 31360248, used 13204232, increment 0
Making features
makeFeatures: max memory 477626368, total allocated 44564480, free 31360248, used 13204232, increment 0
species: 
Regularization values: linear/quadratic/product: 0.543, categorical: 0.286, threshold: 1.840, hinge: 0.500
16 samples
Density: max memory 477626368, total allocated 44564480, free 31360248, used 13204232, increment 0
linearPredictor: max memory 477626368, total allocated 44564480, free 31360248, used 13204232, increment 0
FeaturedSpace: max memory 477626368, total allocated 44564480, free 31360248, used 13204232, increment 0
Sequential: max memory 477626368, total allocated 44564480, free 31360248, used 13204232, increment 0
Initial loss: 3.4657359027997265
280: time = 0.016000 loss = 3.136436
Resulting gain: 0.32929988555961476
Projecting...
Writing file E:\github_mauriciovancine\R-ENM\data\temp\raster\maxent\8395582371\species.csv
Time since start: 1.021
Ending
