Wed Mar 14 15:34:55 BRT 2018
MaxEnt version 3.4.1
Reading file absence
readGrid: max memory 477626368, total allocated 63438848, free 33503408, used 29935440, increment -6005408
Reading samples from presence
Read samples: max memory 477626368, total allocated 63438848, free 32748832, used 30690016, increment 754576
Adding samples to background in feature space
Command line used:  autorun -e E:/github_mauriciovancine/R-ENM/data/temp/raster/maxent/8614392629/absence -o E:/github_mauriciovancine/R-ENM/data/temp/raster/maxent/8614392629 -s E:/github_mauriciovancine/R-ENM/data/temp/raster/maxent/8614392629/presence -z
Command line to repeat: java density.MaxEnt nowarnings noprefixes outputdirectory=E:/github_mauriciovancine/R-ENM/data/temp/raster/maxent/8614392629 samplesfile=E:/github_mauriciovancine/R-ENM/data/temp/raster/maxent/8614392629/presence environmentallayers=E:/github_mauriciovancine/R-ENM/data/temp/raster/maxent/8614392629/absence autorun novisible
Species: species
Layers: bio14 bio18 bio5
Layertypes: Continuous Continuous Continuous
outputdirectory: E:/github_mauriciovancine/R-ENM/data/temp/raster/maxent/8614392629
samplesfile: E:/github_mauriciovancine/R-ENM/data/temp/raster/maxent/8614392629/presence
environmentallayers: E:/github_mauriciovancine/R-ENM/data/temp/raster/maxent/8614392629/absence
autorun: true
visible: false

getSamples: max memory 477626368, total allocated 63438848, free 31994304, used 31444544, increment 754528
Making features
makeFeatures: max memory 477626368, total allocated 63438848, free 31994304, used 31444544, increment 0
species: 
Regularization values: linear/quadratic/product: 0.050, categorical: 0.250, threshold: 1.000, hinge: 0.500
136 samples
Density: max memory 477626368, total allocated 63438848, free 31617056, used 31821792, increment 377248
linearPredictor: max memory 477626368, total allocated 63438848, free 31617056, used 31821792, increment 0
FeaturedSpace: max memory 477626368, total allocated 63438848, free 31617056, used 31821792, increment 0
Sequential: max memory 477626368, total allocated 63438848, free 31617056, used 31821792, increment 0
Initial loss: 5.5053315359323625
500: time = 0.236000 loss = 4.700857
Resulting gain: 0.8044741936272723
Projecting...
Writing file E:\github_mauriciovancine\R-ENM\data\temp\raster\maxent\8614392629\species.csv
Ending
