Wed Mar 14 14:38:07 BRT 2018
MaxEnt version 3.4.1
Reading file absence
readGrid: max memory 477626368, total allocated 109051904, free 54090296, used 54961608, increment 24371872
Reading samples from presence
Read samples: max memory 477626368, total allocated 109051904, free 52861400, used 56190504, increment 1228896
Adding samples to background in feature space
Command line used:  autorun -e E:/github_mauriciovancine/R-ENM/data/temp/raster/maxent/2919172893/absence -o E:/github_mauriciovancine/R-ENM/data/temp/raster/maxent/2919172893 -s E:/github_mauriciovancine/R-ENM/data/temp/raster/maxent/2919172893/presence -z
Command line to repeat: java density.MaxEnt nowarnings noprefixes outputdirectory=E:/github_mauriciovancine/R-ENM/data/temp/raster/maxent/2919172893 samplesfile=E:/github_mauriciovancine/R-ENM/data/temp/raster/maxent/2919172893/presence environmentallayers=E:/github_mauriciovancine/R-ENM/data/temp/raster/maxent/2919172893/absence autorun novisible
Species: species
Layers: bio14 bio18 bio5
Layertypes: Continuous Continuous Continuous
outputdirectory: E:/github_mauriciovancine/R-ENM/data/temp/raster/maxent/2919172893
samplesfile: E:/github_mauriciovancine/R-ENM/data/temp/raster/maxent/2919172893/presence
environmentallayers: E:/github_mauriciovancine/R-ENM/data/temp/raster/maxent/2919172893/absence
autorun: true
visible: false

getSamples: max memory 477626368, total allocated 109051904, free 51632496, used 57419408, increment 1228904
Making features
makeFeatures: max memory 477626368, total allocated 109051904, free 51632496, used 57419408, increment 0
species: 
Regularization values: linear/quadratic/product: 0.050, categorical: 0.250, threshold: 1.000, hinge: 0.500
139 samples
Density: max memory 477626368, total allocated 109051904, free 51632496, used 57419408, increment 0
linearPredictor: max memory 477626368, total allocated 109051904, free 51632496, used 57419408, increment 0
FeaturedSpace: max memory 477626368, total allocated 109051904, free 51632496, used 57419408, increment 0
Sequential: max memory 477626368, total allocated 109051904, free 51632496, used 57419408, increment 0
Initial loss: 5.5909869805108565
300: time = 0.165000 loss = 5.014778
Resulting gain: 0.5762086385991125
Projecting...
Writing file E:\github_mauriciovancine\R-ENM\data\temp\raster\maxent\2919172893\species.csv
Ending
