Wed Mar 14 15:59:09 BRT 2018
MaxEnt version 3.4.1
Reading file absence
readGrid: max memory 477626368, total allocated 43515904, free 21639000, used 21876904, increment -7134048
Reading samples from presence
Read samples: max memory 477626368, total allocated 43515904, free 20884240, used 22631664, increment 754760
Adding samples to background in feature space
Command line used:  autorun -e E:/github_mauriciovancine/R-ENM/data/temp/raster/maxent/3521442009/absence -o E:/github_mauriciovancine/R-ENM/data/temp/raster/maxent/3521442009 -s E:/github_mauriciovancine/R-ENM/data/temp/raster/maxent/3521442009/presence -z
Command line to repeat: java density.MaxEnt nowarnings noprefixes outputdirectory=E:/github_mauriciovancine/R-ENM/data/temp/raster/maxent/3521442009 samplesfile=E:/github_mauriciovancine/R-ENM/data/temp/raster/maxent/3521442009/presence environmentallayers=E:/github_mauriciovancine/R-ENM/data/temp/raster/maxent/3521442009/absence autorun novisible
Species: species
Layers: bio14 bio18 bio5
Layertypes: Continuous Continuous Continuous
outputdirectory: E:/github_mauriciovancine/R-ENM/data/temp/raster/maxent/3521442009
samplesfile: E:/github_mauriciovancine/R-ENM/data/temp/raster/maxent/3521442009/presence
environmentallayers: E:/github_mauriciovancine/R-ENM/data/temp/raster/maxent/3521442009/absence
autorun: true
visible: false

getSamples: max memory 477626368, total allocated 43515904, free 20129472, used 23386432, increment 754768
Making features
makeFeatures: max memory 477626368, total allocated 43515904, free 19752136, used 23763768, increment 377336
species: 
Regularization values: linear/quadratic/product: 0.050, categorical: 0.250, threshold: 1.000, hinge: 0.500
140 samples
Density: max memory 477626368, total allocated 43515904, free 19752136, used 23763768, increment 0
linearPredictor: max memory 477626368, total allocated 43515904, free 19752136, used 23763768, increment 0
FeaturedSpace: max memory 477626368, total allocated 43515904, free 19752136, used 23763768, increment 0
Sequential: max memory 477626368, total allocated 43515904, free 19752136, used 23763768, increment 0
Initial loss: 5.501258210544727
380: time = 0.169000 loss = 4.790990
Resulting gain: 0.7102683224423796
Projecting...
Writing file E:\github_mauriciovancine\R-ENM\data\temp\raster\maxent\3521442009\species.csv
Ending
