Thu Jan 11 23:05:39 BRST 2018
MaxEnt version 3.4.1
Reading file absence
readGrid: max memory 477626368, total allocated 128450560, free 115752488, used 12698072, increment -10452120
Reading samples from presence
Read samples: max memory 477626368, total allocated 128450560, free 115752488, used 12698072, increment 0
Adding samples to background in feature space
Command line used:  autorun -e E:/github_mauriciovancine/R-ENM/data/temp/raster/maxent/86610423013/absence -o E:/github_mauriciovancine/R-ENM/data/temp/raster/maxent/86610423013 -s E:/github_mauriciovancine/R-ENM/data/temp/raster/maxent/86610423013/presence -z
Command line to repeat: java density.MaxEnt nowarnings noprefixes outputdirectory=E:/github_mauriciovancine/R-ENM/data/temp/raster/maxent/86610423013 samplesfile=E:/github_mauriciovancine/R-ENM/data/temp/raster/maxent/86610423013/presence environmentallayers=E:/github_mauriciovancine/R-ENM/data/temp/raster/maxent/86610423013/absence autorun novisible
Species: species
Layers: bio14 bio18 bio19 bio5
Layertypes: Continuous Continuous Continuous Continuous
outputdirectory: E:/github_mauriciovancine/R-ENM/data/temp/raster/maxent/86610423013
samplesfile: E:/github_mauriciovancine/R-ENM/data/temp/raster/maxent/86610423013/presence
environmentallayers: E:/github_mauriciovancine/R-ENM/data/temp/raster/maxent/86610423013/absence
autorun: true
visible: false

getSamples: max memory 477626368, total allocated 128450560, free 115752488, used 12698072, increment 0
Making features
makeFeatures: max memory 477626368, total allocated 128450560, free 115752488, used 12698072, increment 0
species: 
Regularization values: linear/quadratic/product: 1.000, categorical: 0.560, threshold: 1.940, hinge: 0.500
6 samples
Density: max memory 477626368, total allocated 128450560, free 115752488, used 12698072, increment 0
linearPredictor: max memory 477626368, total allocated 128450560, free 115752488, used 12698072, increment 0
FeaturedSpace: max memory 477626368, total allocated 128450560, free 115752488, used 12698072, increment 0
Sequential: max memory 477626368, total allocated 128450560, free 115752488, used 12698072, increment 0
Initial loss: 2.4849066497880004
60: time = 0.001000 loss = 2.278028
Resulting gain: 0.2068786371136908
Projecting...
Writing file E:\github_mauriciovancine\R-ENM\data\temp\raster\maxent\86610423013\species.csv
Time since start: 1.023
Ending
