Sun Feb 11 12:25:05 BRST 2018
MaxEnt version 3.4.1
Reading file absence
readGrid: max memory 477626368, total allocated 63438848, free 49508856, used 13929992, increment 8286488
Reading samples from presence
Read samples: max memory 477626368, total allocated 63438848, free 49508856, used 13929992, increment 0
Adding samples to background in feature space
Command line used:  autorun -e E:/github_mauriciovancine/R-ENM/data/temp/raster/maxent/4933873356/absence -o E:/github_mauriciovancine/R-ENM/data/temp/raster/maxent/4933873356 -s E:/github_mauriciovancine/R-ENM/data/temp/raster/maxent/4933873356/presence -z
Command line to repeat: java density.MaxEnt nowarnings noprefixes outputdirectory=E:/github_mauriciovancine/R-ENM/data/temp/raster/maxent/4933873356 samplesfile=E:/github_mauriciovancine/R-ENM/data/temp/raster/maxent/4933873356/presence environmentallayers=E:/github_mauriciovancine/R-ENM/data/temp/raster/maxent/4933873356/absence autorun novisible
Species: species
Layers: bio14 bio2 bio4
Layertypes: Continuous Continuous Continuous
outputdirectory: E:/github_mauriciovancine/R-ENM/data/temp/raster/maxent/4933873356
samplesfile: E:/github_mauriciovancine/R-ENM/data/temp/raster/maxent/4933873356/presence
environmentallayers: E:/github_mauriciovancine/R-ENM/data/temp/raster/maxent/4933873356/absence
autorun: true
visible: false

getSamples: max memory 477626368, total allocated 63438848, free 49194848, used 14244000, increment 314008
Making features
makeFeatures: max memory 477626368, total allocated 63438848, free 49194848, used 14244000, increment 0
species: 
Regularization values: linear/quadratic/product: 0.365, categorical: 0.250, threshold: 1.760, hinge: 0.500
24 samples
Density: max memory 477626368, total allocated 63438848, free 49194848, used 14244000, increment 0
linearPredictor: max memory 477626368, total allocated 63438848, free 49194848, used 14244000, increment 0
FeaturedSpace: max memory 477626368, total allocated 63438848, free 49194848, used 14244000, increment 0
Sequential: max memory 477626368, total allocated 63438848, free 49194848, used 14244000, increment 0
Initial loss: 3.8501476017100584
120: time = 0.086000 loss = 3.621310
Resulting gain: 0.2288372801116405
Projecting...
Writing file E:\github_mauriciovancine\R-ENM\data\temp\raster\maxent\4933873356\species.csv
Ending
