Wed Mar 14 14:54:23 BRT 2018
MaxEnt version 3.4.1
Reading file absence
readGrid: max memory 477626368, total allocated 101187584, free 92068912, used 9118672, increment -18758208
Reading samples from presence
Read samples: max memory 477626368, total allocated 101187584, free 90991840, used 10195744, increment 1077072
Adding samples to background in feature space
Command line used:  autorun -e E:/github_mauriciovancine/R-ENM/data/temp/raster/maxent/4334293922/absence -o E:/github_mauriciovancine/R-ENM/data/temp/raster/maxent/4334293922 -s E:/github_mauriciovancine/R-ENM/data/temp/raster/maxent/4334293922/presence -z
Command line to repeat: java density.MaxEnt nowarnings noprefixes outputdirectory=E:/github_mauriciovancine/R-ENM/data/temp/raster/maxent/4334293922 samplesfile=E:/github_mauriciovancine/R-ENM/data/temp/raster/maxent/4334293922/presence environmentallayers=E:/github_mauriciovancine/R-ENM/data/temp/raster/maxent/4334293922/absence autorun novisible
Species: species
Layers: bio14 bio18 bio5
Layertypes: Continuous Continuous Continuous
outputdirectory: E:/github_mauriciovancine/R-ENM/data/temp/raster/maxent/4334293922
samplesfile: E:/github_mauriciovancine/R-ENM/data/temp/raster/maxent/4334293922/presence
environmentallayers: E:/github_mauriciovancine/R-ENM/data/temp/raster/maxent/4334293922/absence
autorun: true
visible: false

getSamples: max memory 477626368, total allocated 101187584, free 89914744, used 11272840, increment 1077096
Making features
makeFeatures: max memory 477626368, total allocated 101187584, free 89914744, used 11272840, increment 0
species: 
Regularization values: linear/quadratic/product: 0.050, categorical: 0.250, threshold: 1.000, hinge: 0.500
136 samples
Density: max memory 477626368, total allocated 101187584, free 89914744, used 11272840, increment 0
linearPredictor: max memory 477626368, total allocated 101187584, free 89914744, used 11272840, increment 0
FeaturedSpace: max memory 477626368, total allocated 101187584, free 89914744, used 11272840, increment 0
Sequential: max memory 477626368, total allocated 101187584, free 89914744, used 11272840, increment 0
Initial loss: 5.568344503761097
380: time = 0.273000 loss = 4.985925
Resulting gain: 0.5824197787843799
Projecting...
Writing file E:\github_mauriciovancine\R-ENM\data\temp\raster\maxent\4334293922\species.csv
Ending
