Wed Mar 14 14:38:20 BRT 2018
MaxEnt version 3.4.1
Reading file absence
readGrid: max memory 477626368, total allocated 92798976, free 76293816, used 16505160, increment -9818744
Reading samples from presence
Read samples: max memory 477626368, total allocated 92798976, free 75319272, used 17479704, increment 974544
Adding samples to background in feature space
Command line used:  autorun -e E:/github_mauriciovancine/R-ENM/data/temp/raster/maxent/59510686719/absence -o E:/github_mauriciovancine/R-ENM/data/temp/raster/maxent/59510686719 -s E:/github_mauriciovancine/R-ENM/data/temp/raster/maxent/59510686719/presence -z
Command line to repeat: java density.MaxEnt nowarnings noprefixes outputdirectory=E:/github_mauriciovancine/R-ENM/data/temp/raster/maxent/59510686719 samplesfile=E:/github_mauriciovancine/R-ENM/data/temp/raster/maxent/59510686719/presence environmentallayers=E:/github_mauriciovancine/R-ENM/data/temp/raster/maxent/59510686719/absence autorun novisible
Species: species
Layers: bio14 bio18 bio5
Layertypes: Continuous Continuous Continuous
outputdirectory: E:/github_mauriciovancine/R-ENM/data/temp/raster/maxent/59510686719
samplesfile: E:/github_mauriciovancine/R-ENM/data/temp/raster/maxent/59510686719/presence
environmentallayers: E:/github_mauriciovancine/R-ENM/data/temp/raster/maxent/59510686719/absence
autorun: true
visible: false

getSamples: max memory 477626368, total allocated 92798976, free 74344856, used 18454120, increment 974416
Making features
makeFeatures: max memory 477626368, total allocated 92798976, free 74344856, used 18454120, increment 0
species: 
Regularization values: linear/quadratic/product: 0.050, categorical: 0.250, threshold: 1.000, hinge: 0.500
138 samples
Density: max memory 477626368, total allocated 92798976, free 74344856, used 18454120, increment 0
linearPredictor: max memory 477626368, total allocated 92798976, free 74344856, used 18454120, increment 0
FeaturedSpace: max memory 477626368, total allocated 92798976, free 74344856, used 18454120, increment 0
Sequential: max memory 477626368, total allocated 92798976, free 74344856, used 18454120, increment 0
Initial loss: 5.568344503761097
440: time = 0.202000 loss = 4.957434
Resulting gain: 0.6109107658001003
Projecting...
Writing file E:\github_mauriciovancine\R-ENM\data\temp\raster\maxent\59510686719\species.csv
Ending
