Wed Mar 14 14:54:32 BRT 2018
MaxEnt version 3.4.1
Reading file absence
readGrid: max memory 477626368, total allocated 90177536, free 66369112, used 23808424, increment -29510000
Reading samples from presence
Read samples: max memory 477626368, total allocated 90177536, free 65446856, used 24730680, increment 922256
Adding samples to background in feature space
Command line used:  autorun -e E:/github_mauriciovancine/R-ENM/data/temp/raster/maxent/10226949250/absence -o E:/github_mauriciovancine/R-ENM/data/temp/raster/maxent/10226949250 -s E:/github_mauriciovancine/R-ENM/data/temp/raster/maxent/10226949250/presence -z
Command line to repeat: java density.MaxEnt nowarnings noprefixes outputdirectory=E:/github_mauriciovancine/R-ENM/data/temp/raster/maxent/10226949250 samplesfile=E:/github_mauriciovancine/R-ENM/data/temp/raster/maxent/10226949250/presence environmentallayers=E:/github_mauriciovancine/R-ENM/data/temp/raster/maxent/10226949250/absence autorun novisible
Species: species
Layers: bio14 bio18 bio5
Layertypes: Continuous Continuous Continuous
outputdirectory: E:/github_mauriciovancine/R-ENM/data/temp/raster/maxent/10226949250
samplesfile: E:/github_mauriciovancine/R-ENM/data/temp/raster/maxent/10226949250/presence
environmentallayers: E:/github_mauriciovancine/R-ENM/data/temp/raster/maxent/10226949250/absence
autorun: true
visible: false

getSamples: max memory 477626368, total allocated 90177536, free 64524616, used 25652920, increment 922240
Making features
makeFeatures: max memory 477626368, total allocated 90177536, free 64524616, used 25652920, increment 0
species: 
Regularization values: linear/quadratic/product: 0.050, categorical: 0.250, threshold: 1.000, hinge: 0.500
134 samples
Density: max memory 477626368, total allocated 90177536, free 64524616, used 25652920, increment 0
linearPredictor: max memory 477626368, total allocated 90177536, free 64524616, used 25652920, increment 0
FeaturedSpace: max memory 477626368, total allocated 90177536, free 64524616, used 25652920, increment 0
Sequential: max memory 477626368, total allocated 90177536, free 64524616, used 25652920, increment 0
Initial loss: 5.575949103146316
360: time = 0.162000 loss = 5.066557
Resulting gain: 0.5093919952988681
Projecting...
Writing file E:\github_mauriciovancine\R-ENM\data\temp\raster\maxent\10226949250\species.csv
Ending
