Wed Feb 21 20:00:37 BRT 2018
MaxEnt version 3.4.1
Reading file absence
readGrid: max memory 477626368, total allocated 62914560, free 42084168, used 20830392, increment 5454528
Reading samples from presence
Read samples: max memory 477626368, total allocated 62914560, free 42084168, used 20830392, increment 0
Adding samples to background in feature space
Command line used:  autorun -e E:/github_mauriciovancine/R-ENM/data/temp/raster/maxent/1723777953/absence -o E:/github_mauriciovancine/R-ENM/data/temp/raster/maxent/1723777953 -s E:/github_mauriciovancine/R-ENM/data/temp/raster/maxent/1723777953/presence -z
Command line to repeat: java density.MaxEnt nowarnings noprefixes outputdirectory=E:/github_mauriciovancine/R-ENM/data/temp/raster/maxent/1723777953 samplesfile=E:/github_mauriciovancine/R-ENM/data/temp/raster/maxent/1723777953/presence environmentallayers=E:/github_mauriciovancine/R-ENM/data/temp/raster/maxent/1723777953/absence autorun novisible
Species: species
Layers: bio14 bio18 bio5
Layertypes: Continuous Continuous Continuous
outputdirectory: E:/github_mauriciovancine/R-ENM/data/temp/raster/maxent/1723777953
samplesfile: E:/github_mauriciovancine/R-ENM/data/temp/raster/maxent/1723777953/presence
environmentallayers: E:/github_mauriciovancine/R-ENM/data/temp/raster/maxent/1723777953/absence
autorun: true
visible: false

getSamples: max memory 477626368, total allocated 62914560, free 41770032, used 21144528, increment 314136
Making features
makeFeatures: max memory 477626368, total allocated 62914560, free 41770032, used 21144528, increment 0
species: 
Regularization values: linear/quadratic/product: 0.346, categorical: 0.250, threshold: 1.750, hinge: 0.500
25 samples
Density: max memory 477626368, total allocated 62914560, free 41770032, used 21144528, increment 0
linearPredictor: max memory 477626368, total allocated 62914560, free 41770032, used 21144528, increment 0
FeaturedSpace: max memory 477626368, total allocated 62914560, free 41770032, used 21144528, increment 0
Sequential: max memory 477626368, total allocated 62914560, free 41770032, used 21144528, increment 0
Initial loss: 3.8918202981106265
200: time = 0.061000 loss = 3.548166
Resulting gain: 0.3436540645682511
Projecting...
Writing file E:\github_mauriciovancine\R-ENM\data\temp\raster\maxent\1723777953\species.csv
Ending
