Wed Mar 14 15:52:41 BRT 2018
MaxEnt version 3.4.1
Reading file absence
readGrid: max memory 477626368, total allocated 42991616, free 24075080, used 18916536, increment -7081848
Reading samples from presence
Read samples: max memory 477626368, total allocated 42991616, free 24075080, used 18916536, increment 0
Adding samples to background in feature space
Command line used:  autorun -e E:/github_mauriciovancine/R-ENM/data/temp/raster/maxent/5494342242/absence -o E:/github_mauriciovancine/R-ENM/data/temp/raster/maxent/5494342242 -s E:/github_mauriciovancine/R-ENM/data/temp/raster/maxent/5494342242/presence -z
Command line to repeat: java density.MaxEnt nowarnings noprefixes outputdirectory=E:/github_mauriciovancine/R-ENM/data/temp/raster/maxent/5494342242 samplesfile=E:/github_mauriciovancine/R-ENM/data/temp/raster/maxent/5494342242/presence environmentallayers=E:/github_mauriciovancine/R-ENM/data/temp/raster/maxent/5494342242/absence autorun novisible
Species: species
Layers: bio14 bio18 bio5
Layertypes: Continuous Continuous Continuous
outputdirectory: E:/github_mauriciovancine/R-ENM/data/temp/raster/maxent/5494342242
samplesfile: E:/github_mauriciovancine/R-ENM/data/temp/raster/maxent/5494342242/presence
environmentallayers: E:/github_mauriciovancine/R-ENM/data/temp/raster/maxent/5494342242/absence
autorun: true
visible: false

getSamples: max memory 477626368, total allocated 42991616, free 23698032, used 19293584, increment 377048
Making features
makeFeatures: max memory 477626368, total allocated 42991616, free 23698032, used 19293584, increment 0
species: 
Regularization values: linear/quadratic/product: 0.543, categorical: 0.286, threshold: 1.840, hinge: 0.500
16 samples
Density: max memory 477626368, total allocated 42991616, free 23698032, used 19293584, increment 0
linearPredictor: max memory 477626368, total allocated 42991616, free 23698032, used 19293584, increment 0
FeaturedSpace: max memory 477626368, total allocated 42991616, free 23698032, used 19293584, increment 0
Sequential: max memory 477626368, total allocated 42991616, free 23698032, used 19293584, increment 0
Initial loss: 3.4339872044851463
140: time = 0.020000 loss = 3.196938
Resulting gain: 0.23704923022377677
Projecting...
Writing file E:\github_mauriciovancine\R-ENM\data\temp\raster\maxent\5494342242\species.csv
Ending
