Fri Dec 29 15:44:37 BRST 2017
MaxEnt version 3.4.1
Reading file absence
readGrid: max memory 477626368, total allocated 106954752, free 97135488, used 9819264, increment -23618728
Reading samples from presence
Read samples: max memory 477626368, total allocated 106954752, free 97135488, used 9819264, increment 0
Adding samples to background in feature space
Command line used:  autorun -e E:/github_mauriciovancine/R-ENM/data/temp/raster/maxent/3954491481/absence -o E:/github_mauriciovancine/R-ENM/data/temp/raster/maxent/3954491481 -s E:/github_mauriciovancine/R-ENM/data/temp/raster/maxent/3954491481/presence -z
Command line to repeat: java density.MaxEnt nowarnings noprefixes outputdirectory=E:/github_mauriciovancine/R-ENM/data/temp/raster/maxent/3954491481 samplesfile=E:/github_mauriciovancine/R-ENM/data/temp/raster/maxent/3954491481/presence environmentallayers=E:/github_mauriciovancine/R-ENM/data/temp/raster/maxent/3954491481/absence autorun novisible
Species: species
Layers: bio14 bio18 bio19 bio5
Layertypes: Continuous Continuous Continuous Continuous
outputdirectory: E:/github_mauriciovancine/R-ENM/data/temp/raster/maxent/3954491481
samplesfile: E:/github_mauriciovancine/R-ENM/data/temp/raster/maxent/3954491481/presence
environmentallayers: E:/github_mauriciovancine/R-ENM/data/temp/raster/maxent/3954491481/absence
autorun: true
visible: false

getSamples: max memory 477626368, total allocated 106954752, free 97135488, used 9819264, increment 0
Making features
makeFeatures: max memory 477626368, total allocated 106954752, free 97135488, used 9819264, increment 0
species: 
Regularization values: linear/quadratic/product: 0.365, categorical: 0.250, threshold: 1.760, hinge: 0.500
24 samples
Density: max memory 477626368, total allocated 106954752, free 97135488, used 9819264, increment 0
linearPredictor: max memory 477626368, total allocated 106954752, free 97135488, used 9819264, increment 0
FeaturedSpace: max memory 477626368, total allocated 106954752, free 97135488, used 9819264, increment 0
Sequential: max memory 477626368, total allocated 106954752, free 97135488, used 9819264, increment 0
Initial loss: 3.871201010907891
200: time = 0.019000 loss = 3.533406
Resulting gain: 0.33779455027526506
Projecting...
Writing file E:\github_mauriciovancine\R-ENM\data\temp\raster\maxent\3954491481\species.csv
Ending
