Wed Mar 14 15:51:58 BRT 2018
MaxEnt version 3.4.1
Reading file absence
readGrid: max memory 477626368, total allocated 42991616, free 20152728, used 22838888, increment -5586960
Reading samples from presence
Read samples: max memory 477626368, total allocated 42991616, free 19775448, used 23216168, increment 377280
Adding samples to background in feature space
Command line used:  autorun -e E:/github_mauriciovancine/R-ENM/data/temp/raster/maxent/1762124161/absence -o E:/github_mauriciovancine/R-ENM/data/temp/raster/maxent/1762124161 -s E:/github_mauriciovancine/R-ENM/data/temp/raster/maxent/1762124161/presence -z
Command line to repeat: java density.MaxEnt nowarnings noprefixes outputdirectory=E:/github_mauriciovancine/R-ENM/data/temp/raster/maxent/1762124161 samplesfile=E:/github_mauriciovancine/R-ENM/data/temp/raster/maxent/1762124161/presence environmentallayers=E:/github_mauriciovancine/R-ENM/data/temp/raster/maxent/1762124161/absence autorun novisible
Species: species
Layers: bio14 bio18 bio5
Layertypes: Continuous Continuous Continuous
outputdirectory: E:/github_mauriciovancine/R-ENM/data/temp/raster/maxent/1762124161
samplesfile: E:/github_mauriciovancine/R-ENM/data/temp/raster/maxent/1762124161/presence
environmentallayers: E:/github_mauriciovancine/R-ENM/data/temp/raster/maxent/1762124161/absence
autorun: true
visible: false

getSamples: max memory 477626368, total allocated 42991616, free 19775448, used 23216168, increment 0
Making features
makeFeatures: max memory 477626368, total allocated 42991616, free 19775448, used 23216168, increment 0
species: 
Regularization values: linear/quadratic/product: 0.543, categorical: 0.286, threshold: 1.840, hinge: 0.500
16 samples
Density: max memory 477626368, total allocated 42991616, free 19398040, used 23593576, increment 377408
linearPredictor: max memory 477626368, total allocated 42991616, free 19398040, used 23593576, increment 0
FeaturedSpace: max memory 477626368, total allocated 42991616, free 19398040, used 23593576, increment 0
Sequential: max memory 477626368, total allocated 42991616, free 19398040, used 23593576, increment 0
Initial loss: 3.4339872044851463
240: time = 0.021000 loss = 3.255905
Resulting gain: 0.17808213041150722
Projecting...
Writing file E:\github_mauriciovancine\R-ENM\data\temp\raster\maxent\1762124161\species.csv
Ending
