Tue Feb 20 23:33:53 BRT 2018
MaxEnt version 3.4.1
Reading file absence
readGrid: max memory 477626368, total allocated 63963136, free 46914632, used 17048504, increment 5873864
Reading samples from presence
Read samples: max memory 477626368, total allocated 63963136, free 46898232, used 17064904, increment 16400
Adding samples to background in feature space
Command line used:  autorun -e E:/github_mauriciovancine/R-ENM/data/temp/raster/maxent/4682929542/absence -o E:/github_mauriciovancine/R-ENM/data/temp/raster/maxent/4682929542 -s E:/github_mauriciovancine/R-ENM/data/temp/raster/maxent/4682929542/presence -z
Command line to repeat: java density.MaxEnt nowarnings noprefixes outputdirectory=E:/github_mauriciovancine/R-ENM/data/temp/raster/maxent/4682929542 samplesfile=E:/github_mauriciovancine/R-ENM/data/temp/raster/maxent/4682929542/presence environmentallayers=E:/github_mauriciovancine/R-ENM/data/temp/raster/maxent/4682929542/absence autorun novisible
Species: species
Layers: bio14 bio18 bio5
Layertypes: Continuous Continuous Continuous
outputdirectory: E:/github_mauriciovancine/R-ENM/data/temp/raster/maxent/4682929542
samplesfile: E:/github_mauriciovancine/R-ENM/data/temp/raster/maxent/4682929542/presence
environmentallayers: E:/github_mauriciovancine/R-ENM/data/temp/raster/maxent/4682929542/absence
autorun: true
visible: false

getSamples: max memory 477626368, total allocated 63963136, free 46553408, used 17409728, increment 344824
Making features
makeFeatures: max memory 477626368, total allocated 63963136, free 46553408, used 17409728, increment 0
species: 
Regularization values: linear/quadratic/product: 0.346, categorical: 0.250, threshold: 1.750, hinge: 0.500
25 samples
Density: max memory 477626368, total allocated 63963136, free 46233192, used 17729944, increment 320216
linearPredictor: max memory 477626368, total allocated 63963136, free 46233192, used 17729944, increment 0
FeaturedSpace: max memory 477626368, total allocated 63963136, free 46233192, used 17729944, increment 0
Sequential: max memory 477626368, total allocated 63963136, free 46233192, used 17729944, increment 0
Initial loss: 3.912023005428146
200: time = 0.070000 loss = 3.674592
Resulting gain: 0.2374310451434778
Projecting...
Writing file E:\github_mauriciovancine\R-ENM\data\temp\raster\maxent\4682929542\species.csv
Ending
