Wed Mar 14 14:54:00 BRT 2018
MaxEnt version 3.4.1
Reading file absence
readGrid: max memory 477626368, total allocated 62390272, free 48497760, used 13892512, increment 13892512
Reading samples from presence
Read samples: max memory 477626368, total allocated 62390272, free 47197512, used 15192760, increment 1300248
Adding samples to background in feature space
Command line used:  autorun -e E:/github_mauriciovancine/R-ENM/data/temp/raster/maxent/78933310128/absence -o E:/github_mauriciovancine/R-ENM/data/temp/raster/maxent/78933310128 -s E:/github_mauriciovancine/R-ENM/data/temp/raster/maxent/78933310128/presence -z
Command line to repeat: java density.MaxEnt nowarnings noprefixes outputdirectory=E:/github_mauriciovancine/R-ENM/data/temp/raster/maxent/78933310128 samplesfile=E:/github_mauriciovancine/R-ENM/data/temp/raster/maxent/78933310128/presence environmentallayers=E:/github_mauriciovancine/R-ENM/data/temp/raster/maxent/78933310128/absence autorun novisible
Species: species
Layers: bio14 bio18 bio5
Layertypes: Continuous Continuous Continuous
outputdirectory: E:/github_mauriciovancine/R-ENM/data/temp/raster/maxent/78933310128
samplesfile: E:/github_mauriciovancine/R-ENM/data/temp/raster/maxent/78933310128/presence
environmentallayers: E:/github_mauriciovancine/R-ENM/data/temp/raster/maxent/78933310128/absence
autorun: true
visible: false

getSamples: max memory 477626368, total allocated 62390272, free 59904352, used 2485920, increment -12706840
Making features
makeFeatures: max memory 477626368, total allocated 62390272, free 59904352, used 2485920, increment 0
species: 
Regularization values: linear/quadratic/product: 0.050, categorical: 0.250, threshold: 1.000, hinge: 0.500
138 samples
Density: max memory 477626368, total allocated 62390272, free 59242784, used 3147488, increment 661568
linearPredictor: max memory 477626368, total allocated 62390272, free 59242784, used 3147488, increment 0
FeaturedSpace: max memory 477626368, total allocated 62390272, free 59242784, used 3147488, increment 0
Sequential: max memory 477626368, total allocated 62390272, free 59242784, used 3147488, increment 0
Initial loss: 5.537334267018537
440: time = 0.336000 loss = 4.940863
Resulting gain: 0.5964708226923445
Time since start: 9.004
Projecting...
Writing file E:\github_mauriciovancine\R-ENM\data\temp\raster\maxent\78933310128\species.csv
Ending
