Wed Mar 14 15:23:12 BRT 2018
MaxEnt version 3.4.1
Reading file absence
readGrid: max memory 477626368, total allocated 63438848, free 39188424, used 24250424, increment 2768848
Reading samples from presence
Read samples: max memory 477626368, total allocated 63438848, free 38433872, used 25004976, increment 754552
Adding samples to background in feature space
Command line used:  autorun -e E:/github_mauriciovancine/R-ENM/data/temp/raster/maxent/10853137602/absence -o E:/github_mauriciovancine/R-ENM/data/temp/raster/maxent/10853137602 -s E:/github_mauriciovancine/R-ENM/data/temp/raster/maxent/10853137602/presence -z
Command line to repeat: java density.MaxEnt nowarnings noprefixes outputdirectory=E:/github_mauriciovancine/R-ENM/data/temp/raster/maxent/10853137602 samplesfile=E:/github_mauriciovancine/R-ENM/data/temp/raster/maxent/10853137602/presence environmentallayers=E:/github_mauriciovancine/R-ENM/data/temp/raster/maxent/10853137602/absence autorun novisible
Species: species
Layers: bio14 bio18 bio5
Layertypes: Continuous Continuous Continuous
outputdirectory: E:/github_mauriciovancine/R-ENM/data/temp/raster/maxent/10853137602
samplesfile: E:/github_mauriciovancine/R-ENM/data/temp/raster/maxent/10853137602/presence
environmentallayers: E:/github_mauriciovancine/R-ENM/data/temp/raster/maxent/10853137602/absence
autorun: true
visible: false

getSamples: max memory 477626368, total allocated 63438848, free 37301448, used 26137400, increment 1132424
Making features
makeFeatures: max memory 477626368, total allocated 63438848, free 37301448, used 26137400, increment 0
species: 
Regularization values: linear/quadratic/product: 0.050, categorical: 0.250, threshold: 1.000, hinge: 0.500
138 samples
Density: max memory 477626368, total allocated 63438848, free 37301448, used 26137400, increment 0
linearPredictor: max memory 477626368, total allocated 63438848, free 37301448, used 26137400, increment 0
FeaturedSpace: max memory 477626368, total allocated 63438848, free 37301448, used 26137400, increment 0
Sequential: max memory 477626368, total allocated 63438848, free 37301448, used 26137400, increment 0
Initial loss: 5.5254529391317835
480: time = 0.247000 loss = 4.826576
Resulting gain: 0.6988769847757501
Projecting...
Writing file E:\github_mauriciovancine\R-ENM\data\temp\raster\maxent\10853137602\species.csv
Ending
