Wed Mar 14 15:23:00 BRT 2018
MaxEnt version 3.4.1
Reading file absence
readGrid: max memory 477626368, total allocated 63438848, free 43806920, used 19631928, increment 3057864
Reading samples from presence
Read samples: max memory 477626368, total allocated 63438848, free 43052312, used 20386536, increment 754608
Adding samples to background in feature space
Command line used:  autorun -e E:/github_mauriciovancine/R-ENM/data/temp/raster/maxent/7934552778/absence -o E:/github_mauriciovancine/R-ENM/data/temp/raster/maxent/7934552778 -s E:/github_mauriciovancine/R-ENM/data/temp/raster/maxent/7934552778/presence -z
Command line to repeat: java density.MaxEnt nowarnings noprefixes outputdirectory=E:/github_mauriciovancine/R-ENM/data/temp/raster/maxent/7934552778 samplesfile=E:/github_mauriciovancine/R-ENM/data/temp/raster/maxent/7934552778/presence environmentallayers=E:/github_mauriciovancine/R-ENM/data/temp/raster/maxent/7934552778/absence autorun novisible
Species: species
Layers: bio14 bio18 bio5
Layertypes: Continuous Continuous Continuous
outputdirectory: E:/github_mauriciovancine/R-ENM/data/temp/raster/maxent/7934552778
samplesfile: E:/github_mauriciovancine/R-ENM/data/temp/raster/maxent/7934552778/presence
environmentallayers: E:/github_mauriciovancine/R-ENM/data/temp/raster/maxent/7934552778/absence
autorun: true
visible: false

getSamples: max memory 477626368, total allocated 63438848, free 42297752, used 21141096, increment 754560
Making features
makeFeatures: max memory 477626368, total allocated 63438848, free 41920488, used 21518360, increment 377264
species: 
Regularization values: linear/quadratic/product: 0.050, categorical: 0.250, threshold: 1.000, hinge: 0.500
137 samples
Density: max memory 477626368, total allocated 63438848, free 41920488, used 21518360, increment 0
linearPredictor: max memory 477626368, total allocated 63438848, free 41920488, used 21518360, increment 0
FeaturedSpace: max memory 477626368, total allocated 63438848, free 41920488, used 21518360, increment 0
Sequential: max memory 477626368, total allocated 63438848, free 41920488, used 21518360, increment 0
Initial loss: 5.501258210544727
480: time = 0.240000 loss = 4.844163
Resulting gain: 0.6570949394068588
Projecting...
Writing file E:\github_mauriciovancine\R-ENM\data\temp\raster\maxent\7934552778\species.csv
Ending
