Wed Mar 14 15:50:43 BRT 2018
MaxEnt version 3.4.1
Reading file absence
readGrid: max memory 477626368, total allocated 45088768, free 21369376, used 23719392, increment 6502704
Reading samples from presence
Read samples: max memory 477626368, total allocated 45088768, free 20992000, used 24096768, increment 377376
Adding samples to background in feature space
Command line used:  autorun -e E:/github_mauriciovancine/R-ENM/data/temp/raster/maxent/2048103127/absence -o E:/github_mauriciovancine/R-ENM/data/temp/raster/maxent/2048103127 -s E:/github_mauriciovancine/R-ENM/data/temp/raster/maxent/2048103127/presence -z
Command line to repeat: java density.MaxEnt nowarnings noprefixes outputdirectory=E:/github_mauriciovancine/R-ENM/data/temp/raster/maxent/2048103127 samplesfile=E:/github_mauriciovancine/R-ENM/data/temp/raster/maxent/2048103127/presence environmentallayers=E:/github_mauriciovancine/R-ENM/data/temp/raster/maxent/2048103127/absence autorun novisible
Species: species
Layers: bio14 bio18 bio5
Layertypes: Continuous Continuous Continuous
outputdirectory: E:/github_mauriciovancine/R-ENM/data/temp/raster/maxent/2048103127
samplesfile: E:/github_mauriciovancine/R-ENM/data/temp/raster/maxent/2048103127/presence
environmentallayers: E:/github_mauriciovancine/R-ENM/data/temp/raster/maxent/2048103127/absence
autorun: true
visible: false

getSamples: max memory 477626368, total allocated 45088768, free 19859864, used 25228904, increment 1132136
Making features
makeFeatures: max memory 477626368, total allocated 45088768, free 19859864, used 25228904, increment 0
species: 
Regularization values: linear/quadratic/product: 0.050, categorical: 0.250, threshold: 1.000, hinge: 0.500
139 samples
Density: max memory 477626368, total allocated 45088768, free 19480936, used 25607832, increment 378928
linearPredictor: max memory 477626368, total allocated 45088768, free 19480936, used 25607832, increment 0
FeaturedSpace: max memory 477626368, total allocated 45088768, free 19480936, used 25607832, increment 0
Sequential: max memory 477626368, total allocated 45088768, free 19480936, used 25607832, increment 0
Initial loss: 5.53338948872752
500: time = 0.576000 loss = 4.824567
Resulting gain: 0.7088228968281438
Projecting...
Writing file E:\github_mauriciovancine\R-ENM\data\temp\raster\maxent\2048103127\species.csv
Time since start: 1.05
Ending
