Wed Mar 14 15:59:50 BRT 2018
MaxEnt version 3.4.1
Reading file absence
readGrid: max memory 477626368, total allocated 44564480, free 36880456, used 7684024, increment -15730352
Reading samples from presence
Read samples: max memory 477626368, total allocated 44564480, free 36503448, used 8061032, increment 377008
Adding samples to background in feature space
Command line used:  autorun -e E:/github_mauriciovancine/R-ENM/data/temp/raster/maxent/2589682967/absence -o E:/github_mauriciovancine/R-ENM/data/temp/raster/maxent/2589682967 -s E:/github_mauriciovancine/R-ENM/data/temp/raster/maxent/2589682967/presence -z
Command line to repeat: java density.MaxEnt nowarnings noprefixes outputdirectory=E:/github_mauriciovancine/R-ENM/data/temp/raster/maxent/2589682967 samplesfile=E:/github_mauriciovancine/R-ENM/data/temp/raster/maxent/2589682967/presence environmentallayers=E:/github_mauriciovancine/R-ENM/data/temp/raster/maxent/2589682967/absence autorun novisible
Species: species
Layers: bio14 bio18 bio5
Layertypes: Continuous Continuous Continuous
outputdirectory: E:/github_mauriciovancine/R-ENM/data/temp/raster/maxent/2589682967
samplesfile: E:/github_mauriciovancine/R-ENM/data/temp/raster/maxent/2589682967/presence
environmentallayers: E:/github_mauriciovancine/R-ENM/data/temp/raster/maxent/2589682967/absence
autorun: true
visible: false

getSamples: max memory 477626368, total allocated 44564480, free 36503448, used 8061032, increment 0
Making features
makeFeatures: max memory 477626368, total allocated 44564480, free 36503448, used 8061032, increment 0
species: 
Regularization values: linear/quadratic/product: 0.543, categorical: 0.286, threshold: 1.840, hinge: 0.500
16 samples
Density: max memory 477626368, total allocated 44564480, free 36503448, used 8061032, increment 0
linearPredictor: max memory 477626368, total allocated 44564480, free 36503448, used 8061032, increment 0
FeaturedSpace: max memory 477626368, total allocated 44564480, free 36503448, used 8061032, increment 0
Sequential: max memory 477626368, total allocated 44564480, free 36503448, used 8061032, increment 0
Initial loss: 3.4657359027997265
120: time = 0.005000 loss = 3.140367
Resulting gain: 0.32536918714387886
Projecting...
Writing file E:\github_mauriciovancine\R-ENM\data\temp\raster\maxent\2589682967\species.csv
Ending
