Wed Mar 14 15:35:51 BRT 2018
MaxEnt version 3.4.1
Reading file absence
readGrid: max memory 477626368, total allocated 43515904, free 31902832, used 11613072, increment -6486712
Reading samples from presence
Read samples: max memory 477626368, total allocated 43515904, free 31525520, used 11990384, increment 377312
Adding samples to background in feature space
Command line used:  autorun -e E:/github_mauriciovancine/R-ENM/data/temp/raster/maxent/41394736310/absence -o E:/github_mauriciovancine/R-ENM/data/temp/raster/maxent/41394736310 -s E:/github_mauriciovancine/R-ENM/data/temp/raster/maxent/41394736310/presence -z
Command line to repeat: java density.MaxEnt nowarnings noprefixes outputdirectory=E:/github_mauriciovancine/R-ENM/data/temp/raster/maxent/41394736310 samplesfile=E:/github_mauriciovancine/R-ENM/data/temp/raster/maxent/41394736310/presence environmentallayers=E:/github_mauriciovancine/R-ENM/data/temp/raster/maxent/41394736310/absence autorun novisible
Species: species
Layers: bio14 bio18 bio5
Layertypes: Continuous Continuous Continuous
outputdirectory: E:/github_mauriciovancine/R-ENM/data/temp/raster/maxent/41394736310
samplesfile: E:/github_mauriciovancine/R-ENM/data/temp/raster/maxent/41394736310/presence
environmentallayers: E:/github_mauriciovancine/R-ENM/data/temp/raster/maxent/41394736310/absence
autorun: true
visible: false

getSamples: max memory 477626368, total allocated 43515904, free 31525520, used 11990384, increment 0
Making features
makeFeatures: max memory 477626368, total allocated 43515904, free 31525520, used 11990384, increment 0
species: 
Regularization values: linear/quadratic/product: 0.543, categorical: 0.286, threshold: 1.840, hinge: 0.500
16 samples
Density: max memory 477626368, total allocated 43515904, free 31525520, used 11990384, increment 0
linearPredictor: max memory 477626368, total allocated 43515904, free 31525520, used 11990384, increment 0
FeaturedSpace: max memory 477626368, total allocated 43515904, free 31525520, used 11990384, increment 0
Sequential: max memory 477626368, total allocated 43515904, free 31525520, used 11990384, increment 0
Initial loss: 3.4657359027997265
180: time = 0.004000 loss = 3.225309
Resulting gain: 0.24042696556829357
Projecting...
Writing file E:\github_mauriciovancine\R-ENM\data\temp\raster\maxent\41394736310\species.csv
Ending
