Wed Feb 21 00:02:30 BRT 2018
MaxEnt version 3.4.1
Reading file absence
readGrid: max memory 477626368, total allocated 66060288, free 54362504, used 11697784, increment -8746016
Reading samples from presence
Read samples: max memory 477626368, total allocated 66060288, free 54362504, used 11697784, increment 0
Adding samples to background in feature space
Command line used:  autorun -e E:/github_mauriciovancine/R-ENM/data/temp/raster/maxent/7489938243/absence -o E:/github_mauriciovancine/R-ENM/data/temp/raster/maxent/7489938243 -s E:/github_mauriciovancine/R-ENM/data/temp/raster/maxent/7489938243/presence -z
Command line to repeat: java density.MaxEnt nowarnings noprefixes outputdirectory=E:/github_mauriciovancine/R-ENM/data/temp/raster/maxent/7489938243 samplesfile=E:/github_mauriciovancine/R-ENM/data/temp/raster/maxent/7489938243/presence environmentallayers=E:/github_mauriciovancine/R-ENM/data/temp/raster/maxent/7489938243/absence autorun novisible
Species: species
Layers: bio14 bio18 bio5
Layertypes: Continuous Continuous Continuous
outputdirectory: E:/github_mauriciovancine/R-ENM/data/temp/raster/maxent/7489938243
samplesfile: E:/github_mauriciovancine/R-ENM/data/temp/raster/maxent/7489938243/presence
environmentallayers: E:/github_mauriciovancine/R-ENM/data/temp/raster/maxent/7489938243/absence
autorun: true
visible: false

getSamples: max memory 477626368, total allocated 66060288, free 53958920, used 12101368, increment 403584
Making features
makeFeatures: max memory 477626368, total allocated 66060288, free 53958920, used 12101368, increment 0
species: 
Regularization values: linear/quadratic/product: 0.346, categorical: 0.250, threshold: 1.750, hinge: 0.500
25 samples
Density: max memory 477626368, total allocated 66060288, free 53958920, used 12101368, increment 0
linearPredictor: max memory 477626368, total allocated 66060288, free 53958920, used 12101368, increment 0
FeaturedSpace: max memory 477626368, total allocated 66060288, free 53958920, used 12101368, increment 0
Sequential: max memory 477626368, total allocated 66060288, free 53958920, used 12101368, increment 0
Initial loss: 3.912023005428146
240: time = 0.031000 loss = 3.681413
Resulting gain: 0.23060986748811985
Projecting...
Writing file E:\github_mauriciovancine\R-ENM\data\temp\raster\maxent\7489938243\species.csv
Ending
