Wed Feb 21 00:02:52 BRT 2018
MaxEnt version 3.4.1
Reading file absence
readGrid: max memory 477626368, total allocated 62914560, free 35951736, used 26962824, increment 5193824
Reading samples from presence
Read samples: max memory 477626368, total allocated 62914560, free 35606056, used 27308504, increment 345680
Adding samples to background in feature space
Command line used:  autorun -e E:/github_mauriciovancine/R-ENM/data/temp/raster/maxent/3424759957/absence -o E:/github_mauriciovancine/R-ENM/data/temp/raster/maxent/3424759957 -s E:/github_mauriciovancine/R-ENM/data/temp/raster/maxent/3424759957/presence -z
Command line to repeat: java density.MaxEnt nowarnings noprefixes outputdirectory=E:/github_mauriciovancine/R-ENM/data/temp/raster/maxent/3424759957 samplesfile=E:/github_mauriciovancine/R-ENM/data/temp/raster/maxent/3424759957/presence environmentallayers=E:/github_mauriciovancine/R-ENM/data/temp/raster/maxent/3424759957/absence autorun novisible
Species: species
Layers: bio14 bio18 bio5
Layertypes: Continuous Continuous Continuous
outputdirectory: E:/github_mauriciovancine/R-ENM/data/temp/raster/maxent/3424759957
samplesfile: E:/github_mauriciovancine/R-ENM/data/temp/raster/maxent/3424759957/presence
environmentallayers: E:/github_mauriciovancine/R-ENM/data/temp/raster/maxent/3424759957/absence
autorun: true
visible: false

getSamples: max memory 477626368, total allocated 62914560, free 35606056, used 27308504, increment 0
Making features
makeFeatures: max memory 477626368, total allocated 62914560, free 35606056, used 27308504, increment 0
species: 
Regularization values: linear/quadratic/product: 0.346, categorical: 0.250, threshold: 1.750, hinge: 0.500
25 samples
Density: max memory 477626368, total allocated 62914560, free 35260376, used 27654184, increment 345680
linearPredictor: max memory 477626368, total allocated 62914560, free 35260376, used 27654184, increment 0
FeaturedSpace: max memory 477626368, total allocated 62914560, free 35260376, used 27654184, increment 0
Sequential: max memory 477626368, total allocated 62914560, free 35260376, used 27654184, increment 0
Initial loss: 3.8918202981106265
200: time = 0.031000 loss = 3.626503
Resulting gain: 0.26531779179996784
Projecting...
Writing file E:\github_mauriciovancine\R-ENM\data\temp\raster\maxent\3424759957\species.csv
Ending
