Tue Feb 20 23:52:29 BRT 2018
MaxEnt version 3.4.1
Reading file absence
readGrid: max memory 477626368, total allocated 68157440, free 48155384, used 20002056, increment 6723488
Reading samples from presence
Read samples: max memory 477626368, total allocated 68157440, free 48155384, used 20002056, increment 0
Adding samples to background in feature space
Command line used:  autorun -e E:/github_mauriciovancine/R-ENM/data/temp/raster/maxent/4576241854/absence -o E:/github_mauriciovancine/R-ENM/data/temp/raster/maxent/4576241854 -s E:/github_mauriciovancine/R-ENM/data/temp/raster/maxent/4576241854/presence -z
Command line to repeat: java density.MaxEnt nowarnings noprefixes outputdirectory=E:/github_mauriciovancine/R-ENM/data/temp/raster/maxent/4576241854 samplesfile=E:/github_mauriciovancine/R-ENM/data/temp/raster/maxent/4576241854/presence environmentallayers=E:/github_mauriciovancine/R-ENM/data/temp/raster/maxent/4576241854/absence autorun novisible
Species: species
Layers: bio14 bio18 bio5
Layertypes: Continuous Continuous Continuous
outputdirectory: E:/github_mauriciovancine/R-ENM/data/temp/raster/maxent/4576241854
samplesfile: E:/github_mauriciovancine/R-ENM/data/temp/raster/maxent/4576241854/presence
environmentallayers: E:/github_mauriciovancine/R-ENM/data/temp/raster/maxent/4576241854/absence
autorun: true
visible: false

getSamples: max memory 477626368, total allocated 68157440, free 47713640, used 20443800, increment 441744
Making features
makeFeatures: max memory 477626368, total allocated 68157440, free 47713640, used 20443800, increment 0
species: 
Regularization values: linear/quadratic/product: 0.346, categorical: 0.250, threshold: 1.750, hinge: 0.500
25 samples
Density: max memory 477626368, total allocated 68157440, free 47713640, used 20443800, increment 0
linearPredictor: max memory 477626368, total allocated 68157440, free 47713640, used 20443800, increment 0
FeaturedSpace: max memory 477626368, total allocated 68157440, free 47713640, used 20443800, increment 0
Sequential: max memory 477626368, total allocated 68157440, free 47713640, used 20443800, increment 0
Initial loss: 3.8918202981106265
200: time = 0.031000 loss = 3.552565
Resulting gain: 0.3392554466769835
Projecting...
Writing file E:\github_mauriciovancine\R-ENM\data\temp\raster\maxent\4576241854\species.csv
Ending
