Wed Feb 21 00:02:49 BRT 2018
MaxEnt version 3.4.1
Reading file absence
readGrid: max memory 477626368, total allocated 62914560, free 41836640, used 21077920, increment -2366216
Reading samples from presence
Read samples: max memory 477626368, total allocated 62914560, free 41491080, used 21423480, increment 345560
Adding samples to background in feature space
Command line used:  autorun -e E:/github_mauriciovancine/R-ENM/data/temp/raster/maxent/598105457105/absence -o E:/github_mauriciovancine/R-ENM/data/temp/raster/maxent/598105457105 -s E:/github_mauriciovancine/R-ENM/data/temp/raster/maxent/598105457105/presence -z
Command line to repeat: java density.MaxEnt nowarnings noprefixes outputdirectory=E:/github_mauriciovancine/R-ENM/data/temp/raster/maxent/598105457105 samplesfile=E:/github_mauriciovancine/R-ENM/data/temp/raster/maxent/598105457105/presence environmentallayers=E:/github_mauriciovancine/R-ENM/data/temp/raster/maxent/598105457105/absence autorun novisible
Species: species
Layers: bio14 bio18 bio5
Layertypes: Continuous Continuous Continuous
outputdirectory: E:/github_mauriciovancine/R-ENM/data/temp/raster/maxent/598105457105
samplesfile: E:/github_mauriciovancine/R-ENM/data/temp/raster/maxent/598105457105/presence
environmentallayers: E:/github_mauriciovancine/R-ENM/data/temp/raster/maxent/598105457105/absence
autorun: true
visible: false

getSamples: max memory 477626368, total allocated 62914560, free 41145560, used 21769000, increment 345520
Making features
makeFeatures: max memory 477626368, total allocated 62914560, free 41145560, used 21769000, increment 0
species: 
Regularization values: linear/quadratic/product: 0.346, categorical: 0.250, threshold: 1.750, hinge: 0.500
25 samples
Density: max memory 477626368, total allocated 62914560, free 41145560, used 21769000, increment 0
linearPredictor: max memory 477626368, total allocated 62914560, free 41145560, used 21769000, increment 0
FeaturedSpace: max memory 477626368, total allocated 62914560, free 41145560, used 21769000, increment 0
Sequential: max memory 477626368, total allocated 62914560, free 41145560, used 21769000, increment 0
Initial loss: 3.912023005428146
240: time = 0.031000 loss = 3.706236
Resulting gain: 0.2057866402342925
Projecting...
Writing file E:\github_mauriciovancine\R-ENM\data\temp\raster\maxent\598105457105\species.csv
Ending
