Wed Mar 14 14:39:12 BRT 2018
MaxEnt version 3.4.1
Reading file absence
readGrid: max memory 477626368, total allocated 63963136, free 39852552, used 24110584, increment -4053952
Reading samples from presence
Read samples: max memory 477626368, total allocated 63963136, free 39475328, used 24487808, increment 377224
Adding samples to background in feature space
Command line used:  autorun -e E:/github_mauriciovancine/R-ENM/data/temp/raster/maxent/101009786399/absence -o E:/github_mauriciovancine/R-ENM/data/temp/raster/maxent/101009786399 -s E:/github_mauriciovancine/R-ENM/data/temp/raster/maxent/101009786399/presence -z
Command line to repeat: java density.MaxEnt nowarnings noprefixes outputdirectory=E:/github_mauriciovancine/R-ENM/data/temp/raster/maxent/101009786399 samplesfile=E:/github_mauriciovancine/R-ENM/data/temp/raster/maxent/101009786399/presence environmentallayers=E:/github_mauriciovancine/R-ENM/data/temp/raster/maxent/101009786399/absence autorun novisible
Species: species
Layers: bio14 bio18 bio5
Layertypes: Continuous Continuous Continuous
outputdirectory: E:/github_mauriciovancine/R-ENM/data/temp/raster/maxent/101009786399
samplesfile: E:/github_mauriciovancine/R-ENM/data/temp/raster/maxent/101009786399/presence
environmentallayers: E:/github_mauriciovancine/R-ENM/data/temp/raster/maxent/101009786399/absence
autorun: true
visible: false

getSamples: max memory 477626368, total allocated 63963136, free 39475328, used 24487808, increment 0
Making features
makeFeatures: max memory 477626368, total allocated 63963136, free 39475328, used 24487808, increment 0
species: 
Regularization values: linear/quadratic/product: 0.244, categorical: 0.250, threshold: 1.680, hinge: 0.500
32 samples
Density: max memory 477626368, total allocated 63963136, free 39098200, used 24864936, increment 377128
linearPredictor: max memory 477626368, total allocated 63963136, free 39098200, used 24864936, increment 0
FeaturedSpace: max memory 477626368, total allocated 63963136, free 39098200, used 24864936, increment 0
Sequential: max memory 477626368, total allocated 63963136, free 39098200, used 24864936, increment 0
Initial loss: 4.1588830833596715
140: time = 0.100000 loss = 3.788946
Resulting gain: 0.3699370662139856
Projecting...
Writing file E:\github_mauriciovancine\R-ENM\data\temp\raster\maxent\101009786399\species.csv
Ending
