Wed Mar 14 14:49:03 BRT 2018
MaxEnt version 3.4.1
Reading file absence
readGrid: max memory 477626368, total allocated 62914560, free 16079968, used 46834592, increment 7654216
Reading samples from presence
Read samples: max memory 477626368, total allocated 62914560, free 15325272, used 47589288, increment 754696
Adding samples to background in feature space
Command line used:  autorun -e E:/github_mauriciovancine/R-ENM/data/temp/raster/maxent/6516987993/absence -o E:/github_mauriciovancine/R-ENM/data/temp/raster/maxent/6516987993 -s E:/github_mauriciovancine/R-ENM/data/temp/raster/maxent/6516987993/presence -z
Command line to repeat: java density.MaxEnt nowarnings noprefixes outputdirectory=E:/github_mauriciovancine/R-ENM/data/temp/raster/maxent/6516987993 samplesfile=E:/github_mauriciovancine/R-ENM/data/temp/raster/maxent/6516987993/presence environmentallayers=E:/github_mauriciovancine/R-ENM/data/temp/raster/maxent/6516987993/absence autorun novisible
Species: species
Layers: bio14 bio18 bio5
Layertypes: Continuous Continuous Continuous
outputdirectory: E:/github_mauriciovancine/R-ENM/data/temp/raster/maxent/6516987993
samplesfile: E:/github_mauriciovancine/R-ENM/data/temp/raster/maxent/6516987993/presence
environmentallayers: E:/github_mauriciovancine/R-ENM/data/temp/raster/maxent/6516987993/absence
autorun: true
visible: false

getSamples: max memory 477626368, total allocated 62914560, free 14570576, used 48343984, increment 754696
Making features
makeFeatures: max memory 477626368, total allocated 62914560, free 14193184, used 48721376, increment 377392
species: 
Regularization values: linear/quadratic/product: 0.050, categorical: 0.250, threshold: 1.000, hinge: 0.500
137 samples
Density: max memory 477626368, total allocated 62914560, free 14193184, used 48721376, increment 0
linearPredictor: max memory 477626368, total allocated 62914560, free 14193184, used 48721376, increment 0
FeaturedSpace: max memory 477626368, total allocated 62914560, free 14193184, used 48721376, increment 0
Sequential: max memory 477626368, total allocated 62914560, free 14193184, used 48721376, increment 0
Initial loss: 5.472270673671475
500: time = 0.280000 loss = 4.688269
Resulting gain: 0.7840015278100623
Projecting...
Writing file E:\github_mauriciovancine\R-ENM\data\temp\raster\maxent\6516987993\species.csv
Ending
