Wed Mar 14 15:59:32 BRT 2018
MaxEnt version 3.4.1
Reading file absence
readGrid: max memory 477626368, total allocated 42991616, free 22428640, used 20562976, increment -4085624
Reading samples from presence
Read samples: max memory 477626368, total allocated 42991616, free 22428640, used 20562976, increment 0
Adding samples to background in feature space
Command line used:  autorun -e E:/github_mauriciovancine/R-ENM/data/temp/raster/maxent/4357378191/absence -o E:/github_mauriciovancine/R-ENM/data/temp/raster/maxent/4357378191 -s E:/github_mauriciovancine/R-ENM/data/temp/raster/maxent/4357378191/presence -z
Command line to repeat: java density.MaxEnt nowarnings noprefixes outputdirectory=E:/github_mauriciovancine/R-ENM/data/temp/raster/maxent/4357378191 samplesfile=E:/github_mauriciovancine/R-ENM/data/temp/raster/maxent/4357378191/presence environmentallayers=E:/github_mauriciovancine/R-ENM/data/temp/raster/maxent/4357378191/absence autorun novisible
Species: species
Layers: bio14 bio18 bio5
Layertypes: Continuous Continuous Continuous
outputdirectory: E:/github_mauriciovancine/R-ENM/data/temp/raster/maxent/4357378191
samplesfile: E:/github_mauriciovancine/R-ENM/data/temp/raster/maxent/4357378191/presence
environmentallayers: E:/github_mauriciovancine/R-ENM/data/temp/raster/maxent/4357378191/absence
autorun: true
visible: false

getSamples: max memory 477626368, total allocated 42991616, free 22051392, used 20940224, increment 377248
Making features
makeFeatures: max memory 477626368, total allocated 42991616, free 22051392, used 20940224, increment 0
species: 
Regularization values: linear/quadratic/product: 0.346, categorical: 0.250, threshold: 1.750, hinge: 0.500
25 samples
Density: max memory 477626368, total allocated 42991616, free 22051392, used 20940224, increment 0
linearPredictor: max memory 477626368, total allocated 42991616, free 22051392, used 20940224, increment 0
FeaturedSpace: max memory 477626368, total allocated 42991616, free 22051392, used 20940224, increment 0
Sequential: max memory 477626368, total allocated 42991616, free 22051392, used 20940224, increment 0
Initial loss: 3.912023005428146
140: time = 0.018000 loss = 3.624939
Resulting gain: 0.2870841680102134
Projecting...
Writing file E:\github_mauriciovancine\R-ENM\data\temp\raster\maxent\4357378191\species.csv
Ending
