Wed Mar 14 15:36:09 BRT 2018
MaxEnt version 3.4.1
Reading file absence
readGrid: max memory 477626368, total allocated 45088768, free 39048728, used 6040040, increment -18059376
Reading samples from presence
Read samples: max memory 477626368, total allocated 45088768, free 38655032, used 6433736, increment 393696
Adding samples to background in feature space
Command line used:  autorun -e E:/github_mauriciovancine/R-ENM/data/temp/raster/maxent/9757929891/absence -o E:/github_mauriciovancine/R-ENM/data/temp/raster/maxent/9757929891 -s E:/github_mauriciovancine/R-ENM/data/temp/raster/maxent/9757929891/presence -z
Command line to repeat: java density.MaxEnt nowarnings noprefixes outputdirectory=E:/github_mauriciovancine/R-ENM/data/temp/raster/maxent/9757929891 samplesfile=E:/github_mauriciovancine/R-ENM/data/temp/raster/maxent/9757929891/presence environmentallayers=E:/github_mauriciovancine/R-ENM/data/temp/raster/maxent/9757929891/absence autorun novisible
Species: species
Layers: bio14 bio18 bio5
Layertypes: Continuous Continuous Continuous
outputdirectory: E:/github_mauriciovancine/R-ENM/data/temp/raster/maxent/9757929891
samplesfile: E:/github_mauriciovancine/R-ENM/data/temp/raster/maxent/9757929891/presence
environmentallayers: E:/github_mauriciovancine/R-ENM/data/temp/raster/maxent/9757929891/absence
autorun: true
visible: false

getSamples: max memory 477626368, total allocated 45088768, free 38655032, used 6433736, increment 0
Making features
makeFeatures: max memory 477626368, total allocated 45088768, free 38655032, used 6433736, increment 0
species: 
Regularization values: linear/quadratic/product: 0.543, categorical: 0.286, threshold: 1.840, hinge: 0.500
16 samples
Density: max memory 477626368, total allocated 45088768, free 38655032, used 6433736, increment 0
linearPredictor: max memory 477626368, total allocated 45088768, free 38277456, used 6811312, increment 377576
FeaturedSpace: max memory 477626368, total allocated 45088768, free 38277456, used 6811312, increment 0
Sequential: max memory 477626368, total allocated 45088768, free 38277456, used 6811312, increment 0
Initial loss: 3.4339872044851463
80: time = 0.009000 loss = 3.194582
Resulting gain: 0.23940560567566482
Projecting...
Writing file E:\github_mauriciovancine\R-ENM\data\temp\raster\maxent\9757929891\species.csv
Ending
