Wed Feb 21 00:02:36 BRT 2018
MaxEnt version 3.4.1
Reading file absence
readGrid: max memory 477626368, total allocated 63438848, free 41246072, used 22192776, increment -164280
Reading samples from presence
Read samples: max memory 477626368, total allocated 63438848, free 41246072, used 22192776, increment 0
Adding samples to background in feature space
Command line used:  autorun -e E:/github_mauriciovancine/R-ENM/data/temp/raster/maxent/9973355264/absence -o E:/github_mauriciovancine/R-ENM/data/temp/raster/maxent/9973355264 -s E:/github_mauriciovancine/R-ENM/data/temp/raster/maxent/9973355264/presence -z
Command line to repeat: java density.MaxEnt nowarnings noprefixes outputdirectory=E:/github_mauriciovancine/R-ENM/data/temp/raster/maxent/9973355264 samplesfile=E:/github_mauriciovancine/R-ENM/data/temp/raster/maxent/9973355264/presence environmentallayers=E:/github_mauriciovancine/R-ENM/data/temp/raster/maxent/9973355264/absence autorun novisible
Species: species
Layers: bio14 bio18 bio5
Layertypes: Continuous Continuous Continuous
outputdirectory: E:/github_mauriciovancine/R-ENM/data/temp/raster/maxent/9973355264
samplesfile: E:/github_mauriciovancine/R-ENM/data/temp/raster/maxent/9973355264/presence
environmentallayers: E:/github_mauriciovancine/R-ENM/data/temp/raster/maxent/9973355264/absence
autorun: true
visible: false

getSamples: max memory 477626368, total allocated 63438848, free 40900584, used 22538264, increment 345488
Making features
makeFeatures: max memory 477626368, total allocated 63438848, free 40900584, used 22538264, increment 0
species: 
Regularization values: linear/quadratic/product: 0.346, categorical: 0.250, threshold: 1.750, hinge: 0.500
25 samples
Density: max memory 477626368, total allocated 63438848, free 40900584, used 22538264, increment 0
linearPredictor: max memory 477626368, total allocated 63438848, free 40900584, used 22538264, increment 0
FeaturedSpace: max memory 477626368, total allocated 63438848, free 40900584, used 22538264, increment 0
Sequential: max memory 477626368, total allocated 63438848, free 40900584, used 22538264, increment 0
Initial loss: 3.8918202981106265
240: time = 0.062000 loss = 3.633953
Resulting gain: 0.25786703422019075
Projecting...
Writing file E:\github_mauriciovancine\R-ENM\data\temp\raster\maxent\9973355264\species.csv
Ending
