Wed Mar 14 15:18:47 BRT 2018
MaxEnt version 3.4.1
Reading file absence
readGrid: max memory 477626368, total allocated 80740352, free 55943872, used 24796480, increment 15817712
Reading samples from presence
Read samples: max memory 477626368, total allocated 80740352, free 55943872, used 24796480, increment 0
Adding samples to background in feature space
Command line used:  autorun -e E:/github_mauriciovancine/R-ENM/data/temp/raster/maxent/2960725189/absence -o E:/github_mauriciovancine/R-ENM/data/temp/raster/maxent/2960725189 -s E:/github_mauriciovancine/R-ENM/data/temp/raster/maxent/2960725189/presence -z
Command line to repeat: java density.MaxEnt nowarnings noprefixes outputdirectory=E:/github_mauriciovancine/R-ENM/data/temp/raster/maxent/2960725189 samplesfile=E:/github_mauriciovancine/R-ENM/data/temp/raster/maxent/2960725189/presence environmentallayers=E:/github_mauriciovancine/R-ENM/data/temp/raster/maxent/2960725189/absence autorun novisible
Species: species
Layers: bio14 bio18 bio5
Layertypes: Continuous Continuous Continuous
outputdirectory: E:/github_mauriciovancine/R-ENM/data/temp/raster/maxent/2960725189
samplesfile: E:/github_mauriciovancine/R-ENM/data/temp/raster/maxent/2960725189/presence
environmentallayers: E:/github_mauriciovancine/R-ENM/data/temp/raster/maxent/2960725189/absence
autorun: true
visible: false

getSamples: max memory 477626368, total allocated 80740352, free 55943872, used 24796480, increment 0
Making features
makeFeatures: max memory 477626368, total allocated 80740352, free 55252744, used 25487608, increment 691128
species: 
Regularization values: linear/quadratic/product: 0.346, categorical: 0.250, threshold: 1.750, hinge: 0.500
25 samples
Density: max memory 477626368, total allocated 80740352, free 55252744, used 25487608, increment 0
linearPredictor: max memory 477626368, total allocated 80740352, free 55252744, used 25487608, increment 0
FeaturedSpace: max memory 477626368, total allocated 80740352, free 55252744, used 25487608, increment 0
Sequential: max memory 477626368, total allocated 80740352, free 55252744, used 25487608, increment 0
Initial loss: 3.8918202981106265
240: time = 0.024000 loss = 3.623116
Resulting gain: 0.26870386717969375
Projecting...
Writing file E:\github_mauriciovancine\R-ENM\data\temp\raster\maxent\2960725189\species.csv
Ending
