Thu Jan 11 23:05:21 BRST 2018
MaxEnt version 3.4.1
Reading file absence
readGrid: max memory 477626368, total allocated 135790592, free 99080128, used 36710464, increment -17743600
Reading samples from presence
Read samples: max memory 477626368, total allocated 135790592, free 99080128, used 36710464, increment 0
Adding samples to background in feature space
Command line used:  autorun -e E:/github_mauriciovancine/R-ENM/data/temp/raster/maxent/7147976868/absence -o E:/github_mauriciovancine/R-ENM/data/temp/raster/maxent/7147976868 -s E:/github_mauriciovancine/R-ENM/data/temp/raster/maxent/7147976868/presence -z
Command line to repeat: java density.MaxEnt nowarnings noprefixes outputdirectory=E:/github_mauriciovancine/R-ENM/data/temp/raster/maxent/7147976868 samplesfile=E:/github_mauriciovancine/R-ENM/data/temp/raster/maxent/7147976868/presence environmentallayers=E:/github_mauriciovancine/R-ENM/data/temp/raster/maxent/7147976868/absence autorun novisible
Species: species
Layers: bio14 bio18 bio19 bio5
Layertypes: Continuous Continuous Continuous Continuous
outputdirectory: E:/github_mauriciovancine/R-ENM/data/temp/raster/maxent/7147976868
samplesfile: E:/github_mauriciovancine/R-ENM/data/temp/raster/maxent/7147976868/presence
environmentallayers: E:/github_mauriciovancine/R-ENM/data/temp/raster/maxent/7147976868/absence
autorun: true
visible: false

getSamples: max memory 477626368, total allocated 135790592, free 97262400, used 38528192, increment 1817728
Making features
makeFeatures: max memory 477626368, total allocated 135790592, free 97262400, used 38528192, increment 0
species: 
Regularization values: linear/quadratic/product: 1.000, categorical: 0.560, threshold: 1.940, hinge: 0.500
6 samples
Density: max memory 477626368, total allocated 135790592, free 97262400, used 38528192, increment 0
linearPredictor: max memory 477626368, total allocated 135790592, free 97262400, used 38528192, increment 0
FeaturedSpace: max memory 477626368, total allocated 135790592, free 97262400, used 38528192, increment 0
Sequential: max memory 477626368, total allocated 135790592, free 97262400, used 38528192, increment 0
Initial loss: 2.4849066497880004
80: time = 0.018000 loss = 2.352813
Resulting gain: 0.1320934724231937
Projecting...
Writing file E:\github_mauriciovancine\R-ENM\data\temp\raster\maxent\7147976868\species.csv
Ending
