Wed Mar 14 15:52:26 BRT 2018
MaxEnt version 3.4.1
Reading file absence
readGrid: max memory 477626368, total allocated 42991616, free 24719248, used 18272368, increment -7899488
Reading samples from presence
Read samples: max memory 477626368, total allocated 42991616, free 24719248, used 18272368, increment 0
Adding samples to background in feature space
Command line used:  autorun -e E:/github_mauriciovancine/R-ENM/data/temp/raster/maxent/4246107107510/absence -o E:/github_mauriciovancine/R-ENM/data/temp/raster/maxent/4246107107510 -s E:/github_mauriciovancine/R-ENM/data/temp/raster/maxent/4246107107510/presence -z
Command line to repeat: java density.MaxEnt nowarnings noprefixes outputdirectory=E:/github_mauriciovancine/R-ENM/data/temp/raster/maxent/4246107107510 samplesfile=E:/github_mauriciovancine/R-ENM/data/temp/raster/maxent/4246107107510/presence environmentallayers=E:/github_mauriciovancine/R-ENM/data/temp/raster/maxent/4246107107510/absence autorun novisible
Species: species
Layers: bio14 bio18 bio5
Layertypes: Continuous Continuous Continuous
outputdirectory: E:/github_mauriciovancine/R-ENM/data/temp/raster/maxent/4246107107510
samplesfile: E:/github_mauriciovancine/R-ENM/data/temp/raster/maxent/4246107107510/presence
environmentallayers: E:/github_mauriciovancine/R-ENM/data/temp/raster/maxent/4246107107510/absence
autorun: true
visible: false

getSamples: max memory 477626368, total allocated 42991616, free 24343016, used 18648600, increment 376232
Making features
makeFeatures: max memory 477626368, total allocated 42991616, free 24343016, used 18648600, increment 0
species: 
Regularization values: linear/quadratic/product: 0.543, categorical: 0.286, threshold: 1.840, hinge: 0.500
16 samples
Density: max memory 477626368, total allocated 42991616, free 24343016, used 18648600, increment 0
linearPredictor: max memory 477626368, total allocated 42991616, free 24343016, used 18648600, increment 0
FeaturedSpace: max memory 477626368, total allocated 42991616, free 24343016, used 18648600, increment 0
Sequential: max memory 477626368, total allocated 42991616, free 24343016, used 18648600, increment 0
Initial loss: 3.4657359027997265
240: time = 0.030000 loss = 3.159751
Resulting gain: 0.30598466461608265
Projecting...
Writing file E:\github_mauriciovancine\R-ENM\data\temp\raster\maxent\4246107107510\species.csv
Ending
