Wed Mar 14 14:16:43 BRT 2018
MaxEnt version 3.4.1
Reading file absence
readGrid: max memory 477626368, total allocated 112197632, free 89105648, used 23091984, increment -12550792
Reading samples from presence
Read samples: max memory 477626368, total allocated 112197632, free 89105648, used 23091984, increment 0
Adding samples to background in feature space
Command line used:  autorun -e E:/github_mauriciovancine/R-ENM/data/temp/raster/maxent/181910104107/absence -o E:/github_mauriciovancine/R-ENM/data/temp/raster/maxent/181910104107 -s E:/github_mauriciovancine/R-ENM/data/temp/raster/maxent/181910104107/presence -z
Command line to repeat: java density.MaxEnt nowarnings noprefixes outputdirectory=E:/github_mauriciovancine/R-ENM/data/temp/raster/maxent/181910104107 samplesfile=E:/github_mauriciovancine/R-ENM/data/temp/raster/maxent/181910104107/presence environmentallayers=E:/github_mauriciovancine/R-ENM/data/temp/raster/maxent/181910104107/absence autorun novisible
Species: species
Layers: bio14 bio18 bio5
Layertypes: Continuous Continuous Continuous
outputdirectory: E:/github_mauriciovancine/R-ENM/data/temp/raster/maxent/181910104107
samplesfile: E:/github_mauriciovancine/R-ENM/data/temp/raster/maxent/181910104107/presence
environmentallayers: E:/github_mauriciovancine/R-ENM/data/temp/raster/maxent/181910104107/absence
autorun: true
visible: false

getSamples: max memory 477626368, total allocated 112197632, free 89105648, used 23091984, increment 0
Making features
makeFeatures: max memory 477626368, total allocated 112197632, free 89105648, used 23091984, increment 0
species: 
Regularization values: linear/quadratic/product: 0.346, categorical: 0.250, threshold: 1.750, hinge: 0.500
25 samples
Density: max memory 477626368, total allocated 112197632, free 89105648, used 23091984, increment 0
linearPredictor: max memory 477626368, total allocated 112197632, free 89105648, used 23091984, increment 0
FeaturedSpace: max memory 477626368, total allocated 112197632, free 89105648, used 23091984, increment 0
Sequential: max memory 477626368, total allocated 112197632, free 89105648, used 23091984, increment 0
Initial loss: 3.8918202981106265
120: time = 0.021000 loss = 3.659603
Resulting gain: 0.232217554004992
Projecting...
Writing file E:\github_mauriciovancine\R-ENM\data\temp\raster\maxent\181910104107\species.csv
Ending
