Wed Feb 21 20:00:30 BRT 2018
MaxEnt version 3.4.1
Reading file absence
readGrid: max memory 477626368, total allocated 63963136, free 51545424, used 12417712, increment 5842440
Reading samples from presence
Read samples: max memory 477626368, total allocated 63963136, free 51545424, used 12417712, increment 0
Adding samples to background in feature space
Command line used:  autorun -e E:/github_mauriciovancine/R-ENM/data/temp/raster/maxent/3881327689/absence -o E:/github_mauriciovancine/R-ENM/data/temp/raster/maxent/3881327689 -s E:/github_mauriciovancine/R-ENM/data/temp/raster/maxent/3881327689/presence -z
Command line to repeat: java density.MaxEnt nowarnings noprefixes outputdirectory=E:/github_mauriciovancine/R-ENM/data/temp/raster/maxent/3881327689 samplesfile=E:/github_mauriciovancine/R-ENM/data/temp/raster/maxent/3881327689/presence environmentallayers=E:/github_mauriciovancine/R-ENM/data/temp/raster/maxent/3881327689/absence autorun novisible
Species: species
Layers: bio14 bio18 bio5
Layertypes: Continuous Continuous Continuous
outputdirectory: E:/github_mauriciovancine/R-ENM/data/temp/raster/maxent/3881327689
samplesfile: E:/github_mauriciovancine/R-ENM/data/temp/raster/maxent/3881327689/presence
environmentallayers: E:/github_mauriciovancine/R-ENM/data/temp/raster/maxent/3881327689/absence
autorun: true
visible: false

getSamples: max memory 477626368, total allocated 63963136, free 51230992, used 12732144, increment 314432
Making features
makeFeatures: max memory 477626368, total allocated 63963136, free 51230992, used 12732144, increment 0
species: 
Regularization values: linear/quadratic/product: 0.346, categorical: 0.250, threshold: 1.750, hinge: 0.500
25 samples
Density: max memory 477626368, total allocated 63963136, free 51230992, used 12732144, increment 0
linearPredictor: max memory 477626368, total allocated 63963136, free 51230992, used 12732144, increment 0
FeaturedSpace: max memory 477626368, total allocated 63963136, free 51230992, used 12732144, increment 0
Sequential: max memory 477626368, total allocated 63963136, free 51230992, used 12732144, increment 0
Initial loss: 3.8918202981106265
160: time = 0.021000 loss = 3.565582
Resulting gain: 0.3262387765843191
Projecting...
Writing file E:\github_mauriciovancine\R-ENM\data\temp\raster\maxent\3881327689\species.csv
Ending
