Tue Feb 20 23:34:06 BRT 2018
MaxEnt version 3.4.1
Reading file absence
readGrid: max memory 477626368, total allocated 63963136, free 43737320, used 20225816, increment 4642624
Reading samples from presence
Read samples: max memory 477626368, total allocated 63963136, free 43737320, used 20225816, increment 0
Adding samples to background in feature space
Command line used:  autorun -e E:/github_mauriciovancine/R-ENM/data/temp/raster/maxent/45101671048/absence -o E:/github_mauriciovancine/R-ENM/data/temp/raster/maxent/45101671048 -s E:/github_mauriciovancine/R-ENM/data/temp/raster/maxent/45101671048/presence -z
Command line to repeat: java density.MaxEnt nowarnings noprefixes outputdirectory=E:/github_mauriciovancine/R-ENM/data/temp/raster/maxent/45101671048 samplesfile=E:/github_mauriciovancine/R-ENM/data/temp/raster/maxent/45101671048/presence environmentallayers=E:/github_mauriciovancine/R-ENM/data/temp/raster/maxent/45101671048/absence autorun novisible
Species: species
Layers: bio14 bio18 bio5
Layertypes: Continuous Continuous Continuous
outputdirectory: E:/github_mauriciovancine/R-ENM/data/temp/raster/maxent/45101671048
samplesfile: E:/github_mauriciovancine/R-ENM/data/temp/raster/maxent/45101671048/presence
environmentallayers: E:/github_mauriciovancine/R-ENM/data/temp/raster/maxent/45101671048/absence
autorun: true
visible: false

getSamples: max memory 477626368, total allocated 63963136, free 43412536, used 20550600, increment 324784
Making features
makeFeatures: max memory 477626368, total allocated 63963136, free 43412536, used 20550600, increment 0
species: 
Regularization values: linear/quadratic/product: 0.346, categorical: 0.250, threshold: 1.750, hinge: 0.500
25 samples
Density: max memory 477626368, total allocated 63963136, free 43412536, used 20550600, increment 0
linearPredictor: max memory 477626368, total allocated 63963136, free 43412536, used 20550600, increment 0
FeaturedSpace: max memory 477626368, total allocated 63963136, free 43412536, used 20550600, increment 0
Sequential: max memory 477626368, total allocated 63963136, free 43412536, used 20550600, increment 0
Initial loss: 3.912023005428146
220: time = 0.054000 loss = 3.702795
Resulting gain: 0.20922837098573188
Projecting...
Writing file E:\github_mauriciovancine\R-ENM\data\temp\raster\maxent\45101671048\species.csv
Ending
