Wed Mar 14 14:38:11 BRT 2018
MaxEnt version 3.4.1
Reading file absence
readGrid: max memory 477626368, total allocated 101711872, free 87054112, used 14657760, increment -42761648
Reading samples from presence
Read samples: max memory 477626368, total allocated 101711872, free 87054112, used 14657760, increment 0
Adding samples to background in feature space
Command line used:  autorun -e E:/github_mauriciovancine/R-ENM/data/temp/raster/maxent/2491745742/absence -o E:/github_mauriciovancine/R-ENM/data/temp/raster/maxent/2491745742 -s E:/github_mauriciovancine/R-ENM/data/temp/raster/maxent/2491745742/presence -z
Command line to repeat: java density.MaxEnt nowarnings noprefixes outputdirectory=E:/github_mauriciovancine/R-ENM/data/temp/raster/maxent/2491745742 samplesfile=E:/github_mauriciovancine/R-ENM/data/temp/raster/maxent/2491745742/presence environmentallayers=E:/github_mauriciovancine/R-ENM/data/temp/raster/maxent/2491745742/absence autorun novisible
Species: species
Layers: bio14 bio18 bio5
Layertypes: Continuous Continuous Continuous
outputdirectory: E:/github_mauriciovancine/R-ENM/data/temp/raster/maxent/2491745742
samplesfile: E:/github_mauriciovancine/R-ENM/data/temp/raster/maxent/2491745742/presence
environmentallayers: E:/github_mauriciovancine/R-ENM/data/temp/raster/maxent/2491745742/absence
autorun: true
visible: false

getSamples: max memory 477626368, total allocated 101711872, free 85904688, used 15807184, increment 1149424
Making features
makeFeatures: max memory 477626368, total allocated 101711872, free 85904688, used 15807184, increment 0
species: 
Regularization values: linear/quadratic/product: 0.050, categorical: 0.250, threshold: 1.000, hinge: 0.500
140 samples
Density: max memory 477626368, total allocated 101711872, free 85904688, used 15807184, increment 0
linearPredictor: max memory 477626368, total allocated 101711872, free 85904688, used 15807184, increment 0
FeaturedSpace: max memory 477626368, total allocated 101711872, free 85904688, used 15807184, increment 0
Sequential: max memory 477626368, total allocated 101711872, free 85904688, used 15807184, increment 0
Initial loss: 5.579729825986222
260: time = 0.131000 loss = 4.905740
Resulting gain: 0.673989675669695
Projecting...
Writing file E:\github_mauriciovancine\R-ENM\data\temp\raster\maxent\2491745742\species.csv
Ending
