Wed Mar 14 14:49:27 BRT 2018
MaxEnt version 3.4.1
Reading file absence
readGrid: max memory 477626368, total allocated 44564480, free 17252560, used 27311920, increment 8384064
Reading samples from presence
Read samples: max memory 477626368, total allocated 44564480, free 16858912, used 27705568, increment 393648
Adding samples to background in feature space
Command line used:  autorun -e E:/github_mauriciovancine/R-ENM/data/temp/raster/maxent/1848820691/absence -o E:/github_mauriciovancine/R-ENM/data/temp/raster/maxent/1848820691 -s E:/github_mauriciovancine/R-ENM/data/temp/raster/maxent/1848820691/presence -z
Command line to repeat: java density.MaxEnt nowarnings noprefixes outputdirectory=E:/github_mauriciovancine/R-ENM/data/temp/raster/maxent/1848820691 samplesfile=E:/github_mauriciovancine/R-ENM/data/temp/raster/maxent/1848820691/presence environmentallayers=E:/github_mauriciovancine/R-ENM/data/temp/raster/maxent/1848820691/absence autorun novisible
Species: species
Layers: bio14 bio18 bio5
Layertypes: Continuous Continuous Continuous
outputdirectory: E:/github_mauriciovancine/R-ENM/data/temp/raster/maxent/1848820691
samplesfile: E:/github_mauriciovancine/R-ENM/data/temp/raster/maxent/1848820691/presence
environmentallayers: E:/github_mauriciovancine/R-ENM/data/temp/raster/maxent/1848820691/absence
autorun: true
visible: false

getSamples: max memory 477626368, total allocated 44564480, free 15727184, used 28837296, increment 1131728
Making features
makeFeatures: max memory 477626368, total allocated 44564480, free 15727184, used 28837296, increment 0
species: 
Regularization values: linear/quadratic/product: 0.050, categorical: 0.250, threshold: 1.000, hinge: 0.500
138 samples
Density: max memory 477626368, total allocated 44564480, free 15348368, used 29216112, increment 378816
linearPredictor: max memory 477626368, total allocated 44564480, free 15348368, used 29216112, increment 0
FeaturedSpace: max memory 477626368, total allocated 44564480, free 15348368, used 29216112, increment 0
Sequential: max memory 477626368, total allocated 44564480, free 15348368, used 29216112, increment 0
Initial loss: 5.54907608489522
420: time = 0.211000 loss = 4.919153
Resulting gain: 0.6299227273250452
Projecting...
Writing file E:\github_mauriciovancine\R-ENM\data\temp\raster\maxent\1848820691\species.csv
Ending
