Wed Mar 14 15:35:25 BRT 2018
MaxEnt version 3.4.1
Reading file absence
readGrid: max memory 477626368, total allocated 63438848, free 18711448, used 44727400, increment -997856
Reading samples from presence
Read samples: max memory 477626368, total allocated 63438848, free 18711448, used 44727400, increment 0
Adding samples to background in feature space
Command line used:  autorun -e E:/github_mauriciovancine/R-ENM/data/temp/raster/maxent/79458931033/absence -o E:/github_mauriciovancine/R-ENM/data/temp/raster/maxent/79458931033 -s E:/github_mauriciovancine/R-ENM/data/temp/raster/maxent/79458931033/presence -z
Command line to repeat: java density.MaxEnt nowarnings noprefixes outputdirectory=E:/github_mauriciovancine/R-ENM/data/temp/raster/maxent/79458931033 samplesfile=E:/github_mauriciovancine/R-ENM/data/temp/raster/maxent/79458931033/presence environmentallayers=E:/github_mauriciovancine/R-ENM/data/temp/raster/maxent/79458931033/absence autorun novisible
Species: species
Layers: bio14 bio18 bio5
Layertypes: Continuous Continuous Continuous
outputdirectory: E:/github_mauriciovancine/R-ENM/data/temp/raster/maxent/79458931033
samplesfile: E:/github_mauriciovancine/R-ENM/data/temp/raster/maxent/79458931033/presence
environmentallayers: E:/github_mauriciovancine/R-ENM/data/temp/raster/maxent/79458931033/absence
autorun: true
visible: false

getSamples: max memory 477626368, total allocated 63438848, free 18334096, used 45104752, increment 377352
Making features
makeFeatures: max memory 477626368, total allocated 63438848, free 18334096, used 45104752, increment 0
species: 
Regularization values: linear/quadratic/product: 0.346, categorical: 0.250, threshold: 1.750, hinge: 0.500
25 samples
Density: max memory 477626368, total allocated 63438848, free 18334096, used 45104752, increment 0
linearPredictor: max memory 477626368, total allocated 63438848, free 18334096, used 45104752, increment 0
FeaturedSpace: max memory 477626368, total allocated 63438848, free 18334096, used 45104752, increment 0
Sequential: max memory 477626368, total allocated 63438848, free 18334096, used 45104752, increment 0
Initial loss: 3.871201010907891
240: time = 0.031000 loss = 3.680101
Resulting gain: 0.1910998631612033
Projecting...
Writing file E:\github_mauriciovancine\R-ENM\data\temp\raster\maxent\79458931033\species.csv
Ending
