Wed Mar 14 14:16:40 BRT 2018
MaxEnt version 3.4.1
Reading file absence
readGrid: max memory 477626368, total allocated 111673344, free 76030568, used 35642776, increment 20533016
Reading samples from presence
Read samples: max memory 477626368, total allocated 111673344, free 76030568, used 35642776, increment 0
Adding samples to background in feature space
Command line used:  autorun -e E:/github_mauriciovancine/R-ENM/data/temp/raster/maxent/71056187631/absence -o E:/github_mauriciovancine/R-ENM/data/temp/raster/maxent/71056187631 -s E:/github_mauriciovancine/R-ENM/data/temp/raster/maxent/71056187631/presence -z
Command line to repeat: java density.MaxEnt nowarnings noprefixes outputdirectory=E:/github_mauriciovancine/R-ENM/data/temp/raster/maxent/71056187631 samplesfile=E:/github_mauriciovancine/R-ENM/data/temp/raster/maxent/71056187631/presence environmentallayers=E:/github_mauriciovancine/R-ENM/data/temp/raster/maxent/71056187631/absence autorun novisible
Species: species
Layers: bio14 bio18 bio5
Layertypes: Continuous Continuous Continuous
outputdirectory: E:/github_mauriciovancine/R-ENM/data/temp/raster/maxent/71056187631
samplesfile: E:/github_mauriciovancine/R-ENM/data/temp/raster/maxent/71056187631/presence
environmentallayers: E:/github_mauriciovancine/R-ENM/data/temp/raster/maxent/71056187631/absence
autorun: true
visible: false

getSamples: max memory 477626368, total allocated 111673344, free 76030568, used 35642776, increment 0
Making features
makeFeatures: max memory 477626368, total allocated 111673344, free 76030568, used 35642776, increment 0
species: 
Regularization values: linear/quadratic/product: 0.346, categorical: 0.250, threshold: 1.750, hinge: 0.500
25 samples
Density: max memory 477626368, total allocated 111673344, free 76030568, used 35642776, increment 0
linearPredictor: max memory 477626368, total allocated 111673344, free 76030568, used 35642776, increment 0
FeaturedSpace: max memory 477626368, total allocated 111673344, free 76030568, used 35642776, increment 0
Sequential: max memory 477626368, total allocated 111673344, free 76030568, used 35642776, increment 0
Initial loss: 3.8918202981106265
140: time = 0.051000 loss = 3.629609
Resulting gain: 0.2622111733280068
Projecting...
Writing file E:\github_mauriciovancine\R-ENM\data\temp\raster\maxent\71056187631\species.csv
Ending
