Wed Mar 14 15:35:19 BRT 2018
MaxEnt version 3.4.1
Reading file absence
readGrid: max memory 477626368, total allocated 63438848, free 13649752, used 49789096, increment 7596488
Reading samples from presence
Read samples: max memory 477626368, total allocated 63438848, free 13633352, used 49805496, increment 16400
Adding samples to background in feature space
Command line used:  autorun -e E:/github_mauriciovancine/R-ENM/data/temp/raster/maxent/9614744412/absence -o E:/github_mauriciovancine/R-ENM/data/temp/raster/maxent/9614744412 -s E:/github_mauriciovancine/R-ENM/data/temp/raster/maxent/9614744412/presence -z
Command line to repeat: java density.MaxEnt nowarnings noprefixes outputdirectory=E:/github_mauriciovancine/R-ENM/data/temp/raster/maxent/9614744412 samplesfile=E:/github_mauriciovancine/R-ENM/data/temp/raster/maxent/9614744412/presence environmentallayers=E:/github_mauriciovancine/R-ENM/data/temp/raster/maxent/9614744412/absence autorun novisible
Species: species
Layers: bio14 bio18 bio5
Layertypes: Continuous Continuous Continuous
outputdirectory: E:/github_mauriciovancine/R-ENM/data/temp/raster/maxent/9614744412
samplesfile: E:/github_mauriciovancine/R-ENM/data/temp/raster/maxent/9614744412/presence
environmentallayers: E:/github_mauriciovancine/R-ENM/data/temp/raster/maxent/9614744412/absence
autorun: true
visible: false

getSamples: max memory 477626368, total allocated 63438848, free 13256152, used 50182696, increment 377200
Making features
makeFeatures: max memory 477626368, total allocated 63438848, free 13256152, used 50182696, increment 0
species: 
Regularization values: linear/quadratic/product: 0.346, categorical: 0.250, threshold: 1.750, hinge: 0.500
25 samples
Density: max memory 477626368, total allocated 63438848, free 13256152, used 50182696, increment 0
linearPredictor: max memory 477626368, total allocated 63438848, free 13256152, used 50182696, increment 0
FeaturedSpace: max memory 477626368, total allocated 63438848, free 13256152, used 50182696, increment 0
Sequential: max memory 477626368, total allocated 63438848, free 13256152, used 50182696, increment 0
Initial loss: 3.871201010907891
160: time = 0.031000 loss = 3.697481
Resulting gain: 0.1737196835060546
Projecting...
Writing file E:\github_mauriciovancine\R-ENM\data\temp\raster\maxent\9614744412\species.csv
Ending
