Sun Feb 11 12:24:59 BRST 2018
MaxEnt version 3.4.1
Reading file absence
readGrid: max memory 477626368, total allocated 62914560, free 57897904, used 5016656, increment -5224328
Reading samples from presence
Read samples: max memory 477626368, total allocated 62914560, free 57584504, used 5330056, increment 313400
Adding samples to background in feature space
Command line used:  autorun -e E:/github_mauriciovancine/R-ENM/data/temp/raster/maxent/5776794248/absence -o E:/github_mauriciovancine/R-ENM/data/temp/raster/maxent/5776794248 -s E:/github_mauriciovancine/R-ENM/data/temp/raster/maxent/5776794248/presence -z
Command line to repeat: java density.MaxEnt nowarnings noprefixes outputdirectory=E:/github_mauriciovancine/R-ENM/data/temp/raster/maxent/5776794248 samplesfile=E:/github_mauriciovancine/R-ENM/data/temp/raster/maxent/5776794248/presence environmentallayers=E:/github_mauriciovancine/R-ENM/data/temp/raster/maxent/5776794248/absence autorun novisible
Species: species
Layers: bio14 bio2 bio4
Layertypes: Continuous Continuous Continuous
outputdirectory: E:/github_mauriciovancine/R-ENM/data/temp/raster/maxent/5776794248
samplesfile: E:/github_mauriciovancine/R-ENM/data/temp/raster/maxent/5776794248/presence
environmentallayers: E:/github_mauriciovancine/R-ENM/data/temp/raster/maxent/5776794248/absence
autorun: true
visible: false

getSamples: max memory 477626368, total allocated 62914560, free 57584504, used 5330056, increment 0
Making features
makeFeatures: max memory 477626368, total allocated 62914560, free 57271056, used 5643504, increment 313448
species: 
Regularization values: linear/quadratic/product: 0.365, categorical: 0.250, threshold: 1.760, hinge: 0.500
24 samples
Density: max memory 477626368, total allocated 62914560, free 57271056, used 5643504, increment 0
linearPredictor: max memory 477626368, total allocated 62914560, free 57271056, used 5643504, increment 0
FeaturedSpace: max memory 477626368, total allocated 62914560, free 57271056, used 5643504, increment 0
Sequential: max memory 477626368, total allocated 62914560, free 57271056, used 5643504, increment 0
Initial loss: 3.828641396489095
200: time = 0.078000 loss = 3.495209
Resulting gain: 0.33343191758607515
Projecting...
Writing file E:\github_mauriciovancine\R-ENM\data\temp\raster\maxent\5776794248\species.csv
Time since start: 1.183
Ending
