Fri Dec 29 15:44:44 BRST 2017
MaxEnt version 3.4.1
Reading file absence
readGrid: max memory 477626368, total allocated 102760448, free 50703504, used 52056944, increment 40087144
Reading samples from presence
Read samples: max memory 477626368, total allocated 102760448, free 50703504, used 52056944, increment 0
Adding samples to background in feature space
Command line used:  autorun -e E:/github_mauriciovancine/R-ENM/data/temp/raster/maxent/9871825598/absence -o E:/github_mauriciovancine/R-ENM/data/temp/raster/maxent/9871825598 -s E:/github_mauriciovancine/R-ENM/data/temp/raster/maxent/9871825598/presence -z
Command line to repeat: java density.MaxEnt nowarnings noprefixes outputdirectory=E:/github_mauriciovancine/R-ENM/data/temp/raster/maxent/9871825598 samplesfile=E:/github_mauriciovancine/R-ENM/data/temp/raster/maxent/9871825598/presence environmentallayers=E:/github_mauriciovancine/R-ENM/data/temp/raster/maxent/9871825598/absence autorun novisible
Species: species
Layers: bio14 bio18 bio19 bio5
Layertypes: Continuous Continuous Continuous Continuous
outputdirectory: E:/github_mauriciovancine/R-ENM/data/temp/raster/maxent/9871825598
samplesfile: E:/github_mauriciovancine/R-ENM/data/temp/raster/maxent/9871825598/presence
environmentallayers: E:/github_mauriciovancine/R-ENM/data/temp/raster/maxent/9871825598/absence
autorun: true
visible: false

getSamples: max memory 477626368, total allocated 102760448, free 49530048, used 53230400, increment 1173456
Making features
makeFeatures: max memory 477626368, total allocated 102760448, free 49530048, used 53230400, increment 0
species: 
Regularization values: linear/quadratic/product: 0.365, categorical: 0.250, threshold: 1.760, hinge: 0.500
24 samples
Density: max memory 477626368, total allocated 102760448, free 49530048, used 53230400, increment 0
linearPredictor: max memory 477626368, total allocated 102760448, free 49530048, used 53230400, increment 0
FeaturedSpace: max memory 477626368, total allocated 102760448, free 49530048, used 53230400, increment 0
Sequential: max memory 477626368, total allocated 102760448, free 49530048, used 53230400, increment 0
Initial loss: 3.8501476017100584
160: time = 0.031000 loss = 3.536965
Resulting gain: 0.3131830554880888
Projecting...
Writing file E:\github_mauriciovancine\R-ENM\data\temp\raster\maxent\9871825598\species.csv
Ending
