Wed Mar 14 15:52:31 BRT 2018
MaxEnt version 3.4.1
Reading file absence
readGrid: max memory 477626368, total allocated 42991616, free 28292656, used 14698960, increment -3949640
Reading samples from presence
Read samples: max memory 477626368, total allocated 42991616, free 28292656, used 14698960, increment 0
Adding samples to background in feature space
Command line used:  autorun -e E:/github_mauriciovancine/R-ENM/data/temp/raster/maxent/3887106986/absence -o E:/github_mauriciovancine/R-ENM/data/temp/raster/maxent/3887106986 -s E:/github_mauriciovancine/R-ENM/data/temp/raster/maxent/3887106986/presence -z
Command line to repeat: java density.MaxEnt nowarnings noprefixes outputdirectory=E:/github_mauriciovancine/R-ENM/data/temp/raster/maxent/3887106986 samplesfile=E:/github_mauriciovancine/R-ENM/data/temp/raster/maxent/3887106986/presence environmentallayers=E:/github_mauriciovancine/R-ENM/data/temp/raster/maxent/3887106986/absence autorun novisible
Species: species
Layers: bio14 bio18 bio5
Layertypes: Continuous Continuous Continuous
outputdirectory: E:/github_mauriciovancine/R-ENM/data/temp/raster/maxent/3887106986
samplesfile: E:/github_mauriciovancine/R-ENM/data/temp/raster/maxent/3887106986/presence
environmentallayers: E:/github_mauriciovancine/R-ENM/data/temp/raster/maxent/3887106986/absence
autorun: true
visible: false

getSamples: max memory 477626368, total allocated 42991616, free 28268048, used 14723568, increment 24608
Making features
makeFeatures: max memory 477626368, total allocated 42991616, free 27892168, used 15099448, increment 375880
species: 
Regularization values: linear/quadratic/product: 0.543, categorical: 0.286, threshold: 1.840, hinge: 0.500
16 samples
Density: max memory 477626368, total allocated 42991616, free 27892168, used 15099448, increment 0
linearPredictor: max memory 477626368, total allocated 42991616, free 27892168, used 15099448, increment 0
FeaturedSpace: max memory 477626368, total allocated 42991616, free 27892168, used 15099448, increment 0
Sequential: max memory 477626368, total allocated 42991616, free 27892168, used 15099448, increment 0
Initial loss: 3.4339872044851463
100: time = 0.011000 loss = 3.235979
Resulting gain: 0.19800802556935526
Projecting...
Writing file E:\github_mauriciovancine\R-ENM\data\temp\raster\maxent\3887106986\species.csv
Ending
