Wed Feb 21 20:00:40 BRT 2018
MaxEnt version 3.4.1
Reading file absence
readGrid: max memory 477626368, total allocated 61341696, free 49636016, used 11705680, increment -9438848
Reading samples from presence
Read samples: max memory 477626368, total allocated 61341696, free 49636016, used 11705680, increment 0
Adding samples to background in feature space
Command line used:  autorun -e E:/github_mauriciovancine/R-ENM/data/temp/raster/maxent/27025511067/absence -o E:/github_mauriciovancine/R-ENM/data/temp/raster/maxent/27025511067 -s E:/github_mauriciovancine/R-ENM/data/temp/raster/maxent/27025511067/presence -z
Command line to repeat: java density.MaxEnt nowarnings noprefixes outputdirectory=E:/github_mauriciovancine/R-ENM/data/temp/raster/maxent/27025511067 samplesfile=E:/github_mauriciovancine/R-ENM/data/temp/raster/maxent/27025511067/presence environmentallayers=E:/github_mauriciovancine/R-ENM/data/temp/raster/maxent/27025511067/absence autorun novisible
Species: species
Layers: bio14 bio18 bio5
Layertypes: Continuous Continuous Continuous
outputdirectory: E:/github_mauriciovancine/R-ENM/data/temp/raster/maxent/27025511067
samplesfile: E:/github_mauriciovancine/R-ENM/data/temp/raster/maxent/27025511067/presence
environmentallayers: E:/github_mauriciovancine/R-ENM/data/temp/raster/maxent/27025511067/absence
autorun: true
visible: false

getSamples: max memory 477626368, total allocated 61341696, free 49321728, used 12019968, increment 314288
Making features
makeFeatures: max memory 477626368, total allocated 61341696, free 49321728, used 12019968, increment 0
species: 
Regularization values: linear/quadratic/product: 0.346, categorical: 0.250, threshold: 1.750, hinge: 0.500
25 samples
Density: max memory 477626368, total allocated 61341696, free 49007464, used 12334232, increment 314264
linearPredictor: max memory 477626368, total allocated 61341696, free 49007464, used 12334232, increment 0
FeaturedSpace: max memory 477626368, total allocated 61341696, free 49007464, used 12334232, increment 0
Sequential: max memory 477626368, total allocated 61341696, free 49007464, used 12334232, increment 0
Initial loss: 3.912023005428146
240: time = 0.047000 loss = 3.564067
Resulting gain: 0.3479564532925563
Projecting...
Writing file E:\github_mauriciovancine\R-ENM\data\temp\raster\maxent\27025511067\species.csv
Ending
