Wed Feb 21 20:00:14 BRT 2018
MaxEnt version 3.4.1
Reading file absence
readGrid: max memory 477626368, total allocated 62914560, free 47064800, used 15849760, increment 1469416
Reading samples from presence
Read samples: max memory 477626368, total allocated 62914560, free 47064800, used 15849760, increment 0
Adding samples to background in feature space
Command line used:  autorun -e E:/github_mauriciovancine/R-ENM/data/temp/raster/maxent/8444816264/absence -o E:/github_mauriciovancine/R-ENM/data/temp/raster/maxent/8444816264 -s E:/github_mauriciovancine/R-ENM/data/temp/raster/maxent/8444816264/presence -z
Command line to repeat: java density.MaxEnt nowarnings noprefixes outputdirectory=E:/github_mauriciovancine/R-ENM/data/temp/raster/maxent/8444816264 samplesfile=E:/github_mauriciovancine/R-ENM/data/temp/raster/maxent/8444816264/presence environmentallayers=E:/github_mauriciovancine/R-ENM/data/temp/raster/maxent/8444816264/absence autorun novisible
Species: species
Layers: bio14 bio18 bio5
Layertypes: Continuous Continuous Continuous
outputdirectory: E:/github_mauriciovancine/R-ENM/data/temp/raster/maxent/8444816264
samplesfile: E:/github_mauriciovancine/R-ENM/data/temp/raster/maxent/8444816264/presence
environmentallayers: E:/github_mauriciovancine/R-ENM/data/temp/raster/maxent/8444816264/absence
autorun: true
visible: false

getSamples: max memory 477626368, total allocated 62914560, free 46740928, used 16173632, increment 323872
Making features
makeFeatures: max memory 477626368, total allocated 62914560, free 46740928, used 16173632, increment 0
species: 
Regularization values: linear/quadratic/product: 0.346, categorical: 0.250, threshold: 1.750, hinge: 0.500
25 samples
Density: max memory 477626368, total allocated 62914560, free 46740928, used 16173632, increment 0
linearPredictor: max memory 477626368, total allocated 62914560, free 46740928, used 16173632, increment 0
FeaturedSpace: max memory 477626368, total allocated 62914560, free 46740928, used 16173632, increment 0
Sequential: max memory 477626368, total allocated 62914560, free 46740928, used 16173632, increment 0
Initial loss: 3.912023005428146
240: time = 0.171000 loss = 3.582606
Resulting gain: 0.3294169253240167
Projecting...
Writing file E:\github_mauriciovancine\R-ENM\data\temp\raster\maxent\8444816264\species.csv
Ending
