Wed Mar 14 15:36:12 BRT 2018
MaxEnt version 3.4.1
Reading file absence
readGrid: max memory 477626368, total allocated 45088768, free 28353992, used 16734776, increment 9923464
Reading samples from presence
Read samples: max memory 477626368, total allocated 45088768, free 28353992, used 16734776, increment 0
Adding samples to background in feature space
Command line used:  autorun -e E:/github_mauriciovancine/R-ENM/data/temp/raster/maxent/5963631648/absence -o E:/github_mauriciovancine/R-ENM/data/temp/raster/maxent/5963631648 -s E:/github_mauriciovancine/R-ENM/data/temp/raster/maxent/5963631648/presence -z
Command line to repeat: java density.MaxEnt nowarnings noprefixes outputdirectory=E:/github_mauriciovancine/R-ENM/data/temp/raster/maxent/5963631648 samplesfile=E:/github_mauriciovancine/R-ENM/data/temp/raster/maxent/5963631648/presence environmentallayers=E:/github_mauriciovancine/R-ENM/data/temp/raster/maxent/5963631648/absence autorun novisible
Species: species
Layers: bio14 bio18 bio5
Layertypes: Continuous Continuous Continuous
outputdirectory: E:/github_mauriciovancine/R-ENM/data/temp/raster/maxent/5963631648
samplesfile: E:/github_mauriciovancine/R-ENM/data/temp/raster/maxent/5963631648/presence
environmentallayers: E:/github_mauriciovancine/R-ENM/data/temp/raster/maxent/5963631648/absence
autorun: true
visible: false

getSamples: max memory 477626368, total allocated 45088768, free 27976664, used 17112104, increment 377328
Making features
makeFeatures: max memory 477626368, total allocated 45088768, free 27976664, used 17112104, increment 0
species: 
Regularization values: linear/quadratic/product: 0.543, categorical: 0.286, threshold: 1.840, hinge: 0.500
16 samples
Density: max memory 477626368, total allocated 45088768, free 27976664, used 17112104, increment 0
linearPredictor: max memory 477626368, total allocated 45088768, free 27976664, used 17112104, increment 0
FeaturedSpace: max memory 477626368, total allocated 45088768, free 27976664, used 17112104, increment 0
Sequential: max memory 477626368, total allocated 45088768, free 27976664, used 17112104, increment 0
Initial loss: 3.4339872044851463
200: time = 0.043000 loss = 3.211098
Resulting gain: 0.22288934465282928
Projecting...
Writing file E:\github_mauriciovancine\R-ENM\data\temp\raster\maxent\5963631648\species.csv
Ending
