Wed Mar 14 14:16:49 BRT 2018
MaxEnt version 3.4.1
Reading file absence
readGrid: max memory 477626368, total allocated 150994944, free 88113184, used 62881760, increment 52870928
Reading samples from presence
Read samples: max memory 477626368, total allocated 150994944, free 88113184, used 62881760, increment 0
Adding samples to background in feature space
Command line used:  autorun -e E:/github_mauriciovancine/R-ENM/data/temp/raster/maxent/22441046113/absence -o E:/github_mauriciovancine/R-ENM/data/temp/raster/maxent/22441046113 -s E:/github_mauriciovancine/R-ENM/data/temp/raster/maxent/22441046113/presence -z
Command line to repeat: java density.MaxEnt nowarnings noprefixes outputdirectory=E:/github_mauriciovancine/R-ENM/data/temp/raster/maxent/22441046113 samplesfile=E:/github_mauriciovancine/R-ENM/data/temp/raster/maxent/22441046113/presence environmentallayers=E:/github_mauriciovancine/R-ENM/data/temp/raster/maxent/22441046113/absence autorun novisible
Species: species
Layers: bio14 bio18 bio5
Layertypes: Continuous Continuous Continuous
outputdirectory: E:/github_mauriciovancine/R-ENM/data/temp/raster/maxent/22441046113
samplesfile: E:/github_mauriciovancine/R-ENM/data/temp/raster/maxent/22441046113/presence
environmentallayers: E:/github_mauriciovancine/R-ENM/data/temp/raster/maxent/22441046113/absence
autorun: true
visible: false

getSamples: max memory 477626368, total allocated 150994944, free 88113184, used 62881760, increment 0
Making features
makeFeatures: max memory 477626368, total allocated 150994944, free 88113184, used 62881760, increment 0
species: 
Regularization values: linear/quadratic/product: 0.346, categorical: 0.250, threshold: 1.750, hinge: 0.500
25 samples
Density: max memory 477626368, total allocated 150994944, free 88113184, used 62881760, increment 0
linearPredictor: max memory 477626368, total allocated 150994944, free 88113184, used 62881760, increment 0
FeaturedSpace: max memory 477626368, total allocated 150994944, free 88113184, used 62881760, increment 0
Sequential: max memory 477626368, total allocated 150994944, free 88113184, used 62881760, increment 0
Initial loss: 3.8918202981106265
240: time = 0.053000 loss = 3.559147
Resulting gain: 0.3326737456578752
Projecting...
Writing file E:\github_mauriciovancine\R-ENM\data\temp\raster\maxent\22441046113\species.csv
Ending
