Wed Mar 14 15:23:04 BRT 2018
MaxEnt version 3.4.1
Reading file absence
readGrid: max memory 477626368, total allocated 63438848, free 49002168, used 14436680, increment -7081680
Reading samples from presence
Read samples: max memory 477626368, total allocated 63438848, free 48247480, used 15191368, increment 754688
Adding samples to background in feature space
Command line used:  autorun -e E:/github_mauriciovancine/R-ENM/data/temp/raster/maxent/1225595938/absence -o E:/github_mauriciovancine/R-ENM/data/temp/raster/maxent/1225595938 -s E:/github_mauriciovancine/R-ENM/data/temp/raster/maxent/1225595938/presence -z
Command line to repeat: java density.MaxEnt nowarnings noprefixes outputdirectory=E:/github_mauriciovancine/R-ENM/data/temp/raster/maxent/1225595938 samplesfile=E:/github_mauriciovancine/R-ENM/data/temp/raster/maxent/1225595938/presence environmentallayers=E:/github_mauriciovancine/R-ENM/data/temp/raster/maxent/1225595938/absence autorun novisible
Species: species
Layers: bio14 bio18 bio5
Layertypes: Continuous Continuous Continuous
outputdirectory: E:/github_mauriciovancine/R-ENM/data/temp/raster/maxent/1225595938
samplesfile: E:/github_mauriciovancine/R-ENM/data/temp/raster/maxent/1225595938/presence
environmentallayers: E:/github_mauriciovancine/R-ENM/data/temp/raster/maxent/1225595938/absence
autorun: true
visible: false

getSamples: max memory 477626368, total allocated 63438848, free 47115032, used 16323816, increment 1132448
Making features
makeFeatures: max memory 477626368, total allocated 63438848, free 47115032, used 16323816, increment 0
species: 
Regularization values: linear/quadratic/product: 0.050, categorical: 0.250, threshold: 1.000, hinge: 0.500
137 samples
Density: max memory 477626368, total allocated 63438848, free 47115032, used 16323816, increment 0
linearPredictor: max memory 477626368, total allocated 63438848, free 47115032, used 16323816, increment 0
FeaturedSpace: max memory 477626368, total allocated 63438848, free 47115032, used 16323816, increment 0
Sequential: max memory 477626368, total allocated 63438848, free 47115032, used 16323816, increment 0
Initial loss: 5.5254529391317835
500: time = 0.232000 loss = 4.913321
Resulting gain: 0.6121320860069872
Projecting...
Writing file E:\github_mauriciovancine\R-ENM\data\temp\raster\maxent\1225595938\species.csv
Ending
