Wed Mar 14 15:50:36 BRT 2018
MaxEnt version 3.4.1
Reading file absence
readGrid: max memory 477626368, total allocated 45088768, free 30137712, used 14951056, increment -2161048
Reading samples from presence
Read samples: max memory 477626368, total allocated 45088768, free 29382936, used 15705832, increment 754776
Adding samples to background in feature space
Command line used:  autorun -e E:/github_mauriciovancine/R-ENM/data/temp/raster/maxent/81453109795/absence -o E:/github_mauriciovancine/R-ENM/data/temp/raster/maxent/81453109795 -s E:/github_mauriciovancine/R-ENM/data/temp/raster/maxent/81453109795/presence -z
Command line to repeat: java density.MaxEnt nowarnings noprefixes outputdirectory=E:/github_mauriciovancine/R-ENM/data/temp/raster/maxent/81453109795 samplesfile=E:/github_mauriciovancine/R-ENM/data/temp/raster/maxent/81453109795/presence environmentallayers=E:/github_mauriciovancine/R-ENM/data/temp/raster/maxent/81453109795/absence autorun novisible
Species: species
Layers: bio14 bio18 bio5
Layertypes: Continuous Continuous Continuous
outputdirectory: E:/github_mauriciovancine/R-ENM/data/temp/raster/maxent/81453109795
samplesfile: E:/github_mauriciovancine/R-ENM/data/temp/raster/maxent/81453109795/presence
environmentallayers: E:/github_mauriciovancine/R-ENM/data/temp/raster/maxent/81453109795/absence
autorun: true
visible: false

getSamples: max memory 477626368, total allocated 45088768, free 28250960, used 16837808, increment 1131976
Making features
makeFeatures: max memory 477626368, total allocated 45088768, free 28250960, used 16837808, increment 0
species: 
Regularization values: linear/quadratic/product: 0.050, categorical: 0.250, threshold: 1.000, hinge: 0.500
139 samples
Density: max memory 477626368, total allocated 45088768, free 27872080, used 17216688, increment 378880
linearPredictor: max memory 477626368, total allocated 45088768, free 27872080, used 17216688, increment 0
FeaturedSpace: max memory 477626368, total allocated 45088768, free 27872080, used 17216688, increment 0
Sequential: max memory 477626368, total allocated 45088768, free 27872080, used 17216688, increment 0
Initial loss: 5.537334267018537
480: time = 0.531000 loss = 4.862748
Resulting gain: 0.6745859086205765
Time since start: 1.161
Projecting...
Writing file E:\github_mauriciovancine\R-ENM\data\temp\raster\maxent\81453109795\species.csv
Ending
