Wed Mar 14 14:38:29 BRT 2018
MaxEnt version 3.4.1
Reading file absence
readGrid: max memory 477626368, total allocated 84410368, free 53441528, used 30968840, increment 1279600
Reading samples from presence
Read samples: max memory 477626368, total allocated 84410368, free 52634392, used 31775976, increment 807136
Adding samples to background in feature space
Command line used:  autorun -e E:/github_mauriciovancine/R-ENM/data/temp/raster/maxent/41017667664/absence -o E:/github_mauriciovancine/R-ENM/data/temp/raster/maxent/41017667664 -s E:/github_mauriciovancine/R-ENM/data/temp/raster/maxent/41017667664/presence -z
Command line to repeat: java density.MaxEnt nowarnings noprefixes outputdirectory=E:/github_mauriciovancine/R-ENM/data/temp/raster/maxent/41017667664 samplesfile=E:/github_mauriciovancine/R-ENM/data/temp/raster/maxent/41017667664/presence environmentallayers=E:/github_mauriciovancine/R-ENM/data/temp/raster/maxent/41017667664/absence autorun novisible
Species: species
Layers: bio14 bio18 bio5
Layertypes: Continuous Continuous Continuous
outputdirectory: E:/github_mauriciovancine/R-ENM/data/temp/raster/maxent/41017667664
samplesfile: E:/github_mauriciovancine/R-ENM/data/temp/raster/maxent/41017667664/presence
environmentallayers: E:/github_mauriciovancine/R-ENM/data/temp/raster/maxent/41017667664/absence
autorun: true
visible: false

getSamples: max memory 477626368, total allocated 84410368, free 52634392, used 31775976, increment 0
Making features
makeFeatures: max memory 477626368, total allocated 84410368, free 52634392, used 31775976, increment 0
species: 
Regularization values: linear/quadratic/product: 0.193, categorical: 0.250, threshold: 1.500, hinge: 0.500
50 samples
Density: max memory 477626368, total allocated 84410368, free 52634392, used 31775976, increment 0
linearPredictor: max memory 477626368, total allocated 84410368, free 52634392, used 31775976, increment 0
FeaturedSpace: max memory 477626368, total allocated 84410368, free 52634392, used 31775976, increment 0
Sequential: max memory 477626368, total allocated 84410368, free 52634392, used 31775976, increment 0
Initial loss: 4.59511985013459
220: time = 0.047000 loss = 4.234177
Resulting gain: 0.3609426213599489
Projecting...
Writing file E:\github_mauriciovancine\R-ENM\data\temp\raster\maxent\41017667664\species.csv
Ending
