Wed Mar 14 15:35:32 BRT 2018
MaxEnt version 3.4.1
Reading file absence
readGrid: max memory 477626368, total allocated 62914560, free 4811576, used 58102984, increment 13649544
Reading samples from presence
Read samples: max memory 477626368, total allocated 62914560, free 4811576, used 58102984, increment 0
Adding samples to background in feature space
Command line used:  autorun -e E:/github_mauriciovancine/R-ENM/data/temp/raster/maxent/4528847377/absence -o E:/github_mauriciovancine/R-ENM/data/temp/raster/maxent/4528847377 -s E:/github_mauriciovancine/R-ENM/data/temp/raster/maxent/4528847377/presence -z
Command line to repeat: java density.MaxEnt nowarnings noprefixes outputdirectory=E:/github_mauriciovancine/R-ENM/data/temp/raster/maxent/4528847377 samplesfile=E:/github_mauriciovancine/R-ENM/data/temp/raster/maxent/4528847377/presence environmentallayers=E:/github_mauriciovancine/R-ENM/data/temp/raster/maxent/4528847377/absence autorun novisible
Species: species
Layers: bio14 bio18 bio5
Layertypes: Continuous Continuous Continuous
outputdirectory: E:/github_mauriciovancine/R-ENM/data/temp/raster/maxent/4528847377
samplesfile: E:/github_mauriciovancine/R-ENM/data/temp/raster/maxent/4528847377/presence
environmentallayers: E:/github_mauriciovancine/R-ENM/data/temp/raster/maxent/4528847377/absence
autorun: true
visible: false

getSamples: max memory 477626368, total allocated 62914560, free 23273376, used 39641184, increment -18461800
Making features
makeFeatures: max memory 477626368, total allocated 62914560, free 23273376, used 39641184, increment 0
species: 
Regularization values: linear/quadratic/product: 0.346, categorical: 0.250, threshold: 1.750, hinge: 0.500
25 samples
Density: max memory 477626368, total allocated 62914560, free 23273376, used 39641184, increment 0
linearPredictor: max memory 477626368, total allocated 62914560, free 23273376, used 39641184, increment 0
FeaturedSpace: max memory 477626368, total allocated 62914560, free 23273376, used 39641184, increment 0
Sequential: max memory 477626368, total allocated 62914560, free 23273376, used 39641184, increment 0
Initial loss: 3.871201010907891
240: time = 0.031000 loss = 3.673351
Resulting gain: 0.19785049180580483
Projecting...
Writing file E:\github_mauriciovancine\R-ENM\data\temp\raster\maxent\4528847377\species.csv
Ending
