Wed Mar 14 15:35:41 BRT 2018
MaxEnt version 3.4.1
Reading file absence
readGrid: max memory 477626368, total allocated 62914560, free 18607408, used 44307152, increment -4393624
Reading samples from presence
Read samples: max memory 477626368, total allocated 62914560, free 18607408, used 44307152, increment 0
Adding samples to background in feature space
Command line used:  autorun -e E:/github_mauriciovancine/R-ENM/data/temp/raster/maxent/1238629091/absence -o E:/github_mauriciovancine/R-ENM/data/temp/raster/maxent/1238629091 -s E:/github_mauriciovancine/R-ENM/data/temp/raster/maxent/1238629091/presence -z
Command line to repeat: java density.MaxEnt nowarnings noprefixes outputdirectory=E:/github_mauriciovancine/R-ENM/data/temp/raster/maxent/1238629091 samplesfile=E:/github_mauriciovancine/R-ENM/data/temp/raster/maxent/1238629091/presence environmentallayers=E:/github_mauriciovancine/R-ENM/data/temp/raster/maxent/1238629091/absence autorun novisible
Species: species
Layers: bio14 bio18 bio5
Layertypes: Continuous Continuous Continuous
outputdirectory: E:/github_mauriciovancine/R-ENM/data/temp/raster/maxent/1238629091
samplesfile: E:/github_mauriciovancine/R-ENM/data/temp/raster/maxent/1238629091/presence
environmentallayers: E:/github_mauriciovancine/R-ENM/data/temp/raster/maxent/1238629091/absence
autorun: true
visible: false

getSamples: max memory 477626368, total allocated 62914560, free 18231536, used 44683024, increment 375872
Making features
makeFeatures: max memory 477626368, total allocated 62914560, free 18231536, used 44683024, increment 0
species: 
Regularization values: linear/quadratic/product: 0.346, categorical: 0.250, threshold: 1.750, hinge: 0.500
25 samples
Density: max memory 477626368, total allocated 62914560, free 18231536, used 44683024, increment 0
linearPredictor: max memory 477626368, total allocated 62914560, free 18231536, used 44683024, increment 0
FeaturedSpace: max memory 477626368, total allocated 62914560, free 18231536, used 44683024, increment 0
Sequential: max memory 477626368, total allocated 62914560, free 18231536, used 44683024, increment 0
Initial loss: 3.8918202981106265
220: time = 0.041000 loss = 3.727972
Resulting gain: 0.16384872180217647
Projecting...
Writing file E:\github_mauriciovancine\R-ENM\data\temp\raster\maxent\1238629091\species.csv
Ending
