Wed Feb 21 20:00:32 BRT 2018
MaxEnt version 3.4.1
Reading file absence
readGrid: max memory 477626368, total allocated 63438848, free 44663336, used 18775512, increment 6043368
Reading samples from presence
Read samples: max memory 477626368, total allocated 63438848, free 44663336, used 18775512, increment 0
Adding samples to background in feature space
Command line used:  autorun -e E:/github_mauriciovancine/R-ENM/data/temp/raster/maxent/4353654612/absence -o E:/github_mauriciovancine/R-ENM/data/temp/raster/maxent/4353654612 -s E:/github_mauriciovancine/R-ENM/data/temp/raster/maxent/4353654612/presence -z
Command line to repeat: java density.MaxEnt nowarnings noprefixes outputdirectory=E:/github_mauriciovancine/R-ENM/data/temp/raster/maxent/4353654612 samplesfile=E:/github_mauriciovancine/R-ENM/data/temp/raster/maxent/4353654612/presence environmentallayers=E:/github_mauriciovancine/R-ENM/data/temp/raster/maxent/4353654612/absence autorun novisible
Species: species
Layers: bio14 bio18 bio5
Layertypes: Continuous Continuous Continuous
outputdirectory: E:/github_mauriciovancine/R-ENM/data/temp/raster/maxent/4353654612
samplesfile: E:/github_mauriciovancine/R-ENM/data/temp/raster/maxent/4353654612/presence
environmentallayers: E:/github_mauriciovancine/R-ENM/data/temp/raster/maxent/4353654612/absence
autorun: true
visible: false

getSamples: max memory 477626368, total allocated 63438848, free 44333536, used 19105312, increment 329800
Making features
makeFeatures: max memory 477626368, total allocated 63438848, free 44333536, used 19105312, increment 0
species: 
Regularization values: linear/quadratic/product: 0.346, categorical: 0.250, threshold: 1.750, hinge: 0.500
25 samples
Density: max memory 477626368, total allocated 63438848, free 44019976, used 19418872, increment 313560
linearPredictor: max memory 477626368, total allocated 63438848, free 44019976, used 19418872, increment 0
FeaturedSpace: max memory 477626368, total allocated 63438848, free 44019976, used 19418872, increment 0
Sequential: max memory 477626368, total allocated 63438848, free 44019976, used 19418872, increment 0
Initial loss: 3.871201010907891
320: time = 0.047000 loss = 3.567931
Resulting gain: 0.30327007478604706
Projecting...
Writing file E:\github_mauriciovancine\R-ENM\data\temp\raster\maxent\4353654612\species.csv
Ending
