Sun Feb 11 12:25:14 BRST 2018
MaxEnt version 3.4.1
Reading file absence
readGrid: max memory 477626368, total allocated 63438848, free 48899536, used 14539312, increment 8804704
Reading samples from presence
Read samples: max memory 477626368, total allocated 63438848, free 48899536, used 14539312, increment 0
Adding samples to background in feature space
Command line used:  autorun -e E:/github_mauriciovancine/R-ENM/data/temp/raster/maxent/5492885343/absence -o E:/github_mauriciovancine/R-ENM/data/temp/raster/maxent/5492885343 -s E:/github_mauriciovancine/R-ENM/data/temp/raster/maxent/5492885343/presence -z
Command line to repeat: java density.MaxEnt nowarnings noprefixes outputdirectory=E:/github_mauriciovancine/R-ENM/data/temp/raster/maxent/5492885343 samplesfile=E:/github_mauriciovancine/R-ENM/data/temp/raster/maxent/5492885343/presence environmentallayers=E:/github_mauriciovancine/R-ENM/data/temp/raster/maxent/5492885343/absence autorun novisible
Species: species
Layers: bio14 bio2 bio4
Layertypes: Continuous Continuous Continuous
outputdirectory: E:/github_mauriciovancine/R-ENM/data/temp/raster/maxent/5492885343
samplesfile: E:/github_mauriciovancine/R-ENM/data/temp/raster/maxent/5492885343/presence
environmentallayers: E:/github_mauriciovancine/R-ENM/data/temp/raster/maxent/5492885343/absence
autorun: true
visible: false

getSamples: max memory 477626368, total allocated 63438848, free 48590280, used 14848568, increment 309256
Making features
makeFeatures: max memory 477626368, total allocated 63438848, free 48590280, used 14848568, increment 0
species: 
Regularization values: linear/quadratic/product: 0.365, categorical: 0.250, threshold: 1.760, hinge: 0.500
24 samples
Density: max memory 477626368, total allocated 63438848, free 48297328, used 15141520, increment 292952
linearPredictor: max memory 477626368, total allocated 63438848, free 48297328, used 15141520, increment 0
FeaturedSpace: max memory 477626368, total allocated 63438848, free 48297328, used 15141520, increment 0
Sequential: max memory 477626368, total allocated 63438848, free 48297328, used 15141520, increment 0
Initial loss: 3.8501476017100584
180: time = 0.196000 loss = 3.530908
Resulting gain: 0.3192399737368028
Projecting...
Writing file E:\github_mauriciovancine\R-ENM\data\temp\raster\maxent\5492885343\species.csv
Ending
