Thu Jan 11 21:38:02 BRST 2018
MaxEnt version 3.4.1
Reading file absence
readGrid: max memory 477626368, total allocated 79167488, free 53462000, used 25705488, increment 12350424
Reading samples from presence
Read samples: max memory 477626368, total allocated 79167488, free 53462000, used 25705488, increment 0
Adding samples to background in feature space
Command line used:  autorun -e E:/github_mauriciovancine/R-ENM/data/temp/raster/maxent/9971112755/absence -o E:/github_mauriciovancine/R-ENM/data/temp/raster/maxent/9971112755 -s E:/github_mauriciovancine/R-ENM/data/temp/raster/maxent/9971112755/presence -z
Command line to repeat: java density.MaxEnt nowarnings noprefixes outputdirectory=E:/github_mauriciovancine/R-ENM/data/temp/raster/maxent/9971112755 samplesfile=E:/github_mauriciovancine/R-ENM/data/temp/raster/maxent/9971112755/presence environmentallayers=E:/github_mauriciovancine/R-ENM/data/temp/raster/maxent/9971112755/absence autorun novisible
Species: species
Layers: bio14 bio18 bio19 bio5
Layertypes: Continuous Continuous Continuous Continuous
outputdirectory: E:/github_mauriciovancine/R-ENM/data/temp/raster/maxent/9971112755
samplesfile: E:/github_mauriciovancine/R-ENM/data/temp/raster/maxent/9971112755/presence
environmentallayers: E:/github_mauriciovancine/R-ENM/data/temp/raster/maxent/9971112755/absence
autorun: true
visible: false

getSamples: max memory 477626368, total allocated 79167488, free 53462000, used 25705488, increment 0
Making features
makeFeatures: max memory 477626368, total allocated 79167488, free 53462000, used 25705488, increment 0
species: 
Regularization values: linear/quadratic/product: 1.000, categorical: 0.560, threshold: 1.940, hinge: 0.500
6 samples
Density: max memory 477626368, total allocated 79167488, free 53462000, used 25705488, increment 0
linearPredictor: max memory 477626368, total allocated 79167488, free 53462000, used 25705488, increment 0
FeaturedSpace: max memory 477626368, total allocated 79167488, free 53437424, used 25730064, increment 24576
Sequential: max memory 477626368, total allocated 79167488, free 53437424, used 25730064, increment 0
Initial loss: 2.4849066497880004
60: time = 0.005000 loss = 2.074313
Resulting gain: 0.410593300892645
Projecting...
Writing file E:\github_mauriciovancine\R-ENM\data\temp\raster\maxent\9971112755\species.csv
Ending
