Wed Mar 14 14:17:00 BRT 2018
MaxEnt version 3.4.1
Reading file absence
readGrid: max memory 477626368, total allocated 139460608, free 63203480, used 76257128, increment 51561584
Reading samples from presence
Read samples: max memory 477626368, total allocated 139460608, free 61317632, used 78142976, increment 1885848
Adding samples to background in feature space
Command line used:  autorun -e E:/github_mauriciovancine/R-ENM/data/temp/raster/maxent/7309416524/absence -o E:/github_mauriciovancine/R-ENM/data/temp/raster/maxent/7309416524 -s E:/github_mauriciovancine/R-ENM/data/temp/raster/maxent/7309416524/presence -z
Command line to repeat: java density.MaxEnt nowarnings noprefixes outputdirectory=E:/github_mauriciovancine/R-ENM/data/temp/raster/maxent/7309416524 samplesfile=E:/github_mauriciovancine/R-ENM/data/temp/raster/maxent/7309416524/presence environmentallayers=E:/github_mauriciovancine/R-ENM/data/temp/raster/maxent/7309416524/absence autorun novisible
Species: species
Layers: bio14 bio18 bio5
Layertypes: Continuous Continuous Continuous
outputdirectory: E:/github_mauriciovancine/R-ENM/data/temp/raster/maxent/7309416524
samplesfile: E:/github_mauriciovancine/R-ENM/data/temp/raster/maxent/7309416524/presence
environmentallayers: E:/github_mauriciovancine/R-ENM/data/temp/raster/maxent/7309416524/absence
autorun: true
visible: false

getSamples: max memory 477626368, total allocated 139460608, free 61317632, used 78142976, increment 0
Making features
makeFeatures: max memory 477626368, total allocated 139460608, free 61317632, used 78142976, increment 0
species: 
Regularization values: linear/quadratic/product: 0.346, categorical: 0.250, threshold: 1.750, hinge: 0.500
25 samples
Density: max memory 477626368, total allocated 139460608, free 61317632, used 78142976, increment 0
linearPredictor: max memory 477626368, total allocated 139460608, free 61317632, used 78142976, increment 0
FeaturedSpace: max memory 477626368, total allocated 139460608, free 61317632, used 78142976, increment 0
Sequential: max memory 477626368, total allocated 139460608, free 61317632, used 78142976, increment 0
Initial loss: 3.912023005428146
240: time = 0.032000 loss = 3.662950
Resulting gain: 0.2490730800252341
Projecting...
Writing file E:\github_mauriciovancine\R-ENM\data\temp\raster\maxent\7309416524\species.csv
Ending
