Wed Mar 14 14:48:50 BRT 2018
MaxEnt version 3.4.1
Reading file absence
readGrid: max memory 477626368, total allocated 63438848, free 21813064, used 41625784, increment 8323960
Reading samples from presence
Read samples: max memory 477626368, total allocated 63438848, free 21058352, used 42380496, increment 754712
Adding samples to background in feature space
Command line used:  autorun -e E:/github_mauriciovancine/R-ENM/data/temp/raster/maxent/4883351683/absence -o E:/github_mauriciovancine/R-ENM/data/temp/raster/maxent/4883351683 -s E:/github_mauriciovancine/R-ENM/data/temp/raster/maxent/4883351683/presence -z
Command line to repeat: java density.MaxEnt nowarnings noprefixes outputdirectory=E:/github_mauriciovancine/R-ENM/data/temp/raster/maxent/4883351683 samplesfile=E:/github_mauriciovancine/R-ENM/data/temp/raster/maxent/4883351683/presence environmentallayers=E:/github_mauriciovancine/R-ENM/data/temp/raster/maxent/4883351683/absence autorun novisible
Species: species
Layers: bio14 bio18 bio5
Layertypes: Continuous Continuous Continuous
outputdirectory: E:/github_mauriciovancine/R-ENM/data/temp/raster/maxent/4883351683
samplesfile: E:/github_mauriciovancine/R-ENM/data/temp/raster/maxent/4883351683/presence
environmentallayers: E:/github_mauriciovancine/R-ENM/data/temp/raster/maxent/4883351683/absence
autorun: true
visible: false

getSamples: max memory 477626368, total allocated 63438848, free 20303640, used 43135208, increment 754712
Making features
makeFeatures: max memory 477626368, total allocated 63438848, free 20303640, used 43135208, increment 0
species: 
Regularization values: linear/quadratic/product: 0.050, categorical: 0.250, threshold: 1.000, hinge: 0.500
138 samples
Density: max memory 477626368, total allocated 63438848, free 19926272, used 43512576, increment 377368
linearPredictor: max memory 477626368, total allocated 63438848, free 19926272, used 43512576, increment 0
FeaturedSpace: max memory 477626368, total allocated 63438848, free 19926272, used 43512576, increment 0
Sequential: max memory 477626368, total allocated 63438848, free 19926272, used 43512576, increment 0
Initial loss: 5.4638318050256105
500: time = 0.216000 loss = 4.686576
Resulting gain: 0.7772554120084507
Projecting...
Writing file E:\github_mauriciovancine\R-ENM\data\temp\raster\maxent\4883351683\species.csv
Ending
