Wed Mar 14 15:59:53 BRT 2018
MaxEnt version 3.4.1
Reading file absence
readGrid: max memory 477626368, total allocated 44564480, free 25423280, used 19141200, increment 11080168
Reading samples from presence
Read samples: max memory 477626368, total allocated 44564480, free 25423280, used 19141200, increment 0
Adding samples to background in feature space
Command line used:  autorun -e E:/github_mauriciovancine/R-ENM/data/temp/raster/maxent/10181702451/absence -o E:/github_mauriciovancine/R-ENM/data/temp/raster/maxent/10181702451 -s E:/github_mauriciovancine/R-ENM/data/temp/raster/maxent/10181702451/presence -z
Command line to repeat: java density.MaxEnt nowarnings noprefixes outputdirectory=E:/github_mauriciovancine/R-ENM/data/temp/raster/maxent/10181702451 samplesfile=E:/github_mauriciovancine/R-ENM/data/temp/raster/maxent/10181702451/presence environmentallayers=E:/github_mauriciovancine/R-ENM/data/temp/raster/maxent/10181702451/absence autorun novisible
Species: species
Layers: bio14 bio18 bio5
Layertypes: Continuous Continuous Continuous
outputdirectory: E:/github_mauriciovancine/R-ENM/data/temp/raster/maxent/10181702451
samplesfile: E:/github_mauriciovancine/R-ENM/data/temp/raster/maxent/10181702451/presence
environmentallayers: E:/github_mauriciovancine/R-ENM/data/temp/raster/maxent/10181702451/absence
autorun: true
visible: false

getSamples: max memory 477626368, total allocated 44564480, free 25046064, used 19518416, increment 377216
Making features
makeFeatures: max memory 477626368, total allocated 44564480, free 25046064, used 19518416, increment 0
species: 
Regularization values: linear/quadratic/product: 0.543, categorical: 0.286, threshold: 1.840, hinge: 0.500
16 samples
Density: max memory 477626368, total allocated 44564480, free 25046064, used 19518416, increment 0
linearPredictor: max memory 477626368, total allocated 44564480, free 25046064, used 19518416, increment 0
FeaturedSpace: max memory 477626368, total allocated 44564480, free 25046064, used 19518416, increment 0
Sequential: max memory 477626368, total allocated 44564480, free 25046064, used 19518416, increment 0
Initial loss: 3.4657359027997265
220: time = 0.016000 loss = 3.209314
Resulting gain: 0.25642188383957176
Projecting...
Writing file E:\github_mauriciovancine\R-ENM\data\temp\raster\maxent\10181702451\species.csv
Ending
