Wed Mar 14 15:51:45 BRT 2018
MaxEnt version 3.4.1
Reading file absence
readGrid: max memory 477626368, total allocated 42991616, free 22161656, used 20829960, increment -2259328
Reading samples from presence
Read samples: max memory 477626368, total allocated 42991616, free 22161656, used 20829960, increment 0
Adding samples to background in feature space
Command line used:  autorun -e E:/github_mauriciovancine/R-ENM/data/temp/raster/maxent/9018165916/absence -o E:/github_mauriciovancine/R-ENM/data/temp/raster/maxent/9018165916 -s E:/github_mauriciovancine/R-ENM/data/temp/raster/maxent/9018165916/presence -z
Command line to repeat: java density.MaxEnt nowarnings noprefixes outputdirectory=E:/github_mauriciovancine/R-ENM/data/temp/raster/maxent/9018165916 samplesfile=E:/github_mauriciovancine/R-ENM/data/temp/raster/maxent/9018165916/presence environmentallayers=E:/github_mauriciovancine/R-ENM/data/temp/raster/maxent/9018165916/absence autorun novisible
Species: species
Layers: bio14 bio18 bio5
Layertypes: Continuous Continuous Continuous
outputdirectory: E:/github_mauriciovancine/R-ENM/data/temp/raster/maxent/9018165916
samplesfile: E:/github_mauriciovancine/R-ENM/data/temp/raster/maxent/9018165916/presence
environmentallayers: E:/github_mauriciovancine/R-ENM/data/temp/raster/maxent/9018165916/absence
autorun: true
visible: false

getSamples: max memory 477626368, total allocated 42991616, free 21759856, used 21231760, increment 401800
Making features
makeFeatures: max memory 477626368, total allocated 42991616, free 21759856, used 21231760, increment 0
species: 
Regularization values: linear/quadratic/product: 0.346, categorical: 0.250, threshold: 1.750, hinge: 0.500
25 samples
Density: max memory 477626368, total allocated 42991616, free 21759856, used 21231760, increment 0
linearPredictor: max memory 477626368, total allocated 42991616, free 21759856, used 21231760, increment 0
FeaturedSpace: max memory 477626368, total allocated 42991616, free 21759856, used 21231760, increment 0
Sequential: max memory 477626368, total allocated 42991616, free 21759856, used 21231760, increment 0
Initial loss: 3.8918202981106265
200: time = 0.027000 loss = 3.628020
Resulting gain: 0.2638007473030939
Projecting...
Writing file E:\github_mauriciovancine\R-ENM\data\temp\raster\maxent\9018165916\species.csv
Ending
