Wed Mar 14 15:59:44 BRT 2018
MaxEnt version 3.4.1
Reading file absence
readGrid: max memory 477626368, total allocated 42991616, free 20206536, used 22785080, increment -3449544
Reading samples from presence
Read samples: max memory 477626368, total allocated 42991616, free 20206536, used 22785080, increment 0
Adding samples to background in feature space
Command line used:  autorun -e E:/github_mauriciovancine/R-ENM/data/temp/raster/maxent/1627874143/absence -o E:/github_mauriciovancine/R-ENM/data/temp/raster/maxent/1627874143 -s E:/github_mauriciovancine/R-ENM/data/temp/raster/maxent/1627874143/presence -z
Command line to repeat: java density.MaxEnt nowarnings noprefixes outputdirectory=E:/github_mauriciovancine/R-ENM/data/temp/raster/maxent/1627874143 samplesfile=E:/github_mauriciovancine/R-ENM/data/temp/raster/maxent/1627874143/presence environmentallayers=E:/github_mauriciovancine/R-ENM/data/temp/raster/maxent/1627874143/absence autorun novisible
Species: species
Layers: bio14 bio18 bio5
Layertypes: Continuous Continuous Continuous
outputdirectory: E:/github_mauriciovancine/R-ENM/data/temp/raster/maxent/1627874143
samplesfile: E:/github_mauriciovancine/R-ENM/data/temp/raster/maxent/1627874143/presence
environmentallayers: E:/github_mauriciovancine/R-ENM/data/temp/raster/maxent/1627874143/absence
autorun: true
visible: false

getSamples: max memory 477626368, total allocated 42991616, free 19807296, used 23184320, increment 399240
Making features
makeFeatures: max memory 477626368, total allocated 42991616, free 19807296, used 23184320, increment 0
species: 
Regularization values: linear/quadratic/product: 0.346, categorical: 0.250, threshold: 1.750, hinge: 0.500
25 samples
Density: max memory 477626368, total allocated 42991616, free 19807296, used 23184320, increment 0
linearPredictor: max memory 477626368, total allocated 42991616, free 19807296, used 23184320, increment 0
FeaturedSpace: max memory 477626368, total allocated 42991616, free 19807296, used 23184320, increment 0
Sequential: max memory 477626368, total allocated 42991616, free 19807296, used 23184320, increment 0
Initial loss: 3.8918202981106265
180: time = 0.016000 loss = 3.599392
Resulting gain: 0.2924283547646951
Projecting...
Writing file E:\github_mauriciovancine\R-ENM\data\temp\raster\maxent\1627874143\species.csv
Ending
