Wed Mar 14 14:38:45 BRT 2018
MaxEnt version 3.4.1
Reading file absence
readGrid: max memory 477626368, total allocated 76546048, free 57979920, used 18566128, increment 423080
Reading samples from presence
Read samples: max memory 477626368, total allocated 76546048, free 57979920, used 18566128, increment 0
Adding samples to background in feature space
Command line used:  autorun -e E:/github_mauriciovancine/R-ENM/data/temp/raster/maxent/9033383612/absence -o E:/github_mauriciovancine/R-ENM/data/temp/raster/maxent/9033383612 -s E:/github_mauriciovancine/R-ENM/data/temp/raster/maxent/9033383612/presence -z
Command line to repeat: java density.MaxEnt nowarnings noprefixes outputdirectory=E:/github_mauriciovancine/R-ENM/data/temp/raster/maxent/9033383612 samplesfile=E:/github_mauriciovancine/R-ENM/data/temp/raster/maxent/9033383612/presence environmentallayers=E:/github_mauriciovancine/R-ENM/data/temp/raster/maxent/9033383612/absence autorun novisible
Species: species
Layers: bio14 bio18 bio5
Layertypes: Continuous Continuous Continuous
outputdirectory: E:/github_mauriciovancine/R-ENM/data/temp/raster/maxent/9033383612
samplesfile: E:/github_mauriciovancine/R-ENM/data/temp/raster/maxent/9033383612/presence
environmentallayers: E:/github_mauriciovancine/R-ENM/data/temp/raster/maxent/9033383612/absence
autorun: true
visible: false

getSamples: max memory 477626368, total allocated 76546048, free 57382368, used 19163680, increment 597552
Making features
makeFeatures: max memory 477626368, total allocated 76546048, free 57382368, used 19163680, increment 0
species: 
Regularization values: linear/quadratic/product: 0.193, categorical: 0.250, threshold: 1.500, hinge: 0.500
50 samples
Density: max memory 477626368, total allocated 76546048, free 57382368, used 19163680, increment 0
linearPredictor: max memory 477626368, total allocated 76546048, free 57382368, used 19163680, increment 0
FeaturedSpace: max memory 477626368, total allocated 76546048, free 57382368, used 19163680, increment 0
Sequential: max memory 477626368, total allocated 76546048, free 57382368, used 19163680, increment 0
Initial loss: 4.584967478670572
320: time = 0.085000 loss = 4.217815
Resulting gain: 0.36715228988052395
Projecting...
Writing file E:\github_mauriciovancine\R-ENM\data\temp\raster\maxent\9033383612\species.csv
Ending
