Wed Mar 14 15:52:37 BRT 2018
MaxEnt version 3.4.1
Reading file absence
readGrid: max memory 477626368, total allocated 42991616, free 17369848, used 25621768, increment 10522320
Reading samples from presence
Read samples: max memory 477626368, total allocated 42991616, free 17369848, used 25621768, increment 0
Adding samples to background in feature space
Command line used:  autorun -e E:/github_mauriciovancine/R-ENM/data/temp/raster/maxent/3112202673/absence -o E:/github_mauriciovancine/R-ENM/data/temp/raster/maxent/3112202673 -s E:/github_mauriciovancine/R-ENM/data/temp/raster/maxent/3112202673/presence -z
Command line to repeat: java density.MaxEnt nowarnings noprefixes outputdirectory=E:/github_mauriciovancine/R-ENM/data/temp/raster/maxent/3112202673 samplesfile=E:/github_mauriciovancine/R-ENM/data/temp/raster/maxent/3112202673/presence environmentallayers=E:/github_mauriciovancine/R-ENM/data/temp/raster/maxent/3112202673/absence autorun novisible
Species: species
Layers: bio14 bio18 bio5
Layertypes: Continuous Continuous Continuous
outputdirectory: E:/github_mauriciovancine/R-ENM/data/temp/raster/maxent/3112202673
samplesfile: E:/github_mauriciovancine/R-ENM/data/temp/raster/maxent/3112202673/presence
environmentallayers: E:/github_mauriciovancine/R-ENM/data/temp/raster/maxent/3112202673/absence
autorun: true
visible: false

getSamples: max memory 477626368, total allocated 42991616, free 17369848, used 25621768, increment 0
Making features
makeFeatures: max memory 477626368, total allocated 42991616, free 16993232, used 25998384, increment 376616
species: 
Regularization values: linear/quadratic/product: 0.543, categorical: 0.286, threshold: 1.840, hinge: 0.500
16 samples
Density: max memory 477626368, total allocated 42991616, free 16993232, used 25998384, increment 0
linearPredictor: max memory 477626368, total allocated 42991616, free 16993232, used 25998384, increment 0
FeaturedSpace: max memory 477626368, total allocated 42991616, free 16993232, used 25998384, increment 0
Sequential: max memory 477626368, total allocated 42991616, free 16993232, used 25998384, increment 0
Initial loss: 3.4657359027997265
160: time = 0.024000 loss = 3.165085
Resulting gain: 0.30065088883623936
Projecting...
Writing file E:\github_mauriciovancine\R-ENM\data\temp\raster\maxent\3112202673\species.csv
Ending
