Wed Mar 14 14:38:43 BRT 2018
MaxEnt version 3.4.1
Reading file absence
readGrid: max memory 477626368, total allocated 78118912, free 60594432, used 17524480, increment -4366360
Reading samples from presence
Read samples: max memory 477626368, total allocated 78118912, free 60594432, used 17524480, increment 0
Adding samples to background in feature space
Command line used:  autorun -e E:/github_mauriciovancine/R-ENM/data/temp/raster/maxent/62481081675/absence -o E:/github_mauriciovancine/R-ENM/data/temp/raster/maxent/62481081675 -s E:/github_mauriciovancine/R-ENM/data/temp/raster/maxent/62481081675/presence -z
Command line to repeat: java density.MaxEnt nowarnings noprefixes outputdirectory=E:/github_mauriciovancine/R-ENM/data/temp/raster/maxent/62481081675 samplesfile=E:/github_mauriciovancine/R-ENM/data/temp/raster/maxent/62481081675/presence environmentallayers=E:/github_mauriciovancine/R-ENM/data/temp/raster/maxent/62481081675/absence autorun novisible
Species: species
Layers: bio14 bio18 bio5
Layertypes: Continuous Continuous Continuous
outputdirectory: E:/github_mauriciovancine/R-ENM/data/temp/raster/maxent/62481081675
samplesfile: E:/github_mauriciovancine/R-ENM/data/temp/raster/maxent/62481081675/presence
environmentallayers: E:/github_mauriciovancine/R-ENM/data/temp/raster/maxent/62481081675/absence
autorun: true
visible: false

getSamples: max memory 477626368, total allocated 78118912, free 59975864, used 18143048, increment 618568
Making features
makeFeatures: max memory 477626368, total allocated 78118912, free 59975864, used 18143048, increment 0
species: 
Regularization values: linear/quadratic/product: 0.193, categorical: 0.250, threshold: 1.500, hinge: 0.500
50 samples
Density: max memory 477626368, total allocated 78118912, free 59975864, used 18143048, increment 0
linearPredictor: max memory 477626368, total allocated 78118912, free 59975864, used 18143048, increment 0
FeaturedSpace: max memory 477626368, total allocated 78118912, free 59975864, used 18143048, increment 0
Sequential: max memory 477626368, total allocated 78118912, free 59975864, used 18143048, increment 0
Initial loss: 4.584967478670572
280: time = 0.058000 loss = 4.211322
Resulting gain: 0.3736458478247364
Projecting...
Writing file E:\github_mauriciovancine\R-ENM\data\temp\raster\maxent\62481081675\species.csv
Ending
