Sun Feb 11 12:25:10 BRST 2018
MaxEnt version 3.4.1
Reading file absence
readGrid: max memory 477626368, total allocated 63438848, free 58017448, used 5421400, increment -8822600
Reading samples from presence
Read samples: max memory 477626368, total allocated 63438848, free 58017448, used 5421400, increment 0
Adding samples to background in feature space
Command line used:  autorun -e E:/github_mauriciovancine/R-ENM/data/temp/raster/maxent/9005384073/absence -o E:/github_mauriciovancine/R-ENM/data/temp/raster/maxent/9005384073 -s E:/github_mauriciovancine/R-ENM/data/temp/raster/maxent/9005384073/presence -z
Command line to repeat: java density.MaxEnt nowarnings noprefixes outputdirectory=E:/github_mauriciovancine/R-ENM/data/temp/raster/maxent/9005384073 samplesfile=E:/github_mauriciovancine/R-ENM/data/temp/raster/maxent/9005384073/presence environmentallayers=E:/github_mauriciovancine/R-ENM/data/temp/raster/maxent/9005384073/absence autorun novisible
Species: species
Layers: bio14 bio2 bio4
Layertypes: Continuous Continuous Continuous
outputdirectory: E:/github_mauriciovancine/R-ENM/data/temp/raster/maxent/9005384073
samplesfile: E:/github_mauriciovancine/R-ENM/data/temp/raster/maxent/9005384073/presence
environmentallayers: E:/github_mauriciovancine/R-ENM/data/temp/raster/maxent/9005384073/absence
autorun: true
visible: false

getSamples: max memory 477626368, total allocated 63438848, free 57704240, used 5734608, increment 313208
Making features
makeFeatures: max memory 477626368, total allocated 63438848, free 57704240, used 5734608, increment 0
species: 
Regularization values: linear/quadratic/product: 0.365, categorical: 0.250, threshold: 1.760, hinge: 0.500
24 samples
Density: max memory 477626368, total allocated 63438848, free 57704240, used 5734608, increment 0
linearPredictor: max memory 477626368, total allocated 63438848, free 57704240, used 5734608, increment 0
FeaturedSpace: max memory 477626368, total allocated 63438848, free 57704240, used 5734608, increment 0
Sequential: max memory 477626368, total allocated 63438848, free 57704240, used 5734608, increment 0
Initial loss: 3.8501476017100584
180: time = 0.277000 loss = 3.602225
Resulting gain: 0.24792287849535732
Projecting...
Writing file E:\github_mauriciovancine\R-ENM\data\temp\raster\maxent\9005384073\species.csv
Ending
