Wed Mar 14 15:59:35 BRT 2018
MaxEnt version 3.4.1
Reading file absence
readGrid: max memory 477626368, total allocated 42991616, free 23761808, used 19229808, increment -1710416
Reading samples from presence
Read samples: max memory 477626368, total allocated 42991616, free 23761808, used 19229808, increment 0
Adding samples to background in feature space
Command line used:  autorun -e E:/github_mauriciovancine/R-ENM/data/temp/raster/maxent/9846483877/absence -o E:/github_mauriciovancine/R-ENM/data/temp/raster/maxent/9846483877 -s E:/github_mauriciovancine/R-ENM/data/temp/raster/maxent/9846483877/presence -z
Command line to repeat: java density.MaxEnt nowarnings noprefixes outputdirectory=E:/github_mauriciovancine/R-ENM/data/temp/raster/maxent/9846483877 samplesfile=E:/github_mauriciovancine/R-ENM/data/temp/raster/maxent/9846483877/presence environmentallayers=E:/github_mauriciovancine/R-ENM/data/temp/raster/maxent/9846483877/absence autorun novisible
Species: species
Layers: bio14 bio18 bio5
Layertypes: Continuous Continuous Continuous
outputdirectory: E:/github_mauriciovancine/R-ENM/data/temp/raster/maxent/9846483877
samplesfile: E:/github_mauriciovancine/R-ENM/data/temp/raster/maxent/9846483877/presence
environmentallayers: E:/github_mauriciovancine/R-ENM/data/temp/raster/maxent/9846483877/absence
autorun: true
visible: false

getSamples: max memory 477626368, total allocated 42991616, free 23384432, used 19607184, increment 377376
Making features
makeFeatures: max memory 477626368, total allocated 42991616, free 23384432, used 19607184, increment 0
species: 
Regularization values: linear/quadratic/product: 0.346, categorical: 0.250, threshold: 1.750, hinge: 0.500
25 samples
Density: max memory 477626368, total allocated 42991616, free 23384432, used 19607184, increment 0
linearPredictor: max memory 477626368, total allocated 42991616, free 23384432, used 19607184, increment 0
FeaturedSpace: max memory 477626368, total allocated 42991616, free 23384432, used 19607184, increment 0
Sequential: max memory 477626368, total allocated 42991616, free 23384432, used 19607184, increment 0
Initial loss: 3.8918202981106265
100: time = 0.000000 loss = 3.642459
Resulting gain: 0.24936130500211906
Projecting...
Writing file E:\github_mauriciovancine\R-ENM\data\temp\raster\maxent\9846483877\species.csv
Ending
