Wed Feb 21 20:00:19 BRT 2018
MaxEnt version 3.4.1
Reading file absence
readGrid: max memory 477626368, total allocated 63438848, free 56691456, used 6747392, increment -9426240
Reading samples from presence
Read samples: max memory 477626368, total allocated 63438848, free 56377288, used 7061560, increment 314168
Adding samples to background in feature space
Command line used:  autorun -e E:/github_mauriciovancine/R-ENM/data/temp/raster/maxent/7158571335/absence -o E:/github_mauriciovancine/R-ENM/data/temp/raster/maxent/7158571335 -s E:/github_mauriciovancine/R-ENM/data/temp/raster/maxent/7158571335/presence -z
Command line to repeat: java density.MaxEnt nowarnings noprefixes outputdirectory=E:/github_mauriciovancine/R-ENM/data/temp/raster/maxent/7158571335 samplesfile=E:/github_mauriciovancine/R-ENM/data/temp/raster/maxent/7158571335/presence environmentallayers=E:/github_mauriciovancine/R-ENM/data/temp/raster/maxent/7158571335/absence autorun novisible
Species: species
Layers: bio14 bio18 bio5
Layertypes: Continuous Continuous Continuous
outputdirectory: E:/github_mauriciovancine/R-ENM/data/temp/raster/maxent/7158571335
samplesfile: E:/github_mauriciovancine/R-ENM/data/temp/raster/maxent/7158571335/presence
environmentallayers: E:/github_mauriciovancine/R-ENM/data/temp/raster/maxent/7158571335/absence
autorun: true
visible: false

getSamples: max memory 477626368, total allocated 63438848, free 56063112, used 7375736, increment 314176
Making features
makeFeatures: max memory 477626368, total allocated 63438848, free 56063112, used 7375736, increment 0
species: 
Regularization values: linear/quadratic/product: 0.346, categorical: 0.250, threshold: 1.750, hinge: 0.500
25 samples
Density: max memory 477626368, total allocated 63438848, free 56063112, used 7375736, increment 0
linearPredictor: max memory 477626368, total allocated 63438848, free 56063112, used 7375736, increment 0
FeaturedSpace: max memory 477626368, total allocated 63438848, free 56063112, used 7375736, increment 0
Sequential: max memory 477626368, total allocated 63438848, free 56063112, used 7375736, increment 0
Initial loss: 3.8918202981106265
260: time = 0.038000 loss = 3.574150
Resulting gain: 0.317670746721757
Projecting...
Writing file E:\github_mauriciovancine\R-ENM\data\temp\raster\maxent\7158571335\species.csv
Ending
