Wed Mar 14 14:48:54 BRT 2018
MaxEnt version 3.4.1
Reading file absence
readGrid: max memory 477626368, total allocated 63438848, free 28455832, used 34983016, increment -8529560
Reading samples from presence
Read samples: max memory 477626368, total allocated 63438848, free 28055000, used 35383848, increment 400832
Adding samples to background in feature space
Command line used:  autorun -e E:/github_mauriciovancine/R-ENM/data/temp/raster/maxent/9756854008/absence -o E:/github_mauriciovancine/R-ENM/data/temp/raster/maxent/9756854008 -s E:/github_mauriciovancine/R-ENM/data/temp/raster/maxent/9756854008/presence -z
Command line to repeat: java density.MaxEnt nowarnings noprefixes outputdirectory=E:/github_mauriciovancine/R-ENM/data/temp/raster/maxent/9756854008 samplesfile=E:/github_mauriciovancine/R-ENM/data/temp/raster/maxent/9756854008/presence environmentallayers=E:/github_mauriciovancine/R-ENM/data/temp/raster/maxent/9756854008/absence autorun novisible
Species: species
Layers: bio14 bio18 bio5
Layertypes: Continuous Continuous Continuous
outputdirectory: E:/github_mauriciovancine/R-ENM/data/temp/raster/maxent/9756854008
samplesfile: E:/github_mauriciovancine/R-ENM/data/temp/raster/maxent/9756854008/presence
environmentallayers: E:/github_mauriciovancine/R-ENM/data/temp/raster/maxent/9756854008/absence
autorun: true
visible: false

getSamples: max memory 477626368, total allocated 63438848, free 26926352, used 36512496, increment 1128648
Making features
makeFeatures: max memory 477626368, total allocated 63438848, free 26926352, used 36512496, increment 0
species: 
Regularization values: linear/quadratic/product: 0.050, categorical: 0.250, threshold: 1.000, hinge: 0.500
137 samples
Density: max memory 477626368, total allocated 63438848, free 26548520, used 36890328, increment 377832
linearPredictor: max memory 477626368, total allocated 63438848, free 26548520, used 36890328, increment 0
FeaturedSpace: max memory 477626368, total allocated 63438848, free 26548520, used 36890328, increment 0
Sequential: max memory 477626368, total allocated 63438848, free 26548520, used 36890328, increment 0
Initial loss: 5.583496308781699
220: time = 0.159000 loss = 4.984415
Resulting gain: 0.599080844269392
Projecting...
Writing file E:\github_mauriciovancine\R-ENM\data\temp\raster\maxent\9756854008\species.csv
Ending
