Wed Feb 21 00:02:46 BRT 2018
MaxEnt version 3.4.1
Reading file absence
readGrid: max memory 477626368, total allocated 62914560, free 40160776, used 22753784, increment 946344
Reading samples from presence
Read samples: max memory 477626368, total allocated 62914560, free 39815624, used 23098936, increment 345152
Adding samples to background in feature space
Command line used:  autorun -e E:/github_mauriciovancine/R-ENM/data/temp/raster/maxent/5429228431/absence -o E:/github_mauriciovancine/R-ENM/data/temp/raster/maxent/5429228431 -s E:/github_mauriciovancine/R-ENM/data/temp/raster/maxent/5429228431/presence -z
Command line to repeat: java density.MaxEnt nowarnings noprefixes outputdirectory=E:/github_mauriciovancine/R-ENM/data/temp/raster/maxent/5429228431 samplesfile=E:/github_mauriciovancine/R-ENM/data/temp/raster/maxent/5429228431/presence environmentallayers=E:/github_mauriciovancine/R-ENM/data/temp/raster/maxent/5429228431/absence autorun novisible
Species: species
Layers: bio14 bio18 bio5
Layertypes: Continuous Continuous Continuous
outputdirectory: E:/github_mauriciovancine/R-ENM/data/temp/raster/maxent/5429228431
samplesfile: E:/github_mauriciovancine/R-ENM/data/temp/raster/maxent/5429228431/presence
environmentallayers: E:/github_mauriciovancine/R-ENM/data/temp/raster/maxent/5429228431/absence
autorun: true
visible: false

getSamples: max memory 477626368, total allocated 62914560, free 39815624, used 23098936, increment 0
Making features
makeFeatures: max memory 477626368, total allocated 62914560, free 39470424, used 23444136, increment 345200
species: 
Regularization values: linear/quadratic/product: 0.346, categorical: 0.250, threshold: 1.750, hinge: 0.500
25 samples
Density: max memory 477626368, total allocated 62914560, free 39470424, used 23444136, increment 0
linearPredictor: max memory 477626368, total allocated 62914560, free 39470424, used 23444136, increment 0
FeaturedSpace: max memory 477626368, total allocated 62914560, free 39470424, used 23444136, increment 0
Sequential: max memory 477626368, total allocated 62914560, free 39470424, used 23444136, increment 0
Initial loss: 3.8918202981106265
100: time = 0.000000 loss = 3.618199
Resulting gain: 0.2736215092336103
Projecting...
Writing file E:\github_mauriciovancine\R-ENM\data\temp\raster\maxent\5429228431\species.csv
Ending
