Thu Jan 11 21:38:18 BRST 2018
MaxEnt version 3.4.1
Reading file absence
readGrid: max memory 477626368, total allocated 150994944, free 130549984, used 20444960, increment 13503112
Reading samples from presence
Read samples: max memory 477626368, total allocated 150994944, free 130549984, used 20444960, increment 0
Adding samples to background in feature space
Command line used:  autorun -e E:/github_mauriciovancine/R-ENM/data/temp/raster/maxent/5459485272/absence -o E:/github_mauriciovancine/R-ENM/data/temp/raster/maxent/5459485272 -s E:/github_mauriciovancine/R-ENM/data/temp/raster/maxent/5459485272/presence -z
Command line to repeat: java density.MaxEnt nowarnings noprefixes outputdirectory=E:/github_mauriciovancine/R-ENM/data/temp/raster/maxent/5459485272 samplesfile=E:/github_mauriciovancine/R-ENM/data/temp/raster/maxent/5459485272/presence environmentallayers=E:/github_mauriciovancine/R-ENM/data/temp/raster/maxent/5459485272/absence autorun novisible
Species: species
Layers: bio14 bio18 bio19 bio5
Layertypes: Continuous Continuous Continuous Continuous
outputdirectory: E:/github_mauriciovancine/R-ENM/data/temp/raster/maxent/5459485272
samplesfile: E:/github_mauriciovancine/R-ENM/data/temp/raster/maxent/5459485272/presence
environmentallayers: E:/github_mauriciovancine/R-ENM/data/temp/raster/maxent/5459485272/absence
autorun: true
visible: false

getSamples: max memory 477626368, total allocated 150994944, free 130549984, used 20444960, increment 0
Making features
makeFeatures: max memory 477626368, total allocated 150994944, free 130549984, used 20444960, increment 0
species: 
Regularization values: linear/quadratic/product: 1.000, categorical: 0.560, threshold: 1.940, hinge: 0.500
6 samples
Density: max memory 477626368, total allocated 150994944, free 130549984, used 20444960, increment 0
linearPredictor: max memory 477626368, total allocated 150994944, free 130549984, used 20444960, increment 0
FeaturedSpace: max memory 477626368, total allocated 150994944, free 130549984, used 20444960, increment 0
Sequential: max memory 477626368, total allocated 150994944, free 130549984, used 20444960, increment 0
Initial loss: 2.4849066497880004
100: time = 0.006000 loss = 2.197607
Resulting gain: 0.28729930869310527
Projecting...
Writing file E:\github_mauriciovancine\R-ENM\data\temp\raster\maxent\5459485272\species.csv
Ending
