Wed Mar 14 15:35:09 BRT 2018
MaxEnt version 3.4.1
Reading file absence
readGrid: max memory 477626368, total allocated 62914560, free 23463432, used 39451128, increment -10150872
Reading samples from presence
Read samples: max memory 477626368, total allocated 62914560, free 22710960, used 40203600, increment 752472
Adding samples to background in feature space
Command line used:  autorun -e E:/github_mauriciovancine/R-ENM/data/temp/raster/maxent/58404351047/absence -o E:/github_mauriciovancine/R-ENM/data/temp/raster/maxent/58404351047 -s E:/github_mauriciovancine/R-ENM/data/temp/raster/maxent/58404351047/presence -z
Command line to repeat: java density.MaxEnt nowarnings noprefixes outputdirectory=E:/github_mauriciovancine/R-ENM/data/temp/raster/maxent/58404351047 samplesfile=E:/github_mauriciovancine/R-ENM/data/temp/raster/maxent/58404351047/presence environmentallayers=E:/github_mauriciovancine/R-ENM/data/temp/raster/maxent/58404351047/absence autorun novisible
Species: species
Layers: bio14 bio18 bio5
Layertypes: Continuous Continuous Continuous
outputdirectory: E:/github_mauriciovancine/R-ENM/data/temp/raster/maxent/58404351047
samplesfile: E:/github_mauriciovancine/R-ENM/data/temp/raster/maxent/58404351047/presence
environmentallayers: E:/github_mauriciovancine/R-ENM/data/temp/raster/maxent/58404351047/absence
autorun: true
visible: false

getSamples: max memory 477626368, total allocated 62914560, free 21958424, used 40956136, increment 752536
Making features
makeFeatures: max memory 477626368, total allocated 62914560, free 21958424, used 40956136, increment 0
species: 
Regularization values: linear/quadratic/product: 0.050, categorical: 0.250, threshold: 1.000, hinge: 0.500
134 samples
Density: max memory 477626368, total allocated 62914560, free 21580824, used 41333736, increment 377600
linearPredictor: max memory 477626368, total allocated 62914560, free 21580824, used 41333736, increment 0
FeaturedSpace: max memory 477626368, total allocated 62914560, free 21580824, used 41333736, increment 0
Sequential: max memory 477626368, total allocated 62914560, free 21580824, used 41333736, increment 0
Initial loss: 5.44673737166631
500: time = 0.269000 loss = 4.489276
Resulting gain: 0.9574613108866616
Projecting...
Writing file E:\github_mauriciovancine\R-ENM\data\temp\raster\maxent\58404351047\species.csv
Ending
