Wed Mar 14 15:51:25 BRT 2018
MaxEnt version 3.4.1
Reading file absence
readGrid: max memory 477626368, total allocated 45613056, free 17351464, used 28261592, increment -6739712
Reading samples from presence
Read samples: max memory 477626368, total allocated 45613056, free 16580440, used 29032616, increment 771024
Adding samples to background in feature space
Command line used:  autorun -e E:/github_mauriciovancine/R-ENM/data/temp/raster/maxent/0243454806/absence -o E:/github_mauriciovancine/R-ENM/data/temp/raster/maxent/0243454806 -s E:/github_mauriciovancine/R-ENM/data/temp/raster/maxent/0243454806/presence -z
Command line to repeat: java density.MaxEnt nowarnings noprefixes outputdirectory=E:/github_mauriciovancine/R-ENM/data/temp/raster/maxent/0243454806 samplesfile=E:/github_mauriciovancine/R-ENM/data/temp/raster/maxent/0243454806/presence environmentallayers=E:/github_mauriciovancine/R-ENM/data/temp/raster/maxent/0243454806/absence autorun novisible
Species: species
Layers: bio14 bio18 bio5
Layertypes: Continuous Continuous Continuous
outputdirectory: E:/github_mauriciovancine/R-ENM/data/temp/raster/maxent/0243454806
samplesfile: E:/github_mauriciovancine/R-ENM/data/temp/raster/maxent/0243454806/presence
environmentallayers: E:/github_mauriciovancine/R-ENM/data/temp/raster/maxent/0243454806/absence
autorun: true
visible: false

getSamples: max memory 477626368, total allocated 45613056, free 15448472, used 30164584, increment 1131968
Making features
makeFeatures: max memory 477626368, total allocated 45613056, free 15448472, used 30164584, increment 0
species: 
Regularization values: linear/quadratic/product: 0.050, categorical: 0.250, threshold: 1.000, hinge: 0.500
137 samples
Density: max memory 477626368, total allocated 45613056, free 15448472, used 30164584, increment 0
linearPredictor: max memory 477626368, total allocated 45613056, free 15448472, used 30164584, increment 0
FeaturedSpace: max memory 477626368, total allocated 45613056, free 15448472, used 30164584, increment 0
Sequential: max memory 477626368, total allocated 45613056, free 15448472, used 30164584, increment 0
Initial loss: 5.5254529391317835
500: time = 0.243000 loss = 4.811701
Resulting gain: 0.7137515135880816
Projecting...
Writing file E:\github_mauriciovancine\R-ENM\data\temp\raster\maxent\0243454806\species.csv
Ending
