Tue Feb 20 23:34:15 BRT 2018
MaxEnt version 3.4.1
Reading file absence
readGrid: max memory 477626368, total allocated 60293120, free 53566808, used 6726312, increment -9030472
Reading samples from presence
Read samples: max memory 477626368, total allocated 60293120, free 53566808, used 6726312, increment 0
Adding samples to background in feature space
Command line used:  autorun -e E:/github_mauriciovancine/R-ENM/data/temp/raster/maxent/33329631053/absence -o E:/github_mauriciovancine/R-ENM/data/temp/raster/maxent/33329631053 -s E:/github_mauriciovancine/R-ENM/data/temp/raster/maxent/33329631053/presence -z
Command line to repeat: java density.MaxEnt nowarnings noprefixes outputdirectory=E:/github_mauriciovancine/R-ENM/data/temp/raster/maxent/33329631053 samplesfile=E:/github_mauriciovancine/R-ENM/data/temp/raster/maxent/33329631053/presence environmentallayers=E:/github_mauriciovancine/R-ENM/data/temp/raster/maxent/33329631053/absence autorun novisible
Species: species
Layers: bio14 bio18 bio5
Layertypes: Continuous Continuous Continuous
outputdirectory: E:/github_mauriciovancine/R-ENM/data/temp/raster/maxent/33329631053
samplesfile: E:/github_mauriciovancine/R-ENM/data/temp/raster/maxent/33329631053/presence
environmentallayers: E:/github_mauriciovancine/R-ENM/data/temp/raster/maxent/33329631053/absence
autorun: true
visible: false

getSamples: max memory 477626368, total allocated 60293120, free 53242200, used 7050920, increment 324608
Making features
makeFeatures: max memory 477626368, total allocated 60293120, free 53242200, used 7050920, increment 0
species: 
Regularization values: linear/quadratic/product: 0.346, categorical: 0.250, threshold: 1.750, hinge: 0.500
25 samples
Density: max memory 477626368, total allocated 60293120, free 52917376, used 7375744, increment 324824
linearPredictor: max memory 477626368, total allocated 60293120, free 52917376, used 7375744, increment 0
FeaturedSpace: max memory 477626368, total allocated 60293120, free 52917376, used 7375744, increment 0
Sequential: max memory 477626368, total allocated 60293120, free 52917376, used 7375744, increment 0
Initial loss: 3.912023005428146
200: time = 0.067000 loss = 3.597988
Resulting gain: 0.31403482013149686
Projecting...
Writing file E:\github_mauriciovancine\R-ENM\data\temp\raster\maxent\33329631053\species.csv
Ending
