Wed Mar 14 14:38:51 BRT 2018
MaxEnt version 3.4.1
Reading file absence
readGrid: max memory 477626368, total allocated 73924608, free 39239048, used 34685560, increment 8931464
Reading samples from presence
Read samples: max memory 477626368, total allocated 73924608, free 38684544, used 35240064, increment 554504
Adding samples to background in feature space
Command line used:  autorun -e E:/github_mauriciovancine/R-ENM/data/temp/raster/maxent/2049716735/absence -o E:/github_mauriciovancine/R-ENM/data/temp/raster/maxent/2049716735 -s E:/github_mauriciovancine/R-ENM/data/temp/raster/maxent/2049716735/presence -z
Command line to repeat: java density.MaxEnt nowarnings noprefixes outputdirectory=E:/github_mauriciovancine/R-ENM/data/temp/raster/maxent/2049716735 samplesfile=E:/github_mauriciovancine/R-ENM/data/temp/raster/maxent/2049716735/presence environmentallayers=E:/github_mauriciovancine/R-ENM/data/temp/raster/maxent/2049716735/absence autorun novisible
Species: species
Layers: bio14 bio18 bio5
Layertypes: Continuous Continuous Continuous
outputdirectory: E:/github_mauriciovancine/R-ENM/data/temp/raster/maxent/2049716735
samplesfile: E:/github_mauriciovancine/R-ENM/data/temp/raster/maxent/2049716735/presence
environmentallayers: E:/github_mauriciovancine/R-ENM/data/temp/raster/maxent/2049716735/absence
autorun: true
visible: false

getSamples: max memory 477626368, total allocated 73924608, free 38684544, used 35240064, increment 0
Making features
makeFeatures: max memory 477626368, total allocated 73924608, free 38684544, used 35240064, increment 0
species: 
Regularization values: linear/quadratic/product: 0.193, categorical: 0.250, threshold: 1.500, hinge: 0.500
50 samples
Density: max memory 477626368, total allocated 73924608, free 38130064, used 35794544, increment 554480
linearPredictor: max memory 477626368, total allocated 73924608, free 38130064, used 35794544, increment 0
FeaturedSpace: max memory 477626368, total allocated 73924608, free 38130064, used 35794544, increment 0
Sequential: max memory 477626368, total allocated 73924608, free 38130064, used 35794544, increment 0
Initial loss: 4.584967478670572
500: time = 0.119000 loss = 4.145144
Resulting gain: 0.43982304881844403
Projecting...
Writing file E:\github_mauriciovancine\R-ENM\data\temp\raster\maxent\2049716735\species.csv
Ending
