Thu Jan 11 21:37:37 BRST 2018
MaxEnt version 3.4.1
Reading file absence
readGrid: max memory 477626368, total allocated 62390272, free 50010624, used 12379648, increment 12379648
Reading samples from presence
Read samples: max memory 477626368, total allocated 62390272, free 49685392, used 12704880, increment 325232
Adding samples to background in feature space
Command line used:  autorun -e E:/github_mauriciovancine/R-ENM/data/temp/raster/maxent/9866149836/absence -o E:/github_mauriciovancine/R-ENM/data/temp/raster/maxent/9866149836 -s E:/github_mauriciovancine/R-ENM/data/temp/raster/maxent/9866149836/presence -z
Command line to repeat: java density.MaxEnt nowarnings noprefixes outputdirectory=E:/github_mauriciovancine/R-ENM/data/temp/raster/maxent/9866149836 samplesfile=E:/github_mauriciovancine/R-ENM/data/temp/raster/maxent/9866149836/presence environmentallayers=E:/github_mauriciovancine/R-ENM/data/temp/raster/maxent/9866149836/absence autorun novisible
Species: species
Layers: bio14 bio18 bio19 bio5
Layertypes: Continuous Continuous Continuous Continuous
outputdirectory: E:/github_mauriciovancine/R-ENM/data/temp/raster/maxent/9866149836
samplesfile: E:/github_mauriciovancine/R-ENM/data/temp/raster/maxent/9866149836/presence
environmentallayers: E:/github_mauriciovancine/R-ENM/data/temp/raster/maxent/9866149836/absence
autorun: true
visible: false

getSamples: max memory 477626368, total allocated 62390272, free 49360336, used 13029936, increment 325056
Making features
makeFeatures: max memory 477626368, total allocated 62390272, free 49360336, used 13029936, increment 0
species: 
Regularization values: linear/quadratic/product: 1.000, categorical: 0.560, threshold: 1.940, hinge: 0.500
6 samples
Density: max memory 477626368, total allocated 62390272, free 49035208, used 13355064, increment 325128
linearPredictor: max memory 477626368, total allocated 62390272, free 49035208, used 13355064, increment 0
FeaturedSpace: max memory 477626368, total allocated 62390272, free 49035208, used 13355064, increment 0
Sequential: max memory 477626368, total allocated 62390272, free 49035208, used 13355064, increment 0
Initial loss: 2.4849066497880004
80: time = 0.027000 loss = 2.161850
Resulting gain: 0.3230570754527222
Time since start: 15.647
Projecting...
Writing file E:\github_mauriciovancine\R-ENM\data\temp\raster\maxent\9866149836\species.csv
Ending
