Thu Jan 11 17:38:53 BRST 2018
MaxEnt version 3.4.1
Reading file absence
readGrid: max memory 477626368, total allocated 106954752, free 89186064, used 17768688, increment 12658288
Reading samples from presence
Read samples: max memory 477626368, total allocated 106954752, free 89186064, used 17768688, increment 0
Adding samples to background in feature space
Command line used:  autorun -e E:/github_mauriciovancine/R-ENM/data/temp/raster/maxent/4547567465/absence -o E:/github_mauriciovancine/R-ENM/data/temp/raster/maxent/4547567465 -s E:/github_mauriciovancine/R-ENM/data/temp/raster/maxent/4547567465/presence -z
Command line to repeat: java density.MaxEnt nowarnings noprefixes outputdirectory=E:/github_mauriciovancine/R-ENM/data/temp/raster/maxent/4547567465 samplesfile=E:/github_mauriciovancine/R-ENM/data/temp/raster/maxent/4547567465/presence environmentallayers=E:/github_mauriciovancine/R-ENM/data/temp/raster/maxent/4547567465/absence autorun novisible
Species: species
Layers: bio14 bio18 bio19 bio5
Layertypes: Continuous Continuous Continuous Continuous
outputdirectory: E:/github_mauriciovancine/R-ENM/data/temp/raster/maxent/4547567465
samplesfile: E:/github_mauriciovancine/R-ENM/data/temp/raster/maxent/4547567465/presence
environmentallayers: E:/github_mauriciovancine/R-ENM/data/temp/raster/maxent/4547567465/absence
autorun: true
visible: false

getSamples: max memory 477626368, total allocated 106954752, free 89186064, used 17768688, increment 0
Making features
makeFeatures: max memory 477626368, total allocated 106954752, free 89186064, used 17768688, increment 0
species: 
Regularization values: linear/quadratic/product: 1.000, categorical: 0.560, threshold: 1.940, hinge: 0.500
6 samples
Density: max memory 477626368, total allocated 106954752, free 89186064, used 17768688, increment 0
linearPredictor: max memory 477626368, total allocated 106954752, free 89186064, used 17768688, increment 0
FeaturedSpace: max memory 477626368, total allocated 106954752, free 89186064, used 17768688, increment 0
Sequential: max memory 477626368, total allocated 106954752, free 89186064, used 17768688, increment 0
Initial loss: 2.4849066497880004
100: time = 0.003000 loss = 2.209400
Resulting gain: 0.27550677712300775
Projecting...
Writing file E:\github_mauriciovancine\R-ENM\data\temp\raster\maxent\4547567465\species.csv
Ending
