Wed Mar 14 15:35:06 BRT 2018
MaxEnt version 3.4.1
Reading file absence
readGrid: max memory 477626368, total allocated 62914560, free 15199240, used 47715320, increment 9249312
Reading samples from presence
Read samples: max memory 477626368, total allocated 62914560, free 14444576, used 48469984, increment 754664
Adding samples to background in feature space
Command line used:  autorun -e E:/github_mauriciovancine/R-ENM/data/temp/raster/maxent/56102503842/absence -o E:/github_mauriciovancine/R-ENM/data/temp/raster/maxent/56102503842 -s E:/github_mauriciovancine/R-ENM/data/temp/raster/maxent/56102503842/presence -z
Command line to repeat: java density.MaxEnt nowarnings noprefixes outputdirectory=E:/github_mauriciovancine/R-ENM/data/temp/raster/maxent/56102503842 samplesfile=E:/github_mauriciovancine/R-ENM/data/temp/raster/maxent/56102503842/presence environmentallayers=E:/github_mauriciovancine/R-ENM/data/temp/raster/maxent/56102503842/absence autorun novisible
Species: species
Layers: bio14 bio18 bio5
Layertypes: Continuous Continuous Continuous
outputdirectory: E:/github_mauriciovancine/R-ENM/data/temp/raster/maxent/56102503842
samplesfile: E:/github_mauriciovancine/R-ENM/data/temp/raster/maxent/56102503842/presence
environmentallayers: E:/github_mauriciovancine/R-ENM/data/temp/raster/maxent/56102503842/absence
autorun: true
visible: false

getSamples: max memory 477626368, total allocated 62914560, free 13689880, used 49224680, increment 754696
Making features
makeFeatures: max memory 477626368, total allocated 62914560, free 13689880, used 49224680, increment 0
species: 
Regularization values: linear/quadratic/product: 0.050, categorical: 0.250, threshold: 1.000, hinge: 0.500
137 samples
Density: max memory 477626368, total allocated 62914560, free 13312560, used 49602000, increment 377320
linearPredictor: max memory 477626368, total allocated 62914560, free 13312560, used 49602000, increment 0
FeaturedSpace: max memory 477626368, total allocated 62914560, free 13312560, used 49602000, increment 0
Sequential: max memory 477626368, total allocated 62914560, free 13312560, used 49602000, increment 0
Initial loss: 5.545177444479562
320: time = 0.154000 loss = 4.928518
Resulting gain: 0.6166595016791536
Projecting...
Writing file E:\github_mauriciovancine\R-ENM\data\temp\raster\maxent\56102503842\species.csv
Ending
