Wed Mar 14 15:59:29 BRT 2018
MaxEnt version 3.4.1
Reading file absence
readGrid: max memory 477626368, total allocated 42991616, free 18720320, used 24271296, increment 13337216
Reading samples from presence
Read samples: max memory 477626368, total allocated 42991616, free 18720320, used 24271296, increment 0
Adding samples to background in feature space
Command line used:  autorun -e E:/github_mauriciovancine/R-ENM/data/temp/raster/maxent/1070172192/absence -o E:/github_mauriciovancine/R-ENM/data/temp/raster/maxent/1070172192 -s E:/github_mauriciovancine/R-ENM/data/temp/raster/maxent/1070172192/presence -z
Command line to repeat: java density.MaxEnt nowarnings noprefixes outputdirectory=E:/github_mauriciovancine/R-ENM/data/temp/raster/maxent/1070172192 samplesfile=E:/github_mauriciovancine/R-ENM/data/temp/raster/maxent/1070172192/presence environmentallayers=E:/github_mauriciovancine/R-ENM/data/temp/raster/maxent/1070172192/absence autorun novisible
Species: species
Layers: bio14 bio18 bio5
Layertypes: Continuous Continuous Continuous
outputdirectory: E:/github_mauriciovancine/R-ENM/data/temp/raster/maxent/1070172192
samplesfile: E:/github_mauriciovancine/R-ENM/data/temp/raster/maxent/1070172192/presence
environmentallayers: E:/github_mauriciovancine/R-ENM/data/temp/raster/maxent/1070172192/absence
autorun: true
visible: false

getSamples: max memory 477626368, total allocated 42991616, free 18343016, used 24648600, increment 377304
Making features
makeFeatures: max memory 477626368, total allocated 42991616, free 18343016, used 24648600, increment 0
species: 
Regularization values: linear/quadratic/product: 0.346, categorical: 0.250, threshold: 1.750, hinge: 0.500
25 samples
Density: max memory 477626368, total allocated 42991616, free 18343016, used 24648600, increment 0
linearPredictor: max memory 477626368, total allocated 42991616, free 18343016, used 24648600, increment 0
FeaturedSpace: max memory 477626368, total allocated 42991616, free 18343016, used 24648600, increment 0
Sequential: max memory 477626368, total allocated 42991616, free 18343016, used 24648600, increment 0
Initial loss: 3.912023005428146
180: time = 0.024000 loss = 3.668506
Resulting gain: 0.24351742691126965
Projecting...
Writing file E:\github_mauriciovancine\R-ENM\data\temp\raster\maxent\1070172192\species.csv
Ending
