Wed Mar 14 15:22:49 BRT 2018
MaxEnt version 3.4.1
Reading file absence
readGrid: max memory 477626368, total allocated 70254592, free 59948888, used 10305704, increment -1772952
Reading samples from presence
Read samples: max memory 477626368, total allocated 70254592, free 59426176, used 10828416, increment 522712
Adding samples to background in feature space
Command line used:  autorun -e E:/github_mauriciovancine/R-ENM/data/temp/raster/maxent/7361781531/absence -o E:/github_mauriciovancine/R-ENM/data/temp/raster/maxent/7361781531 -s E:/github_mauriciovancine/R-ENM/data/temp/raster/maxent/7361781531/presence -z
Command line to repeat: java density.MaxEnt nowarnings noprefixes outputdirectory=E:/github_mauriciovancine/R-ENM/data/temp/raster/maxent/7361781531 samplesfile=E:/github_mauriciovancine/R-ENM/data/temp/raster/maxent/7361781531/presence environmentallayers=E:/github_mauriciovancine/R-ENM/data/temp/raster/maxent/7361781531/absence autorun novisible
Species: species
Layers: bio14 bio18 bio5
Layertypes: Continuous Continuous Continuous
outputdirectory: E:/github_mauriciovancine/R-ENM/data/temp/raster/maxent/7361781531
samplesfile: E:/github_mauriciovancine/R-ENM/data/temp/raster/maxent/7361781531/presence
environmentallayers: E:/github_mauriciovancine/R-ENM/data/temp/raster/maxent/7361781531/absence
autorun: true
visible: false

getSamples: max memory 477626368, total allocated 70254592, free 58380744, used 11873848, increment 1045432
Making features
makeFeatures: max memory 477626368, total allocated 70254592, free 58380744, used 11873848, increment 0
species: 
Regularization values: linear/quadratic/product: 0.050, categorical: 0.250, threshold: 1.000, hinge: 0.500
137 samples
Density: max memory 477626368, total allocated 70254592, free 57858056, used 12396536, increment 522688
linearPredictor: max memory 477626368, total allocated 70254592, free 57858056, used 12396536, increment 0
FeaturedSpace: max memory 477626368, total allocated 70254592, free 57858056, used 12396536, increment 0
Sequential: max memory 477626368, total allocated 70254592, free 57858056, used 12396536, increment 0
Initial loss: 5.616771097666572
240: time = 0.115000 loss = 5.148534
Resulting gain: 0.46823667250288104
Projecting...
Writing file E:\github_mauriciovancine\R-ENM\data\temp\raster\maxent\7361781531\species.csv
Ending
