Wed Mar 14 14:54:20 BRT 2018
MaxEnt version 3.4.1
Reading file absence
readGrid: max memory 477626368, total allocated 102236160, free 76675504, used 25560656, increment -32431816
Reading samples from presence
Read samples: max memory 477626368, total allocated 102236160, free 76675504, used 25560656, increment 0
Adding samples to background in feature space
Command line used:  autorun -e E:/github_mauriciovancine/R-ENM/data/temp/raster/maxent/1677145297/absence -o E:/github_mauriciovancine/R-ENM/data/temp/raster/maxent/1677145297 -s E:/github_mauriciovancine/R-ENM/data/temp/raster/maxent/1677145297/presence -z
Command line to repeat: java density.MaxEnt nowarnings noprefixes outputdirectory=E:/github_mauriciovancine/R-ENM/data/temp/raster/maxent/1677145297 samplesfile=E:/github_mauriciovancine/R-ENM/data/temp/raster/maxent/1677145297/presence environmentallayers=E:/github_mauriciovancine/R-ENM/data/temp/raster/maxent/1677145297/absence autorun novisible
Species: species
Layers: bio14 bio18 bio5
Layertypes: Continuous Continuous Continuous
outputdirectory: E:/github_mauriciovancine/R-ENM/data/temp/raster/maxent/1677145297
samplesfile: E:/github_mauriciovancine/R-ENM/data/temp/raster/maxent/1677145297/presence
environmentallayers: E:/github_mauriciovancine/R-ENM/data/temp/raster/maxent/1677145297/absence
autorun: true
visible: false

getSamples: max memory 477626368, total allocated 102236160, free 75517728, used 26718432, increment 1157776
Making features
makeFeatures: max memory 477626368, total allocated 102236160, free 75517728, used 26718432, increment 0
species: 
Regularization values: linear/quadratic/product: 0.050, categorical: 0.250, threshold: 1.000, hinge: 0.500
139 samples
Density: max memory 477626368, total allocated 102236160, free 74359280, used 27876880, increment 1158448
linearPredictor: max memory 477626368, total allocated 102236160, free 74359280, used 27876880, increment 0
FeaturedSpace: max memory 477626368, total allocated 102236160, free 74359280, used 27876880, increment 0
Sequential: max memory 477626368, total allocated 102236160, free 74359280, used 27876880, increment 0
Initial loss: 5.537334267018537
440: time = 0.179000 loss = 4.923598
Resulting gain: 0.6137363951911716
Projecting...
Writing file E:\github_mauriciovancine\R-ENM\data\temp\raster\maxent\1677145297\species.csv
Ending
