Wed Mar 14 14:38:59 BRT 2018
MaxEnt version 3.4.1
Reading file absence
readGrid: max memory 477626368, total allocated 70254592, free 54444768, used 15809824, increment -21181152
Reading samples from presence
Read samples: max memory 477626368, total allocated 70254592, free 54444768, used 15809824, increment 0
Adding samples to background in feature space
Command line used:  autorun -e E:/github_mauriciovancine/R-ENM/data/temp/raster/maxent/30861791023/absence -o E:/github_mauriciovancine/R-ENM/data/temp/raster/maxent/30861791023 -s E:/github_mauriciovancine/R-ENM/data/temp/raster/maxent/30861791023/presence -z
Command line to repeat: java density.MaxEnt nowarnings noprefixes outputdirectory=E:/github_mauriciovancine/R-ENM/data/temp/raster/maxent/30861791023 samplesfile=E:/github_mauriciovancine/R-ENM/data/temp/raster/maxent/30861791023/presence environmentallayers=E:/github_mauriciovancine/R-ENM/data/temp/raster/maxent/30861791023/absence autorun novisible
Species: species
Layers: bio14 bio18 bio5
Layertypes: Continuous Continuous Continuous
outputdirectory: E:/github_mauriciovancine/R-ENM/data/temp/raster/maxent/30861791023
samplesfile: E:/github_mauriciovancine/R-ENM/data/temp/raster/maxent/30861791023/presence
environmentallayers: E:/github_mauriciovancine/R-ENM/data/temp/raster/maxent/30861791023/absence
autorun: true
visible: false

getSamples: max memory 477626368, total allocated 70254592, free 53973072, used 16281520, increment 471696
Making features
makeFeatures: max memory 477626368, total allocated 70254592, free 53973072, used 16281520, increment 0
species: 
Regularization values: linear/quadratic/product: 0.244, categorical: 0.250, threshold: 1.680, hinge: 0.500
32 samples
Density: max memory 477626368, total allocated 70254592, free 53973072, used 16281520, increment 0
linearPredictor: max memory 477626368, total allocated 70254592, free 53973072, used 16281520, increment 0
FeaturedSpace: max memory 477626368, total allocated 70254592, free 53973072, used 16281520, increment 0
Sequential: max memory 477626368, total allocated 70254592, free 53973072, used 16281520, increment 0
Initial loss: 4.1588830833596715
200: time = 0.031000 loss = 3.769918
Resulting gain: 0.38896537086342065
Projecting...
Writing file E:\github_mauriciovancine\R-ENM\data\temp\raster\maxent\30861791023\species.csv
Ending
