Wed Mar 14 15:59:38 BRT 2018
MaxEnt version 3.4.1
Reading file absence
readGrid: max memory 477626368, total allocated 42991616, free 11177520, used 31814096, increment 12206912
Reading samples from presence
Read samples: max memory 477626368, total allocated 42991616, free 11177520, used 31814096, increment 0
Adding samples to background in feature space
Command line used:  autorun -e E:/github_mauriciovancine/R-ENM/data/temp/raster/maxent/2449845933/absence -o E:/github_mauriciovancine/R-ENM/data/temp/raster/maxent/2449845933 -s E:/github_mauriciovancine/R-ENM/data/temp/raster/maxent/2449845933/presence -z
Command line to repeat: java density.MaxEnt nowarnings noprefixes outputdirectory=E:/github_mauriciovancine/R-ENM/data/temp/raster/maxent/2449845933 samplesfile=E:/github_mauriciovancine/R-ENM/data/temp/raster/maxent/2449845933/presence environmentallayers=E:/github_mauriciovancine/R-ENM/data/temp/raster/maxent/2449845933/absence autorun novisible
Species: species
Layers: bio14 bio18 bio5
Layertypes: Continuous Continuous Continuous
outputdirectory: E:/github_mauriciovancine/R-ENM/data/temp/raster/maxent/2449845933
samplesfile: E:/github_mauriciovancine/R-ENM/data/temp/raster/maxent/2449845933/presence
environmentallayers: E:/github_mauriciovancine/R-ENM/data/temp/raster/maxent/2449845933/absence
autorun: true
visible: false

getSamples: max memory 477626368, total allocated 42991616, free 10800224, used 32191392, increment 377296
Making features
makeFeatures: max memory 477626368, total allocated 42991616, free 10800224, used 32191392, increment 0
species: 
Regularization values: linear/quadratic/product: 0.346, categorical: 0.250, threshold: 1.750, hinge: 0.500
25 samples
Density: max memory 477626368, total allocated 42991616, free 10800224, used 32191392, increment 0
linearPredictor: max memory 477626368, total allocated 42991616, free 10800224, used 32191392, increment 0
FeaturedSpace: max memory 477626368, total allocated 42991616, free 10800224, used 32191392, increment 0
Sequential: max memory 477626368, total allocated 42991616, free 10800224, used 32191392, increment 0
Initial loss: 3.8918202981106265
120: time = 0.016000 loss = 3.646503
Resulting gain: 0.24531777419645318
Projecting...
Writing file E:\github_mauriciovancine\R-ENM\data\temp\raster\maxent\2449845933\species.csv
Ending
