Wed Mar 14 15:35:22 BRT 2018
MaxEnt version 3.4.1
Reading file absence
readGrid: max memory 477626368, total allocated 62914560, free 17566648, used 45347912, increment -4834784
Reading samples from presence
Read samples: max memory 477626368, total allocated 62914560, free 17566648, used 45347912, increment 0
Adding samples to background in feature space
Command line used:  autorun -e E:/github_mauriciovancine/R-ENM/data/temp/raster/maxent/8421647318/absence -o E:/github_mauriciovancine/R-ENM/data/temp/raster/maxent/8421647318 -s E:/github_mauriciovancine/R-ENM/data/temp/raster/maxent/8421647318/presence -z
Command line to repeat: java density.MaxEnt nowarnings noprefixes outputdirectory=E:/github_mauriciovancine/R-ENM/data/temp/raster/maxent/8421647318 samplesfile=E:/github_mauriciovancine/R-ENM/data/temp/raster/maxent/8421647318/presence environmentallayers=E:/github_mauriciovancine/R-ENM/data/temp/raster/maxent/8421647318/absence autorun novisible
Species: species
Layers: bio14 bio18 bio5
Layertypes: Continuous Continuous Continuous
outputdirectory: E:/github_mauriciovancine/R-ENM/data/temp/raster/maxent/8421647318
samplesfile: E:/github_mauriciovancine/R-ENM/data/temp/raster/maxent/8421647318/presence
environmentallayers: E:/github_mauriciovancine/R-ENM/data/temp/raster/maxent/8421647318/absence
autorun: true
visible: false

getSamples: max memory 477626368, total allocated 62914560, free 17189304, used 45725256, increment 377344
Making features
makeFeatures: max memory 477626368, total allocated 62914560, free 17189304, used 45725256, increment 0
species: 
Regularization values: linear/quadratic/product: 0.346, categorical: 0.250, threshold: 1.750, hinge: 0.500
25 samples
Density: max memory 477626368, total allocated 62914560, free 17189304, used 45725256, increment 0
linearPredictor: max memory 477626368, total allocated 62914560, free 17189304, used 45725256, increment 0
FeaturedSpace: max memory 477626368, total allocated 62914560, free 17189304, used 45725256, increment 0
Sequential: max memory 477626368, total allocated 62914560, free 17189304, used 45725256, increment 0
Initial loss: 3.8918202981106265
160: time = 0.024000 loss = 3.653945
Resulting gain: 0.23787544056776788
Projecting...
Writing file E:\github_mauriciovancine\R-ENM\data\temp\raster\maxent\8421647318\species.csv
Ending
