Wed Mar 14 14:43:46 BRT 2018
MaxEnt version 3.4.1
Reading file absence
readGrid: max memory 477626368, total allocated 63438848, free 28742736, used 34696112, increment 8086120
Reading samples from presence
Read samples: max memory 477626368, total allocated 63438848, free 27988024, used 35450824, increment 754712
Adding samples to background in feature space
Command line used:  autorun -e E:/github_mauriciovancine/R-ENM/data/temp/raster/maxent/1906223845/absence -o E:/github_mauriciovancine/R-ENM/data/temp/raster/maxent/1906223845 -s E:/github_mauriciovancine/R-ENM/data/temp/raster/maxent/1906223845/presence -z
Command line to repeat: java density.MaxEnt nowarnings noprefixes outputdirectory=E:/github_mauriciovancine/R-ENM/data/temp/raster/maxent/1906223845 samplesfile=E:/github_mauriciovancine/R-ENM/data/temp/raster/maxent/1906223845/presence environmentallayers=E:/github_mauriciovancine/R-ENM/data/temp/raster/maxent/1906223845/absence autorun novisible
Species: species
Layers: bio14 bio18 bio5
Layertypes: Continuous Continuous Continuous
outputdirectory: E:/github_mauriciovancine/R-ENM/data/temp/raster/maxent/1906223845
samplesfile: E:/github_mauriciovancine/R-ENM/data/temp/raster/maxent/1906223845/presence
environmentallayers: E:/github_mauriciovancine/R-ENM/data/temp/raster/maxent/1906223845/absence
autorun: true
visible: false

getSamples: max memory 477626368, total allocated 63438848, free 26855912, used 36582936, increment 1132112
Making features
makeFeatures: max memory 477626368, total allocated 63438848, free 26855912, used 36582936, increment 0
species: 
Regularization values: linear/quadratic/product: 0.050, categorical: 0.250, threshold: 1.000, hinge: 0.500
137 samples
Density: max memory 477626368, total allocated 63438848, free 26855912, used 36582936, increment 0
linearPredictor: max memory 477626368, total allocated 63438848, free 26855912, used 36582936, increment 0
FeaturedSpace: max memory 477626368, total allocated 63438848, free 26855912, used 36582936, increment 0
Sequential: max memory 477626368, total allocated 63438848, free 26855912, used 36582936, increment 0
Initial loss: 5.5093883366279774
500: time = 0.227000 loss = 4.774554
Resulting gain: 0.7348339400806836
Projecting...
Writing file E:\github_mauriciovancine\R-ENM\data\temp\raster\maxent\1906223845\species.csv
Ending
