Wed Mar 14 15:59:16 BRT 2018
MaxEnt version 3.4.1
Reading file absence
readGrid: max memory 477626368, total allocated 42991616, free 4660728, used 38330888, increment 16608968
Reading samples from presence
Read samples: max memory 477626368, total allocated 42991616, free 3905840, used 39085776, increment 754888
Adding samples to background in feature space
Command line used:  autorun -e E:/github_mauriciovancine/R-ENM/data/temp/raster/maxent/4126432547/absence -o E:/github_mauriciovancine/R-ENM/data/temp/raster/maxent/4126432547 -s E:/github_mauriciovancine/R-ENM/data/temp/raster/maxent/4126432547/presence -z
Command line to repeat: java density.MaxEnt nowarnings noprefixes outputdirectory=E:/github_mauriciovancine/R-ENM/data/temp/raster/maxent/4126432547 samplesfile=E:/github_mauriciovancine/R-ENM/data/temp/raster/maxent/4126432547/presence environmentallayers=E:/github_mauriciovancine/R-ENM/data/temp/raster/maxent/4126432547/absence autorun novisible
Species: species
Layers: bio14 bio18 bio5
Layertypes: Continuous Continuous Continuous
outputdirectory: E:/github_mauriciovancine/R-ENM/data/temp/raster/maxent/4126432547
samplesfile: E:/github_mauriciovancine/R-ENM/data/temp/raster/maxent/4126432547/presence
environmentallayers: E:/github_mauriciovancine/R-ENM/data/temp/raster/maxent/4126432547/absence
autorun: true
visible: false

getSamples: max memory 477626368, total allocated 42991616, free 21552688, used 21438928, increment -17646848
Making features
makeFeatures: max memory 477626368, total allocated 42991616, free 21552688, used 21438928, increment 0
species: 
Regularization values: linear/quadratic/product: 0.050, categorical: 0.250, threshold: 1.000, hinge: 0.500
134 samples
Density: max memory 477626368, total allocated 42991616, free 21552688, used 21438928, increment 0
linearPredictor: max memory 477626368, total allocated 42991616, free 21552688, used 21438928, increment 0
FeaturedSpace: max memory 477626368, total allocated 42991616, free 21552688, used 21438928, increment 0
Sequential: max memory 477626368, total allocated 42991616, free 21552688, used 21438928, increment 0
Initial loss: 5.407171771460119
500: time = 0.200000 loss = 4.481673
Resulting gain: 0.9254991898516209
Projecting...
Writing file E:\github_mauriciovancine\R-ENM\data\temp\raster\maxent\4126432547\species.csv
Ending
