Wed Mar 14 14:38:14 BRT 2018
MaxEnt version 3.4.1
Reading file absence
readGrid: max memory 477626368, total allocated 99614720, free 64310712, used 35304008, increment 19496824
Reading samples from presence
Read samples: max memory 477626368, total allocated 99614720, free 64310712, used 35304008, increment 0
Adding samples to background in feature space
Command line used:  autorun -e E:/github_mauriciovancine/R-ENM/data/temp/raster/maxent/4755662019/absence -o E:/github_mauriciovancine/R-ENM/data/temp/raster/maxent/4755662019 -s E:/github_mauriciovancine/R-ENM/data/temp/raster/maxent/4755662019/presence -z
Command line to repeat: java density.MaxEnt nowarnings noprefixes outputdirectory=E:/github_mauriciovancine/R-ENM/data/temp/raster/maxent/4755662019 samplesfile=E:/github_mauriciovancine/R-ENM/data/temp/raster/maxent/4755662019/presence environmentallayers=E:/github_mauriciovancine/R-ENM/data/temp/raster/maxent/4755662019/absence autorun novisible
Species: species
Layers: bio14 bio18 bio5
Layertypes: Continuous Continuous Continuous
outputdirectory: E:/github_mauriciovancine/R-ENM/data/temp/raster/maxent/4755662019
samplesfile: E:/github_mauriciovancine/R-ENM/data/temp/raster/maxent/4755662019/presence
environmentallayers: E:/github_mauriciovancine/R-ENM/data/temp/raster/maxent/4755662019/absence
autorun: true
visible: false

getSamples: max memory 477626368, total allocated 99614720, free 63202024, used 36412696, increment 1108688
Making features
makeFeatures: max memory 477626368, total allocated 99614720, free 63202024, used 36412696, increment 0
species: 
Regularization values: linear/quadratic/product: 0.050, categorical: 0.250, threshold: 1.000, hinge: 0.500
139 samples
Density: max memory 477626368, total allocated 99614720, free 62093360, used 37521360, increment 1108664
linearPredictor: max memory 477626368, total allocated 99614720, free 62093360, used 37521360, increment 0
FeaturedSpace: max memory 477626368, total allocated 99614720, free 62093360, used 37521360, increment 0
Sequential: max memory 477626368, total allocated 99614720, free 62093360, used 37521360, increment 0
Initial loss: 5.594711379601839
440: time = 0.240000 loss = 5.067081
Resulting gain: 0.5276299615734246
Projecting...
Writing file E:\github_mauriciovancine\R-ENM\data\temp\raster\maxent\4755662019\species.csv
Ending
