Wed Mar 14 14:49:31 BRT 2018
MaxEnt version 3.4.1
Reading file absence
readGrid: max memory 477626368, total allocated 45088768, free 16159152, used 28929616, increment -286496
Reading samples from presence
Read samples: max memory 477626368, total allocated 45088768, free 15781792, used 29306976, increment 377360
Adding samples to background in feature space
Command line used:  autorun -e E:/github_mauriciovancine/R-ENM/data/temp/raster/maxent/8784732818/absence -o E:/github_mauriciovancine/R-ENM/data/temp/raster/maxent/8784732818 -s E:/github_mauriciovancine/R-ENM/data/temp/raster/maxent/8784732818/presence -z
Command line to repeat: java density.MaxEnt nowarnings noprefixes outputdirectory=E:/github_mauriciovancine/R-ENM/data/temp/raster/maxent/8784732818 samplesfile=E:/github_mauriciovancine/R-ENM/data/temp/raster/maxent/8784732818/presence environmentallayers=E:/github_mauriciovancine/R-ENM/data/temp/raster/maxent/8784732818/absence autorun novisible
Species: species
Layers: bio14 bio18 bio5
Layertypes: Continuous Continuous Continuous
outputdirectory: E:/github_mauriciovancine/R-ENM/data/temp/raster/maxent/8784732818
samplesfile: E:/github_mauriciovancine/R-ENM/data/temp/raster/maxent/8784732818/presence
environmentallayers: E:/github_mauriciovancine/R-ENM/data/temp/raster/maxent/8784732818/absence
autorun: true
visible: false

getSamples: max memory 477626368, total allocated 45088768, free 14665128, used 30423640, increment 1116664
Making features
makeFeatures: max memory 477626368, total allocated 45088768, free 14665128, used 30423640, increment 0
species: 
Regularization values: linear/quadratic/product: 0.050, categorical: 0.250, threshold: 1.000, hinge: 0.500
137 samples
Density: max memory 477626368, total allocated 45088768, free 33053560, used 12035208, increment -18388432
linearPredictor: max memory 477626368, total allocated 45088768, free 33053560, used 12035208, increment 0
FeaturedSpace: max memory 477626368, total allocated 45088768, free 33053560, used 12035208, increment 0
Sequential: max memory 477626368, total allocated 45088768, free 33053560, used 12035208, increment 0
Initial loss: 5.480638923341991
500: time = 0.251000 loss = 4.705614
Resulting gain: 0.7750251376904798
Projecting...
Writing file E:\github_mauriciovancine\R-ENM\data\temp\raster\maxent\8784732818\species.csv
Ending
