Wed Mar 14 14:37:57 BRT 2018
MaxEnt version 3.4.1
Reading file absence
readGrid: max memory 477626368, total allocated 116391936, free 65658064, used 50733872, increment -21775600
Reading samples from presence
Read samples: max memory 477626368, total allocated 116391936, free 64238272, used 52153664, increment 1419792
Adding samples to background in feature space
Command line used:  autorun -e E:/github_mauriciovancine/R-ENM/data/temp/raster/maxent/67210053111/absence -o E:/github_mauriciovancine/R-ENM/data/temp/raster/maxent/67210053111 -s E:/github_mauriciovancine/R-ENM/data/temp/raster/maxent/67210053111/presence -z
Command line to repeat: java density.MaxEnt nowarnings noprefixes outputdirectory=E:/github_mauriciovancine/R-ENM/data/temp/raster/maxent/67210053111 samplesfile=E:/github_mauriciovancine/R-ENM/data/temp/raster/maxent/67210053111/presence environmentallayers=E:/github_mauriciovancine/R-ENM/data/temp/raster/maxent/67210053111/absence autorun novisible
Species: species
Layers: bio14 bio18 bio5
Layertypes: Continuous Continuous Continuous
outputdirectory: E:/github_mauriciovancine/R-ENM/data/temp/raster/maxent/67210053111
samplesfile: E:/github_mauriciovancine/R-ENM/data/temp/raster/maxent/67210053111/presence
environmentallayers: E:/github_mauriciovancine/R-ENM/data/temp/raster/maxent/67210053111/absence
autorun: true
visible: false

getSamples: max memory 477626368, total allocated 116391936, free 62817528, used 53574408, increment 1420744
Making features
makeFeatures: max memory 477626368, total allocated 116391936, free 62817528, used 53574408, increment 0
species: 
Regularization values: linear/quadratic/product: 0.050, categorical: 0.250, threshold: 1.000, hinge: 0.500
136 samples
Density: max memory 477626368, total allocated 116391936, free 62817528, used 53574408, increment 0
linearPredictor: max memory 477626368, total allocated 116391936, free 62817528, used 53574408, increment 0
FeaturedSpace: max memory 477626368, total allocated 116391936, free 62817528, used 53574408, increment 0
Sequential: max memory 477626368, total allocated 116391936, free 62817528, used 53574408, increment 0
Initial loss: 5.572154032177765
400: time = 0.285000 loss = 4.923326
Resulting gain: 0.6488280940264941
Projecting...
Writing file E:\github_mauriciovancine\R-ENM\data\temp\raster\maxent\67210053111\species.csv
Ending
