Wed Feb 21 00:02:41 BRT 2018
MaxEnt version 3.4.1
Reading file absence
readGrid: max memory 477626368, total allocated 62914560, free 47900488, used 15014072, increment -10715128
Reading samples from presence
Read samples: max memory 477626368, total allocated 62914560, free 47900488, used 15014072, increment 0
Adding samples to background in feature space
Command line used:  autorun -e E:/github_mauriciovancine/R-ENM/data/temp/raster/maxent/55698791100/absence -o E:/github_mauriciovancine/R-ENM/data/temp/raster/maxent/55698791100 -s E:/github_mauriciovancine/R-ENM/data/temp/raster/maxent/55698791100/presence -z
Command line to repeat: java density.MaxEnt nowarnings noprefixes outputdirectory=E:/github_mauriciovancine/R-ENM/data/temp/raster/maxent/55698791100 samplesfile=E:/github_mauriciovancine/R-ENM/data/temp/raster/maxent/55698791100/presence environmentallayers=E:/github_mauriciovancine/R-ENM/data/temp/raster/maxent/55698791100/absence autorun novisible
Species: species
Layers: bio14 bio18 bio5
Layertypes: Continuous Continuous Continuous
outputdirectory: E:/github_mauriciovancine/R-ENM/data/temp/raster/maxent/55698791100
samplesfile: E:/github_mauriciovancine/R-ENM/data/temp/raster/maxent/55698791100/presence
environmentallayers: E:/github_mauriciovancine/R-ENM/data/temp/raster/maxent/55698791100/absence
autorun: true
visible: false

getSamples: max memory 477626368, total allocated 62914560, free 47555864, used 15358696, increment 344624
Making features
makeFeatures: max memory 477626368, total allocated 62914560, free 47555864, used 15358696, increment 0
species: 
Regularization values: linear/quadratic/product: 0.346, categorical: 0.250, threshold: 1.750, hinge: 0.500
25 samples
Density: max memory 477626368, total allocated 62914560, free 47555864, used 15358696, increment 0
linearPredictor: max memory 477626368, total allocated 62914560, free 47555864, used 15358696, increment 0
FeaturedSpace: max memory 477626368, total allocated 62914560, free 47555864, used 15358696, increment 0
Sequential: max memory 477626368, total allocated 62914560, free 47555864, used 15358696, increment 0
Initial loss: 3.8918202981106265
260: time = 0.032000 loss = 3.631927
Resulting gain: 0.2598936810378052
Projecting...
Writing file E:\github_mauriciovancine\R-ENM\data\temp\raster\maxent\55698791100\species.csv
Ending
