Wed Mar 14 16:00:00 BRT 2018
MaxEnt version 3.4.1
Reading file absence
readGrid: max memory 477626368, total allocated 44564480, free 35083744, used 9480736, increment -4470792
Reading samples from presence
Read samples: max memory 477626368, total allocated 44564480, free 35067344, used 9497136, increment 16400
Adding samples to background in feature space
Command line used:  autorun -e E:/github_mauriciovancine/R-ENM/data/temp/raster/maxent/45610614659/absence -o E:/github_mauriciovancine/R-ENM/data/temp/raster/maxent/45610614659 -s E:/github_mauriciovancine/R-ENM/data/temp/raster/maxent/45610614659/presence -z
Command line to repeat: java density.MaxEnt nowarnings noprefixes outputdirectory=E:/github_mauriciovancine/R-ENM/data/temp/raster/maxent/45610614659 samplesfile=E:/github_mauriciovancine/R-ENM/data/temp/raster/maxent/45610614659/presence environmentallayers=E:/github_mauriciovancine/R-ENM/data/temp/raster/maxent/45610614659/absence autorun novisible
Species: species
Layers: bio14 bio18 bio5
Layertypes: Continuous Continuous Continuous
outputdirectory: E:/github_mauriciovancine/R-ENM/data/temp/raster/maxent/45610614659
samplesfile: E:/github_mauriciovancine/R-ENM/data/temp/raster/maxent/45610614659/presence
environmentallayers: E:/github_mauriciovancine/R-ENM/data/temp/raster/maxent/45610614659/absence
autorun: true
visible: false

getSamples: max memory 477626368, total allocated 44564480, free 34691200, used 9873280, increment 376144
Making features
makeFeatures: max memory 477626368, total allocated 44564480, free 34689032, used 9875448, increment 2168
species: 
Regularization values: linear/quadratic/product: 0.543, categorical: 0.286, threshold: 1.840, hinge: 0.500
16 samples
Density: max memory 477626368, total allocated 44564480, free 34689032, used 9875448, increment 0
linearPredictor: max memory 477626368, total allocated 44564480, free 34689032, used 9875448, increment 0
FeaturedSpace: max memory 477626368, total allocated 44564480, free 34689032, used 9875448, increment 0
Sequential: max memory 477626368, total allocated 44564480, free 34689032, used 9875448, increment 0
Initial loss: 3.4657359027997265
180: time = 0.031000 loss = 3.150059
Resulting gain: 0.3156773705189191
Projecting...
Writing file E:\github_mauriciovancine\R-ENM\data\temp\raster\maxent\45610614659\species.csv
Ending
