Wed Mar 14 14:43:31 BRT 2018
MaxEnt version 3.4.1
Reading file absence
readGrid: max memory 477626368, total allocated 63438848, free 31046504, used 32392344, increment 9823160
Reading samples from presence
Read samples: max memory 477626368, total allocated 63438848, free 30291944, used 33146904, increment 754560
Adding samples to background in feature space
Command line used:  autorun -e E:/github_mauriciovancine/R-ENM/data/temp/raster/maxent/4694824428/absence -o E:/github_mauriciovancine/R-ENM/data/temp/raster/maxent/4694824428 -s E:/github_mauriciovancine/R-ENM/data/temp/raster/maxent/4694824428/presence -z
Command line to repeat: java density.MaxEnt nowarnings noprefixes outputdirectory=E:/github_mauriciovancine/R-ENM/data/temp/raster/maxent/4694824428 samplesfile=E:/github_mauriciovancine/R-ENM/data/temp/raster/maxent/4694824428/presence environmentallayers=E:/github_mauriciovancine/R-ENM/data/temp/raster/maxent/4694824428/absence autorun novisible
Species: species
Layers: bio14 bio18 bio5
Layertypes: Continuous Continuous Continuous
outputdirectory: E:/github_mauriciovancine/R-ENM/data/temp/raster/maxent/4694824428
samplesfile: E:/github_mauriciovancine/R-ENM/data/temp/raster/maxent/4694824428/presence
environmentallayers: E:/github_mauriciovancine/R-ENM/data/temp/raster/maxent/4694824428/absence
autorun: true
visible: false

getSamples: max memory 477626368, total allocated 63438848, free 29134752, used 34304096, increment 1157192
Making features
makeFeatures: max memory 477626368, total allocated 63438848, free 29134752, used 34304096, increment 0
species: 
Regularization values: linear/quadratic/product: 0.050, categorical: 0.250, threshold: 1.000, hinge: 0.500
138 samples
Density: max memory 477626368, total allocated 63438848, free 29134752, used 34304096, increment 0
linearPredictor: max memory 477626368, total allocated 63438848, free 29134752, used 34304096, increment 0
FeaturedSpace: max memory 477626368, total allocated 63438848, free 29134752, used 34304096, increment 0
Sequential: max memory 477626368, total allocated 63438848, free 29134752, used 34304096, increment 0
Initial loss: 5.484796933490655
420: time = 0.247000 loss = 4.727375
Resulting gain: 0.7574214918863422
Time since start: 1.228
Projecting...
Writing file E:\github_mauriciovancine\R-ENM\data\temp\raster\maxent\4694824428\species.csv
Ending
