Tue Feb 20 23:33:50 BRT 2018
MaxEnt version 3.4.1
Reading file absence
readGrid: max memory 477626368, total allocated 63438848, free 52587616, used 10851232, increment -3534736
Reading samples from presence
Read samples: max memory 477626368, total allocated 63438848, free 52587616, used 10851232, increment 0
Adding samples to background in feature space
Command line used:  autorun -e E:/github_mauriciovancine/R-ENM/data/temp/raster/maxent/8780145180/absence -o E:/github_mauriciovancine/R-ENM/data/temp/raster/maxent/8780145180 -s E:/github_mauriciovancine/R-ENM/data/temp/raster/maxent/8780145180/presence -z
Command line to repeat: java density.MaxEnt nowarnings noprefixes outputdirectory=E:/github_mauriciovancine/R-ENM/data/temp/raster/maxent/8780145180 samplesfile=E:/github_mauriciovancine/R-ENM/data/temp/raster/maxent/8780145180/presence environmentallayers=E:/github_mauriciovancine/R-ENM/data/temp/raster/maxent/8780145180/absence autorun novisible
Species: species
Layers: bio14 bio18 bio5
Layertypes: Continuous Continuous Continuous
outputdirectory: E:/github_mauriciovancine/R-ENM/data/temp/raster/maxent/8780145180
samplesfile: E:/github_mauriciovancine/R-ENM/data/temp/raster/maxent/8780145180/presence
environmentallayers: E:/github_mauriciovancine/R-ENM/data/temp/raster/maxent/8780145180/absence
autorun: true
visible: false

getSamples: max memory 477626368, total allocated 63438848, free 52264208, used 11174640, increment 323408
Making features
makeFeatures: max memory 477626368, total allocated 63438848, free 52264208, used 11174640, increment 0
species: 
Regularization values: linear/quadratic/product: 0.346, categorical: 0.250, threshold: 1.750, hinge: 0.500
25 samples
Density: max memory 477626368, total allocated 63438848, free 52264208, used 11174640, increment 0
linearPredictor: max memory 477626368, total allocated 63438848, free 52264208, used 11174640, increment 0
FeaturedSpace: max memory 477626368, total allocated 63438848, free 52264208, used 11174640, increment 0
Sequential: max memory 477626368, total allocated 63438848, free 52264208, used 11174640, increment 0
Initial loss: 3.912023005428146
200: time = 0.097000 loss = 3.695954
Resulting gain: 0.2160692100172228
Projecting...
Writing file E:\github_mauriciovancine\R-ENM\data\temp\raster\maxent\8780145180\species.csv
Ending
