Wed Mar 14 14:43:35 BRT 2018
MaxEnt version 3.4.1
Reading file absence
readGrid: max memory 477626368, total allocated 63438848, free 27901984, used 35536864, increment 1232768
Reading samples from presence
Read samples: max memory 477626368, total allocated 63438848, free 27147464, used 36291384, increment 754520
Adding samples to background in feature space
Command line used:  autorun -e E:/github_mauriciovancine/R-ENM/data/temp/raster/maxent/57769212104/absence -o E:/github_mauriciovancine/R-ENM/data/temp/raster/maxent/57769212104 -s E:/github_mauriciovancine/R-ENM/data/temp/raster/maxent/57769212104/presence -z
Command line to repeat: java density.MaxEnt nowarnings noprefixes outputdirectory=E:/github_mauriciovancine/R-ENM/data/temp/raster/maxent/57769212104 samplesfile=E:/github_mauriciovancine/R-ENM/data/temp/raster/maxent/57769212104/presence environmentallayers=E:/github_mauriciovancine/R-ENM/data/temp/raster/maxent/57769212104/absence autorun novisible
Species: species
Layers: bio14 bio18 bio5
Layertypes: Continuous Continuous Continuous
outputdirectory: E:/github_mauriciovancine/R-ENM/data/temp/raster/maxent/57769212104
samplesfile: E:/github_mauriciovancine/R-ENM/data/temp/raster/maxent/57769212104/presence
environmentallayers: E:/github_mauriciovancine/R-ENM/data/temp/raster/maxent/57769212104/absence
autorun: true
visible: false

getSamples: max memory 477626368, total allocated 63438848, free 26015528, used 37423320, increment 1131936
Making features
makeFeatures: max memory 477626368, total allocated 63438848, free 26015528, used 37423320, increment 0
species: 
Regularization values: linear/quadratic/product: 0.050, categorical: 0.250, threshold: 1.000, hinge: 0.500
138 samples
Density: max memory 477626368, total allocated 63438848, free 25636904, used 37801944, increment 378624
linearPredictor: max memory 477626368, total allocated 63438848, free 25636904, used 37801944, increment 0
FeaturedSpace: max memory 477626368, total allocated 63438848, free 25636904, used 37801944, increment 0
Sequential: max memory 477626368, total allocated 63438848, free 25636904, used 37801944, increment 0
Initial loss: 5.605802066295998
360: time = 0.270000 loss = 5.083014
Resulting gain: 0.5227884268789262
Projecting...
Writing file E:\github_mauriciovancine\R-ENM\data\temp\raster\maxent\57769212104\species.csv
Ending
