Wed Mar 14 14:48:58 BRT 2018
MaxEnt version 3.4.1
Reading file absence
readGrid: max memory 477626368, total allocated 62914560, free 25620168, used 37294392, increment 404064
Reading samples from presence
Read samples: max memory 477626368, total allocated 62914560, free 24866008, used 38048552, increment 754160
Adding samples to background in feature space
Command line used:  autorun -e E:/github_mauriciovancine/R-ENM/data/temp/raster/maxent/25269510417/absence -o E:/github_mauriciovancine/R-ENM/data/temp/raster/maxent/25269510417 -s E:/github_mauriciovancine/R-ENM/data/temp/raster/maxent/25269510417/presence -z
Command line to repeat: java density.MaxEnt nowarnings noprefixes outputdirectory=E:/github_mauriciovancine/R-ENM/data/temp/raster/maxent/25269510417 samplesfile=E:/github_mauriciovancine/R-ENM/data/temp/raster/maxent/25269510417/presence environmentallayers=E:/github_mauriciovancine/R-ENM/data/temp/raster/maxent/25269510417/absence autorun novisible
Species: species
Layers: bio14 bio18 bio5
Layertypes: Continuous Continuous Continuous
outputdirectory: E:/github_mauriciovancine/R-ENM/data/temp/raster/maxent/25269510417
samplesfile: E:/github_mauriciovancine/R-ENM/data/temp/raster/maxent/25269510417/presence
environmentallayers: E:/github_mauriciovancine/R-ENM/data/temp/raster/maxent/25269510417/absence
autorun: true
visible: false

getSamples: max memory 477626368, total allocated 62914560, free 23734184, used 39180376, increment 1131824
Making features
makeFeatures: max memory 477626368, total allocated 62914560, free 23734184, used 39180376, increment 0
species: 
Regularization values: linear/quadratic/product: 0.050, categorical: 0.250, threshold: 1.000, hinge: 0.500
138 samples
Density: max memory 477626368, total allocated 62914560, free 23734184, used 39180376, increment 0
linearPredictor: max memory 477626368, total allocated 62914560, free 23734184, used 39180376, increment 0
FeaturedSpace: max memory 477626368, total allocated 62914560, free 23734184, used 39180376, increment 0
Sequential: max memory 477626368, total allocated 62914560, free 23734184, used 39180376, increment 0
Initial loss: 5.5053315359323625
500: time = 0.255000 loss = 4.737039
Resulting gain: 0.768292110846466
Projecting...
Writing file E:\github_mauriciovancine\R-ENM\data\temp\raster\maxent\25269510417\species.csv
Ending
