Tue Feb 20 23:34:18 BRT 2018
MaxEnt version 3.4.1
Reading file absence
readGrid: max memory 477626368, total allocated 66060288, free 51578192, used 14482096, increment 7106352
Reading samples from presence
Read samples: max memory 477626368, total allocated 66060288, free 51578192, used 14482096, increment 0
Adding samples to background in feature space
Command line used:  autorun -e E:/github_mauriciovancine/R-ENM/data/temp/raster/maxent/872910593810/absence -o E:/github_mauriciovancine/R-ENM/data/temp/raster/maxent/872910593810 -s E:/github_mauriciovancine/R-ENM/data/temp/raster/maxent/872910593810/presence -z
Command line to repeat: java density.MaxEnt nowarnings noprefixes outputdirectory=E:/github_mauriciovancine/R-ENM/data/temp/raster/maxent/872910593810 samplesfile=E:/github_mauriciovancine/R-ENM/data/temp/raster/maxent/872910593810/presence environmentallayers=E:/github_mauriciovancine/R-ENM/data/temp/raster/maxent/872910593810/absence autorun novisible
Species: species
Layers: bio14 bio18 bio5
Layertypes: Continuous Continuous Continuous
outputdirectory: E:/github_mauriciovancine/R-ENM/data/temp/raster/maxent/872910593810
samplesfile: E:/github_mauriciovancine/R-ENM/data/temp/raster/maxent/872910593810/presence
environmentallayers: E:/github_mauriciovancine/R-ENM/data/temp/raster/maxent/872910593810/absence
autorun: true
visible: false

getSamples: max memory 477626368, total allocated 66060288, free 51178072, used 14882216, increment 400120
Making features
makeFeatures: max memory 477626368, total allocated 66060288, free 51178072, used 14882216, increment 0
species: 
Regularization values: linear/quadratic/product: 0.346, categorical: 0.250, threshold: 1.750, hinge: 0.500
25 samples
Density: max memory 477626368, total allocated 66060288, free 51178072, used 14882216, increment 0
linearPredictor: max memory 477626368, total allocated 66060288, free 51178072, used 14882216, increment 0
FeaturedSpace: max memory 477626368, total allocated 66060288, free 51178072, used 14882216, increment 0
Sequential: max memory 477626368, total allocated 66060288, free 51178072, used 14882216, increment 0
Initial loss: 3.912023005428146
240: time = 0.040000 loss = 3.675644
Resulting gain: 0.2363794795266263
Projecting...
Writing file E:\github_mauriciovancine\R-ENM\data\temp\raster\maxent\872910593810\species.csv
Ending
