Wed Mar 14 15:36:00 BRT 2018
MaxEnt version 3.4.1
Reading file absence
readGrid: max memory 477626368, total allocated 43515904, free 30135832, used 13380072, increment -4442984
Reading samples from presence
Read samples: max memory 477626368, total allocated 43515904, free 30135832, used 13380072, increment 0
Adding samples to background in feature space
Command line used:  autorun -e E:/github_mauriciovancine/R-ENM/data/temp/raster/maxent/0857455553/absence -o E:/github_mauriciovancine/R-ENM/data/temp/raster/maxent/0857455553 -s E:/github_mauriciovancine/R-ENM/data/temp/raster/maxent/0857455553/presence -z
Command line to repeat: java density.MaxEnt nowarnings noprefixes outputdirectory=E:/github_mauriciovancine/R-ENM/data/temp/raster/maxent/0857455553 samplesfile=E:/github_mauriciovancine/R-ENM/data/temp/raster/maxent/0857455553/presence environmentallayers=E:/github_mauriciovancine/R-ENM/data/temp/raster/maxent/0857455553/absence autorun novisible
Species: species
Layers: bio14 bio18 bio5
Layertypes: Continuous Continuous Continuous
outputdirectory: E:/github_mauriciovancine/R-ENM/data/temp/raster/maxent/0857455553
samplesfile: E:/github_mauriciovancine/R-ENM/data/temp/raster/maxent/0857455553/presence
environmentallayers: E:/github_mauriciovancine/R-ENM/data/temp/raster/maxent/0857455553/absence
autorun: true
visible: false

getSamples: max memory 477626368, total allocated 43515904, free 29758920, used 13756984, increment 376912
Making features
makeFeatures: max memory 477626368, total allocated 43515904, free 29758920, used 13756984, increment 0
species: 
Regularization values: linear/quadratic/product: 0.543, categorical: 0.286, threshold: 1.840, hinge: 0.500
16 samples
Density: max memory 477626368, total allocated 43515904, free 29758920, used 13756984, increment 0
linearPredictor: max memory 477626368, total allocated 43515904, free 29758920, used 13756984, increment 0
FeaturedSpace: max memory 477626368, total allocated 43515904, free 29758920, used 13756984, increment 0
Sequential: max memory 477626368, total allocated 43515904, free 29758920, used 13756984, increment 0
Initial loss: 3.4657359027997265
220: time = 0.017000 loss = 3.248607
Resulting gain: 0.2171289337799447
Projecting...
Writing file E:\github_mauriciovancine\R-ENM\data\temp\raster\maxent\0857455553\species.csv
Ending
