Wed Mar 14 14:17:21 BRT 2018
MaxEnt version 3.4.1
Reading file absence
readGrid: max memory 477626368, total allocated 125304832, free 46314792, used 78990040, increment 49178152
Reading samples from presence
Read samples: max memory 477626368, total allocated 125304832, free 46314792, used 78990040, increment 0
Adding samples to background in feature space
Command line used:  autorun -e E:/github_mauriciovancine/R-ENM/data/temp/raster/maxent/3465894475/absence -o E:/github_mauriciovancine/R-ENM/data/temp/raster/maxent/3465894475 -s E:/github_mauriciovancine/R-ENM/data/temp/raster/maxent/3465894475/presence -z
Command line to repeat: java density.MaxEnt nowarnings noprefixes outputdirectory=E:/github_mauriciovancine/R-ENM/data/temp/raster/maxent/3465894475 samplesfile=E:/github_mauriciovancine/R-ENM/data/temp/raster/maxent/3465894475/presence environmentallayers=E:/github_mauriciovancine/R-ENM/data/temp/raster/maxent/3465894475/absence autorun novisible
Species: species
Layers: bio14 bio18 bio5
Layertypes: Continuous Continuous Continuous
outputdirectory: E:/github_mauriciovancine/R-ENM/data/temp/raster/maxent/3465894475
samplesfile: E:/github_mauriciovancine/R-ENM/data/temp/raster/maxent/3465894475/presence
environmentallayers: E:/github_mauriciovancine/R-ENM/data/temp/raster/maxent/3465894475/absence
autorun: true
visible: false

getSamples: max memory 477626368, total allocated 125304832, free 46314792, used 78990040, increment 0
Making features
makeFeatures: max memory 477626368, total allocated 125304832, free 46314792, used 78990040, increment 0
species: 
Regularization values: linear/quadratic/product: 0.543, categorical: 0.286, threshold: 1.840, hinge: 0.500
16 samples
Density: max memory 477626368, total allocated 125304832, free 46314792, used 78990040, increment 0
linearPredictor: max memory 477626368, total allocated 125304832, free 46314792, used 78990040, increment 0
FeaturedSpace: max memory 477626368, total allocated 125304832, free 46314792, used 78990040, increment 0
Sequential: max memory 477626368, total allocated 125304832, free 46314792, used 78990040, increment 0
Initial loss: 3.4657359027997265
100: time = 0.002000 loss = 3.248746
Resulting gain: 0.21699038496644674
Projecting...
Writing file E:\github_mauriciovancine\R-ENM\data\temp\raster\maxent\3465894475\species.csv
Ending
