Wed Mar 14 15:35:34 BRT 2018
MaxEnt version 3.4.1
Reading file absence
readGrid: max memory 477626368, total allocated 62914560, free 6824656, used 56089904, increment 16448720
Reading samples from presence
Read samples: max memory 477626368, total allocated 62914560, free 6447568, used 56466992, increment 377088
Adding samples to background in feature space
Command line used:  autorun -e E:/github_mauriciovancine/R-ENM/data/temp/raster/maxent/108234831210/absence -o E:/github_mauriciovancine/R-ENM/data/temp/raster/maxent/108234831210 -s E:/github_mauriciovancine/R-ENM/data/temp/raster/maxent/108234831210/presence -z
Command line to repeat: java density.MaxEnt nowarnings noprefixes outputdirectory=E:/github_mauriciovancine/R-ENM/data/temp/raster/maxent/108234831210 samplesfile=E:/github_mauriciovancine/R-ENM/data/temp/raster/maxent/108234831210/presence environmentallayers=E:/github_mauriciovancine/R-ENM/data/temp/raster/maxent/108234831210/absence autorun novisible
Species: species
Layers: bio14 bio18 bio5
Layertypes: Continuous Continuous Continuous
outputdirectory: E:/github_mauriciovancine/R-ENM/data/temp/raster/maxent/108234831210
samplesfile: E:/github_mauriciovancine/R-ENM/data/temp/raster/maxent/108234831210/presence
environmentallayers: E:/github_mauriciovancine/R-ENM/data/temp/raster/maxent/108234831210/absence
autorun: true
visible: false

getSamples: max memory 477626368, total allocated 62914560, free 6070504, used 56844056, increment 377064
Making features
makeFeatures: max memory 477626368, total allocated 62914560, free 6070504, used 56844056, increment 0
species: 
Regularization values: linear/quadratic/product: 0.346, categorical: 0.250, threshold: 1.750, hinge: 0.500
25 samples
Density: max memory 477626368, total allocated 62914560, free 6070504, used 56844056, increment 0
linearPredictor: max memory 477626368, total allocated 62914560, free 6070504, used 56844056, increment 0
FeaturedSpace: max memory 477626368, total allocated 62914560, free 6070504, used 56844056, increment 0
Sequential: max memory 477626368, total allocated 62914560, free 6070504, used 56844056, increment 0
Initial loss: 3.8918202981106265
200: time = 0.025000 loss = 3.771194
Resulting gain: 0.12062623419764185
Projecting...
Writing file E:\github_mauriciovancine\R-ENM\data\temp\raster\maxent\108234831210\species.csv
Ending
