Wed Mar 14 15:36:03 BRT 2018
MaxEnt version 3.4.1
Reading file absence
readGrid: max memory 477626368, total allocated 43515904, free 16453456, used 27062448, increment 13305464
Reading samples from presence
Read samples: max memory 477626368, total allocated 43515904, free 16453456, used 27062448, increment 0
Adding samples to background in feature space
Command line used:  autorun -e E:/github_mauriciovancine/R-ENM/data/temp/raster/maxent/0129746898/absence -o E:/github_mauriciovancine/R-ENM/data/temp/raster/maxent/0129746898 -s E:/github_mauriciovancine/R-ENM/data/temp/raster/maxent/0129746898/presence -z
Command line to repeat: java density.MaxEnt nowarnings noprefixes outputdirectory=E:/github_mauriciovancine/R-ENM/data/temp/raster/maxent/0129746898 samplesfile=E:/github_mauriciovancine/R-ENM/data/temp/raster/maxent/0129746898/presence environmentallayers=E:/github_mauriciovancine/R-ENM/data/temp/raster/maxent/0129746898/absence autorun novisible
Species: species
Layers: bio14 bio18 bio5
Layertypes: Continuous Continuous Continuous
outputdirectory: E:/github_mauriciovancine/R-ENM/data/temp/raster/maxent/0129746898
samplesfile: E:/github_mauriciovancine/R-ENM/data/temp/raster/maxent/0129746898/presence
environmentallayers: E:/github_mauriciovancine/R-ENM/data/temp/raster/maxent/0129746898/absence
autorun: true
visible: false

getSamples: max memory 477626368, total allocated 43515904, free 16076320, used 27439584, increment 377136
Making features
makeFeatures: max memory 477626368, total allocated 43515904, free 16076320, used 27439584, increment 0
species: 
Regularization values: linear/quadratic/product: 0.543, categorical: 0.286, threshold: 1.840, hinge: 0.500
16 samples
Density: max memory 477626368, total allocated 43515904, free 16076320, used 27439584, increment 0
linearPredictor: max memory 477626368, total allocated 43515904, free 16076320, used 27439584, increment 0
FeaturedSpace: max memory 477626368, total allocated 43515904, free 16076320, used 27439584, increment 0
Sequential: max memory 477626368, total allocated 43515904, free 16076320, used 27439584, increment 0
Initial loss: 3.4339872044851463
140: time = 0.014000 loss = 3.219790
Resulting gain: 0.21419704023029018
Projecting...
Writing file E:\github_mauriciovancine\R-ENM\data\temp\raster\maxent\0129746898\species.csv
Ending
