Wed Mar 14 14:49:24 BRT 2018
MaxEnt version 3.4.1
Reading file absence
readGrid: max memory 477626368, total allocated 44564480, free 27520528, used 17043952, increment 4254936
Reading samples from presence
Read samples: max memory 477626368, total allocated 44564480, free 27143752, used 17420728, increment 376776
Adding samples to background in feature space
Command line used:  autorun -e E:/github_mauriciovancine/R-ENM/data/temp/raster/maxent/7316051921/absence -o E:/github_mauriciovancine/R-ENM/data/temp/raster/maxent/7316051921 -s E:/github_mauriciovancine/R-ENM/data/temp/raster/maxent/7316051921/presence -z
Command line to repeat: java density.MaxEnt nowarnings noprefixes outputdirectory=E:/github_mauriciovancine/R-ENM/data/temp/raster/maxent/7316051921 samplesfile=E:/github_mauriciovancine/R-ENM/data/temp/raster/maxent/7316051921/presence environmentallayers=E:/github_mauriciovancine/R-ENM/data/temp/raster/maxent/7316051921/absence autorun novisible
Species: species
Layers: bio14 bio18 bio5
Layertypes: Continuous Continuous Continuous
outputdirectory: E:/github_mauriciovancine/R-ENM/data/temp/raster/maxent/7316051921
samplesfile: E:/github_mauriciovancine/R-ENM/data/temp/raster/maxent/7316051921/presence
environmentallayers: E:/github_mauriciovancine/R-ENM/data/temp/raster/maxent/7316051921/absence
autorun: true
visible: false

getSamples: max memory 477626368, total allocated 44564480, free 26013392, used 18551088, increment 1130360
Making features
makeFeatures: max memory 477626368, total allocated 44564480, free 26013392, used 18551088, increment 0
species: 
Regularization values: linear/quadratic/product: 0.050, categorical: 0.250, threshold: 1.000, hinge: 0.500
138 samples
Density: max memory 477626368, total allocated 44564480, free 25636624, used 18927856, increment 376768
linearPredictor: max memory 477626368, total allocated 44564480, free 25636624, used 18927856, increment 0
FeaturedSpace: max memory 477626368, total allocated 44564480, free 25636624, used 18927856, increment 0
Sequential: max memory 477626368, total allocated 44564480, free 25636624, used 18927856, increment 0
Initial loss: 5.560681631015528
320: time = 0.180000 loss = 4.878534
Resulting gain: 0.6821472361174266
Projecting...
Writing file E:\github_mauriciovancine\R-ENM\data\temp\raster\maxent\7316051921\species.csv
Ending
