Wed Mar 14 14:43:18 BRT 2018
MaxEnt version 3.4.1
Reading file absence
readGrid: max memory 477626368, total allocated 63963136, free 37419336, used 26543800, increment -8900392
Reading samples from presence
Read samples: max memory 477626368, total allocated 63963136, free 37026728, used 26936408, increment 392608
Adding samples to background in feature space
Command line used:  autorun -e E:/github_mauriciovancine/R-ENM/data/temp/raster/maxent/106181531079/absence -o E:/github_mauriciovancine/R-ENM/data/temp/raster/maxent/106181531079 -s E:/github_mauriciovancine/R-ENM/data/temp/raster/maxent/106181531079/presence -z
Command line to repeat: java density.MaxEnt nowarnings noprefixes outputdirectory=E:/github_mauriciovancine/R-ENM/data/temp/raster/maxent/106181531079 samplesfile=E:/github_mauriciovancine/R-ENM/data/temp/raster/maxent/106181531079/presence environmentallayers=E:/github_mauriciovancine/R-ENM/data/temp/raster/maxent/106181531079/absence autorun novisible
Species: species
Layers: bio14 bio18 bio5
Layertypes: Continuous Continuous Continuous
outputdirectory: E:/github_mauriciovancine/R-ENM/data/temp/raster/maxent/106181531079
samplesfile: E:/github_mauriciovancine/R-ENM/data/temp/raster/maxent/106181531079/presence
environmentallayers: E:/github_mauriciovancine/R-ENM/data/temp/raster/maxent/106181531079/absence
autorun: true
visible: false

getSamples: max memory 477626368, total allocated 63963136, free 35873536, used 28089600, increment 1153192
Making features
makeFeatures: max memory 477626368, total allocated 63963136, free 35873536, used 28089600, increment 0
species: 
Regularization values: linear/quadratic/product: 0.050, categorical: 0.250, threshold: 1.000, hinge: 0.500
138 samples
Density: max memory 477626368, total allocated 63963136, free 35495944, used 28467192, increment 377592
linearPredictor: max memory 477626368, total allocated 63963136, free 35495944, used 28467192, increment 0
FeaturedSpace: max memory 477626368, total allocated 63963136, free 35495944, used 28467192, increment 0
Sequential: max memory 477626368, total allocated 63963136, free 35495944, used 28467192, increment 0
Initial loss: 5.517452896464707
440: time = 0.249000 loss = 4.749684
Resulting gain: 0.7677687966311302
Projecting...
Writing file E:\github_mauriciovancine\R-ENM\data\temp\raster\maxent\106181531079\species.csv
Ending
