Wed Mar 14 15:58:51 BRT 2018
MaxEnt version 3.4.1
Reading file absence
readGrid: max memory 477626368, total allocated 42991616, free 19193512, used 23798104, increment 8089160
Reading samples from presence
Read samples: max memory 477626368, total allocated 42991616, free 18816208, used 24175408, increment 377304
Adding samples to background in feature space
Command line used:  autorun -e E:/github_mauriciovancine/R-ENM/data/temp/raster/maxent/38105936898/absence -o E:/github_mauriciovancine/R-ENM/data/temp/raster/maxent/38105936898 -s E:/github_mauriciovancine/R-ENM/data/temp/raster/maxent/38105936898/presence -z
Command line to repeat: java density.MaxEnt nowarnings noprefixes outputdirectory=E:/github_mauriciovancine/R-ENM/data/temp/raster/maxent/38105936898 samplesfile=E:/github_mauriciovancine/R-ENM/data/temp/raster/maxent/38105936898/presence environmentallayers=E:/github_mauriciovancine/R-ENM/data/temp/raster/maxent/38105936898/absence autorun novisible
Species: species
Layers: bio14 bio18 bio5
Layertypes: Continuous Continuous Continuous
outputdirectory: E:/github_mauriciovancine/R-ENM/data/temp/raster/maxent/38105936898
samplesfile: E:/github_mauriciovancine/R-ENM/data/temp/raster/maxent/38105936898/presence
environmentallayers: E:/github_mauriciovancine/R-ENM/data/temp/raster/maxent/38105936898/absence
autorun: true
visible: false

getSamples: max memory 477626368, total allocated 42991616, free 17684032, used 25307584, increment 1132176
Making features
makeFeatures: max memory 477626368, total allocated 42991616, free 17684032, used 25307584, increment 0
species: 
Regularization values: linear/quadratic/product: 0.050, categorical: 0.250, threshold: 1.000, hinge: 0.500
141 samples
Density: max memory 477626368, total allocated 42991616, free 17306760, used 25684856, increment 377272
linearPredictor: max memory 477626368, total allocated 42991616, free 17306760, used 25684856, increment 0
FeaturedSpace: max memory 477626368, total allocated 42991616, free 17306760, used 25684856, increment 0
Sequential: max memory 477626368, total allocated 42991616, free 17306760, used 25684856, increment 0
Initial loss: 5.407171771460119
500: time = 0.209000 loss = 4.405979
Resulting gain: 1.001192991069761
Projecting...
Writing file E:\github_mauriciovancine\R-ENM\data\temp\raster\maxent\38105936898\species.csv
Ending
