Wed Mar 14 15:52:49 BRT 2018
MaxEnt version 3.4.1
Reading file absence
readGrid: max memory 477626368, total allocated 42991616, free 16500032, used 26491584, increment 11801016
Reading samples from presence
Read samples: max memory 477626368, total allocated 42991616, free 16122800, used 26868816, increment 377232
Adding samples to background in feature space
Command line used:  autorun -e E:/github_mauriciovancine/R-ENM/data/temp/raster/maxent/10239734391/absence -o E:/github_mauriciovancine/R-ENM/data/temp/raster/maxent/10239734391 -s E:/github_mauriciovancine/R-ENM/data/temp/raster/maxent/10239734391/presence -z
Command line to repeat: java density.MaxEnt nowarnings noprefixes outputdirectory=E:/github_mauriciovancine/R-ENM/data/temp/raster/maxent/10239734391 samplesfile=E:/github_mauriciovancine/R-ENM/data/temp/raster/maxent/10239734391/presence environmentallayers=E:/github_mauriciovancine/R-ENM/data/temp/raster/maxent/10239734391/absence autorun novisible
Species: species
Layers: bio14 bio18 bio5
Layertypes: Continuous Continuous Continuous
outputdirectory: E:/github_mauriciovancine/R-ENM/data/temp/raster/maxent/10239734391
samplesfile: E:/github_mauriciovancine/R-ENM/data/temp/raster/maxent/10239734391/presence
environmentallayers: E:/github_mauriciovancine/R-ENM/data/temp/raster/maxent/10239734391/absence
autorun: true
visible: false

getSamples: max memory 477626368, total allocated 42991616, free 16122800, used 26868816, increment 0
Making features
makeFeatures: max memory 477626368, total allocated 42991616, free 16122800, used 26868816, increment 0
species: 
Regularization values: linear/quadratic/product: 0.543, categorical: 0.286, threshold: 1.840, hinge: 0.500
16 samples
Density: max memory 477626368, total allocated 42991616, free 15745592, used 27246024, increment 377208
linearPredictor: max memory 477626368, total allocated 42991616, free 15745592, used 27246024, increment 0
FeaturedSpace: max memory 477626368, total allocated 42991616, free 15745592, used 27246024, increment 0
Sequential: max memory 477626368, total allocated 42991616, free 15745592, used 27246024, increment 0
Initial loss: 3.4339872044851463
200: time = 0.034000 loss = 3.186100
Resulting gain: 0.24788680693242737
Projecting...
Writing file E:\github_mauriciovancine\R-ENM\data\temp\raster\maxent\10239734391\species.csv
Ending
