Wed Mar 14 15:35:12 BRT 2018
MaxEnt version 3.4.1
Reading file absence
readGrid: max memory 477626368, total allocated 62914560, free 12561512, used 50353048, increment 9019312
Reading samples from presence
Read samples: max memory 477626368, total allocated 62914560, free 11812416, used 51102144, increment 749096
Adding samples to background in feature space
Command line used:  autorun -e E:/github_mauriciovancine/R-ENM/data/temp/raster/maxent/77347171007/absence -o E:/github_mauriciovancine/R-ENM/data/temp/raster/maxent/77347171007 -s E:/github_mauriciovancine/R-ENM/data/temp/raster/maxent/77347171007/presence -z
Command line to repeat: java density.MaxEnt nowarnings noprefixes outputdirectory=E:/github_mauriciovancine/R-ENM/data/temp/raster/maxent/77347171007 samplesfile=E:/github_mauriciovancine/R-ENM/data/temp/raster/maxent/77347171007/presence environmentallayers=E:/github_mauriciovancine/R-ENM/data/temp/raster/maxent/77347171007/absence autorun novisible
Species: species
Layers: bio14 bio18 bio5
Layertypes: Continuous Continuous Continuous
outputdirectory: E:/github_mauriciovancine/R-ENM/data/temp/raster/maxent/77347171007
samplesfile: E:/github_mauriciovancine/R-ENM/data/temp/raster/maxent/77347171007/presence
environmentallayers: E:/github_mauriciovancine/R-ENM/data/temp/raster/maxent/77347171007/absence
autorun: true
visible: false

getSamples: max memory 477626368, total allocated 62914560, free 10688672, used 52225888, increment 1123744
Making features
makeFeatures: max memory 477626368, total allocated 62914560, free 10688672, used 52225888, increment 0
species: 
Regularization values: linear/quadratic/product: 0.050, categorical: 0.250, threshold: 1.000, hinge: 0.500
137 samples
Density: max memory 477626368, total allocated 62914560, free 10688672, used 52225888, increment 0
linearPredictor: max memory 477626368, total allocated 62914560, free 10688672, used 52225888, increment 0
FeaturedSpace: max memory 477626368, total allocated 62914560, free 10688672, used 52225888, increment 0
Sequential: max memory 477626368, total allocated 62914560, free 10688672, used 52225888, increment 0
Initial loss: 5.356586274672012
480: time = 0.196000 loss = 4.294932
Resulting gain: 1.061654204782883
Projecting...
Writing file E:\github_mauriciovancine\R-ENM\data\temp\raster\maxent\77347171007\species.csv
Ending
