Wed Mar 14 15:35:29 BRT 2018
MaxEnt version 3.4.1
Reading file absence
readGrid: max memory 477626368, total allocated 62914560, free 19213368, used 43701192, increment -1403560
Reading samples from presence
Read samples: max memory 477626368, total allocated 62914560, free 18837224, used 44077336, increment 376144
Adding samples to background in feature space
Command line used:  autorun -e E:/github_mauriciovancine/R-ENM/data/temp/raster/maxent/6297531139/absence -o E:/github_mauriciovancine/R-ENM/data/temp/raster/maxent/6297531139 -s E:/github_mauriciovancine/R-ENM/data/temp/raster/maxent/6297531139/presence -z
Command line to repeat: java density.MaxEnt nowarnings noprefixes outputdirectory=E:/github_mauriciovancine/R-ENM/data/temp/raster/maxent/6297531139 samplesfile=E:/github_mauriciovancine/R-ENM/data/temp/raster/maxent/6297531139/presence environmentallayers=E:/github_mauriciovancine/R-ENM/data/temp/raster/maxent/6297531139/absence autorun novisible
Species: species
Layers: bio14 bio18 bio5
Layertypes: Continuous Continuous Continuous
outputdirectory: E:/github_mauriciovancine/R-ENM/data/temp/raster/maxent/6297531139
samplesfile: E:/github_mauriciovancine/R-ENM/data/temp/raster/maxent/6297531139/presence
environmentallayers: E:/github_mauriciovancine/R-ENM/data/temp/raster/maxent/6297531139/absence
autorun: true
visible: false

getSamples: max memory 477626368, total allocated 62914560, free 18837224, used 44077336, increment 0
Making features
makeFeatures: max memory 477626368, total allocated 62914560, free 18837224, used 44077336, increment 0
species: 
Regularization values: linear/quadratic/product: 0.346, categorical: 0.250, threshold: 1.750, hinge: 0.500
25 samples
Density: max memory 477626368, total allocated 62914560, free 18461120, used 44453440, increment 376104
linearPredictor: max memory 477626368, total allocated 62914560, free 18461120, used 44453440, increment 0
FeaturedSpace: max memory 477626368, total allocated 62914560, free 18461120, used 44453440, increment 0
Sequential: max memory 477626368, total allocated 62914560, free 18461120, used 44453440, increment 0
Initial loss: 3.8918202981106265
160: time = 0.025000 loss = 3.684639
Resulting gain: 0.20718108765854382
Projecting...
Writing file E:\github_mauriciovancine\R-ENM\data\temp\raster\maxent\6297531139\species.csv
Ending
