Wed Mar 14 14:43:38 BRT 2018
MaxEnt version 3.4.1
Reading file absence
readGrid: max memory 477626368, total allocated 63438848, free 30457016, used 32981832, increment -4820112
Reading samples from presence
Read samples: max memory 477626368, total allocated 63438848, free 30080792, used 33358056, increment 376224
Adding samples to background in feature space
Command line used:  autorun -e E:/github_mauriciovancine/R-ENM/data/temp/raster/maxent/391083100770/absence -o E:/github_mauriciovancine/R-ENM/data/temp/raster/maxent/391083100770 -s E:/github_mauriciovancine/R-ENM/data/temp/raster/maxent/391083100770/presence -z
Command line to repeat: java density.MaxEnt nowarnings noprefixes outputdirectory=E:/github_mauriciovancine/R-ENM/data/temp/raster/maxent/391083100770 samplesfile=E:/github_mauriciovancine/R-ENM/data/temp/raster/maxent/391083100770/presence environmentallayers=E:/github_mauriciovancine/R-ENM/data/temp/raster/maxent/391083100770/absence autorun novisible
Species: species
Layers: bio14 bio18 bio5
Layertypes: Continuous Continuous Continuous
outputdirectory: E:/github_mauriciovancine/R-ENM/data/temp/raster/maxent/391083100770
samplesfile: E:/github_mauriciovancine/R-ENM/data/temp/raster/maxent/391083100770/presence
environmentallayers: E:/github_mauriciovancine/R-ENM/data/temp/raster/maxent/391083100770/absence
autorun: true
visible: false

getSamples: max memory 477626368, total allocated 63438848, free 28951984, used 34486864, increment 1128808
Making features
makeFeatures: max memory 477626368, total allocated 63438848, free 28951984, used 34486864, increment 0
species: 
Regularization values: linear/quadratic/product: 0.050, categorical: 0.250, threshold: 1.000, hinge: 0.500
138 samples
Density: max memory 477626368, total allocated 63438848, free 28574192, used 34864656, increment 377792
linearPredictor: max memory 477626368, total allocated 63438848, free 28574192, used 34864656, increment 0
FeaturedSpace: max memory 477626368, total allocated 63438848, free 28574192, used 34864656, increment 0
Sequential: max memory 477626368, total allocated 63438848, free 28574192, used 34864656, increment 0
Initial loss: 5.545177444479562
500: time = 0.239000 loss = 4.899962
Resulting gain: 0.6452157227215816
Projecting...
Writing file E:\github_mauriciovancine\R-ENM\data\temp\raster\maxent\391083100770\species.csv
Ending
