Wed Mar 14 15:59:26 BRT 2018
MaxEnt version 3.4.1
Reading file absence
readGrid: max memory 477626368, total allocated 42991616, free 32434656, used 10556960, increment -1102584
Reading samples from presence
Read samples: max memory 477626368, total allocated 42991616, free 32434656, used 10556960, increment 0
Adding samples to background in feature space
Command line used:  autorun -e E:/github_mauriciovancine/R-ENM/data/temp/raster/maxent/25398104753/absence -o E:/github_mauriciovancine/R-ENM/data/temp/raster/maxent/25398104753 -s E:/github_mauriciovancine/R-ENM/data/temp/raster/maxent/25398104753/presence -z
Command line to repeat: java density.MaxEnt nowarnings noprefixes outputdirectory=E:/github_mauriciovancine/R-ENM/data/temp/raster/maxent/25398104753 samplesfile=E:/github_mauriciovancine/R-ENM/data/temp/raster/maxent/25398104753/presence environmentallayers=E:/github_mauriciovancine/R-ENM/data/temp/raster/maxent/25398104753/absence autorun novisible
Species: species
Layers: bio14 bio18 bio5
Layertypes: Continuous Continuous Continuous
outputdirectory: E:/github_mauriciovancine/R-ENM/data/temp/raster/maxent/25398104753
samplesfile: E:/github_mauriciovancine/R-ENM/data/temp/raster/maxent/25398104753/presence
environmentallayers: E:/github_mauriciovancine/R-ENM/data/temp/raster/maxent/25398104753/absence
autorun: true
visible: false

getSamples: max memory 477626368, total allocated 42991616, free 32057536, used 10934080, increment 377120
Making features
makeFeatures: max memory 477626368, total allocated 42991616, free 32057536, used 10934080, increment 0
species: 
Regularization values: linear/quadratic/product: 0.346, categorical: 0.250, threshold: 1.750, hinge: 0.500
25 samples
Density: max memory 477626368, total allocated 42991616, free 32057536, used 10934080, increment 0
linearPredictor: max memory 477626368, total allocated 42991616, free 32057536, used 10934080, increment 0
FeaturedSpace: max memory 477626368, total allocated 42991616, free 32057536, used 10934080, increment 0
Sequential: max memory 477626368, total allocated 42991616, free 32057536, used 10934080, increment 0
Initial loss: 3.871201010907891
140: time = 0.006000 loss = 3.634424
Resulting gain: 0.23677743375050753
Projecting...
Writing file E:\github_mauriciovancine\R-ENM\data\temp\raster\maxent\25398104753\species.csv
Ending
