Thu Jan 11 23:05:03 BRST 2018
MaxEnt version 3.4.1
Reading file absence
readGrid: max memory 477626368, total allocated 143654912, free 67826408, used 75828504, increment -21821456
Reading samples from presence
Read samples: max memory 477626368, total allocated 143654912, free 67826408, used 75828504, increment 0
Adding samples to background in feature space
Command line used:  autorun -e E:/github_mauriciovancine/R-ENM/data/temp/raster/maxent/9710764711/absence -o E:/github_mauriciovancine/R-ENM/data/temp/raster/maxent/9710764711 -s E:/github_mauriciovancine/R-ENM/data/temp/raster/maxent/9710764711/presence -z
Command line to repeat: java density.MaxEnt nowarnings noprefixes outputdirectory=E:/github_mauriciovancine/R-ENM/data/temp/raster/maxent/9710764711 samplesfile=E:/github_mauriciovancine/R-ENM/data/temp/raster/maxent/9710764711/presence environmentallayers=E:/github_mauriciovancine/R-ENM/data/temp/raster/maxent/9710764711/absence autorun novisible
Species: species
Layers: bio14 bio18 bio19 bio5
Layertypes: Continuous Continuous Continuous Continuous
outputdirectory: E:/github_mauriciovancine/R-ENM/data/temp/raster/maxent/9710764711
samplesfile: E:/github_mauriciovancine/R-ENM/data/temp/raster/maxent/9710764711/presence
environmentallayers: E:/github_mauriciovancine/R-ENM/data/temp/raster/maxent/9710764711/absence
autorun: true
visible: false

getSamples: max memory 477626368, total allocated 143654912, free 67826408, used 75828504, increment 0
Making features
makeFeatures: max memory 477626368, total allocated 143654912, free 67826408, used 75828504, increment 0
species: 
Regularization values: linear/quadratic/product: 1.000, categorical: 0.560, threshold: 1.940, hinge: 0.500
6 samples
Density: max memory 477626368, total allocated 143654912, free 67826408, used 75828504, increment 0
linearPredictor: max memory 477626368, total allocated 143654912, free 67826408, used 75828504, increment 0
FeaturedSpace: max memory 477626368, total allocated 143654912, free 67826408, used 75828504, increment 0
Sequential: max memory 477626368, total allocated 143654912, free 67826408, used 75828504, increment 0
Initial loss: 2.4849066497880004
60: time = 0.009000 loss = 2.301416
Resulting gain: 0.18349053066402465
Projecting...
Writing file E:\github_mauriciovancine\R-ENM\data\temp\raster\maxent\9710764711\species.csv
Ending
