Wed Mar 14 14:38:17 BRT 2018
MaxEnt version 3.4.1
Reading file absence
readGrid: max memory 477626368, total allocated 95944704, free 71694304, used 24250400, increment -13270960
Reading samples from presence
Read samples: max memory 477626368, total allocated 95944704, free 70657608, used 25287096, increment 1036696
Adding samples to background in feature space
Command line used:  autorun -e E:/github_mauriciovancine/R-ENM/data/temp/raster/maxent/5849556358/absence -o E:/github_mauriciovancine/R-ENM/data/temp/raster/maxent/5849556358 -s E:/github_mauriciovancine/R-ENM/data/temp/raster/maxent/5849556358/presence -z
Command line to repeat: java density.MaxEnt nowarnings noprefixes outputdirectory=E:/github_mauriciovancine/R-ENM/data/temp/raster/maxent/5849556358 samplesfile=E:/github_mauriciovancine/R-ENM/data/temp/raster/maxent/5849556358/presence environmentallayers=E:/github_mauriciovancine/R-ENM/data/temp/raster/maxent/5849556358/absence autorun novisible
Species: species
Layers: bio14 bio18 bio5
Layertypes: Continuous Continuous Continuous
outputdirectory: E:/github_mauriciovancine/R-ENM/data/temp/raster/maxent/5849556358
samplesfile: E:/github_mauriciovancine/R-ENM/data/temp/raster/maxent/5849556358/presence
environmentallayers: E:/github_mauriciovancine/R-ENM/data/temp/raster/maxent/5849556358/absence
autorun: true
visible: false

getSamples: max memory 477626368, total allocated 95944704, free 69620800, used 26323904, increment 1036808
Making features
makeFeatures: max memory 477626368, total allocated 95944704, free 69620800, used 26323904, increment 0
species: 
Regularization values: linear/quadratic/product: 0.050, categorical: 0.250, threshold: 1.000, hinge: 0.500
139 samples
Density: max memory 477626368, total allocated 95944704, free 69620800, used 26323904, increment 0
linearPredictor: max memory 477626368, total allocated 95944704, free 69620800, used 26323904, increment 0
FeaturedSpace: max memory 477626368, total allocated 95944704, free 69620800, used 26323904, increment 0
Sequential: max memory 477626368, total allocated 95944704, free 69620800, used 26323904, increment 0
Initial loss: 5.605802066295998
400: time = 0.216000 loss = 5.102110
Resulting gain: 0.5036924729891297
Projecting...
Writing file E:\github_mauriciovancine\R-ENM\data\temp\raster\maxent\5849556358\species.csv
Ending
