Sun Feb 11 12:25:20 BRST 2018
MaxEnt version 3.4.1
Reading file absence
readGrid: max memory 477626368, total allocated 62914560, free 53022032, used 9892528, increment -5248992
Reading samples from presence
Read samples: max memory 477626368, total allocated 62914560, free 52712328, used 10202232, increment 309704
Adding samples to background in feature space
Command line used:  autorun -e E:/github_mauriciovancine/R-ENM/data/temp/raster/maxent/11047642958/absence -o E:/github_mauriciovancine/R-ENM/data/temp/raster/maxent/11047642958 -s E:/github_mauriciovancine/R-ENM/data/temp/raster/maxent/11047642958/presence -z
Command line to repeat: java density.MaxEnt nowarnings noprefixes outputdirectory=E:/github_mauriciovancine/R-ENM/data/temp/raster/maxent/11047642958 samplesfile=E:/github_mauriciovancine/R-ENM/data/temp/raster/maxent/11047642958/presence environmentallayers=E:/github_mauriciovancine/R-ENM/data/temp/raster/maxent/11047642958/absence autorun novisible
Species: species
Layers: bio14 bio2 bio4
Layertypes: Continuous Continuous Continuous
outputdirectory: E:/github_mauriciovancine/R-ENM/data/temp/raster/maxent/11047642958
samplesfile: E:/github_mauriciovancine/R-ENM/data/temp/raster/maxent/11047642958/presence
environmentallayers: E:/github_mauriciovancine/R-ENM/data/temp/raster/maxent/11047642958/absence
autorun: true
visible: false

getSamples: max memory 477626368, total allocated 62914560, free 52419024, used 10495536, increment 293304
Making features
makeFeatures: max memory 477626368, total allocated 62914560, free 52419024, used 10495536, increment 0
species: 
Regularization values: linear/quadratic/product: 0.365, categorical: 0.250, threshold: 1.760, hinge: 0.500
24 samples
Density: max memory 477626368, total allocated 62914560, free 52419024, used 10495536, increment 0
linearPredictor: max memory 477626368, total allocated 62914560, free 52419024, used 10495536, increment 0
FeaturedSpace: max memory 477626368, total allocated 62914560, free 52419024, used 10495536, increment 0
Sequential: max memory 477626368, total allocated 62914560, free 52419024, used 10495536, increment 0
Initial loss: 3.8501476017100584
200: time = 0.143000 loss = 3.628210
Resulting gain: 0.22193749029834953
Projecting...
Writing file E:\github_mauriciovancine\R-ENM\data\temp\raster\maxent\11047642958\species.csv
Ending
