Wed Mar 14 16:00:20 BRT 2018
MaxEnt version 3.4.1
Reading file absence
readGrid: max memory 477626368, total allocated 44564480, free 21722008, used 22842472, increment -5127800
Reading samples from presence
Read samples: max memory 477626368, total allocated 44564480, free 21722008, used 22842472, increment 0
Adding samples to background in feature space
Command line used:  autorun -e E:/github_mauriciovancine/R-ENM/data/temp/raster/maxent/92771109366/absence -o E:/github_mauriciovancine/R-ENM/data/temp/raster/maxent/92771109366 -s E:/github_mauriciovancine/R-ENM/data/temp/raster/maxent/92771109366/presence -z
Command line to repeat: java density.MaxEnt nowarnings noprefixes outputdirectory=E:/github_mauriciovancine/R-ENM/data/temp/raster/maxent/92771109366 samplesfile=E:/github_mauriciovancine/R-ENM/data/temp/raster/maxent/92771109366/presence environmentallayers=E:/github_mauriciovancine/R-ENM/data/temp/raster/maxent/92771109366/absence autorun novisible
Species: species
Layers: bio14 bio18 bio5
Layertypes: Continuous Continuous Continuous
outputdirectory: E:/github_mauriciovancine/R-ENM/data/temp/raster/maxent/92771109366
samplesfile: E:/github_mauriciovancine/R-ENM/data/temp/raster/maxent/92771109366/presence
environmentallayers: E:/github_mauriciovancine/R-ENM/data/temp/raster/maxent/92771109366/absence
autorun: true
visible: false

getSamples: max memory 477626368, total allocated 44564480, free 21722008, used 22842472, increment 0
Making features
makeFeatures: max memory 477626368, total allocated 44564480, free 21344584, used 23219896, increment 377424
species: 
Regularization values: linear/quadratic/product: 0.543, categorical: 0.286, threshold: 1.840, hinge: 0.500
16 samples
Density: max memory 477626368, total allocated 44564480, free 21344584, used 23219896, increment 0
linearPredictor: max memory 477626368, total allocated 44564480, free 21344584, used 23219896, increment 0
FeaturedSpace: max memory 477626368, total allocated 44564480, free 21344584, used 23219896, increment 0
Sequential: max memory 477626368, total allocated 44564480, free 21344584, used 23219896, increment 0
Initial loss: 3.4657359027997265
280: time = 0.032000 loss = 3.205448
Resulting gain: 0.26028772733832817
Projecting...
Writing file E:\github_mauriciovancine\R-ENM\data\temp\raster\maxent\92771109366\species.csv
Ending
