Wed Feb 21 20:00:22 BRT 2018
MaxEnt version 3.4.1
Reading file absence
readGrid: max memory 477626368, total allocated 63963136, free 48674128, used 15289008, increment 7913272
Reading samples from presence
Read samples: max memory 477626368, total allocated 63963136, free 48359920, used 15603216, increment 314208
Adding samples to background in feature space
Command line used:  autorun -e E:/github_mauriciovancine/R-ENM/data/temp/raster/maxent/286631062610/absence -o E:/github_mauriciovancine/R-ENM/data/temp/raster/maxent/286631062610 -s E:/github_mauriciovancine/R-ENM/data/temp/raster/maxent/286631062610/presence -z
Command line to repeat: java density.MaxEnt nowarnings noprefixes outputdirectory=E:/github_mauriciovancine/R-ENM/data/temp/raster/maxent/286631062610 samplesfile=E:/github_mauriciovancine/R-ENM/data/temp/raster/maxent/286631062610/presence environmentallayers=E:/github_mauriciovancine/R-ENM/data/temp/raster/maxent/286631062610/absence autorun novisible
Species: species
Layers: bio14 bio18 bio5
Layertypes: Continuous Continuous Continuous
outputdirectory: E:/github_mauriciovancine/R-ENM/data/temp/raster/maxent/286631062610
samplesfile: E:/github_mauriciovancine/R-ENM/data/temp/raster/maxent/286631062610/presence
environmentallayers: E:/github_mauriciovancine/R-ENM/data/temp/raster/maxent/286631062610/absence
autorun: true
visible: false

getSamples: max memory 477626368, total allocated 63963136, free 48045744, used 15917392, increment 314176
Making features
makeFeatures: max memory 477626368, total allocated 63963136, free 48045744, used 15917392, increment 0
species: 
Regularization values: linear/quadratic/product: 0.346, categorical: 0.250, threshold: 1.750, hinge: 0.500
25 samples
Density: max memory 477626368, total allocated 63963136, free 48045744, used 15917392, increment 0
linearPredictor: max memory 477626368, total allocated 63963136, free 48045744, used 15917392, increment 0
FeaturedSpace: max memory 477626368, total allocated 63963136, free 48045744, used 15917392, increment 0
Sequential: max memory 477626368, total allocated 63963136, free 48045744, used 15917392, increment 0
Initial loss: 3.871201010907891
200: time = 0.047000 loss = 3.529743
Resulting gain: 0.34145764981127025
Projecting...
Writing file E:\github_mauriciovancine\R-ENM\data\temp\raster\maxent\286631062610\species.csv
Ending
