Wed Mar 14 15:52:45 BRT 2018
MaxEnt version 3.4.1
Reading file absence
readGrid: max memory 477626368, total allocated 42991616, free 28678296, used 14313320, increment -4980264
Reading samples from presence
Read samples: max memory 477626368, total allocated 42991616, free 28301048, used 14690568, increment 377248
Adding samples to background in feature space
Command line used:  autorun -e E:/github_mauriciovancine/R-ENM/data/temp/raster/maxent/4268347362/absence -o E:/github_mauriciovancine/R-ENM/data/temp/raster/maxent/4268347362 -s E:/github_mauriciovancine/R-ENM/data/temp/raster/maxent/4268347362/presence -z
Command line to repeat: java density.MaxEnt nowarnings noprefixes outputdirectory=E:/github_mauriciovancine/R-ENM/data/temp/raster/maxent/4268347362 samplesfile=E:/github_mauriciovancine/R-ENM/data/temp/raster/maxent/4268347362/presence environmentallayers=E:/github_mauriciovancine/R-ENM/data/temp/raster/maxent/4268347362/absence autorun novisible
Species: species
Layers: bio14 bio18 bio5
Layertypes: Continuous Continuous Continuous
outputdirectory: E:/github_mauriciovancine/R-ENM/data/temp/raster/maxent/4268347362
samplesfile: E:/github_mauriciovancine/R-ENM/data/temp/raster/maxent/4268347362/presence
environmentallayers: E:/github_mauriciovancine/R-ENM/data/temp/raster/maxent/4268347362/absence
autorun: true
visible: false

getSamples: max memory 477626368, total allocated 42991616, free 28301048, used 14690568, increment 0
Making features
makeFeatures: max memory 477626368, total allocated 42991616, free 28301048, used 14690568, increment 0
species: 
Regularization values: linear/quadratic/product: 0.543, categorical: 0.286, threshold: 1.840, hinge: 0.500
16 samples
Density: max memory 477626368, total allocated 42991616, free 28301048, used 14690568, increment 0
linearPredictor: max memory 477626368, total allocated 42991616, free 28301048, used 14690568, increment 0
FeaturedSpace: max memory 477626368, total allocated 42991616, free 28301048, used 14690568, increment 0
Sequential: max memory 477626368, total allocated 42991616, free 28301048, used 14690568, increment 0
Initial loss: 3.4657359027997265
160: time = 0.021000 loss = 3.204989
Resulting gain: 0.26074680368698155
Projecting...
Writing file E:\github_mauriciovancine\R-ENM\data\temp\raster\maxent\4268347362\species.csv
Ending
