Wed Mar 14 15:19:13 BRT 2018
MaxEnt version 3.4.1
Reading file absence
readGrid: max memory 477626368, total allocated 71303168, free 59783976, used 11519192, increment -2393736
Reading samples from presence
Read samples: max memory 477626368, total allocated 71303168, free 59783976, used 11519192, increment 0
Adding samples to background in feature space
Command line used:  autorun -e E:/github_mauriciovancine/R-ENM/data/temp/raster/maxent/5801237738/absence -o E:/github_mauriciovancine/R-ENM/data/temp/raster/maxent/5801237738 -s E:/github_mauriciovancine/R-ENM/data/temp/raster/maxent/5801237738/presence -z
Command line to repeat: java density.MaxEnt nowarnings noprefixes outputdirectory=E:/github_mauriciovancine/R-ENM/data/temp/raster/maxent/5801237738 samplesfile=E:/github_mauriciovancine/R-ENM/data/temp/raster/maxent/5801237738/presence environmentallayers=E:/github_mauriciovancine/R-ENM/data/temp/raster/maxent/5801237738/absence autorun novisible
Species: species
Layers: bio14 bio18 bio5
Layertypes: Continuous Continuous Continuous
outputdirectory: E:/github_mauriciovancine/R-ENM/data/temp/raster/maxent/5801237738
samplesfile: E:/github_mauriciovancine/R-ENM/data/temp/raster/maxent/5801237738/presence
environmentallayers: E:/github_mauriciovancine/R-ENM/data/temp/raster/maxent/5801237738/absence
autorun: true
visible: false

getSamples: max memory 477626368, total allocated 71303168, free 59767576, used 11535592, increment 16400
Making features
makeFeatures: max memory 477626368, total allocated 71303168, free 59224512, used 12078656, increment 543064
species: 
Regularization values: linear/quadratic/product: 0.346, categorical: 0.250, threshold: 1.750, hinge: 0.500
25 samples
Density: max memory 477626368, total allocated 71303168, free 59224512, used 12078656, increment 0
linearPredictor: max memory 477626368, total allocated 71303168, free 59224512, used 12078656, increment 0
FeaturedSpace: max memory 477626368, total allocated 71303168, free 59224512, used 12078656, increment 0
Sequential: max memory 477626368, total allocated 71303168, free 59224512, used 12078656, increment 0
Initial loss: 3.8918202981106265
160: time = 0.032000 loss = 3.605399
Resulting gain: 0.2864212856379158
Projecting...
Writing file E:\github_mauriciovancine\R-ENM\data\temp\raster\maxent\5801237738\species.csv
Ending
