Wed Mar 14 15:51:28 BRT 2018
MaxEnt version 3.4.1
Reading file absence
readGrid: max memory 477626368, total allocated 45613056, free 5121048, used 40492008, increment 10327424
Reading samples from presence
Read samples: max memory 477626368, total allocated 45613056, free 4408728, used 41204328, increment 712320
Adding samples to background in feature space
Command line used:  autorun -e E:/github_mauriciovancine/R-ENM/data/temp/raster/maxent/17995913710/absence -o E:/github_mauriciovancine/R-ENM/data/temp/raster/maxent/17995913710 -s E:/github_mauriciovancine/R-ENM/data/temp/raster/maxent/17995913710/presence -z
Command line to repeat: java density.MaxEnt nowarnings noprefixes outputdirectory=E:/github_mauriciovancine/R-ENM/data/temp/raster/maxent/17995913710 samplesfile=E:/github_mauriciovancine/R-ENM/data/temp/raster/maxent/17995913710/presence environmentallayers=E:/github_mauriciovancine/R-ENM/data/temp/raster/maxent/17995913710/absence autorun novisible
Species: species
Layers: bio14 bio18 bio5
Layertypes: Continuous Continuous Continuous
outputdirectory: E:/github_mauriciovancine/R-ENM/data/temp/raster/maxent/17995913710
samplesfile: E:/github_mauriciovancine/R-ENM/data/temp/raster/maxent/17995913710/presence
environmentallayers: E:/github_mauriciovancine/R-ENM/data/temp/raster/maxent/17995913710/absence
autorun: true
visible: false

getSamples: max memory 477626368, total allocated 45613056, free 22159872, used 23453184, increment -17751144
Making features
makeFeatures: max memory 477626368, total allocated 45613056, free 22159872, used 23453184, increment 0
species: 
Regularization values: linear/quadratic/product: 0.050, categorical: 0.250, threshold: 1.000, hinge: 0.500
137 samples
Density: max memory 477626368, total allocated 45613056, free 22159872, used 23453184, increment 0
linearPredictor: max memory 477626368, total allocated 45613056, free 22159872, used 23453184, increment 0
FeaturedSpace: max memory 477626368, total allocated 45613056, free 22159872, used 23453184, increment 0
Sequential: max memory 477626368, total allocated 45613056, free 22159872, used 23453184, increment 0
Initial loss: 5.60947179518496
360: time = 0.179000 loss = 5.107352
Resulting gain: 0.5021198806466272
Projecting...
Writing file E:\github_mauriciovancine\R-ENM\data\temp\raster\maxent\17995913710\species.csv
Ending
