Wed Mar 14 15:35:47 BRT 2018
MaxEnt version 3.4.1
Reading file absence
readGrid: max memory 477626368, total allocated 43515904, free 20292448, used 23223456, increment 14803632
Reading samples from presence
Read samples: max memory 477626368, total allocated 43515904, free 20292448, used 23223456, increment 0
Adding samples to background in feature space
Command line used:  autorun -e E:/github_mauriciovancine/R-ENM/data/temp/raster/maxent/98101121335/absence -o E:/github_mauriciovancine/R-ENM/data/temp/raster/maxent/98101121335 -s E:/github_mauriciovancine/R-ENM/data/temp/raster/maxent/98101121335/presence -z
Command line to repeat: java density.MaxEnt nowarnings noprefixes outputdirectory=E:/github_mauriciovancine/R-ENM/data/temp/raster/maxent/98101121335 samplesfile=E:/github_mauriciovancine/R-ENM/data/temp/raster/maxent/98101121335/presence environmentallayers=E:/github_mauriciovancine/R-ENM/data/temp/raster/maxent/98101121335/absence autorun novisible
Species: species
Layers: bio14 bio18 bio5
Layertypes: Continuous Continuous Continuous
outputdirectory: E:/github_mauriciovancine/R-ENM/data/temp/raster/maxent/98101121335
samplesfile: E:/github_mauriciovancine/R-ENM/data/temp/raster/maxent/98101121335/presence
environmentallayers: E:/github_mauriciovancine/R-ENM/data/temp/raster/maxent/98101121335/absence
autorun: true
visible: false

getSamples: max memory 477626368, total allocated 43515904, free 19915480, used 23600424, increment 376968
Making features
makeFeatures: max memory 477626368, total allocated 43515904, free 19915480, used 23600424, increment 0
species: 
Regularization values: linear/quadratic/product: 0.543, categorical: 0.286, threshold: 1.840, hinge: 0.500
16 samples
Density: max memory 477626368, total allocated 43515904, free 19915480, used 23600424, increment 0
linearPredictor: max memory 477626368, total allocated 43515904, free 19915480, used 23600424, increment 0
FeaturedSpace: max memory 477626368, total allocated 43515904, free 19915480, used 23600424, increment 0
Sequential: max memory 477626368, total allocated 43515904, free 19915480, used 23600424, increment 0
Initial loss: 3.4657359027997265
200: time = 0.015000 loss = 3.186414
Resulting gain: 0.27932182729460386
Projecting...
Writing file E:\github_mauriciovancine\R-ENM\data\temp\raster\maxent\98101121335\species.csv
Ending
