Wed Feb 21 00:02:39 BRT 2018
MaxEnt version 3.4.1
Reading file absence
readGrid: max memory 477626368, total allocated 63438848, free 38054088, used 25384760, increment 2846496
Reading samples from presence
Read samples: max memory 477626368, total allocated 63438848, free 38054088, used 25384760, increment 0
Adding samples to background in feature space
Command line used:  autorun -e E:/github_mauriciovancine/R-ENM/data/temp/raster/maxent/1992568594/absence -o E:/github_mauriciovancine/R-ENM/data/temp/raster/maxent/1992568594 -s E:/github_mauriciovancine/R-ENM/data/temp/raster/maxent/1992568594/presence -z
Command line to repeat: java density.MaxEnt nowarnings noprefixes outputdirectory=E:/github_mauriciovancine/R-ENM/data/temp/raster/maxent/1992568594 samplesfile=E:/github_mauriciovancine/R-ENM/data/temp/raster/maxent/1992568594/presence environmentallayers=E:/github_mauriciovancine/R-ENM/data/temp/raster/maxent/1992568594/absence autorun novisible
Species: species
Layers: bio14 bio18 bio5
Layertypes: Continuous Continuous Continuous
outputdirectory: E:/github_mauriciovancine/R-ENM/data/temp/raster/maxent/1992568594
samplesfile: E:/github_mauriciovancine/R-ENM/data/temp/raster/maxent/1992568594/presence
environmentallayers: E:/github_mauriciovancine/R-ENM/data/temp/raster/maxent/1992568594/absence
autorun: true
visible: false

getSamples: max memory 477626368, total allocated 63438848, free 37709648, used 25729200, increment 344440
Making features
makeFeatures: max memory 477626368, total allocated 63438848, free 37709648, used 25729200, increment 0
species: 
Regularization values: linear/quadratic/product: 0.346, categorical: 0.250, threshold: 1.750, hinge: 0.500
25 samples
Density: max memory 477626368, total allocated 63438848, free 37709648, used 25729200, increment 0
linearPredictor: max memory 477626368, total allocated 63438848, free 37709648, used 25729200, increment 0
FeaturedSpace: max memory 477626368, total allocated 63438848, free 37709648, used 25729200, increment 0
Sequential: max memory 477626368, total allocated 63438848, free 37709648, used 25729200, increment 0
Initial loss: 3.912023005428146
340: time = 0.047000 loss = 3.647651
Resulting gain: 0.26437190285568235
Projecting...
Writing file E:\github_mauriciovancine\R-ENM\data\temp\raster\maxent\1992568594\species.csv
Ending
