Wed Mar 14 15:18:56 BRT 2018
MaxEnt version 3.4.1
Reading file absence
readGrid: max memory 477626368, total allocated 75497472, free 45358552, used 30138920, increment 18597488
Reading samples from presence
Read samples: max memory 477626368, total allocated 75497472, free 44729800, used 30767672, increment 628752
Adding samples to background in feature space
Command line used:  autorun -e E:/github_mauriciovancine/R-ENM/data/temp/raster/maxent/0933212726/absence -o E:/github_mauriciovancine/R-ENM/data/temp/raster/maxent/0933212726 -s E:/github_mauriciovancine/R-ENM/data/temp/raster/maxent/0933212726/presence -z
Command line to repeat: java density.MaxEnt nowarnings noprefixes outputdirectory=E:/github_mauriciovancine/R-ENM/data/temp/raster/maxent/0933212726 samplesfile=E:/github_mauriciovancine/R-ENM/data/temp/raster/maxent/0933212726/presence environmentallayers=E:/github_mauriciovancine/R-ENM/data/temp/raster/maxent/0933212726/absence autorun novisible
Species: species
Layers: bio14 bio18 bio5
Layertypes: Continuous Continuous Continuous
outputdirectory: E:/github_mauriciovancine/R-ENM/data/temp/raster/maxent/0933212726
samplesfile: E:/github_mauriciovancine/R-ENM/data/temp/raster/maxent/0933212726/presence
environmentallayers: E:/github_mauriciovancine/R-ENM/data/temp/raster/maxent/0933212726/absence
autorun: true
visible: false

getSamples: max memory 477626368, total allocated 75497472, free 44729800, used 30767672, increment 0
Making features
makeFeatures: max memory 477626368, total allocated 75497472, free 44729800, used 30767672, increment 0
species: 
Regularization values: linear/quadratic/product: 0.346, categorical: 0.250, threshold: 1.750, hinge: 0.500
25 samples
Density: max memory 477626368, total allocated 75497472, free 44729800, used 30767672, increment 0
linearPredictor: max memory 477626368, total allocated 75497472, free 44729800, used 30767672, increment 0
FeaturedSpace: max memory 477626368, total allocated 75497472, free 44729800, used 30767672, increment 0
Sequential: max memory 477626368, total allocated 75497472, free 44729800, used 30767672, increment 0
Initial loss: 3.8918202981106265
180: time = 0.022000 loss = 3.653679
Resulting gain: 0.2381414381406879
Projecting...
Writing file E:\github_mauriciovancine\R-ENM\data\temp\raster\maxent\0933212726\species.csv
Ending
