Wed Mar 14 14:38:56 BRT 2018
MaxEnt version 3.4.1
Reading file absence
readGrid: max memory 477626368, total allocated 69206016, free 33221264, used 35984752, increment 4346632
Reading samples from presence
Read samples: max memory 477626368, total allocated 69206016, free 32718328, used 36487688, increment 502936
Adding samples to background in feature space
Command line used:  autorun -e E:/github_mauriciovancine/R-ENM/data/temp/raster/maxent/10467127424/absence -o E:/github_mauriciovancine/R-ENM/data/temp/raster/maxent/10467127424 -s E:/github_mauriciovancine/R-ENM/data/temp/raster/maxent/10467127424/presence -z
Command line to repeat: java density.MaxEnt nowarnings noprefixes outputdirectory=E:/github_mauriciovancine/R-ENM/data/temp/raster/maxent/10467127424 samplesfile=E:/github_mauriciovancine/R-ENM/data/temp/raster/maxent/10467127424/presence environmentallayers=E:/github_mauriciovancine/R-ENM/data/temp/raster/maxent/10467127424/absence autorun novisible
Species: species
Layers: bio14 bio18 bio5
Layertypes: Continuous Continuous Continuous
outputdirectory: E:/github_mauriciovancine/R-ENM/data/temp/raster/maxent/10467127424
samplesfile: E:/github_mauriciovancine/R-ENM/data/temp/raster/maxent/10467127424/presence
environmentallayers: E:/github_mauriciovancine/R-ENM/data/temp/raster/maxent/10467127424/absence
autorun: true
visible: false

getSamples: max memory 477626368, total allocated 69206016, free 32718328, used 36487688, increment 0
Making features
makeFeatures: max memory 477626368, total allocated 69206016, free 32718328, used 36487688, increment 0
species: 
Regularization values: linear/quadratic/product: 0.244, categorical: 0.250, threshold: 1.680, hinge: 0.500
32 samples
Density: max memory 477626368, total allocated 69206016, free 32215040, used 36990976, increment 503288
linearPredictor: max memory 477626368, total allocated 69206016, free 32215040, used 36990976, increment 0
FeaturedSpace: max memory 477626368, total allocated 69206016, free 32215040, used 36990976, increment 0
Sequential: max memory 477626368, total allocated 69206016, free 32215040, used 36990976, increment 0
Initial loss: 4.1588830833596715
180: time = 0.031000 loss = 3.827129
Resulting gain: 0.3317544513878756
Projecting...
Writing file E:\github_mauriciovancine\R-ENM\data\temp\raster\maxent\10467127424\species.csv
Ending
