Wed Mar 14 14:38:48 BRT 2018
MaxEnt version 3.4.1
Reading file absence
readGrid: max memory 477626368, total allocated 75497472, free 50891824, used 24605648, increment 5441968
Reading samples from presence
Read samples: max memory 477626368, total allocated 75497472, free 50317856, used 25179616, increment 573968
Adding samples to background in feature space
Command line used:  autorun -e E:/github_mauriciovancine/R-ENM/data/temp/raster/maxent/1943334646/absence -o E:/github_mauriciovancine/R-ENM/data/temp/raster/maxent/1943334646 -s E:/github_mauriciovancine/R-ENM/data/temp/raster/maxent/1943334646/presence -z
Command line to repeat: java density.MaxEnt nowarnings noprefixes outputdirectory=E:/github_mauriciovancine/R-ENM/data/temp/raster/maxent/1943334646 samplesfile=E:/github_mauriciovancine/R-ENM/data/temp/raster/maxent/1943334646/presence environmentallayers=E:/github_mauriciovancine/R-ENM/data/temp/raster/maxent/1943334646/absence autorun novisible
Species: species
Layers: bio14 bio18 bio5
Layertypes: Continuous Continuous Continuous
outputdirectory: E:/github_mauriciovancine/R-ENM/data/temp/raster/maxent/1943334646
samplesfile: E:/github_mauriciovancine/R-ENM/data/temp/raster/maxent/1943334646/presence
environmentallayers: E:/github_mauriciovancine/R-ENM/data/temp/raster/maxent/1943334646/absence
autorun: true
visible: false

getSamples: max memory 477626368, total allocated 75497472, free 49743376, used 25754096, increment 574480
Making features
makeFeatures: max memory 477626368, total allocated 75497472, free 49743376, used 25754096, increment 0
species: 
Regularization values: linear/quadratic/product: 0.193, categorical: 0.250, threshold: 1.500, hinge: 0.500
50 samples
Density: max memory 477626368, total allocated 75497472, free 49743376, used 25754096, increment 0
linearPredictor: max memory 477626368, total allocated 75497472, free 49743376, used 25754096, increment 0
FeaturedSpace: max memory 477626368, total allocated 75497472, free 49743376, used 25754096, increment 0
Sequential: max memory 477626368, total allocated 75497472, free 49743376, used 25754096, increment 0
Initial loss: 4.605170185988092
360: time = 0.100000 loss = 4.222674
Resulting gain: 0.38249639756700127
Projecting...
Writing file E:\github_mauriciovancine\R-ENM\data\temp\raster\maxent\1943334646\species.csv
Ending
