Wed Mar 14 15:36:06 BRT 2018
MaxEnt version 3.4.1
Reading file absence
readGrid: max memory 477626368, total allocated 43515904, free 19810192, used 23705712, increment -3733872
Reading samples from presence
Read samples: max memory 477626368, total allocated 43515904, free 19810192, used 23705712, increment 0
Adding samples to background in feature space
Command line used:  autorun -e E:/github_mauriciovancine/R-ENM/data/temp/raster/maxent/36418104514/absence -o E:/github_mauriciovancine/R-ENM/data/temp/raster/maxent/36418104514 -s E:/github_mauriciovancine/R-ENM/data/temp/raster/maxent/36418104514/presence -z
Command line to repeat: java density.MaxEnt nowarnings noprefixes outputdirectory=E:/github_mauriciovancine/R-ENM/data/temp/raster/maxent/36418104514 samplesfile=E:/github_mauriciovancine/R-ENM/data/temp/raster/maxent/36418104514/presence environmentallayers=E:/github_mauriciovancine/R-ENM/data/temp/raster/maxent/36418104514/absence autorun novisible
Species: species
Layers: bio14 bio18 bio5
Layertypes: Continuous Continuous Continuous
outputdirectory: E:/github_mauriciovancine/R-ENM/data/temp/raster/maxent/36418104514
samplesfile: E:/github_mauriciovancine/R-ENM/data/temp/raster/maxent/36418104514/presence
environmentallayers: E:/github_mauriciovancine/R-ENM/data/temp/raster/maxent/36418104514/absence
autorun: true
visible: false

getSamples: max memory 477626368, total allocated 43515904, free 19793792, used 23722112, increment 16400
Making features
makeFeatures: max memory 477626368, total allocated 43515904, free 19416488, used 24099416, increment 377304
species: 
Regularization values: linear/quadratic/product: 0.543, categorical: 0.286, threshold: 1.840, hinge: 0.500
16 samples
Density: max memory 477626368, total allocated 43515904, free 19416488, used 24099416, increment 0
linearPredictor: max memory 477626368, total allocated 43515904, free 19416488, used 24099416, increment 0
FeaturedSpace: max memory 477626368, total allocated 43515904, free 19416488, used 24099416, increment 0
Sequential: max memory 477626368, total allocated 43515904, free 19416488, used 24099416, increment 0
Initial loss: 3.4657359027997265
200: time = 0.028000 loss = 3.280352
Resulting gain: 0.18538389222345275
Projecting...
Writing file E:\github_mauriciovancine\R-ENM\data\temp\raster\maxent\36418104514\species.csv
Ending
