Wed Mar 14 15:35:56 BRT 2018
MaxEnt version 3.4.1
Reading file absence
readGrid: max memory 477626368, total allocated 43515904, free 26069216, used 17446688, increment -7464584
Reading samples from presence
Read samples: max memory 477626368, total allocated 43515904, free 26069216, used 17446688, increment 0
Adding samples to background in feature space
Command line used:  autorun -e E:/github_mauriciovancine/R-ENM/data/temp/raster/maxent/0214144459/absence -o E:/github_mauriciovancine/R-ENM/data/temp/raster/maxent/0214144459 -s E:/github_mauriciovancine/R-ENM/data/temp/raster/maxent/0214144459/presence -z
Command line to repeat: java density.MaxEnt nowarnings noprefixes outputdirectory=E:/github_mauriciovancine/R-ENM/data/temp/raster/maxent/0214144459 samplesfile=E:/github_mauriciovancine/R-ENM/data/temp/raster/maxent/0214144459/presence environmentallayers=E:/github_mauriciovancine/R-ENM/data/temp/raster/maxent/0214144459/absence autorun novisible
Species: species
Layers: bio14 bio18 bio5
Layertypes: Continuous Continuous Continuous
outputdirectory: E:/github_mauriciovancine/R-ENM/data/temp/raster/maxent/0214144459
samplesfile: E:/github_mauriciovancine/R-ENM/data/temp/raster/maxent/0214144459/presence
environmentallayers: E:/github_mauriciovancine/R-ENM/data/temp/raster/maxent/0214144459/absence
autorun: true
visible: false

getSamples: max memory 477626368, total allocated 43515904, free 25692848, used 17823056, increment 376368
Making features
makeFeatures: max memory 477626368, total allocated 43515904, free 25692848, used 17823056, increment 0
species: 
Regularization values: linear/quadratic/product: 0.543, categorical: 0.286, threshold: 1.840, hinge: 0.500
16 samples
Density: max memory 477626368, total allocated 43515904, free 25692848, used 17823056, increment 0
linearPredictor: max memory 477626368, total allocated 43515904, free 25692848, used 17823056, increment 0
FeaturedSpace: max memory 477626368, total allocated 43515904, free 25692848, used 17823056, increment 0
Sequential: max memory 477626368, total allocated 43515904, free 25692848, used 17823056, increment 0
Initial loss: 3.4339872044851463
100: time = 0.002000 loss = 3.140037
Resulting gain: 0.2939505258756081
Projecting...
Writing file E:\github_mauriciovancine\R-ENM\data\temp\raster\maxent\0214144459\species.csv
Ending
