Wed Mar 14 15:51:07 BRT 2018
MaxEnt version 3.4.1
Reading file absence
readGrid: max memory 477626368, total allocated 45088768, free 14793592, used 30295176, increment 4576584
Reading samples from presence
Read samples: max memory 477626368, total allocated 45088768, free 14038808, used 31049960, increment 754784
Adding samples to background in feature space
Command line used:  autorun -e E:/github_mauriciovancine/R-ENM/data/temp/raster/maxent/4301514617/absence -o E:/github_mauriciovancine/R-ENM/data/temp/raster/maxent/4301514617 -s E:/github_mauriciovancine/R-ENM/data/temp/raster/maxent/4301514617/presence -z
Command line to repeat: java density.MaxEnt nowarnings noprefixes outputdirectory=E:/github_mauriciovancine/R-ENM/data/temp/raster/maxent/4301514617 samplesfile=E:/github_mauriciovancine/R-ENM/data/temp/raster/maxent/4301514617/presence environmentallayers=E:/github_mauriciovancine/R-ENM/data/temp/raster/maxent/4301514617/absence autorun novisible
Species: species
Layers: bio14 bio18 bio5
Layertypes: Continuous Continuous Continuous
outputdirectory: E:/github_mauriciovancine/R-ENM/data/temp/raster/maxent/4301514617
samplesfile: E:/github_mauriciovancine/R-ENM/data/temp/raster/maxent/4301514617/presence
environmentallayers: E:/github_mauriciovancine/R-ENM/data/temp/raster/maxent/4301514617/absence
autorun: true
visible: false

getSamples: max memory 477626368, total allocated 45088768, free 12906720, used 32182048, increment 1132088
Making features
makeFeatures: max memory 477626368, total allocated 45088768, free 12906720, used 32182048, increment 0
species: 
Regularization values: linear/quadratic/product: 0.050, categorical: 0.250, threshold: 1.000, hinge: 0.500
134 samples
Density: max memory 477626368, total allocated 45088768, free 12906720, used 32182048, increment 0
linearPredictor: max memory 477626368, total allocated 45088768, free 12906720, used 32182048, increment 0
FeaturedSpace: max memory 477626368, total allocated 45088768, free 12906720, used 32182048, increment 0
Sequential: max memory 477626368, total allocated 45088768, free 12906720, used 32182048, increment 0
Initial loss: 5.472270673671475
Time since start: 1.089
500: time = 1.069000 loss = 4.769516
Resulting gain: 0.7027543496375959
Time since start: 2.209
Projecting...
Writing file E:\github_mauriciovancine\R-ENM\data\temp\raster\maxent\4301514617\species.csv
Ending
