Wed Mar 14 15:52:12 BRT 2018
MaxEnt version 3.4.1
Reading file absence
readGrid: max memory 477626368, total allocated 42991616, free 28634248, used 14357368, increment -4449656
Reading samples from presence
Read samples: max memory 477626368, total allocated 42991616, free 28634248, used 14357368, increment 0
Adding samples to background in feature space
Command line used:  autorun -e E:/github_mauriciovancine/R-ENM/data/temp/raster/maxent/22117510208/absence -o E:/github_mauriciovancine/R-ENM/data/temp/raster/maxent/22117510208 -s E:/github_mauriciovancine/R-ENM/data/temp/raster/maxent/22117510208/presence -z
Command line to repeat: java density.MaxEnt nowarnings noprefixes outputdirectory=E:/github_mauriciovancine/R-ENM/data/temp/raster/maxent/22117510208 samplesfile=E:/github_mauriciovancine/R-ENM/data/temp/raster/maxent/22117510208/presence environmentallayers=E:/github_mauriciovancine/R-ENM/data/temp/raster/maxent/22117510208/absence autorun novisible
Species: species
Layers: bio14 bio18 bio5
Layertypes: Continuous Continuous Continuous
outputdirectory: E:/github_mauriciovancine/R-ENM/data/temp/raster/maxent/22117510208
samplesfile: E:/github_mauriciovancine/R-ENM/data/temp/raster/maxent/22117510208/presence
environmentallayers: E:/github_mauriciovancine/R-ENM/data/temp/raster/maxent/22117510208/absence
autorun: true
visible: false

getSamples: max memory 477626368, total allocated 42991616, free 28258336, used 14733280, increment 375912
Making features
makeFeatures: max memory 477626368, total allocated 42991616, free 28258336, used 14733280, increment 0
species: 
Regularization values: linear/quadratic/product: 0.543, categorical: 0.286, threshold: 1.840, hinge: 0.500
16 samples
Density: max memory 477626368, total allocated 42991616, free 28258336, used 14733280, increment 0
linearPredictor: max memory 477626368, total allocated 42991616, free 28258336, used 14733280, increment 0
FeaturedSpace: max memory 477626368, total allocated 42991616, free 28258336, used 14733280, increment 0
Sequential: max memory 477626368, total allocated 42991616, free 28258336, used 14733280, increment 0
Initial loss: 3.4339872044851463
120: time = 0.376000 loss = 3.224333
Resulting gain: 0.2096545710990232
Time since start: 1.389
Projecting...
Writing file E:\github_mauriciovancine\R-ENM\data\temp\raster\maxent\22117510208\species.csv
Ending
