Wed Mar 14 15:18:52 BRT 2018
MaxEnt version 3.4.1
Reading file absence
readGrid: max memory 477626368, total allocated 78118912, free 66577480, used 11541432, increment -13946176
Reading samples from presence
Read samples: max memory 477626368, total allocated 78118912, free 66577480, used 11541432, increment 0
Adding samples to background in feature space
Command line used:  autorun -e E:/github_mauriciovancine/R-ENM/data/temp/raster/maxent/2530544323/absence -o E:/github_mauriciovancine/R-ENM/data/temp/raster/maxent/2530544323 -s E:/github_mauriciovancine/R-ENM/data/temp/raster/maxent/2530544323/presence -z
Command line to repeat: java density.MaxEnt nowarnings noprefixes outputdirectory=E:/github_mauriciovancine/R-ENM/data/temp/raster/maxent/2530544323 samplesfile=E:/github_mauriciovancine/R-ENM/data/temp/raster/maxent/2530544323/presence environmentallayers=E:/github_mauriciovancine/R-ENM/data/temp/raster/maxent/2530544323/absence autorun novisible
Species: species
Layers: bio14 bio18 bio5
Layertypes: Continuous Continuous Continuous
outputdirectory: E:/github_mauriciovancine/R-ENM/data/temp/raster/maxent/2530544323
samplesfile: E:/github_mauriciovancine/R-ENM/data/temp/raster/maxent/2530544323/presence
environmentallayers: E:/github_mauriciovancine/R-ENM/data/temp/raster/maxent/2530544323/absence
autorun: true
visible: false

getSamples: max memory 477626368, total allocated 78118912, free 66577480, used 11541432, increment 0
Making features
makeFeatures: max memory 477626368, total allocated 78118912, free 66577480, used 11541432, increment 0
species: 
Regularization values: linear/quadratic/product: 0.346, categorical: 0.250, threshold: 1.750, hinge: 0.500
25 samples
Density: max memory 477626368, total allocated 78118912, free 66577480, used 11541432, increment 0
linearPredictor: max memory 477626368, total allocated 78118912, free 66577480, used 11541432, increment 0
FeaturedSpace: max memory 477626368, total allocated 78118912, free 66577480, used 11541432, increment 0
Sequential: max memory 477626368, total allocated 78118912, free 66577480, used 11541432, increment 0
Initial loss: 3.8918202981106265
140: time = 0.046000 loss = 3.620354
Resulting gain: 0.2714666359974638
Projecting...
Writing file E:\github_mauriciovancine\R-ENM\data\temp\raster\maxent\2530544323\species.csv
Ending
