Wed Mar 14 15:35:39 BRT 2018
MaxEnt version 3.4.1
Reading file absence
readGrid: max memory 477626368, total allocated 62914560, free 14590048, used 48324512, increment -5257968
Reading samples from presence
Read samples: max memory 477626368, total allocated 62914560, free 14590048, used 48324512, increment 0
Adding samples to background in feature space
Command line used:  autorun -e E:/github_mauriciovancine/R-ENM/data/temp/raster/maxent/0627175092/absence -o E:/github_mauriciovancine/R-ENM/data/temp/raster/maxent/0627175092 -s E:/github_mauriciovancine/R-ENM/data/temp/raster/maxent/0627175092/presence -z
Command line to repeat: java density.MaxEnt nowarnings noprefixes outputdirectory=E:/github_mauriciovancine/R-ENM/data/temp/raster/maxent/0627175092 samplesfile=E:/github_mauriciovancine/R-ENM/data/temp/raster/maxent/0627175092/presence environmentallayers=E:/github_mauriciovancine/R-ENM/data/temp/raster/maxent/0627175092/absence autorun novisible
Species: species
Layers: bio14 bio18 bio5
Layertypes: Continuous Continuous Continuous
outputdirectory: E:/github_mauriciovancine/R-ENM/data/temp/raster/maxent/0627175092
samplesfile: E:/github_mauriciovancine/R-ENM/data/temp/raster/maxent/0627175092/presence
environmentallayers: E:/github_mauriciovancine/R-ENM/data/temp/raster/maxent/0627175092/absence
autorun: true
visible: false

getSamples: max memory 477626368, total allocated 62914560, free 14213784, used 48700776, increment 376264
Making features
makeFeatures: max memory 477626368, total allocated 62914560, free 14213784, used 48700776, increment 0
species: 
Regularization values: linear/quadratic/product: 0.346, categorical: 0.250, threshold: 1.750, hinge: 0.500
25 samples
Density: max memory 477626368, total allocated 62914560, free 14213784, used 48700776, increment 0
linearPredictor: max memory 477626368, total allocated 62914560, free 14213784, used 48700776, increment 0
FeaturedSpace: max memory 477626368, total allocated 62914560, free 14213784, used 48700776, increment 0
Sequential: max memory 477626368, total allocated 62914560, free 14213784, used 48700776, increment 0
Initial loss: 3.8918202981106265
140: time = 0.031000 loss = 3.701774
Resulting gain: 0.19004616623473503
Projecting...
Writing file E:\github_mauriciovancine\R-ENM\data\temp\raster\maxent\0627175092\species.csv
Ending
