Wed Mar 14 14:54:38 BRT 2018
MaxEnt version 3.4.1
Reading file absence
readGrid: max memory 477626368, total allocated 84934656, free 70383920, used 14550736, increment -9790512
Reading samples from presence
Read samples: max memory 477626368, total allocated 84934656, free 70383920, used 14550736, increment 0
Adding samples to background in feature space
Command line used:  autorun -e E:/github_mauriciovancine/R-ENM/data/temp/raster/maxent/6050101466/absence -o E:/github_mauriciovancine/R-ENM/data/temp/raster/maxent/6050101466 -s E:/github_mauriciovancine/R-ENM/data/temp/raster/maxent/6050101466/presence -z
Command line to repeat: java density.MaxEnt nowarnings noprefixes outputdirectory=E:/github_mauriciovancine/R-ENM/data/temp/raster/maxent/6050101466 samplesfile=E:/github_mauriciovancine/R-ENM/data/temp/raster/maxent/6050101466/presence environmentallayers=E:/github_mauriciovancine/R-ENM/data/temp/raster/maxent/6050101466/absence autorun novisible
Species: species
Layers: bio14 bio18 bio5
Layertypes: Continuous Continuous Continuous
outputdirectory: E:/github_mauriciovancine/R-ENM/data/temp/raster/maxent/6050101466
samplesfile: E:/github_mauriciovancine/R-ENM/data/temp/raster/maxent/6050101466/presence
environmentallayers: E:/github_mauriciovancine/R-ENM/data/temp/raster/maxent/6050101466/absence
autorun: true
visible: false

getSamples: max memory 477626368, total allocated 84934656, free 68748712, used 16185944, increment 1635208
Making features
makeFeatures: max memory 477626368, total allocated 84934656, free 68748712, used 16185944, increment 0
species: 
Regularization values: linear/quadratic/product: 0.050, categorical: 0.250, threshold: 1.000, hinge: 0.500
136 samples
Density: max memory 477626368, total allocated 84934656, free 68748712, used 16185944, increment 0
linearPredictor: max memory 477626368, total allocated 84934656, free 68748712, used 16185944, increment 0
FeaturedSpace: max memory 477626368, total allocated 84934656, free 68748712, used 16185944, increment 0
Sequential: max memory 477626368, total allocated 84934656, free 68748712, used 16185944, increment 0
Initial loss: 5.616771097666572
260: time = 0.135000 loss = 5.108143
Resulting gain: 0.5086276877373912
Projecting...
Writing file E:\github_mauriciovancine\R-ENM\data\temp\raster\maxent\6050101466\species.csv
Ending
