Wed Jan 10 20:43:02 BRST 2018
MaxEnt version 3.4.1
Reading file absence
readGrid: max memory 477626368, total allocated 62390272, free 50006792, used 12383480, increment 12383480
Reading samples from presence
Read samples: max memory 477626368, total allocated 62390272, free 49677584, used 12712688, increment 329208
Adding samples to background in feature space
Command line used:  autorun -e E:/github_mauriciovancine/R-ENM/data/temp/raster/maxent/81210557468/absence -o E:/github_mauriciovancine/R-ENM/data/temp/raster/maxent/81210557468 -s E:/github_mauriciovancine/R-ENM/data/temp/raster/maxent/81210557468/presence -z
Command line to repeat: java density.MaxEnt nowarnings noprefixes outputdirectory=E:/github_mauriciovancine/R-ENM/data/temp/raster/maxent/81210557468 samplesfile=E:/github_mauriciovancine/R-ENM/data/temp/raster/maxent/81210557468/presence environmentallayers=E:/github_mauriciovancine/R-ENM/data/temp/raster/maxent/81210557468/absence autorun novisible
Species: species
Layers: bio14 bio18 bio19 bio5
Layertypes: Continuous Continuous Continuous Continuous
outputdirectory: E:/github_mauriciovancine/R-ENM/data/temp/raster/maxent/81210557468
samplesfile: E:/github_mauriciovancine/R-ENM/data/temp/raster/maxent/81210557468/presence
environmentallayers: E:/github_mauriciovancine/R-ENM/data/temp/raster/maxent/81210557468/absence
autorun: true
visible: false

getSamples: max memory 477626368, total allocated 62390272, free 49347648, used 13042624, increment 329936
Making features
makeFeatures: max memory 477626368, total allocated 62390272, free 49347648, used 13042624, increment 0
species: 
Regularization values: linear/quadratic/product: 1.000, categorical: 0.560, threshold: 1.940, hinge: 0.500
6 samples
Density: max memory 477626368, total allocated 62390272, free 49022592, used 13367680, increment 325056
linearPredictor: max memory 477626368, total allocated 62390272, free 49022592, used 13367680, increment 0
FeaturedSpace: max memory 477626368, total allocated 62390272, free 49022592, used 13367680, increment 0
Sequential: max memory 477626368, total allocated 62390272, free 49022592, used 13367680, increment 0
Initial loss: 2.4849066497880004
60: time = 0.052000 loss = 2.156485
Resulting gain: 0.32842148326801546
Time since start: 8.325
Projecting...
Writing file E:\github_mauriciovancine\R-ENM\data\temp\raster\maxent\81210557468\species.csv
Ending
