Wed Mar 14 14:54:12 BRT 2018
MaxEnt version 3.4.1
Reading file absence
readGrid: max memory 477626368, total allocated 111149056, free 96131248, used 15017808, increment 11870320
Reading samples from presence
Read samples: max memory 477626368, total allocated 111149056, free 96131248, used 15017808, increment 0
Adding samples to background in feature space
Command line used:  autorun -e E:/github_mauriciovancine/R-ENM/data/temp/raster/maxent/1917666693/absence -o E:/github_mauriciovancine/R-ENM/data/temp/raster/maxent/1917666693 -s E:/github_mauriciovancine/R-ENM/data/temp/raster/maxent/1917666693/presence -z
Command line to repeat: java density.MaxEnt nowarnings noprefixes outputdirectory=E:/github_mauriciovancine/R-ENM/data/temp/raster/maxent/1917666693 samplesfile=E:/github_mauriciovancine/R-ENM/data/temp/raster/maxent/1917666693/presence environmentallayers=E:/github_mauriciovancine/R-ENM/data/temp/raster/maxent/1917666693/absence autorun novisible
Species: species
Layers: bio14 bio18 bio5
Layertypes: Continuous Continuous Continuous
outputdirectory: E:/github_mauriciovancine/R-ENM/data/temp/raster/maxent/1917666693
samplesfile: E:/github_mauriciovancine/R-ENM/data/temp/raster/maxent/1917666693/presence
environmentallayers: E:/github_mauriciovancine/R-ENM/data/temp/raster/maxent/1917666693/absence
autorun: true
visible: false

getSamples: max memory 477626368, total allocated 111149056, free 94863120, used 16285936, increment 1268128
Making features
makeFeatures: max memory 477626368, total allocated 111149056, free 94863120, used 16285936, increment 0
species: 
Regularization values: linear/quadratic/product: 0.050, categorical: 0.250, threshold: 1.000, hinge: 0.500
138 samples
Density: max memory 477626368, total allocated 111149056, free 94863120, used 16285936, increment 0
linearPredictor: max memory 477626368, total allocated 111149056, free 94863120, used 16285936, increment 0
FeaturedSpace: max memory 477626368, total allocated 111149056, free 94863120, used 16285936, increment 0
Sequential: max memory 477626368, total allocated 111149056, free 94863120, used 16285936, increment 0
Initial loss: 5.545177444479562
500: time = 0.263000 loss = 4.948084
Resulting gain: 0.5970931316580614
Projecting...
Writing file E:\github_mauriciovancine\R-ENM\data\temp\raster\maxent\1917666693\species.csv
Ending
