Fri Dec 29 15:44:39 BRST 2017
MaxEnt version 3.4.1
Reading file absence
readGrid: max memory 477626368, total allocated 106954752, free 54388736, used 52566016, increment 42746752
Reading samples from presence
Read samples: max memory 477626368, total allocated 106954752, free 54388736, used 52566016, increment 0
Adding samples to background in feature space
Command line used:  autorun -e E:/github_mauriciovancine/R-ENM/data/temp/raster/maxent/0697947911/absence -o E:/github_mauriciovancine/R-ENM/data/temp/raster/maxent/0697947911 -s E:/github_mauriciovancine/R-ENM/data/temp/raster/maxent/0697947911/presence -z
Command line to repeat: java density.MaxEnt nowarnings noprefixes outputdirectory=E:/github_mauriciovancine/R-ENM/data/temp/raster/maxent/0697947911 samplesfile=E:/github_mauriciovancine/R-ENM/data/temp/raster/maxent/0697947911/presence environmentallayers=E:/github_mauriciovancine/R-ENM/data/temp/raster/maxent/0697947911/absence autorun novisible
Species: species
Layers: bio14 bio18 bio19 bio5
Layertypes: Continuous Continuous Continuous Continuous
outputdirectory: E:/github_mauriciovancine/R-ENM/data/temp/raster/maxent/0697947911
samplesfile: E:/github_mauriciovancine/R-ENM/data/temp/raster/maxent/0697947911/presence
environmentallayers: E:/github_mauriciovancine/R-ENM/data/temp/raster/maxent/0697947911/absence
autorun: true
visible: false

getSamples: max memory 477626368, total allocated 106954752, free 54388736, used 52566016, increment 0
Making features
makeFeatures: max memory 477626368, total allocated 106954752, free 54388736, used 52566016, increment 0
species: 
Regularization values: linear/quadratic/product: 0.365, categorical: 0.250, threshold: 1.760, hinge: 0.500
24 samples
Density: max memory 477626368, total allocated 106954752, free 54388736, used 52566016, increment 0
linearPredictor: max memory 477626368, total allocated 106954752, free 54388736, used 52566016, increment 0
FeaturedSpace: max memory 477626368, total allocated 106954752, free 54388736, used 52566016, increment 0
Sequential: max memory 477626368, total allocated 106954752, free 54388736, used 52566016, increment 0
Initial loss: 3.871201010907891
200: time = 0.083000 loss = 3.536936
Resulting gain: 0.3342650620583312
Projecting...
Writing file E:\github_mauriciovancine\R-ENM\data\temp\raster\maxent\0697947911\species.csv
Ending
