Wed Mar 14 15:18:40 BRT 2018
MaxEnt version 3.4.1
Reading file absence
readGrid: max memory 477626368, total allocated 84410368, free 55547592, used 28862776, increment 15553008
Reading samples from presence
Read samples: max memory 477626368, total allocated 84410368, free 55547592, used 28862776, increment 0
Adding samples to background in feature space
Command line used:  autorun -e E:/github_mauriciovancine/R-ENM/data/temp/raster/maxent/91022641513/absence -o E:/github_mauriciovancine/R-ENM/data/temp/raster/maxent/91022641513 -s E:/github_mauriciovancine/R-ENM/data/temp/raster/maxent/91022641513/presence -z
Command line to repeat: java density.MaxEnt nowarnings noprefixes outputdirectory=E:/github_mauriciovancine/R-ENM/data/temp/raster/maxent/91022641513 samplesfile=E:/github_mauriciovancine/R-ENM/data/temp/raster/maxent/91022641513/presence environmentallayers=E:/github_mauriciovancine/R-ENM/data/temp/raster/maxent/91022641513/absence autorun novisible
Species: species
Layers: bio14 bio18 bio5
Layertypes: Continuous Continuous Continuous
outputdirectory: E:/github_mauriciovancine/R-ENM/data/temp/raster/maxent/91022641513
samplesfile: E:/github_mauriciovancine/R-ENM/data/temp/raster/maxent/91022641513/presence
environmentallayers: E:/github_mauriciovancine/R-ENM/data/temp/raster/maxent/91022641513/absence
autorun: true
visible: false

getSamples: max memory 477626368, total allocated 84410368, free 55547592, used 28862776, increment 0
Making features
makeFeatures: max memory 477626368, total allocated 84410368, free 55547592, used 28862776, increment 0
species: 
Regularization values: linear/quadratic/product: 0.346, categorical: 0.250, threshold: 1.750, hinge: 0.500
25 samples
Density: max memory 477626368, total allocated 84410368, free 54795024, used 29615344, increment 752568
linearPredictor: max memory 477626368, total allocated 84410368, free 54795024, used 29615344, increment 0
FeaturedSpace: max memory 477626368, total allocated 84410368, free 54795024, used 29615344, increment 0
Sequential: max memory 477626368, total allocated 84410368, free 54795024, used 29615344, increment 0
Initial loss: 3.8918202981106265
180: time = 0.026000 loss = 3.570162
Resulting gain: 0.32165791709457325
Projecting...
Writing file E:\github_mauriciovancine\R-ENM\data\temp\raster\maxent\91022641513\species.csv
Ending
