Wed Mar 14 14:17:12 BRT 2018
MaxEnt version 3.4.1
Reading file absence
readGrid: max memory 477626368, total allocated 128450560, free 115960216, used 12490344, increment -34632368
Reading samples from presence
Read samples: max memory 477626368, total allocated 128450560, free 115960216, used 12490344, increment 0
Adding samples to background in feature space
Command line used:  autorun -e E:/github_mauriciovancine/R-ENM/data/temp/raster/maxent/88165107188/absence -o E:/github_mauriciovancine/R-ENM/data/temp/raster/maxent/88165107188 -s E:/github_mauriciovancine/R-ENM/data/temp/raster/maxent/88165107188/presence -z
Command line to repeat: java density.MaxEnt nowarnings noprefixes outputdirectory=E:/github_mauriciovancine/R-ENM/data/temp/raster/maxent/88165107188 samplesfile=E:/github_mauriciovancine/R-ENM/data/temp/raster/maxent/88165107188/presence environmentallayers=E:/github_mauriciovancine/R-ENM/data/temp/raster/maxent/88165107188/absence autorun novisible
Species: species
Layers: bio14 bio18 bio5
Layertypes: Continuous Continuous Continuous
outputdirectory: E:/github_mauriciovancine/R-ENM/data/temp/raster/maxent/88165107188
samplesfile: E:/github_mauriciovancine/R-ENM/data/temp/raster/maxent/88165107188/presence
environmentallayers: E:/github_mauriciovancine/R-ENM/data/temp/raster/maxent/88165107188/absence
autorun: true
visible: false

getSamples: max memory 477626368, total allocated 128450560, free 115960216, used 12490344, increment 0
Making features
makeFeatures: max memory 477626368, total allocated 128450560, free 115960216, used 12490344, increment 0
species: 
Regularization values: linear/quadratic/product: 0.543, categorical: 0.286, threshold: 1.840, hinge: 0.500
16 samples
Density: max memory 477626368, total allocated 128450560, free 115960216, used 12490344, increment 0
linearPredictor: max memory 477626368, total allocated 128450560, free 115960216, used 12490344, increment 0
FeaturedSpace: max memory 477626368, total allocated 128450560, free 115960216, used 12490344, increment 0
Sequential: max memory 477626368, total allocated 128450560, free 115960216, used 12490344, increment 0
Initial loss: 3.4339872044851463
160: time = 0.015000 loss = 3.161974
Resulting gain: 0.27201321620619145
Projecting...
Writing file E:\github_mauriciovancine\R-ENM\data\temp\raster\maxent\88165107188\species.csv
Ending
