Wed Mar 14 15:18:36 BRT 2018
MaxEnt version 3.4.1
Reading file absence
readGrid: max memory 477626368, total allocated 82837504, free 70299936, used 12537568, increment -3648376
Reading samples from presence
Read samples: max memory 477626368, total allocated 82837504, free 70299936, used 12537568, increment 0
Adding samples to background in feature space
Command line used:  autorun -e E:/github_mauriciovancine/R-ENM/data/temp/raster/maxent/9608188391/absence -o E:/github_mauriciovancine/R-ENM/data/temp/raster/maxent/9608188391 -s E:/github_mauriciovancine/R-ENM/data/temp/raster/maxent/9608188391/presence -z
Command line to repeat: java density.MaxEnt nowarnings noprefixes outputdirectory=E:/github_mauriciovancine/R-ENM/data/temp/raster/maxent/9608188391 samplesfile=E:/github_mauriciovancine/R-ENM/data/temp/raster/maxent/9608188391/presence environmentallayers=E:/github_mauriciovancine/R-ENM/data/temp/raster/maxent/9608188391/absence autorun novisible
Species: species
Layers: bio14 bio18 bio5
Layertypes: Continuous Continuous Continuous
outputdirectory: E:/github_mauriciovancine/R-ENM/data/temp/raster/maxent/9608188391
samplesfile: E:/github_mauriciovancine/R-ENM/data/temp/raster/maxent/9608188391/presence
environmentallayers: E:/github_mauriciovancine/R-ENM/data/temp/raster/maxent/9608188391/absence
autorun: true
visible: false

getSamples: max memory 477626368, total allocated 82837504, free 69527736, used 13309768, increment 772200
Making features
makeFeatures: max memory 477626368, total allocated 82837504, free 69527736, used 13309768, increment 0
species: 
Regularization values: linear/quadratic/product: 0.346, categorical: 0.250, threshold: 1.750, hinge: 0.500
25 samples
Density: max memory 477626368, total allocated 82837504, free 69527736, used 13309768, increment 0
linearPredictor: max memory 477626368, total allocated 82837504, free 69527736, used 13309768, increment 0
FeaturedSpace: max memory 477626368, total allocated 82837504, free 69527736, used 13309768, increment 0
Sequential: max memory 477626368, total allocated 82837504, free 69527736, used 13309768, increment 0
Initial loss: 3.8918202981106265
240: time = 0.066000 loss = 3.622702
Resulting gain: 0.2691183130185828
Projecting...
Writing file E:\github_mauriciovancine\R-ENM\data\temp\raster\maxent\9608188391\species.csv
Ending
