Wed Mar 14 15:52:03 BRT 2018
MaxEnt version 3.4.1
Reading file absence
readGrid: max memory 477626368, total allocated 42991616, free 24560928, used 18430688, increment -5162888
Reading samples from presence
Read samples: max memory 477626368, total allocated 42991616, free 24560928, used 18430688, increment 0
Adding samples to background in feature space
Command line used:  autorun -e E:/github_mauriciovancine/R-ENM/data/temp/raster/maxent/2251572362/absence -o E:/github_mauriciovancine/R-ENM/data/temp/raster/maxent/2251572362 -s E:/github_mauriciovancine/R-ENM/data/temp/raster/maxent/2251572362/presence -z
Command line to repeat: java density.MaxEnt nowarnings noprefixes outputdirectory=E:/github_mauriciovancine/R-ENM/data/temp/raster/maxent/2251572362 samplesfile=E:/github_mauriciovancine/R-ENM/data/temp/raster/maxent/2251572362/presence environmentallayers=E:/github_mauriciovancine/R-ENM/data/temp/raster/maxent/2251572362/absence autorun novisible
Species: species
Layers: bio14 bio18 bio5
Layertypes: Continuous Continuous Continuous
outputdirectory: E:/github_mauriciovancine/R-ENM/data/temp/raster/maxent/2251572362
samplesfile: E:/github_mauriciovancine/R-ENM/data/temp/raster/maxent/2251572362/presence
environmentallayers: E:/github_mauriciovancine/R-ENM/data/temp/raster/maxent/2251572362/absence
autorun: true
visible: false

getSamples: max memory 477626368, total allocated 42991616, free 24560928, used 18430688, increment 0
Making features
makeFeatures: max memory 477626368, total allocated 42991616, free 24184592, used 18807024, increment 376336
species: 
Regularization values: linear/quadratic/product: 0.543, categorical: 0.286, threshold: 1.840, hinge: 0.500
16 samples
Density: max memory 477626368, total allocated 42991616, free 24184592, used 18807024, increment 0
linearPredictor: max memory 477626368, total allocated 42991616, free 24184592, used 18807024, increment 0
FeaturedSpace: max memory 477626368, total allocated 42991616, free 24184592, used 18807024, increment 0
Sequential: max memory 477626368, total allocated 42991616, free 24184592, used 18807024, increment 0
Initial loss: 3.4339872044851463
240: time = 0.098000 loss = 3.209282
Resulting gain: 0.22470555022586192
Projecting...
Writing file E:\github_mauriciovancine\R-ENM\data\temp\raster\maxent\2251572362\species.csv
Time since start: 1.015
Ending
