Wed Mar 14 14:43:23 BRT 2018
MaxEnt version 3.4.1
Reading file absence
readGrid: max memory 477626368, total allocated 62914560, free 31386616, used 31527944, increment 3060752
Reading samples from presence
Read samples: max memory 477626368, total allocated 62914560, free 30632144, used 32282416, increment 754472
Adding samples to background in feature space
Command line used:  autorun -e E:/github_mauriciovancine/R-ENM/data/temp/raster/maxent/4339543816/absence -o E:/github_mauriciovancine/R-ENM/data/temp/raster/maxent/4339543816 -s E:/github_mauriciovancine/R-ENM/data/temp/raster/maxent/4339543816/presence -z
Command line to repeat: java density.MaxEnt nowarnings noprefixes outputdirectory=E:/github_mauriciovancine/R-ENM/data/temp/raster/maxent/4339543816 samplesfile=E:/github_mauriciovancine/R-ENM/data/temp/raster/maxent/4339543816/presence environmentallayers=E:/github_mauriciovancine/R-ENM/data/temp/raster/maxent/4339543816/absence autorun novisible
Species: species
Layers: bio14 bio18 bio5
Layertypes: Continuous Continuous Continuous
outputdirectory: E:/github_mauriciovancine/R-ENM/data/temp/raster/maxent/4339543816
samplesfile: E:/github_mauriciovancine/R-ENM/data/temp/raster/maxent/4339543816/presence
environmentallayers: E:/github_mauriciovancine/R-ENM/data/temp/raster/maxent/4339543816/absence
autorun: true
visible: false

getSamples: max memory 477626368, total allocated 62914560, free 29500416, used 33414144, increment 1131728
Making features
makeFeatures: max memory 477626368, total allocated 62914560, free 29500416, used 33414144, increment 0
species: 
Regularization values: linear/quadratic/product: 0.050, categorical: 0.250, threshold: 1.000, hinge: 0.500
141 samples
Density: max memory 477626368, total allocated 62914560, free 29123208, used 33791352, increment 377208
linearPredictor: max memory 477626368, total allocated 62914560, free 29123208, used 33791352, increment 0
FeaturedSpace: max memory 477626368, total allocated 62914560, free 29123208, used 33791352, increment 0
Sequential: max memory 477626368, total allocated 62914560, free 29123208, used 33791352, increment 0
Initial loss: 5.60947179518496
300: time = 0.168000 loss = 5.072240
Resulting gain: 0.5372319562797179
Projecting...
Writing file E:\github_mauriciovancine\R-ENM\data\temp\raster\maxent\4339543816\species.csv
Ending
