Wed Mar 14 15:58:44 BRT 2018
MaxEnt version 3.4.1
Reading file absence
readGrid: max memory 477626368, total allocated 42991616, free 20169272, used 22822344, increment -4423680
Reading samples from presence
Read samples: max memory 477626368, total allocated 42991616, free 19793072, used 23198544, increment 376200
Adding samples to background in feature space
Command line used:  autorun -e E:/github_mauriciovancine/R-ENM/data/temp/raster/maxent/2386743426/absence -o E:/github_mauriciovancine/R-ENM/data/temp/raster/maxent/2386743426 -s E:/github_mauriciovancine/R-ENM/data/temp/raster/maxent/2386743426/presence -z
Command line to repeat: java density.MaxEnt nowarnings noprefixes outputdirectory=E:/github_mauriciovancine/R-ENM/data/temp/raster/maxent/2386743426 samplesfile=E:/github_mauriciovancine/R-ENM/data/temp/raster/maxent/2386743426/presence environmentallayers=E:/github_mauriciovancine/R-ENM/data/temp/raster/maxent/2386743426/absence autorun novisible
Species: species
Layers: bio14 bio18 bio5
Layertypes: Continuous Continuous Continuous
outputdirectory: E:/github_mauriciovancine/R-ENM/data/temp/raster/maxent/2386743426
samplesfile: E:/github_mauriciovancine/R-ENM/data/temp/raster/maxent/2386743426/presence
environmentallayers: E:/github_mauriciovancine/R-ENM/data/temp/raster/maxent/2386743426/absence
autorun: true
visible: false

getSamples: max memory 477626368, total allocated 42991616, free 18664472, used 24327144, increment 1128600
Making features
makeFeatures: max memory 477626368, total allocated 42991616, free 18664472, used 24327144, increment 0
species: 
Regularization values: linear/quadratic/product: 0.050, categorical: 0.250, threshold: 1.000, hinge: 0.500
137 samples
Density: max memory 477626368, total allocated 42991616, free 18286880, used 24704736, increment 377592
linearPredictor: max memory 477626368, total allocated 42991616, free 18286880, used 24704736, increment 0
FeaturedSpace: max memory 477626368, total allocated 42991616, free 18286880, used 24704736, increment 0
Sequential: max memory 477626368, total allocated 42991616, free 18286880, used 24704736, increment 0
Initial loss: 5.384495062789089
500: time = 0.201000 loss = 4.406086
Resulting gain: 0.9784093223116237
Projecting...
Writing file E:\github_mauriciovancine\R-ENM\data\temp\raster\maxent\2386743426\species.csv
Ending
