Wed Mar 14 14:39:03 BRT 2018
MaxEnt version 3.4.1
Reading file absence
readGrid: max memory 477626368, total allocated 68681728, free 45604432, used 23077296, increment 6795776
Reading samples from presence
Read samples: max memory 477626368, total allocated 68681728, free 45153808, used 23527920, increment 450624
Adding samples to background in feature space
Command line used:  autorun -e E:/github_mauriciovancine/R-ENM/data/temp/raster/maxent/3954012087/absence -o E:/github_mauriciovancine/R-ENM/data/temp/raster/maxent/3954012087 -s E:/github_mauriciovancine/R-ENM/data/temp/raster/maxent/3954012087/presence -z
Command line to repeat: java density.MaxEnt nowarnings noprefixes outputdirectory=E:/github_mauriciovancine/R-ENM/data/temp/raster/maxent/3954012087 samplesfile=E:/github_mauriciovancine/R-ENM/data/temp/raster/maxent/3954012087/presence environmentallayers=E:/github_mauriciovancine/R-ENM/data/temp/raster/maxent/3954012087/absence autorun novisible
Species: species
Layers: bio14 bio18 bio5
Layertypes: Continuous Continuous Continuous
outputdirectory: E:/github_mauriciovancine/R-ENM/data/temp/raster/maxent/3954012087
samplesfile: E:/github_mauriciovancine/R-ENM/data/temp/raster/maxent/3954012087/presence
environmentallayers: E:/github_mauriciovancine/R-ENM/data/temp/raster/maxent/3954012087/absence
autorun: true
visible: false

getSamples: max memory 477626368, total allocated 68681728, free 45153808, used 23527920, increment 0
Making features
makeFeatures: max memory 477626368, total allocated 68681728, free 45153808, used 23527920, increment 0
species: 
Regularization values: linear/quadratic/product: 0.244, categorical: 0.250, threshold: 1.680, hinge: 0.500
32 samples
Density: max memory 477626368, total allocated 68681728, free 44703080, used 23978648, increment 450728
linearPredictor: max memory 477626368, total allocated 68681728, free 44703080, used 23978648, increment 0
FeaturedSpace: max memory 477626368, total allocated 68681728, free 44703080, used 23978648, increment 0
Sequential: max memory 477626368, total allocated 68681728, free 44703080, used 23978648, increment 0
Initial loss: 4.1588830833596715
240: time = 0.047000 loss = 3.807508
Resulting gain: 0.3513749257321259
Projecting...
Writing file E:\github_mauriciovancine\R-ENM\data\temp\raster\maxent\3954012087\species.csv
Ending
