Wed Mar 14 15:35:02 BRT 2018
MaxEnt version 3.4.1
Reading file absence
readGrid: max memory 477626368, total allocated 62914560, free 26335280, used 36579280, increment -6324392
Reading samples from presence
Read samples: max memory 477626368, total allocated 62914560, free 25580584, used 37333976, increment 754696
Adding samples to background in feature space
Command line used:  autorun -e E:/github_mauriciovancine/R-ENM/data/temp/raster/maxent/59538121065/absence -o E:/github_mauriciovancine/R-ENM/data/temp/raster/maxent/59538121065 -s E:/github_mauriciovancine/R-ENM/data/temp/raster/maxent/59538121065/presence -z
Command line to repeat: java density.MaxEnt nowarnings noprefixes outputdirectory=E:/github_mauriciovancine/R-ENM/data/temp/raster/maxent/59538121065 samplesfile=E:/github_mauriciovancine/R-ENM/data/temp/raster/maxent/59538121065/presence environmentallayers=E:/github_mauriciovancine/R-ENM/data/temp/raster/maxent/59538121065/absence autorun novisible
Species: species
Layers: bio14 bio18 bio5
Layertypes: Continuous Continuous Continuous
outputdirectory: E:/github_mauriciovancine/R-ENM/data/temp/raster/maxent/59538121065
samplesfile: E:/github_mauriciovancine/R-ENM/data/temp/raster/maxent/59538121065/presence
environmentallayers: E:/github_mauriciovancine/R-ENM/data/temp/raster/maxent/59538121065/absence
autorun: true
visible: false

getSamples: max memory 477626368, total allocated 62914560, free 24448552, used 38466008, increment 1132032
Making features
makeFeatures: max memory 477626368, total allocated 62914560, free 24448552, used 38466008, increment 0
species: 
Regularization values: linear/quadratic/product: 0.050, categorical: 0.250, threshold: 1.000, hinge: 0.500
136 samples
Density: max memory 477626368, total allocated 62914560, free 24448552, used 38466008, increment 0
linearPredictor: max memory 477626368, total allocated 62914560, free 24448552, used 38466008, increment 0
FeaturedSpace: max memory 477626368, total allocated 62914560, free 24448552, used 38466008, increment 0
Sequential: max memory 477626368, total allocated 62914560, free 24448552, used 38466008, increment 0
Initial loss: 5.5053315359323625
320: time = 0.233000 loss = 4.754194
Resulting gain: 0.751137560982607
Time since start: 1.161
Projecting...
Writing file E:\github_mauriciovancine\R-ENM\data\temp\raster\maxent\59538121065\species.csv
Ending
