Wed Mar 14 15:23:06 BRT 2018
MaxEnt version 3.4.1
Reading file absence
readGrid: max memory 477626368, total allocated 63438848, free 36451952, used 26986896, increment 10663080
Reading samples from presence
Read samples: max memory 477626368, total allocated 63438848, free 36074592, used 27364256, increment 377360
Adding samples to background in feature space
Command line used:  autorun -e E:/github_mauriciovancine/R-ENM/data/temp/raster/maxent/8558666534/absence -o E:/github_mauriciovancine/R-ENM/data/temp/raster/maxent/8558666534 -s E:/github_mauriciovancine/R-ENM/data/temp/raster/maxent/8558666534/presence -z
Command line to repeat: java density.MaxEnt nowarnings noprefixes outputdirectory=E:/github_mauriciovancine/R-ENM/data/temp/raster/maxent/8558666534 samplesfile=E:/github_mauriciovancine/R-ENM/data/temp/raster/maxent/8558666534/presence environmentallayers=E:/github_mauriciovancine/R-ENM/data/temp/raster/maxent/8558666534/absence autorun novisible
Species: species
Layers: bio14 bio18 bio5
Layertypes: Continuous Continuous Continuous
outputdirectory: E:/github_mauriciovancine/R-ENM/data/temp/raster/maxent/8558666534
samplesfile: E:/github_mauriciovancine/R-ENM/data/temp/raster/maxent/8558666534/presence
environmentallayers: E:/github_mauriciovancine/R-ENM/data/temp/raster/maxent/8558666534/absence
autorun: true
visible: false

getSamples: max memory 477626368, total allocated 63438848, free 34926016, used 28512832, increment 1148576
Making features
makeFeatures: max memory 477626368, total allocated 63438848, free 34926016, used 28512832, increment 0
species: 
Regularization values: linear/quadratic/product: 0.050, categorical: 0.250, threshold: 1.000, hinge: 0.500
136 samples
Density: max memory 477626368, total allocated 63438848, free 34547336, used 28891512, increment 378680
linearPredictor: max memory 477626368, total allocated 63438848, free 34547336, used 28891512, increment 0
FeaturedSpace: max memory 477626368, total allocated 63438848, free 34547336, used 28891512, increment 0
Sequential: max memory 477626368, total allocated 63438848, free 34547336, used 28891512, increment 0
Initial loss: 5.521460917862246
500: time = 0.217000 loss = 4.885562
Resulting gain: 0.6358985111863102
Projecting...
Writing file E:\github_mauriciovancine\R-ENM\data\temp\raster\maxent\8558666534\species.csv
Ending
