Wed Feb 21 20:00:27 BRT 2018
MaxEnt version 3.4.1
Reading file absence
readGrid: max memory 477626368, total allocated 63963136, free 58057680, used 5905456, increment -10011936
Reading samples from presence
Read samples: max memory 477626368, total allocated 63963136, free 58057680, used 5905456, increment 0
Adding samples to background in feature space
Command line used:  autorun -e E:/github_mauriciovancine/R-ENM/data/temp/raster/maxent/0972747998/absence -o E:/github_mauriciovancine/R-ENM/data/temp/raster/maxent/0972747998 -s E:/github_mauriciovancine/R-ENM/data/temp/raster/maxent/0972747998/presence -z
Command line to repeat: java density.MaxEnt nowarnings noprefixes outputdirectory=E:/github_mauriciovancine/R-ENM/data/temp/raster/maxent/0972747998 samplesfile=E:/github_mauriciovancine/R-ENM/data/temp/raster/maxent/0972747998/presence environmentallayers=E:/github_mauriciovancine/R-ENM/data/temp/raster/maxent/0972747998/absence autorun novisible
Species: species
Layers: bio14 bio18 bio5
Layertypes: Continuous Continuous Continuous
outputdirectory: E:/github_mauriciovancine/R-ENM/data/temp/raster/maxent/0972747998
samplesfile: E:/github_mauriciovancine/R-ENM/data/temp/raster/maxent/0972747998/presence
environmentallayers: E:/github_mauriciovancine/R-ENM/data/temp/raster/maxent/0972747998/absence
autorun: true
visible: false

getSamples: max memory 477626368, total allocated 63963136, free 57702256, used 6260880, increment 355424
Making features
makeFeatures: max memory 477626368, total allocated 63963136, free 57702256, used 6260880, increment 0
species: 
Regularization values: linear/quadratic/product: 0.346, categorical: 0.250, threshold: 1.750, hinge: 0.500
25 samples
Density: max memory 477626368, total allocated 63963136, free 57702256, used 6260880, increment 0
linearPredictor: max memory 477626368, total allocated 63963136, free 57702256, used 6260880, increment 0
FeaturedSpace: max memory 477626368, total allocated 63963136, free 57702256, used 6260880, increment 0
Sequential: max memory 477626368, total allocated 63963136, free 57387864, used 6575272, increment 314392
Initial loss: 3.8918202981106265
200: time = 0.077000 loss = 3.636456
Resulting gain: 0.2553642429293901
Projecting...
Writing file E:\github_mauriciovancine\R-ENM\data\temp\raster\maxent\0972747998\species.csv
Ending
