Wed Mar 14 14:39:19 BRT 2018
MaxEnt version 3.4.1
Reading file absence
readGrid: max memory 477626368, total allocated 65011712, free 43991088, used 21020624, increment -841312
Reading samples from presence
Read samples: max memory 477626368, total allocated 65011712, free 43613800, used 21397912, increment 377288
Adding samples to background in feature space
Command line used:  autorun -e E:/github_mauriciovancine/R-ENM/data/temp/raster/maxent/8665389003/absence -o E:/github_mauriciovancine/R-ENM/data/temp/raster/maxent/8665389003 -s E:/github_mauriciovancine/R-ENM/data/temp/raster/maxent/8665389003/presence -z
Command line to repeat: java density.MaxEnt nowarnings noprefixes outputdirectory=E:/github_mauriciovancine/R-ENM/data/temp/raster/maxent/8665389003 samplesfile=E:/github_mauriciovancine/R-ENM/data/temp/raster/maxent/8665389003/presence environmentallayers=E:/github_mauriciovancine/R-ENM/data/temp/raster/maxent/8665389003/absence autorun novisible
Species: species
Layers: bio14 bio18 bio5
Layertypes: Continuous Continuous Continuous
outputdirectory: E:/github_mauriciovancine/R-ENM/data/temp/raster/maxent/8665389003
samplesfile: E:/github_mauriciovancine/R-ENM/data/temp/raster/maxent/8665389003/presence
environmentallayers: E:/github_mauriciovancine/R-ENM/data/temp/raster/maxent/8665389003/absence
autorun: true
visible: false

getSamples: max memory 477626368, total allocated 65011712, free 43236000, used 21775712, increment 377800
Making features
makeFeatures: max memory 477626368, total allocated 65011712, free 43236000, used 21775712, increment 0
species: 
Regularization values: linear/quadratic/product: 0.244, categorical: 0.250, threshold: 1.680, hinge: 0.500
32 samples
Density: max memory 477626368, total allocated 65011712, free 43236000, used 21775712, increment 0
linearPredictor: max memory 477626368, total allocated 65011712, free 43236000, used 21775712, increment 0
FeaturedSpace: max memory 477626368, total allocated 65011712, free 43236000, used 21775712, increment 0
Sequential: max memory 477626368, total allocated 65011712, free 43236000, used 21775712, increment 0
Initial loss: 4.1588830833596715
240: time = 0.053000 loss = 3.740179
Resulting gain: 0.41870417489844547
Projecting...
Writing file E:\github_mauriciovancine\R-ENM\data\temp\raster\maxent\8665389003\species.csv
Ending
