Wed Mar 14 14:49:07 BRT 2018
MaxEnt version 3.4.1
Reading file absence
readGrid: max memory 477626368, total allocated 62914560, free 20493880, used 42420680, increment -6300696
Reading samples from presence
Read samples: max memory 477626368, total allocated 62914560, free 19739024, used 43175536, increment 754856
Adding samples to background in feature space
Command line used:  autorun -e E:/github_mauriciovancine/R-ENM/data/temp/raster/maxent/71787109710/absence -o E:/github_mauriciovancine/R-ENM/data/temp/raster/maxent/71787109710 -s E:/github_mauriciovancine/R-ENM/data/temp/raster/maxent/71787109710/presence -z
Command line to repeat: java density.MaxEnt nowarnings noprefixes outputdirectory=E:/github_mauriciovancine/R-ENM/data/temp/raster/maxent/71787109710 samplesfile=E:/github_mauriciovancine/R-ENM/data/temp/raster/maxent/71787109710/presence environmentallayers=E:/github_mauriciovancine/R-ENM/data/temp/raster/maxent/71787109710/absence autorun novisible
Species: species
Layers: bio14 bio18 bio5
Layertypes: Continuous Continuous Continuous
outputdirectory: E:/github_mauriciovancine/R-ENM/data/temp/raster/maxent/71787109710
samplesfile: E:/github_mauriciovancine/R-ENM/data/temp/raster/maxent/71787109710/presence
environmentallayers: E:/github_mauriciovancine/R-ENM/data/temp/raster/maxent/71787109710/absence
autorun: true
visible: false

getSamples: max memory 477626368, total allocated 62914560, free 18606824, used 44307736, increment 1132200
Making features
makeFeatures: max memory 477626368, total allocated 62914560, free 18606824, used 44307736, increment 0
species: 
Regularization values: linear/quadratic/product: 0.050, categorical: 0.250, threshold: 1.000, hinge: 0.500
138 samples
Density: max memory 477626368, total allocated 62914560, free 18606824, used 44307736, increment 0
linearPredictor: max memory 477626368, total allocated 62914560, free 18606824, used 44307736, increment 0
FeaturedSpace: max memory 477626368, total allocated 62914560, free 18229408, used 44685152, increment 377416
Sequential: max memory 477626368, total allocated 62914560, free 18229408, used 44685152, increment 0
Initial loss: 5.583496308781699
160: time = 0.100000 loss = 5.019437
Resulting gain: 0.5640596797031456
Projecting...
Writing file E:\github_mauriciovancine\R-ENM\data\temp\raster\maxent\71787109710\species.csv
Ending
