Wed Mar 14 15:51:55 BRT 2018
MaxEnt version 3.4.1
Reading file absence
readGrid: max memory 477626368, total allocated 42991616, free 14875656, used 28115960, increment 13277408
Reading samples from presence
Read samples: max memory 477626368, total allocated 42991616, free 14875656, used 28115960, increment 0
Adding samples to background in feature space
Command line used:  autorun -e E:/github_mauriciovancine/R-ENM/data/temp/raster/maxent/8099046604/absence -o E:/github_mauriciovancine/R-ENM/data/temp/raster/maxent/8099046604 -s E:/github_mauriciovancine/R-ENM/data/temp/raster/maxent/8099046604/presence -z
Command line to repeat: java density.MaxEnt nowarnings noprefixes outputdirectory=E:/github_mauriciovancine/R-ENM/data/temp/raster/maxent/8099046604 samplesfile=E:/github_mauriciovancine/R-ENM/data/temp/raster/maxent/8099046604/presence environmentallayers=E:/github_mauriciovancine/R-ENM/data/temp/raster/maxent/8099046604/absence autorun novisible
Species: species
Layers: bio14 bio18 bio5
Layertypes: Continuous Continuous Continuous
outputdirectory: E:/github_mauriciovancine/R-ENM/data/temp/raster/maxent/8099046604
samplesfile: E:/github_mauriciovancine/R-ENM/data/temp/raster/maxent/8099046604/presence
environmentallayers: E:/github_mauriciovancine/R-ENM/data/temp/raster/maxent/8099046604/absence
autorun: true
visible: false

getSamples: max memory 477626368, total allocated 42991616, free 14565768, used 28425848, increment 309888
Making features
makeFeatures: max memory 477626368, total allocated 42991616, free 14565768, used 28425848, increment 0
species: 
Regularization values: linear/quadratic/product: 0.346, categorical: 0.250, threshold: 1.750, hinge: 0.500
25 samples
Density: max memory 477626368, total allocated 42991616, free 14565768, used 28425848, increment 0
linearPredictor: max memory 477626368, total allocated 42991616, free 14565768, used 28425848, increment 0
FeaturedSpace: max memory 477626368, total allocated 42991616, free 14565768, used 28425848, increment 0
Sequential: max memory 477626368, total allocated 42991616, free 14565768, used 28425848, increment 0
Initial loss: 3.912023005428146
140: time = 0.020000 loss = 3.613620
Resulting gain: 0.29840280814190745
Projecting...
Writing file E:\github_mauriciovancine\R-ENM\data\temp\raster\maxent\8099046604\species.csv
Ending
