Wed Mar 14 14:38:37 BRT 2018
MaxEnt version 3.4.1
Reading file absence
readGrid: max memory 477626368, total allocated 81788928, free 54341976, used 27446952, increment -12879848
Reading samples from presence
Read samples: max memory 477626368, total allocated 81788928, free 54341976, used 27446952, increment 0
Adding samples to background in feature space
Command line used:  autorun -e E:/github_mauriciovancine/R-ENM/data/temp/raster/maxent/65106947418/absence -o E:/github_mauriciovancine/R-ENM/data/temp/raster/maxent/65106947418 -s E:/github_mauriciovancine/R-ENM/data/temp/raster/maxent/65106947418/presence -z
Command line to repeat: java density.MaxEnt nowarnings noprefixes outputdirectory=E:/github_mauriciovancine/R-ENM/data/temp/raster/maxent/65106947418 samplesfile=E:/github_mauriciovancine/R-ENM/data/temp/raster/maxent/65106947418/presence environmentallayers=E:/github_mauriciovancine/R-ENM/data/temp/raster/maxent/65106947418/absence autorun novisible
Species: species
Layers: bio14 bio18 bio5
Layertypes: Continuous Continuous Continuous
outputdirectory: E:/github_mauriciovancine/R-ENM/data/temp/raster/maxent/65106947418
samplesfile: E:/github_mauriciovancine/R-ENM/data/temp/raster/maxent/65106947418/presence
environmentallayers: E:/github_mauriciovancine/R-ENM/data/temp/raster/maxent/65106947418/absence
autorun: true
visible: false

getSamples: max memory 477626368, total allocated 81788928, free 53639720, used 28149208, increment 702256
Making features
makeFeatures: max memory 477626368, total allocated 81788928, free 53639720, used 28149208, increment 0
species: 
Regularization values: linear/quadratic/product: 0.193, categorical: 0.250, threshold: 1.500, hinge: 0.500
50 samples
Density: max memory 477626368, total allocated 81788928, free 53639720, used 28149208, increment 0
linearPredictor: max memory 477626368, total allocated 81788928, free 53639720, used 28149208, increment 0
FeaturedSpace: max memory 477626368, total allocated 81788928, free 53639720, used 28149208, increment 0
Sequential: max memory 477626368, total allocated 81788928, free 53639720, used 28149208, increment 0
Initial loss: 4.59511985013459
240: time = 0.047000 loss = 4.215293
Resulting gain: 0.37982678990270546
Projecting...
Writing file E:\github_mauriciovancine\R-ENM\data\temp\raster\maxent\65106947418\species.csv
Ending
