Wed Mar 14 15:51:36 BRT 2018
MaxEnt version 3.4.1
Reading file absence
readGrid: max memory 477626368, total allocated 45088768, free 13455448, used 31633320, increment -4822752
Reading samples from presence
Read samples: max memory 477626368, total allocated 45088768, free 13455448, used 31633320, increment 0
Adding samples to background in feature space
Command line used:  autorun -e E:/github_mauriciovancine/R-ENM/data/temp/raster/maxent/6127410610010/absence -o E:/github_mauriciovancine/R-ENM/data/temp/raster/maxent/6127410610010 -s E:/github_mauriciovancine/R-ENM/data/temp/raster/maxent/6127410610010/presence -z
Command line to repeat: java density.MaxEnt nowarnings noprefixes outputdirectory=E:/github_mauriciovancine/R-ENM/data/temp/raster/maxent/6127410610010 samplesfile=E:/github_mauriciovancine/R-ENM/data/temp/raster/maxent/6127410610010/presence environmentallayers=E:/github_mauriciovancine/R-ENM/data/temp/raster/maxent/6127410610010/absence autorun novisible
Species: species
Layers: bio14 bio18 bio5
Layertypes: Continuous Continuous Continuous
outputdirectory: E:/github_mauriciovancine/R-ENM/data/temp/raster/maxent/6127410610010
samplesfile: E:/github_mauriciovancine/R-ENM/data/temp/raster/maxent/6127410610010/presence
environmentallayers: E:/github_mauriciovancine/R-ENM/data/temp/raster/maxent/6127410610010/absence
autorun: true
visible: false

getSamples: max memory 477626368, total allocated 45088768, free 13062808, used 32025960, increment 392640
Making features
makeFeatures: max memory 477626368, total allocated 45088768, free 13062808, used 32025960, increment 0
species: 
Regularization values: linear/quadratic/product: 0.346, categorical: 0.250, threshold: 1.750, hinge: 0.500
25 samples
Density: max memory 477626368, total allocated 45088768, free 13062808, used 32025960, increment 0
linearPredictor: max memory 477626368, total allocated 45088768, free 13062808, used 32025960, increment 0
FeaturedSpace: max memory 477626368, total allocated 45088768, free 13062808, used 32025960, increment 0
Sequential: max memory 477626368, total allocated 45088768, free 13062808, used 32025960, increment 0
Initial loss: 3.912023005428146
120: time = 0.018000 loss = 3.601821
Resulting gain: 0.31020246236464555
Projecting...
Writing file E:\github_mauriciovancine\R-ENM\data\temp\raster\maxent\6127410610010\species.csv
Ending
