Wed Feb 21 00:02:44 BRT 2018
MaxEnt version 3.4.1
Reading file absence
readGrid: max memory 477626368, total allocated 62914560, free 41794904, used 21119656, increment 5760960
Reading samples from presence
Read samples: max memory 477626368, total allocated 62914560, free 41451088, used 21463472, increment 343816
Adding samples to background in feature space
Command line used:  autorun -e E:/github_mauriciovancine/R-ENM/data/temp/raster/maxent/2438415753/absence -o E:/github_mauriciovancine/R-ENM/data/temp/raster/maxent/2438415753 -s E:/github_mauriciovancine/R-ENM/data/temp/raster/maxent/2438415753/presence -z
Command line to repeat: java density.MaxEnt nowarnings noprefixes outputdirectory=E:/github_mauriciovancine/R-ENM/data/temp/raster/maxent/2438415753 samplesfile=E:/github_mauriciovancine/R-ENM/data/temp/raster/maxent/2438415753/presence environmentallayers=E:/github_mauriciovancine/R-ENM/data/temp/raster/maxent/2438415753/absence autorun novisible
Species: species
Layers: bio14 bio18 bio5
Layertypes: Continuous Continuous Continuous
outputdirectory: E:/github_mauriciovancine/R-ENM/data/temp/raster/maxent/2438415753
samplesfile: E:/github_mauriciovancine/R-ENM/data/temp/raster/maxent/2438415753/presence
environmentallayers: E:/github_mauriciovancine/R-ENM/data/temp/raster/maxent/2438415753/absence
autorun: true
visible: false

getSamples: max memory 477626368, total allocated 62914560, free 41451088, used 21463472, increment 0
Making features
makeFeatures: max memory 477626368, total allocated 62914560, free 41451088, used 21463472, increment 0
species: 
Regularization values: linear/quadratic/product: 0.346, categorical: 0.250, threshold: 1.750, hinge: 0.500
25 samples
Density: max memory 477626368, total allocated 62914560, free 41107120, used 21807440, increment 343968
linearPredictor: max memory 477626368, total allocated 62914560, free 41107120, used 21807440, increment 0
FeaturedSpace: max memory 477626368, total allocated 62914560, free 41107120, used 21807440, increment 0
Sequential: max memory 477626368, total allocated 62914560, free 41107120, used 21807440, increment 0
Initial loss: 3.912023005428146
120: time = 0.015000 loss = 3.648576
Resulting gain: 0.2634472689859164
Projecting...
Writing file E:\github_mauriciovancine\R-ENM\data\temp\raster\maxent\2438415753\species.csv
Ending
