Wed Mar 14 15:22:54 BRT 2018
MaxEnt version 3.4.1
Reading file absence
readGrid: max memory 477626368, total allocated 66584576, free 48866520, used 17718056, increment 5995624
Reading samples from presence
Read samples: max memory 477626368, total allocated 66584576, free 47965720, used 18618856, increment 900800
Adding samples to background in feature space
Command line used:  autorun -e E:/github_mauriciovancine/R-ENM/data/temp/raster/maxent/5032266695/absence -o E:/github_mauriciovancine/R-ENM/data/temp/raster/maxent/5032266695 -s E:/github_mauriciovancine/R-ENM/data/temp/raster/maxent/5032266695/presence -z
Command line to repeat: java density.MaxEnt nowarnings noprefixes outputdirectory=E:/github_mauriciovancine/R-ENM/data/temp/raster/maxent/5032266695 samplesfile=E:/github_mauriciovancine/R-ENM/data/temp/raster/maxent/5032266695/presence environmentallayers=E:/github_mauriciovancine/R-ENM/data/temp/raster/maxent/5032266695/absence autorun novisible
Species: species
Layers: bio14 bio18 bio5
Layertypes: Continuous Continuous Continuous
outputdirectory: E:/github_mauriciovancine/R-ENM/data/temp/raster/maxent/5032266695
samplesfile: E:/github_mauriciovancine/R-ENM/data/temp/raster/maxent/5032266695/presence
environmentallayers: E:/github_mauriciovancine/R-ENM/data/temp/raster/maxent/5032266695/absence
autorun: true
visible: false

getSamples: max memory 477626368, total allocated 66584576, free 47064920, used 19519656, increment 900800
Making features
makeFeatures: max memory 477626368, total allocated 66584576, free 47064920, used 19519656, increment 0
species: 
Regularization values: linear/quadratic/product: 0.050, categorical: 0.250, threshold: 1.000, hinge: 0.500
140 samples
Density: max memory 477626368, total allocated 66584576, free 46613256, used 19971320, increment 451664
linearPredictor: max memory 477626368, total allocated 66584576, free 46613256, used 19971320, increment 0
FeaturedSpace: max memory 477626368, total allocated 66584576, free 46613256, used 19971320, increment 0
Sequential: max memory 477626368, total allocated 66584576, free 46613256, used 19971320, increment 0
Initial loss: 5.501258210544727
500: time = 0.198000 loss = 4.747419
Resulting gain: 0.7538393419230749
Projecting...
Writing file E:\github_mauriciovancine\R-ENM\data\temp\raster\maxent\5032266695\species.csv
Ending
