Sun Feb 11 12:25:25 BRST 2018
MaxEnt version 3.4.1
Reading file absence
readGrid: max memory 477626368, total allocated 62390272, free 54754864, used 7635408, increment -2860128
Reading samples from presence
Read samples: max memory 477626368, total allocated 62390272, free 54462312, used 7927960, increment 292552
Adding samples to background in feature space
Command line used:  autorun -e E:/github_mauriciovancine/R-ENM/data/temp/raster/maxent/074415104110/absence -o E:/github_mauriciovancine/R-ENM/data/temp/raster/maxent/074415104110 -s E:/github_mauriciovancine/R-ENM/data/temp/raster/maxent/074415104110/presence -z
Command line to repeat: java density.MaxEnt nowarnings noprefixes outputdirectory=E:/github_mauriciovancine/R-ENM/data/temp/raster/maxent/074415104110 samplesfile=E:/github_mauriciovancine/R-ENM/data/temp/raster/maxent/074415104110/presence environmentallayers=E:/github_mauriciovancine/R-ENM/data/temp/raster/maxent/074415104110/absence autorun novisible
Species: species
Layers: bio14 bio2 bio4
Layertypes: Continuous Continuous Continuous
outputdirectory: E:/github_mauriciovancine/R-ENM/data/temp/raster/maxent/074415104110
samplesfile: E:/github_mauriciovancine/R-ENM/data/temp/raster/maxent/074415104110/presence
environmentallayers: E:/github_mauriciovancine/R-ENM/data/temp/raster/maxent/074415104110/absence
autorun: true
visible: false

getSamples: max memory 477626368, total allocated 62390272, free 54437704, used 7952568, increment 24608
Making features
makeFeatures: max memory 477626368, total allocated 62390272, free 54144888, used 8245384, increment 292816
species: 
Regularization values: linear/quadratic/product: 0.365, categorical: 0.250, threshold: 1.760, hinge: 0.500
24 samples
Density: max memory 477626368, total allocated 62390272, free 54144888, used 8245384, increment 0
linearPredictor: max memory 477626368, total allocated 62390272, free 54144888, used 8245384, increment 0
FeaturedSpace: max memory 477626368, total allocated 62390272, free 54144888, used 8245384, increment 0
Sequential: max memory 477626368, total allocated 62390272, free 54144888, used 8245384, increment 0
Initial loss: 3.828641396489095
180: time = 0.095000 loss = 3.528542
Resulting gain: 0.3000989273782393
Projecting...
Writing file E:\github_mauriciovancine\R-ENM\data\temp\raster\maxent\074415104110\species.csv
Ending
