Wed Feb 21 00:02:34 BRT 2018
MaxEnt version 3.4.1
Reading file absence
readGrid: max memory 477626368, total allocated 63963136, free 41981720, used 21981416, increment -3635280
Reading samples from presence
Read samples: max memory 477626368, total allocated 63963136, free 41981720, used 21981416, increment 0
Adding samples to background in feature space
Command line used:  autorun -e E:/github_mauriciovancine/R-ENM/data/temp/raster/maxent/9588416270/absence -o E:/github_mauriciovancine/R-ENM/data/temp/raster/maxent/9588416270 -s E:/github_mauriciovancine/R-ENM/data/temp/raster/maxent/9588416270/presence -z
Command line to repeat: java density.MaxEnt nowarnings noprefixes outputdirectory=E:/github_mauriciovancine/R-ENM/data/temp/raster/maxent/9588416270 samplesfile=E:/github_mauriciovancine/R-ENM/data/temp/raster/maxent/9588416270/presence environmentallayers=E:/github_mauriciovancine/R-ENM/data/temp/raster/maxent/9588416270/absence autorun novisible
Species: species
Layers: bio14 bio18 bio5
Layertypes: Continuous Continuous Continuous
outputdirectory: E:/github_mauriciovancine/R-ENM/data/temp/raster/maxent/9588416270
samplesfile: E:/github_mauriciovancine/R-ENM/data/temp/raster/maxent/9588416270/presence
environmentallayers: E:/github_mauriciovancine/R-ENM/data/temp/raster/maxent/9588416270/absence
autorun: true
visible: false

getSamples: max memory 477626368, total allocated 63963136, free 41606080, used 22357056, increment 375640
Making features
makeFeatures: max memory 477626368, total allocated 63963136, free 41606080, used 22357056, increment 0
species: 
Regularization values: linear/quadratic/product: 0.346, categorical: 0.250, threshold: 1.750, hinge: 0.500
25 samples
Density: max memory 477626368, total allocated 63963136, free 41606080, used 22357056, increment 0
linearPredictor: max memory 477626368, total allocated 63963136, free 41606080, used 22357056, increment 0
FeaturedSpace: max memory 477626368, total allocated 63963136, free 41606080, used 22357056, increment 0
Sequential: max memory 477626368, total allocated 63963136, free 41606080, used 22357056, increment 0
Initial loss: 3.8918202981106265
120: time = 0.031000 loss = 3.610703
Resulting gain: 0.2811174237992424
Projecting...
Writing file E:\github_mauriciovancine\R-ENM\data\temp\raster\maxent\9588416270\species.csv
Ending
