Wed Mar 14 14:54:26 BRT 2018
MaxEnt version 3.4.1
Reading file absence
readGrid: max memory 477626368, total allocated 96468992, free 49531456, used 46937536, increment 35664696
Reading samples from presence
Read samples: max memory 477626368, total allocated 96468992, free 48484728, used 47984264, increment 1046728
Adding samples to background in feature space
Command line used:  autorun -e E:/github_mauriciovancine/R-ENM/data/temp/raster/maxent/7153819971/absence -o E:/github_mauriciovancine/R-ENM/data/temp/raster/maxent/7153819971 -s E:/github_mauriciovancine/R-ENM/data/temp/raster/maxent/7153819971/presence -z
Command line to repeat: java density.MaxEnt nowarnings noprefixes outputdirectory=E:/github_mauriciovancine/R-ENM/data/temp/raster/maxent/7153819971 samplesfile=E:/github_mauriciovancine/R-ENM/data/temp/raster/maxent/7153819971/presence environmentallayers=E:/github_mauriciovancine/R-ENM/data/temp/raster/maxent/7153819971/absence autorun novisible
Species: species
Layers: bio14 bio18 bio5
Layertypes: Continuous Continuous Continuous
outputdirectory: E:/github_mauriciovancine/R-ENM/data/temp/raster/maxent/7153819971
samplesfile: E:/github_mauriciovancine/R-ENM/data/temp/raster/maxent/7153819971/presence
environmentallayers: E:/github_mauriciovancine/R-ENM/data/temp/raster/maxent/7153819971/absence
autorun: true
visible: false

getSamples: max memory 477626368, total allocated 96468992, free 47438008, used 49030984, increment 1046720
Making features
makeFeatures: max memory 477626368, total allocated 96468992, free 47438008, used 49030984, increment 0
species: 
Regularization values: linear/quadratic/product: 0.050, categorical: 0.250, threshold: 1.000, hinge: 0.500
139 samples
Density: max memory 477626368, total allocated 96468992, free 47438008, used 49030984, increment 0
linearPredictor: max memory 477626368, total allocated 96468992, free 47438008, used 49030984, increment 0
FeaturedSpace: max memory 477626368, total allocated 96468992, free 47438008, used 49030984, increment 0
Sequential: max memory 477626368, total allocated 96468992, free 47438008, used 49030984, increment 0
Initial loss: 5.556828061699537
480: time = 0.235000 loss = 4.981232
Resulting gain: 0.5755962161734267
Projecting...
Writing file E:\github_mauriciovancine\R-ENM\data\temp\raster\maxent\7153819971\species.csv
Ending
