Wed Feb 21 20:00:34 BRT 2018
MaxEnt version 3.4.1
Reading file absence
readGrid: max memory 477626368, total allocated 59768832, free 44707184, used 15061648, increment -4357224
Reading samples from presence
Read samples: max memory 477626368, total allocated 59768832, free 44707184, used 15061648, increment 0
Adding samples to background in feature space
Command line used:  autorun -e E:/github_mauriciovancine/R-ENM/data/temp/raster/maxent/4297234811/absence -o E:/github_mauriciovancine/R-ENM/data/temp/raster/maxent/4297234811 -s E:/github_mauriciovancine/R-ENM/data/temp/raster/maxent/4297234811/presence -z
Command line to repeat: java density.MaxEnt nowarnings noprefixes outputdirectory=E:/github_mauriciovancine/R-ENM/data/temp/raster/maxent/4297234811 samplesfile=E:/github_mauriciovancine/R-ENM/data/temp/raster/maxent/4297234811/presence environmentallayers=E:/github_mauriciovancine/R-ENM/data/temp/raster/maxent/4297234811/absence autorun novisible
Species: species
Layers: bio14 bio18 bio5
Layertypes: Continuous Continuous Continuous
outputdirectory: E:/github_mauriciovancine/R-ENM/data/temp/raster/maxent/4297234811
samplesfile: E:/github_mauriciovancine/R-ENM/data/temp/raster/maxent/4297234811/presence
environmentallayers: E:/github_mauriciovancine/R-ENM/data/temp/raster/maxent/4297234811/absence
autorun: true
visible: false

getSamples: max memory 477626368, total allocated 59768832, free 44392968, used 15375864, increment 314216
Making features
makeFeatures: max memory 477626368, total allocated 59768832, free 44392968, used 15375864, increment 0
species: 
Regularization values: linear/quadratic/product: 0.346, categorical: 0.250, threshold: 1.750, hinge: 0.500
25 samples
Density: max memory 477626368, total allocated 59768832, free 44392968, used 15375864, increment 0
linearPredictor: max memory 477626368, total allocated 59768832, free 44392968, used 15375864, increment 0
FeaturedSpace: max memory 477626368, total allocated 59768832, free 44392968, used 15375864, increment 0
Sequential: max memory 477626368, total allocated 59768832, free 44392968, used 15375864, increment 0
Initial loss: 3.871201010907891
180: time = 0.031000 loss = 3.584775
Resulting gain: 0.286426059119139
Projecting...
Writing file E:\github_mauriciovancine\R-ENM\data\temp\raster\maxent\4297234811\species.csv
Ending
