Wed Mar 14 14:39:21 BRT 2018
MaxEnt version 3.4.1
Reading file absence
readGrid: max memory 477626368, total allocated 62914560, free 41640624, used 21273936, increment -501776
Reading samples from presence
Read samples: max memory 477626368, total allocated 62914560, free 41263320, used 21651240, increment 377304
Adding samples to background in feature space
Command line used:  autorun -e E:/github_mauriciovancine/R-ENM/data/temp/raster/maxent/6885912542/absence -o E:/github_mauriciovancine/R-ENM/data/temp/raster/maxent/6885912542 -s E:/github_mauriciovancine/R-ENM/data/temp/raster/maxent/6885912542/presence -z
Command line to repeat: java density.MaxEnt nowarnings noprefixes outputdirectory=E:/github_mauriciovancine/R-ENM/data/temp/raster/maxent/6885912542 samplesfile=E:/github_mauriciovancine/R-ENM/data/temp/raster/maxent/6885912542/presence environmentallayers=E:/github_mauriciovancine/R-ENM/data/temp/raster/maxent/6885912542/absence autorun novisible
Species: species
Layers: bio14 bio18 bio5
Layertypes: Continuous Continuous Continuous
outputdirectory: E:/github_mauriciovancine/R-ENM/data/temp/raster/maxent/6885912542
samplesfile: E:/github_mauriciovancine/R-ENM/data/temp/raster/maxent/6885912542/presence
environmentallayers: E:/github_mauriciovancine/R-ENM/data/temp/raster/maxent/6885912542/absence
autorun: true
visible: false

getSamples: max memory 477626368, total allocated 62914560, free 41246920, used 21667640, increment 16400
Making features
makeFeatures: max memory 477626368, total allocated 62914560, free 40869584, used 22044976, increment 377336
species: 
Regularization values: linear/quadratic/product: 0.244, categorical: 0.250, threshold: 1.680, hinge: 0.500
32 samples
Density: max memory 477626368, total allocated 62914560, free 40869584, used 22044976, increment 0
linearPredictor: max memory 477626368, total allocated 62914560, free 40869584, used 22044976, increment 0
FeaturedSpace: max memory 477626368, total allocated 62914560, free 40869584, used 22044976, increment 0
Sequential: max memory 477626368, total allocated 62914560, free 40869584, used 22044976, increment 0
Initial loss: 4.1588830833596715
120: time = 0.022000 loss = 3.726017
Resulting gain: 0.4328656006190723
Projecting...
Writing file E:\github_mauriciovancine\R-ENM\data\temp\raster\maxent\6885912542\species.csv
Ending
