Wed Mar 14 14:17:03 BRT 2018
MaxEnt version 3.4.1
Reading file absence
readGrid: max memory 477626368, total allocated 135790592, free 99156416, used 36634176, increment -41508800
Reading samples from presence
Read samples: max memory 477626368, total allocated 135790592, free 99156416, used 36634176, increment 0
Adding samples to background in feature space
Command line used:  autorun -e E:/github_mauriciovancine/R-ENM/data/temp/raster/maxent/3102291010335/absence -o E:/github_mauriciovancine/R-ENM/data/temp/raster/maxent/3102291010335 -s E:/github_mauriciovancine/R-ENM/data/temp/raster/maxent/3102291010335/presence -z
Command line to repeat: java density.MaxEnt nowarnings noprefixes outputdirectory=E:/github_mauriciovancine/R-ENM/data/temp/raster/maxent/3102291010335 samplesfile=E:/github_mauriciovancine/R-ENM/data/temp/raster/maxent/3102291010335/presence environmentallayers=E:/github_mauriciovancine/R-ENM/data/temp/raster/maxent/3102291010335/absence autorun novisible
Species: species
Layers: bio14 bio18 bio5
Layertypes: Continuous Continuous Continuous
outputdirectory: E:/github_mauriciovancine/R-ENM/data/temp/raster/maxent/3102291010335
samplesfile: E:/github_mauriciovancine/R-ENM/data/temp/raster/maxent/3102291010335/presence
environmentallayers: E:/github_mauriciovancine/R-ENM/data/temp/raster/maxent/3102291010335/absence
autorun: true
visible: false

getSamples: max memory 477626368, total allocated 135790592, free 99137464, used 36653128, increment 18952
Making features
makeFeatures: max memory 477626368, total allocated 135790592, free 99137464, used 36653128, increment 0
species: 
Regularization values: linear/quadratic/product: 0.543, categorical: 0.286, threshold: 1.840, hinge: 0.500
16 samples
Density: max memory 477626368, total allocated 135790592, free 99137464, used 36653128, increment 0
linearPredictor: max memory 477626368, total allocated 135790592, free 99137464, used 36653128, increment 0
FeaturedSpace: max memory 477626368, total allocated 135790592, free 99137464, used 36653128, increment 0
Sequential: max memory 477626368, total allocated 135790592, free 99137464, used 36653128, increment 0
Initial loss: 3.4657359027997265
180: time = 0.030000 loss = 3.277734
Resulting gain: 0.18800181789315307
Projecting...
Writing file E:\github_mauriciovancine\R-ENM\data\temp\raster\maxent\3102291010335\species.csv
Ending
