Wed Mar 14 14:54:35 BRT 2018
MaxEnt version 3.4.1
Reading file absence
readGrid: max memory 477626368, total allocated 87031808, free 64409496, used 22622312, increment -3030608
Reading samples from presence
Read samples: max memory 477626368, total allocated 87031808, free 63550024, used 23481784, increment 859472
Adding samples to background in feature space
Command line used:  autorun -e E:/github_mauriciovancine/R-ENM/data/temp/raster/maxent/5473354585/absence -o E:/github_mauriciovancine/R-ENM/data/temp/raster/maxent/5473354585 -s E:/github_mauriciovancine/R-ENM/data/temp/raster/maxent/5473354585/presence -z
Command line to repeat: java density.MaxEnt nowarnings noprefixes outputdirectory=E:/github_mauriciovancine/R-ENM/data/temp/raster/maxent/5473354585 samplesfile=E:/github_mauriciovancine/R-ENM/data/temp/raster/maxent/5473354585/presence environmentallayers=E:/github_mauriciovancine/R-ENM/data/temp/raster/maxent/5473354585/absence autorun novisible
Species: species
Layers: bio14 bio18 bio5
Layertypes: Continuous Continuous Continuous
outputdirectory: E:/github_mauriciovancine/R-ENM/data/temp/raster/maxent/5473354585
samplesfile: E:/github_mauriciovancine/R-ENM/data/temp/raster/maxent/5473354585/presence
environmentallayers: E:/github_mauriciovancine/R-ENM/data/temp/raster/maxent/5473354585/absence
autorun: true
visible: false

getSamples: max memory 477626368, total allocated 87031808, free 62690560, used 24341248, increment 859464
Making features
makeFeatures: max memory 477626368, total allocated 87031808, free 62690560, used 24341248, increment 0
species: 
Regularization values: linear/quadratic/product: 0.050, categorical: 0.250, threshold: 1.000, hinge: 0.500
140 samples
Density: max memory 477626368, total allocated 87031808, free 62690560, used 24341248, increment 0
linearPredictor: max memory 477626368, total allocated 87031808, free 62690560, used 24341248, increment 0
FeaturedSpace: max memory 477626368, total allocated 87031808, free 62690560, used 24341248, increment 0
Sequential: max memory 477626368, total allocated 87031808, free 62690560, used 24341248, increment 0
Initial loss: 5.5909869805108565
240: time = 0.113000 loss = 5.104900
Resulting gain: 0.48608664063250817
Projecting...
Writing file E:\github_mauriciovancine\R-ENM\data\temp\raster\maxent\5473354585\species.csv
Ending
