Fri Dec 29 15:44:22 BRST 2017
MaxEnt version 3.4.1
Reading file absence
readGrid: max memory 477626368, total allocated 62390272, free 49846696, used 12543576, increment 12543576
Reading samples from presence
Read samples: max memory 477626368, total allocated 62390272, free 49521592, used 12868680, increment 325104
Adding samples to background in feature space
Command line used:  autorun -e E:/github_mauriciovancine/R-ENM/data/temp/raster/maxent/0585746676/absence -o E:/github_mauriciovancine/R-ENM/data/temp/raster/maxent/0585746676 -s E:/github_mauriciovancine/R-ENM/data/temp/raster/maxent/0585746676/presence -z
Command line to repeat: java density.MaxEnt nowarnings noprefixes outputdirectory=E:/github_mauriciovancine/R-ENM/data/temp/raster/maxent/0585746676 samplesfile=E:/github_mauriciovancine/R-ENM/data/temp/raster/maxent/0585746676/presence environmentallayers=E:/github_mauriciovancine/R-ENM/data/temp/raster/maxent/0585746676/absence autorun novisible
Species: species
Layers: bio14 bio18 bio19 bio5
Layertypes: Continuous Continuous Continuous Continuous
outputdirectory: E:/github_mauriciovancine/R-ENM/data/temp/raster/maxent/0585746676
samplesfile: E:/github_mauriciovancine/R-ENM/data/temp/raster/maxent/0585746676/presence
environmentallayers: E:/github_mauriciovancine/R-ENM/data/temp/raster/maxent/0585746676/absence
autorun: true
visible: false

getSamples: max memory 477626368, total allocated 62390272, free 48871408, used 13518864, increment 650184
Making features
makeFeatures: max memory 477626368, total allocated 62390272, free 48871408, used 13518864, increment 0
species: 
Regularization values: linear/quadratic/product: 0.365, categorical: 0.250, threshold: 1.760, hinge: 0.500
24 samples
Density: max memory 477626368, total allocated 62390272, free 48221216, used 14169056, increment 650192
linearPredictor: max memory 477626368, total allocated 62390272, free 48221216, used 14169056, increment 0
FeaturedSpace: max memory 477626368, total allocated 62390272, free 48221216, used 14169056, increment 0
Sequential: max memory 477626368, total allocated 62390272, free 48221216, used 14169056, increment 0
Initial loss: 3.871201010907891
280: time = 0.163000 loss = 3.478338
Resulting gain: 0.39286298228573324
Time since start: 2.214
Projecting...
Writing file E:\github_mauriciovancine\R-ENM\data\temp\raster\maxent\0585746676\species.csv
Ending
