Sun Feb 11 12:55:43 BRST 2018
MaxEnt version 3.4.1
Reading file absence
readGrid: max memory 477626368, total allocated 66060288, free 48376272, used 17684016, increment 10688184
Reading samples from presence
Read samples: max memory 477626368, total allocated 66060288, free 48376272, used 17684016, increment 0
Adding samples to background in feature space
Command line used:  autorun -e E:/github_mauriciovancine/R-ENM/data/temp/raster/maxent/64410124121/absence -o E:/github_mauriciovancine/R-ENM/data/temp/raster/maxent/64410124121 -s E:/github_mauriciovancine/R-ENM/data/temp/raster/maxent/64410124121/presence -z
Command line to repeat: java density.MaxEnt nowarnings noprefixes outputdirectory=E:/github_mauriciovancine/R-ENM/data/temp/raster/maxent/64410124121 samplesfile=E:/github_mauriciovancine/R-ENM/data/temp/raster/maxent/64410124121/presence environmentallayers=E:/github_mauriciovancine/R-ENM/data/temp/raster/maxent/64410124121/absence autorun novisible
Species: species
Layers: bio14 bio2 bio4
Layertypes: Continuous Continuous Continuous
outputdirectory: E:/github_mauriciovancine/R-ENM/data/temp/raster/maxent/64410124121
samplesfile: E:/github_mauriciovancine/R-ENM/data/temp/raster/maxent/64410124121/presence
environmentallayers: E:/github_mauriciovancine/R-ENM/data/temp/raster/maxent/64410124121/absence
autorun: true
visible: false

getSamples: max memory 477626368, total allocated 66060288, free 47957192, used 18103096, increment 419080
Making features
makeFeatures: max memory 477626368, total allocated 66060288, free 47957192, used 18103096, increment 0
species: 
Regularization values: linear/quadratic/product: 1.000, categorical: 0.560, threshold: 1.940, hinge: 0.500
6 samples
Density: max memory 477626368, total allocated 66060288, free 47957192, used 18103096, increment 0
linearPredictor: max memory 477626368, total allocated 66060288, free 47957192, used 18103096, increment 0
FeaturedSpace: max memory 477626368, total allocated 66060288, free 47957192, used 18103096, increment 0
Sequential: max memory 477626368, total allocated 66060288, free 47957192, used 18103096, increment 0
Initial loss: 2.4849066497880004
60: time = 0.001000 loss = 2.054831
Resulting gain: 0.43007523028748285
Projecting...
Writing file E:\github_mauriciovancine\R-ENM\data\temp\raster\maxent\64410124121\species.csv
Ending
