Wed Mar 14 15:35:16 BRT 2018
MaxEnt version 3.4.1
Reading file absence
readGrid: max memory 477626368, total allocated 62914560, free 22604600, used 40309960, increment -11915928
Reading samples from presence
Read samples: max memory 477626368, total allocated 62914560, free 22228560, used 40686000, increment 376040
Adding samples to background in feature space
Command line used:  autorun -e E:/github_mauriciovancine/R-ENM/data/temp/raster/maxent/8239398160/absence -o E:/github_mauriciovancine/R-ENM/data/temp/raster/maxent/8239398160 -s E:/github_mauriciovancine/R-ENM/data/temp/raster/maxent/8239398160/presence -z
Command line to repeat: java density.MaxEnt nowarnings noprefixes outputdirectory=E:/github_mauriciovancine/R-ENM/data/temp/raster/maxent/8239398160 samplesfile=E:/github_mauriciovancine/R-ENM/data/temp/raster/maxent/8239398160/presence environmentallayers=E:/github_mauriciovancine/R-ENM/data/temp/raster/maxent/8239398160/absence autorun novisible
Species: species
Layers: bio14 bio18 bio5
Layertypes: Continuous Continuous Continuous
outputdirectory: E:/github_mauriciovancine/R-ENM/data/temp/raster/maxent/8239398160
samplesfile: E:/github_mauriciovancine/R-ENM/data/temp/raster/maxent/8239398160/presence
environmentallayers: E:/github_mauriciovancine/R-ENM/data/temp/raster/maxent/8239398160/absence
autorun: true
visible: false

getSamples: max memory 477626368, total allocated 62914560, free 21100488, used 41814072, increment 1128072
Making features
makeFeatures: max memory 477626368, total allocated 62914560, free 21100488, used 41814072, increment 0
species: 
Regularization values: linear/quadratic/product: 0.050, categorical: 0.250, threshold: 1.000, hinge: 0.500
135 samples
Density: max memory 477626368, total allocated 62914560, free 20721952, used 42192608, increment 378536
linearPredictor: max memory 477626368, total allocated 62914560, free 20721952, used 42192608, increment 0
FeaturedSpace: max memory 477626368, total allocated 62914560, free 20721952, used 42192608, increment 0
Sequential: max memory 477626368, total allocated 62914560, free 20721952, used 42192608, increment 0
Initial loss: 5.308267697401205
500: time = 0.227000 loss = 4.108058
Resulting gain: 1.2002096014961214
Projecting...
Writing file E:\github_mauriciovancine\R-ENM\data\temp\raster\maxent\8239398160\species.csv
Ending
