Wed Mar 14 15:51:47 BRT 2018
MaxEnt version 3.4.1
Reading file absence
readGrid: max memory 477626368, total allocated 42991616, free 25039640, used 17951976, increment -3279784
Reading samples from presence
Read samples: max memory 477626368, total allocated 42991616, free 25039640, used 17951976, increment 0
Adding samples to background in feature space
Command line used:  autorun -e E:/github_mauriciovancine/R-ENM/data/temp/raster/maxent/01008043717/absence -o E:/github_mauriciovancine/R-ENM/data/temp/raster/maxent/01008043717 -s E:/github_mauriciovancine/R-ENM/data/temp/raster/maxent/01008043717/presence -z
Command line to repeat: java density.MaxEnt nowarnings noprefixes outputdirectory=E:/github_mauriciovancine/R-ENM/data/temp/raster/maxent/01008043717 samplesfile=E:/github_mauriciovancine/R-ENM/data/temp/raster/maxent/01008043717/presence environmentallayers=E:/github_mauriciovancine/R-ENM/data/temp/raster/maxent/01008043717/absence autorun novisible
Species: species
Layers: bio14 bio18 bio5
Layertypes: Continuous Continuous Continuous
outputdirectory: E:/github_mauriciovancine/R-ENM/data/temp/raster/maxent/01008043717
samplesfile: E:/github_mauriciovancine/R-ENM/data/temp/raster/maxent/01008043717/presence
environmentallayers: E:/github_mauriciovancine/R-ENM/data/temp/raster/maxent/01008043717/absence
autorun: true
visible: false

getSamples: max memory 477626368, total allocated 42991616, free 24662376, used 18329240, increment 377264
Making features
makeFeatures: max memory 477626368, total allocated 42991616, free 24662376, used 18329240, increment 0
species: 
Regularization values: linear/quadratic/product: 0.346, categorical: 0.250, threshold: 1.750, hinge: 0.500
25 samples
Density: max memory 477626368, total allocated 42991616, free 24662376, used 18329240, increment 0
linearPredictor: max memory 477626368, total allocated 42991616, free 24662376, used 18329240, increment 0
FeaturedSpace: max memory 477626368, total allocated 42991616, free 24662376, used 18329240, increment 0
Sequential: max memory 477626368, total allocated 42991616, free 24662376, used 18329240, increment 0
Initial loss: 3.912023005428146
180: time = 0.028000 loss = 3.624446
Resulting gain: 0.28757677492395706
Projecting...
Writing file E:\github_mauriciovancine\R-ENM\data\temp\raster\maxent\01008043717\species.csv
Ending
