Wed Mar 14 15:23:15 BRT 2018
MaxEnt version 3.4.1
Reading file absence
readGrid: max memory 477626368, total allocated 63438848, free 29674432, used 33764416, increment 7627016
Reading samples from presence
Read samples: max memory 477626368, total allocated 63438848, free 47819400, used 15619448, increment -18144968
Adding samples to background in feature space
Command line used:  autorun -e E:/github_mauriciovancine/R-ENM/data/temp/raster/maxent/5944668465/absence -o E:/github_mauriciovancine/R-ENM/data/temp/raster/maxent/5944668465 -s E:/github_mauriciovancine/R-ENM/data/temp/raster/maxent/5944668465/presence -z
Command line to repeat: java density.MaxEnt nowarnings noprefixes outputdirectory=E:/github_mauriciovancine/R-ENM/data/temp/raster/maxent/5944668465 samplesfile=E:/github_mauriciovancine/R-ENM/data/temp/raster/maxent/5944668465/presence environmentallayers=E:/github_mauriciovancine/R-ENM/data/temp/raster/maxent/5944668465/absence autorun novisible
Species: species
Layers: bio14 bio18 bio5
Layertypes: Continuous Continuous Continuous
outputdirectory: E:/github_mauriciovancine/R-ENM/data/temp/raster/maxent/5944668465
samplesfile: E:/github_mauriciovancine/R-ENM/data/temp/raster/maxent/5944668465/presence
environmentallayers: E:/github_mauriciovancine/R-ENM/data/temp/raster/maxent/5944668465/absence
autorun: true
visible: false

getSamples: max memory 477626368, total allocated 63438848, free 46687216, used 16751632, increment 1132184
Making features
makeFeatures: max memory 477626368, total allocated 63438848, free 46687216, used 16751632, increment 0
species: 
Regularization values: linear/quadratic/product: 0.050, categorical: 0.250, threshold: 1.000, hinge: 0.500
136 samples
Density: max memory 477626368, total allocated 63438848, free 46309888, used 17128960, increment 377328
linearPredictor: max memory 477626368, total allocated 63438848, free 46309888, used 17128960, increment 0
FeaturedSpace: max memory 477626368, total allocated 63438848, free 46309888, used 17128960, increment 0
Sequential: max memory 477626368, total allocated 63438848, free 46309888, used 17128960, increment 0
Initial loss: 5.501258210544727
300: time = 0.158000 loss = 4.897360
Resulting gain: 0.6038985021237959
Projecting...
Writing file E:\github_mauriciovancine\R-ENM\data\temp\raster\maxent\5944668465\species.csv
Ending
