Wed Mar 14 14:38:31 BRT 2018
MaxEnt version 3.4.1
Reading file absence
readGrid: max memory 477626368, total allocated 82313216, free 67765464, used 14547752, increment -17228224
Reading samples from presence
Read samples: max memory 477626368, total allocated 82313216, free 67765464, used 14547752, increment 0
Adding samples to background in feature space
Command line used:  autorun -e E:/github_mauriciovancine/R-ENM/data/temp/raster/maxent/42638871002/absence -o E:/github_mauriciovancine/R-ENM/data/temp/raster/maxent/42638871002 -s E:/github_mauriciovancine/R-ENM/data/temp/raster/maxent/42638871002/presence -z
Command line to repeat: java density.MaxEnt nowarnings noprefixes outputdirectory=E:/github_mauriciovancine/R-ENM/data/temp/raster/maxent/42638871002 samplesfile=E:/github_mauriciovancine/R-ENM/data/temp/raster/maxent/42638871002/presence environmentallayers=E:/github_mauriciovancine/R-ENM/data/temp/raster/maxent/42638871002/absence autorun novisible
Species: species
Layers: bio14 bio18 bio5
Layertypes: Continuous Continuous Continuous
outputdirectory: E:/github_mauriciovancine/R-ENM/data/temp/raster/maxent/42638871002
samplesfile: E:/github_mauriciovancine/R-ENM/data/temp/raster/maxent/42638871002/presence
environmentallayers: E:/github_mauriciovancine/R-ENM/data/temp/raster/maxent/42638871002/absence
autorun: true
visible: false

getSamples: max memory 477626368, total allocated 82313216, free 67000448, used 15312768, increment 765016
Making features
makeFeatures: max memory 477626368, total allocated 82313216, free 67000448, used 15312768, increment 0
species: 
Regularization values: linear/quadratic/product: 0.193, categorical: 0.250, threshold: 1.500, hinge: 0.500
50 samples
Density: max memory 477626368, total allocated 82313216, free 67000448, used 15312768, increment 0
linearPredictor: max memory 477626368, total allocated 82313216, free 67000448, used 15312768, increment 0
FeaturedSpace: max memory 477626368, total allocated 82313216, free 67000448, used 15312768, increment 0
Sequential: max memory 477626368, total allocated 82313216, free 67000448, used 15312768, increment 0
Initial loss: 4.584967478670572
300: time = 0.070000 loss = 4.222413
Resulting gain: 0.36255407948165974
Projecting...
Writing file E:\github_mauriciovancine\R-ENM\data\temp\raster\maxent\42638871002\species.csv
Ending
