Wed Mar 14 14:43:50 BRT 2018
MaxEnt version 3.4.1
Reading file absence
readGrid: max memory 477626368, total allocated 63438848, free 32024080, used 31414768, increment -5168168
Reading samples from presence
Read samples: max memory 477626368, total allocated 63438848, free 31269480, used 32169368, increment 754600
Adding samples to background in feature space
Command line used:  autorun -e E:/github_mauriciovancine/R-ENM/data/temp/raster/maxent/6957881541/absence -o E:/github_mauriciovancine/R-ENM/data/temp/raster/maxent/6957881541 -s E:/github_mauriciovancine/R-ENM/data/temp/raster/maxent/6957881541/presence -z
Command line to repeat: java density.MaxEnt nowarnings noprefixes outputdirectory=E:/github_mauriciovancine/R-ENM/data/temp/raster/maxent/6957881541 samplesfile=E:/github_mauriciovancine/R-ENM/data/temp/raster/maxent/6957881541/presence environmentallayers=E:/github_mauriciovancine/R-ENM/data/temp/raster/maxent/6957881541/absence autorun novisible
Species: species
Layers: bio14 bio18 bio5
Layertypes: Continuous Continuous Continuous
outputdirectory: E:/github_mauriciovancine/R-ENM/data/temp/raster/maxent/6957881541
samplesfile: E:/github_mauriciovancine/R-ENM/data/temp/raster/maxent/6957881541/presence
environmentallayers: E:/github_mauriciovancine/R-ENM/data/temp/raster/maxent/6957881541/absence
autorun: true
visible: false

getSamples: max memory 477626368, total allocated 63438848, free 30137024, used 33301824, increment 1132456
Making features
makeFeatures: max memory 477626368, total allocated 63438848, free 30137024, used 33301824, increment 0
species: 
Regularization values: linear/quadratic/product: 0.050, categorical: 0.250, threshold: 1.000, hinge: 0.500
138 samples
Density: max memory 477626368, total allocated 63438848, free 30137024, used 33301824, increment 0
linearPredictor: max memory 477626368, total allocated 63438848, free 30137024, used 33301824, increment 0
FeaturedSpace: max memory 477626368, total allocated 63438848, free 30137024, used 33301824, increment 0
Sequential: max memory 477626368, total allocated 63438848, free 30137024, used 33301824, increment 0
Initial loss: 5.572154032177765
320: time = 0.147000 loss = 5.018927
Resulting gain: 0.553226807244867
Projecting...
Writing file E:\github_mauriciovancine\R-ENM\data\temp\raster\maxent\6957881541\species.csv
Ending
