Wed Mar 14 16:00:07 BRT 2018
MaxEnt version 3.4.1
Reading file absence
readGrid: max memory 477626368, total allocated 44564480, free 27621752, used 16942728, increment -5870096
Reading samples from presence
Read samples: max memory 477626368, total allocated 44564480, free 27244680, used 17319800, increment 377072
Adding samples to background in feature space
Command line used:  autorun -e E:/github_mauriciovancine/R-ENM/data/temp/raster/maxent/2633547557/absence -o E:/github_mauriciovancine/R-ENM/data/temp/raster/maxent/2633547557 -s E:/github_mauriciovancine/R-ENM/data/temp/raster/maxent/2633547557/presence -z
Command line to repeat: java density.MaxEnt nowarnings noprefixes outputdirectory=E:/github_mauriciovancine/R-ENM/data/temp/raster/maxent/2633547557 samplesfile=E:/github_mauriciovancine/R-ENM/data/temp/raster/maxent/2633547557/presence environmentallayers=E:/github_mauriciovancine/R-ENM/data/temp/raster/maxent/2633547557/absence autorun novisible
Species: species
Layers: bio14 bio18 bio5
Layertypes: Continuous Continuous Continuous
outputdirectory: E:/github_mauriciovancine/R-ENM/data/temp/raster/maxent/2633547557
samplesfile: E:/github_mauriciovancine/R-ENM/data/temp/raster/maxent/2633547557/presence
environmentallayers: E:/github_mauriciovancine/R-ENM/data/temp/raster/maxent/2633547557/absence
autorun: true
visible: false

getSamples: max memory 477626368, total allocated 44564480, free 27244680, used 17319800, increment 0
Making features
makeFeatures: max memory 477626368, total allocated 44564480, free 27244680, used 17319800, increment 0
species: 
Regularization values: linear/quadratic/product: 0.543, categorical: 0.286, threshold: 1.840, hinge: 0.500
16 samples
Density: max memory 477626368, total allocated 44564480, free 27244680, used 17319800, increment 0
linearPredictor: max memory 477626368, total allocated 44564480, free 27244680, used 17319800, increment 0
FeaturedSpace: max memory 477626368, total allocated 44564480, free 27244680, used 17319800, increment 0
Sequential: max memory 477626368, total allocated 44564480, free 27244680, used 17319800, increment 0
Initial loss: 3.4657359027997265
240: time = 0.009000 loss = 3.204467
Resulting gain: 0.2612685041286391
Projecting...
Writing file E:\github_mauriciovancine\R-ENM\data\temp\raster\maxent\2633547557\species.csv
Ending
