Sun Feb 11 12:25:32 BRST 2018
MaxEnt version 3.4.1
Reading file absence
readGrid: max memory 477626368, total allocated 60817408, free 47551960, used 13265448, increment 9023680
Reading samples from presence
Read samples: max memory 477626368, total allocated 60817408, free 47234512, used 13582896, increment 317448
Adding samples to background in feature space
Command line used:  autorun -e E:/github_mauriciovancine/R-ENM/data/temp/raster/maxent/7302909203/absence -o E:/github_mauriciovancine/R-ENM/data/temp/raster/maxent/7302909203 -s E:/github_mauriciovancine/R-ENM/data/temp/raster/maxent/7302909203/presence -z
Command line to repeat: java density.MaxEnt nowarnings noprefixes outputdirectory=E:/github_mauriciovancine/R-ENM/data/temp/raster/maxent/7302909203 samplesfile=E:/github_mauriciovancine/R-ENM/data/temp/raster/maxent/7302909203/presence environmentallayers=E:/github_mauriciovancine/R-ENM/data/temp/raster/maxent/7302909203/absence autorun novisible
Species: species
Layers: bio14 bio2 bio4
Layertypes: Continuous Continuous Continuous
outputdirectory: E:/github_mauriciovancine/R-ENM/data/temp/raster/maxent/7302909203
samplesfile: E:/github_mauriciovancine/R-ENM/data/temp/raster/maxent/7302909203/presence
environmentallayers: E:/github_mauriciovancine/R-ENM/data/temp/raster/maxent/7302909203/absence
autorun: true
visible: false

getSamples: max memory 477626368, total allocated 60817408, free 46941664, used 13875744, increment 292848
Making features
makeFeatures: max memory 477626368, total allocated 60817408, free 46941664, used 13875744, increment 0
species: 
Regularization values: linear/quadratic/product: 0.365, categorical: 0.250, threshold: 1.760, hinge: 0.500
24 samples
Density: max memory 477626368, total allocated 60817408, free 46941664, used 13875744, increment 0
linearPredictor: max memory 477626368, total allocated 60817408, free 46941664, used 13875744, increment 0
FeaturedSpace: max memory 477626368, total allocated 60817408, free 46941664, used 13875744, increment 0
Sequential: max memory 477626368, total allocated 60817408, free 46941664, used 13875744, increment 0
Initial loss: 3.8501476017100584
140: time = 0.370000 loss = 3.516101
Resulting gain: 0.33404646100375013
Time since start: 1.471
Projecting...
Writing file E:\github_mauriciovancine\R-ENM\data\temp\raster\maxent\7302909203\species.csv
Ending
