Sun Feb 11 12:55:22 BRST 2018
MaxEnt version 3.4.1
Reading file absence
readGrid: max memory 477626368, total allocated 63963136, free 51046008, used 12917128, increment 3654400
Reading samples from presence
Read samples: max memory 477626368, total allocated 63963136, free 51046008, used 12917128, increment 0
Adding samples to background in feature space
Command line used:  autorun -e E:/github_mauriciovancine/R-ENM/data/temp/raster/maxent/18960610186/absence -o E:/github_mauriciovancine/R-ENM/data/temp/raster/maxent/18960610186 -s E:/github_mauriciovancine/R-ENM/data/temp/raster/maxent/18960610186/presence -z
Command line to repeat: java density.MaxEnt nowarnings noprefixes outputdirectory=E:/github_mauriciovancine/R-ENM/data/temp/raster/maxent/18960610186 samplesfile=E:/github_mauriciovancine/R-ENM/data/temp/raster/maxent/18960610186/presence environmentallayers=E:/github_mauriciovancine/R-ENM/data/temp/raster/maxent/18960610186/absence autorun novisible
Species: species
Layers: bio14 bio2 bio4
Layertypes: Continuous Continuous Continuous
outputdirectory: E:/github_mauriciovancine/R-ENM/data/temp/raster/maxent/18960610186
samplesfile: E:/github_mauriciovancine/R-ENM/data/temp/raster/maxent/18960610186/presence
environmentallayers: E:/github_mauriciovancine/R-ENM/data/temp/raster/maxent/18960610186/absence
autorun: true
visible: false

getSamples: max memory 477626368, total allocated 63963136, free 51046008, used 12917128, increment 0
Making features
makeFeatures: max memory 477626368, total allocated 63963136, free 51046008, used 12917128, increment 0
species: 
Regularization values: linear/quadratic/product: 1.000, categorical: 0.560, threshold: 1.940, hinge: 0.500
6 samples
Density: max memory 477626368, total allocated 63963136, free 51046008, used 12917128, increment 0
linearPredictor: max memory 477626368, total allocated 63963136, free 51046008, used 12917128, increment 0
FeaturedSpace: max memory 477626368, total allocated 63963136, free 51046008, used 12917128, increment 0
Sequential: max memory 477626368, total allocated 63963136, free 51046008, used 12917128, increment 0
Initial loss: 2.4849066497880004
60: time = 0.001000 loss = 1.991149
Resulting gain: 0.49375743726804844
Projecting...
Writing file E:\github_mauriciovancine\R-ENM\data\temp\raster\maxent\18960610186\species.csv
Ending
