Wed Mar 14 15:50:53 BRT 2018
MaxEnt version 3.4.1
Reading file absence
readGrid: max memory 477626368, total allocated 45088768, free 14275568, used 30813200, increment 8438416
Reading samples from presence
Read samples: max memory 477626368, total allocated 45088768, free 13520832, used 31567936, increment 754736
Adding samples to background in feature space
Command line used:  autorun -e E:/github_mauriciovancine/R-ENM/data/temp/raster/maxent/5451802575/absence -o E:/github_mauriciovancine/R-ENM/data/temp/raster/maxent/5451802575 -s E:/github_mauriciovancine/R-ENM/data/temp/raster/maxent/5451802575/presence -z
Command line to repeat: java density.MaxEnt nowarnings noprefixes outputdirectory=E:/github_mauriciovancine/R-ENM/data/temp/raster/maxent/5451802575 samplesfile=E:/github_mauriciovancine/R-ENM/data/temp/raster/maxent/5451802575/presence environmentallayers=E:/github_mauriciovancine/R-ENM/data/temp/raster/maxent/5451802575/absence autorun novisible
Species: species
Layers: bio14 bio18 bio5
Layertypes: Continuous Continuous Continuous
outputdirectory: E:/github_mauriciovancine/R-ENM/data/temp/raster/maxent/5451802575
samplesfile: E:/github_mauriciovancine/R-ENM/data/temp/raster/maxent/5451802575/presence
environmentallayers: E:/github_mauriciovancine/R-ENM/data/temp/raster/maxent/5451802575/absence
autorun: true
visible: false

getSamples: max memory 477626368, total allocated 45088768, free 12388704, used 32700064, increment 1132128
Making features
makeFeatures: max memory 477626368, total allocated 45088768, free 12388704, used 32700064, increment 0
species: 
Regularization values: linear/quadratic/product: 0.050, categorical: 0.250, threshold: 1.000, hinge: 0.500
139 samples
Density: max memory 477626368, total allocated 45088768, free 12388704, used 32700064, increment 0
linearPredictor: max memory 477626368, total allocated 45088768, free 12388704, used 32700064, increment 0
FeaturedSpace: max memory 477626368, total allocated 45088768, free 12388704, used 32700064, increment 0
Sequential: max memory 477626368, total allocated 45088768, free 12388704, used 32700064, increment 0
Initial loss: 5.602118820879701
320: time = 0.174000 loss = 5.106255
Resulting gain: 0.495863503874137
Projecting...
Writing file E:\github_mauriciovancine\R-ENM\data\temp\raster\maxent\5451802575\species.csv
Ending
